      {
        "_index": "wazuh-alerts-4.x-2024.07.12",
        "_id": "WbNjppABLu9BFc0M-D6R",
        "_score": 2.0,
        "_source": {
          "agent": {
            "ip": "134.23.3.14",
            "name": "hq04",
            "id": "018"
          },
          "manager": {
            "name": "wazuh"
          },
          "data": {
            "win": {
              "eventdata": {
                "image": "c:\\\\temp\\\\l_test.exe",
                "processGuid": "{0a16e2dc-fef4-6690-d607-000000001800}",
                "processId": "4652",
                "utcTime": "2024-07-12 10:01:24.201",
                "targetFilename": "C:\\\\Windows\\\\Temp\\\\_MEI46522\\\\api-ms-win-core-string-l1-1-0.dll",
                "ruleName": "DLL",
                "creationUtcTime": "2024-07-12 10:01:24.201",
                "user": "NT AUTHORITY\\\\SYSTEM"
              },
              "system": {
                "eventID": "11",
                "keywords": "0x8000000000000000",
                "providerGuid": "{5770385f-c22a-43e0-bf4c-06f5698ffbd9}",
                "level": "4",
                "channel": "Microsoft-Windows-Sysmon/Operational",
                "opcode": "0",
                "message": "\"File created:\r\nRuleName: DLL\r\nUtcTime: 2024-07-12 10:01:24.201\r\nProcessGuid: {0a16e2dc-fef4-6690-d607-000000001800}\r\nProcessId: 4652\r\nImage: c:\\temp\\l_test.exe\r\nTargetFilename: C:\\Windows\\Temp\\_MEI46522\\api-ms-win-core-string-l1-1-0.dll\r\nCreationUtcTime: 2024-07-12 10:01:24.201\r\nUser: NT AUTHORITY\\SYSTEM\"",
                "version": "2",
                "systemTime": "2024-07-12T10:01:24.2096234Z",
                "eventRecordID": "3579",
                "threadID": "3444",
                "computer": "hq04.office.tyrdemo.se",
                "task": "11",
                "processID": "3036",
                "severityValue": "INFORMATION",
                "providerName": "Microsoft-Windows-Sysmon"
              }
            }
          },
          "rule": {
            "firedtimes": 120,
            "mail": true,
            "level": 13,
            "description": "Unsigned Binary Loaded From Suspicious Location",
            "groups": [
              "sigma"
            ],
            "id": "900228"
          },
          "decoder": {
            "name": "windows_eventchannel"
          },
          "input": {
            "type": "log"
          },
          "@timestamp": "2024-07-12T10:01:26.046Z",
          "location": "EventChannel",
          "id": "1720778486.103679546",
          "timestamp": "2024-07-12T12:01:26.046+0200"
        }
      },
      {
        "_index": "wazuh-alerts-4.x-2024.07.12",
        "_id": "W7NjppABLu9BFc0M-D6R",
        "_score": 2.0,
        "_source": {
          "agent": {
            "ip": "134.23.3.14",
            "name": "hq04",
            "id": "018"
          },
          "manager": {
            "name": "wazuh"
          },
          "data": {
            "win": {
              "eventdata": {
                "image": "c:\\\\temp\\\\l_test.exe",
                "processGuid": "{0a16e2dc-fef4-6690-d607-000000001800}",
                "processId": "4652",
                "utcTime": "2024-07-12 10:01:24.201",
                "targetFilename": "C:\\\\Windows\\\\Temp\\\\_MEI46522\\\\api-ms-win-core-synch-l1-2-0.dll",
                "ruleName": "DLL",
                "creationUtcTime": "2024-07-12 10:01:24.201",
                "user": "NT AUTHORITY\\\\SYSTEM"
              },
              "system": {
                "eventID": "11",
                "keywords": "0x8000000000000000",
                "providerGuid": "{5770385f-c22a-43e0-bf4c-06f5698ffbd9}",
                "level": "4",
                "channel": "Microsoft-Windows-Sysmon/Operational",
                "opcode": "0",
                "message": "\"File created:\r\nRuleName: DLL\r\nUtcTime: 2024-07-12 10:01:24.201\r\nProcessGuid: {0a16e2dc-fef4-6690-d607-000000001800}\r\nProcessId: 4652\r\nImage: c:\\temp\\l_test.exe\r\nTargetFilename: C:\\Windows\\Temp\\_MEI46522\\api-ms-win-core-synch-l1-2-0.dll\r\nCreationUtcTime: 2024-07-12 10:01:24.201\r\nUser: NT AUTHORITY\\SYSTEM\"",
                "version": "2",
                "systemTime": "2024-07-12T10:01:24.2103774Z",
                "eventRecordID": "3581",
                "threadID": "3444",
                "computer": "hq04.office.tyrdemo.se",
                "task": "11",
                "processID": "3036",
                "severityValue": "INFORMATION",
                "providerName": "Microsoft-Windows-Sysmon"
              }
            }
          },
          "rule": {
            "firedtimes": 122,
            "mail": true,
            "level": 13,
            "description": "Unsigned Binary Loaded From Suspicious Location",
            "groups": [
              "sigma"
            ],
            "id": "900228"
          },
          "decoder": {
            "name": "windows_eventchannel"
          },
          "input": {
            "type": "log"
          },
          "@timestamp": "2024-07-12T10:01:26.078Z",
          "location": "EventChannel",
          "id": "1720778486.103684662",
          "timestamp": "2024-07-12T12:01:26.078+0200"
        }
      },
      {
        "_index": "wazuh-alerts-4.x-2024.07.12",
        "_id": "XbNjppABLu9BFc0M-D6R",
        "_score": 2.0,
        "_source": {
          "agent": {
            "ip": "134.23.3.14",
            "name": "hq04",
            "id": "018"
          },
          "manager": {
            "name": "wazuh"
          },
          "data": {
            "win": {
              "eventdata": {
                "image": "c:\\\\temp\\\\l_test.exe",
                "processGuid": "{0a16e2dc-fef4-6690-d607-000000001800}",
                "processId": "4652",
                "utcTime": "2024-07-12 10:01:24.201",
                "targetFilename": "C:\\\\Windows\\\\Temp\\\\_MEI46522\\\\api-ms-win-core-timezone-l1-1-0.dll",
                "ruleName": "DLL",
                "creationUtcTime": "2024-07-12 10:01:24.201",
                "user": "NT AUTHORITY\\\\SYSTEM"
              },
              "system": {
                "eventID": "11",
                "keywords": "0x8000000000000000",
                "providerGuid": "{5770385f-c22a-43e0-bf4c-06f5698ffbd9}",
                "level": "4",
                "channel": "Microsoft-Windows-Sysmon/Operational",
                "opcode": "0",
                "message": "\"File created:\r\nRuleName: DLL\r\nUtcTime: 2024-07-12 10:01:24.201\r\nProcessGuid: {0a16e2dc-fef4-6690-d607-000000001800}\r\nProcessId: 4652\r\nImage: c:\\temp\\l_test.exe\r\nTargetFilename: C:\\Windows\\Temp\\_MEI46522\\api-ms-win-core-timezone-l1-1-0.dll\r\nCreationUtcTime: 2024-07-12 10:01:24.201\r\nUser: NT AUTHORITY\\SYSTEM\"",
                "version": "2",
                "systemTime": "2024-07-12T10:01:24.2110695Z",
                "eventRecordID": "3583",
                "threadID": "3444",
                "computer": "hq04.office.tyrdemo.se",
                "task": "11",
                "processID": "3036",
                "severityValue": "INFORMATION",
                "providerName": "Microsoft-Windows-Sysmon"
              }
            }
          },
          "rule": {
            "firedtimes": 124,
            "mail": true,
            "level": 13,
            "description": "Unsigned Binary Loaded From Suspicious Location",
            "groups": [
              "sigma"
            ],
            "id": "900228"
          },
          "decoder": {
            "name": "windows_eventchannel"
          },
          "input": {
            "type": "log"
          },
          "@timestamp": "2024-07-12T10:01:26.124Z",
          "location": "EventChannel",
          "id": "1720778486.103689782",
          "timestamp": "2024-07-12T12:01:26.124+0200"
        }
      },
      {
        "_index": "wazuh-alerts-4.x-2024.07.12",
        "_id": "X7NjppABLu9BFc0M-D6R",
        "_score": 2.0,
        "_source": {
          "agent": {
            "ip": "134.23.3.14",
            "name": "hq04",
            "id": "018"
          },
          "manager": {
            "name": "wazuh"
          },
          "data": {
            "win": {
              "eventdata": {
                "image": "c:\\\\temp\\\\l_test.exe",
                "processGuid": "{0a16e2dc-fef4-6690-d607-000000001800}",
                "processId": "4652",
                "utcTime": "2024-07-12 10:01:24.201",
                "targetFilename": "C:\\\\Windows\\\\Temp\\\\_MEI46522\\\\api-ms-win-crt-conio-l1-1-0.dll",
                "ruleName": "DLL",
                "creationUtcTime": "2024-07-12 10:01:24.201",
                "user": "NT AUTHORITY\\\\SYSTEM"
              },
              "system": {
                "eventID": "11",
                "keywords": "0x8000000000000000",
                "providerGuid": "{5770385f-c22a-43e0-bf4c-06f5698ffbd9}",
                "level": "4",
                "channel": "Microsoft-Windows-Sysmon/Operational",
                "opcode": "0",
                "message": "\"File created:\r\nRuleName: DLL\r\nUtcTime: 2024-07-12 10:01:24.201\r\nProcessGuid: {0a16e2dc-fef4-6690-d607-000000001800}\r\nProcessId: 4652\r\nImage: c:\\temp\\l_test.exe\r\nTargetFilename: C:\\Windows\\Temp\\_MEI46522\\api-ms-win-crt-conio-l1-1-0.dll\r\nCreationUtcTime: 2024-07-12 10:01:24.201\r\nUser: NT AUTHORITY\\SYSTEM\"",
                "version": "2",
                "systemTime": "2024-07-12T10:01:24.2117411Z",
                "eventRecordID": "3585",
                "threadID": "3444",
                "computer": "hq04.office.tyrdemo.se",
                "task": "11",
                "processID": "3036",
                "severityValue": "INFORMATION",
                "providerName": "Microsoft-Windows-Sysmon"
              }
            }
          },
          "rule": {
            "firedtimes": 125,
            "mail": true,
            "level": 13,
            "description": "Unsigned Binary Loaded From Suspicious Location",
            "groups": [
              "sigma"
            ],
            "id": "900228"
          },
          "decoder": {
            "name": "windows_eventchannel"
          },
          "input": {
            "type": "log"
          },
          "@timestamp": "2024-07-12T10:01:26.155Z",
          "location": "EventChannel",
          "id": "1720778486.103693651",
          "timestamp": "2024-07-12T12:01:26.155+0200"
        }
      },
      {
        "_index": "wazuh-alerts-4.x-2024.07.12",
        "_id": "ZLNjppABLu9BFc0M-D6R",
        "_score": 2.0,
        "_source": {
          "agent": {
            "ip": "134.23.3.14",
            "name": "hq04",
            "id": "018"
          },
          "manager": {
            "name": "wazuh"
          },
          "data": {
            "win": {
              "eventdata": {
                "image": "c:\\\\temp\\\\l_test.exe",
                "processGuid": "{0a16e2dc-fef4-6690-d607-000000001800}",
                "processId": "4652",
                "utcTime": "2024-07-12 10:01:24.201",
                "targetFilename": "C:\\\\Windows\\\\Temp\\\\_MEI46522\\\\api-ms-win-crt-filesystem-l1-1-0.dll",
                "ruleName": "DLL",
                "creationUtcTime": "2024-07-12 10:01:24.201",
                "user": "NT AUTHORITY\\\\SYSTEM"
              },
              "system": {
                "eventID": "11",
                "keywords": "0x8000000000000000",
                "providerGuid": "{5770385f-c22a-43e0-bf4c-06f5698ffbd9}",
                "level": "4",
                "channel": "Microsoft-Windows-Sysmon/Operational",
                "opcode": "0",
                "message": "\"File created:\r\nRuleName: DLL\r\nUtcTime: 2024-07-12 10:01:24.201\r\nProcessGuid: {0a16e2dc-fef4-6690-d607-000000001800}\r\nProcessId: 4652\r\nImage: c:\\temp\\l_test.exe\r\nTargetFilename: C:\\Windows\\Temp\\_MEI46522\\api-ms-win-crt-filesystem-l1-1-0.dll\r\nCreationUtcTime: 2024-07-12 10:01:24.201\r\nUser: NT AUTHORITY\\SYSTEM\"",
                "version": "2",
                "systemTime": "2024-07-12T10:01:24.2129690Z",
                "eventRecordID": "3588",
                "threadID": "3444",
                "computer": "hq04.office.tyrdemo.se",
                "task": "11",
                "processID": "3036",
                "severityValue": "INFORMATION",
                "providerName": "Microsoft-Windows-Sysmon"
              }
            }
          },
          "rule": {
            "firedtimes": 130,
            "mail": true,
            "level": 13,
            "description": "Unsigned Binary Loaded From Suspicious Location",
            "groups": [
              "sigma"
            ],
            "id": "900228"
          },
          "decoder": {
            "name": "windows_eventchannel"
          },
          "input": {
            "type": "log"
          },
          "@timestamp": "2024-07-12T10:01:26.217Z",
          "location": "EventChannel",
          "id": "1720778486.103706439",
          "timestamp": "2024-07-12T12:01:26.217+0200"
        }
      },
      {
        "_index": "wazuh-alerts-4.x-2024.07.12",
        "_id": "arNjppABLu9BFc0M-D6R",
        "_score": 2.0,
        "_source": {
          "agent": {
            "ip": "134.23.3.14",
            "name": "hq04",
            "id": "018"
          },
          "manager": {
            "name": "wazuh"
          },
          "data": {
            "win": {
              "eventdata": {
                "image": "c:\\\\temp\\\\l_test.exe",
                "processGuid": "{0a16e2dc-fef4-6690-d607-000000001800}",
                "processId": "4652",
                "utcTime": "2024-07-12 10:01:24.201",
                "targetFilename": "C:\\\\Windows\\\\Temp\\\\_MEI46522\\\\api-ms-win-crt-process-l1-1-0.dll",
                "ruleName": "DLL",
                "creationUtcTime": "2024-07-12 10:01:24.201",
                "user": "NT AUTHORITY\\\\SYSTEM"
              },
              "system": {
                "eventID": "11",
                "keywords": "0x8000000000000000",
                "providerGuid": "{5770385f-c22a-43e0-bf4c-06f5698ffbd9}",
                "level": "4",
                "channel": "Microsoft-Windows-Sysmon/Operational",
                "opcode": "0",
                "message": "\"File created:\r\nRuleName: DLL\r\nUtcTime: 2024-07-12 10:01:24.201\r\nProcessGuid: {0a16e2dc-fef4-6690-d607-000000001800}\r\nProcessId: 4652\r\nImage: c:\\temp\\l_test.exe\r\nTargetFilename: C:\\Windows\\Temp\\_MEI46522\\api-ms-win-crt-process-l1-1-0.dll\r\nCreationUtcTime: 2024-07-12 10:01:24.201\r\nUser: NT AUTHORITY\\SYSTEM\"",
                "version": "2",
                "systemTime": "2024-07-12T10:01:24.2143660Z",
                "eventRecordID": "3592",
                "threadID": "3444",
                "computer": "hq04.office.tyrdemo.se",
                "task": "11",
                "processID": "3036",
                "severityValue": "INFORMATION",
                "providerName": "Microsoft-Windows-Sysmon"
              }
            }
          },
          "rule": {
            "firedtimes": 134,
            "mail": true,
            "level": 13,
            "description": "Unsigned Binary Loaded From Suspicious Location",
            "groups": [
              "sigma"
            ],
            "id": "900228"
          },
          "decoder": {
            "name": "windows_eventchannel"
          },
          "input": {
            "type": "log"
          },
          "@timestamp": "2024-07-12T10:01:26.279Z",
          "location": "EventChannel",
          "id": "1720778486.103718425",
          "timestamp": "2024-07-12T12:01:26.279+0200"
        }
      },
      {
        "_index": "wazuh-alerts-4.x-2024.07.12",
        "_id": "bbNjppABLu9BFc0M-D6R",
        "_score": 2.0,
        "_source": {
          "agent": {
            "ip": "134.23.3.14",
            "name": "hq04",
            "id": "018"
          },
          "manager": {
            "name": "wazuh"
          },
          "data": {
            "win": {
              "eventdata": {
                "image": "c:\\\\temp\\\\l_test.exe",
                "processGuid": "{0a16e2dc-fef4-6690-d607-000000001800}",
                "processId": "4652",
                "utcTime": "2024-07-12 10:01:24.201",
                "targetFilename": "C:\\\\Windows\\\\Temp\\\\_MEI46522\\\\api-ms-win-crt-string-l1-1-0.dll",
                "ruleName": "DLL",
                "creationUtcTime": "2024-07-12 10:01:24.201",
                "user": "NT AUTHORITY\\\\SYSTEM"
              },
              "system": {
                "eventID": "11",
                "keywords": "0x8000000000000000",
                "providerGuid": "{5770385f-c22a-43e0-bf4c-06f5698ffbd9}",
                "level": "4",
                "channel": "Microsoft-Windows-Sysmon/Operational",
                "opcode": "0",
                "message": "\"File created:\r\nRuleName: DLL\r\nUtcTime: 2024-07-12 10:01:24.201\r\nProcessGuid: {0a16e2dc-fef4-6690-d607-000000001800}\r\nProcessId: 4652\r\nImage: c:\\temp\\l_test.exe\r\nTargetFilename: C:\\Windows\\Temp\\_MEI46522\\api-ms-win-crt-string-l1-1-0.dll\r\nCreationUtcTime: 2024-07-12 10:01:24.201\r\nUser: NT AUTHORITY\\SYSTEM\"",
                "version": "2",
                "systemTime": "2024-07-12T10:01:24.2157021Z",
                "eventRecordID": "3595",
                "threadID": "3444",
                "computer": "hq04.office.tyrdemo.se",
                "task": "11",
                "processID": "3036",
                "severityValue": "INFORMATION",
                "providerName": "Microsoft-Windows-Sysmon"
              }
            }
          },
          "rule": {
            "firedtimes": 136,
            "mail": true,
            "level": 13,
            "description": "Unsigned Binary Loaded From Suspicious Location",
            "groups": [
              "sigma"
            ],
            "id": "900228"
          },
          "decoder": {
            "name": "windows_eventchannel"
          },
          "input": {
            "type": "log"
          },
          "@timestamp": "2024-07-12T10:01:26.311Z",
          "location": "EventChannel",
          "id": "1720778486.103724412",
          "timestamp": "2024-07-12T12:01:26.311+0200"
        }
      },
      {
        "_index": "wazuh-alerts-4.x-2024.07.12",
        "_id": "cLNjppABLu9BFc0M-D6R",
        "_score": 2.0,
        "_source": {
          "agent": {
            "ip": "134.23.3.14",
            "name": "hq04",
            "id": "018"
          },
          "manager": {
            "name": "wazuh"
          },
          "data": {
            "win": {
              "eventdata": {
                "image": "c:\\\\temp\\\\l_test.exe",
                "processGuid": "{0a16e2dc-fef4-6690-d607-000000001800}",
                "processId": "4652",
                "utcTime": "2024-07-12 10:01:24.201",
                "targetFilename": "C:\\\\Windows\\\\Temp\\\\_MEI46522\\\\api-ms-win-crt-utility-l1-1-0.dll",
                "ruleName": "DLL",
                "creationUtcTime": "2024-07-12 10:01:24.201",
                "user": "NT AUTHORITY\\\\SYSTEM"
              },
              "system": {
                "eventID": "11",
                "keywords": "0x8000000000000000",
                "providerGuid": "{5770385f-c22a-43e0-bf4c-06f5698ffbd9}",
                "level": "4",
                "channel": "Microsoft-Windows-Sysmon/Operational",
                "opcode": "0",
                "message": "\"File created:\r\nRuleName: DLL\r\nUtcTime: 2024-07-12 10:01:24.201\r\nProcessGuid: {0a16e2dc-fef4-6690-d607-000000001800}\r\nProcessId: 4652\r\nImage: c:\\temp\\l_test.exe\r\nTargetFilename: C:\\Windows\\Temp\\_MEI46522\\api-ms-win-crt-utility-l1-1-0.dll\r\nCreationUtcTime: 2024-07-12 10:01:24.201\r\nUser: NT AUTHORITY\\SYSTEM\"",
                "version": "2",
                "systemTime": "2024-07-12T10:01:24.2164204Z",
                "eventRecordID": "3597",
                "threadID": "3444",
                "computer": "hq04.office.tyrdemo.se",
                "task": "11",
                "processID": "3036",
                "severityValue": "INFORMATION",
                "providerName": "Microsoft-Windows-Sysmon"
              }
            }
          },
          "rule": {
            "firedtimes": 138,
            "mail": true,
            "level": 13,
            "description": "Unsigned Binary Loaded From Suspicious Location",
            "groups": [
              "sigma"
            ],
            "id": "900228"
          },
          "decoder": {
            "name": "windows_eventchannel"
          },
          "input": {
            "type": "log"
          },
          "@timestamp": "2024-07-12T10:01:26.342Z",
          "location": "EventChannel",
          "id": "1720778486.103730987",
          "timestamp": "2024-07-12T12:01:26.342+0200"
        }
      },
      {
        "_index": "wazuh-alerts-4.x-2024.07.12",
        "_id": "c7NjppABLu9BFc0M-D6R",
        "_score": 2.0,
        "_source": {
          "agent": {
            "ip": "134.23.3.14",
            "name": "hq04",
            "id": "018"
          },
          "manager": {
            "name": "wazuh"
          },
          "data": {
            "win": {
              "eventdata": {
                "image": "c:\\\\temp\\\\l_test.exe",
                "processGuid": "{0a16e2dc-fef4-6690-d607-000000001800}",
                "processId": "4652",
                "utcTime": "2024-07-12 10:01:24.217",
                "targetFilename": "C:\\\\Windows\\\\Temp\\\\_MEI46522\\\\libssl-1_1.dll",
                "ruleName": "DLL",
                "creationUtcTime": "2024-07-12 10:01:24.217",
                "user": "NT AUTHORITY\\\\SYSTEM"
              },
              "system": {
                "eventID": "11",
                "keywords": "0x8000000000000000",
                "providerGuid": "{5770385f-c22a-43e0-bf4c-06f5698ffbd9}",
                "level": "4",
                "channel": "Microsoft-Windows-Sysmon/Operational",
                "opcode": "0",
                "message": "\"File created:\r\nRuleName: DLL\r\nUtcTime: 2024-07-12 10:01:24.217\r\nProcessGuid: {0a16e2dc-fef4-6690-d607-000000001800}\r\nProcessId: 4652\r\nImage: c:\\temp\\l_test.exe\r\nTargetFilename: C:\\Windows\\Temp\\_MEI46522\\libssl-1_1.dll\r\nCreationUtcTime: 2024-07-12 10:01:24.217\r\nUser: NT AUTHORITY\\SYSTEM\"",
                "version": "2",
                "systemTime": "2024-07-12T10:01:24.2308468Z",
                "eventRecordID": "3599",
                "threadID": "3444",
                "computer": "hq04.office.tyrdemo.se",
                "task": "11",
                "processID": "3036",
                "severityValue": "INFORMATION",
                "providerName": "Microsoft-Windows-Sysmon"
              }
            }
          },
          "rule": {
            "firedtimes": 140,
            "mail": true,
            "level": 13,
            "description": "Unsigned Binary Loaded From Suspicious Location",
            "groups": [
              "sigma"
            ],
            "id": "900228"
          },
          "decoder": {
            "name": "windows_eventchannel"
          },
          "input": {
            "type": "log"
          },
          "@timestamp": "2024-07-12T10:01:26.374Z",
          "location": "EventChannel",
          "id": "1720778486.103737518",
          "timestamp": "2024-07-12T12:01:26.374+0200"
        }
      },
      {
        "_index": "wazuh-alerts-4.x-2024.07.12",
        "_id": "eLNjppABLu9BFc0M-D6R",
        "_score": 2.0,
        "_source": {
          "agent": {
            "ip": "134.23.3.14",
            "name": "hq04",
            "id": "018"
          },
          "manager": {
            "name": "wazuh"
          },
          "data": {
            "win": {
              "eventdata": {
                "image": "c:\\\\temp\\\\l_test.exe",
                "processGuid": "{0a16e2dc-fef4-6690-d607-000000001800}",
                "processId": "4652",
                "utcTime": "2024-07-12 10:01:24.264",
                "targetFilename": "C:\\\\Windows\\\\Temp\\\\_MEI46522\\\\ucrtbase.dll",
                "ruleName": "DLL",
                "creationUtcTime": "2024-07-12 10:01:24.264",
                "user": "NT AUTHORITY\\\\SYSTEM"
              },
              "system": {
                "eventID": "11",
                "keywords": "0x8000000000000000",
                "providerGuid": "{5770385f-c22a-43e0-bf4c-06f5698ffbd9}",
                "level": "4",
                "channel": "Microsoft-Windows-Sysmon/Operational",
                "opcode": "0",
                "message": "\"File created:\r\nRuleName: DLL\r\nUtcTime: 2024-07-12 10:01:24.264\r\nProcessGuid: {0a16e2dc-fef4-6690-d607-000000001800}\r\nProcessId: 4652\r\nImage: c:\\temp\\l_test.exe\r\nTargetFilename: C:\\Windows\\Temp\\_MEI46522\\ucrtbase.dll\r\nCreationUtcTime: 2024-07-12 10:01:24.264\r\nUser: NT AUTHORITY\\SYSTEM\"",
                "version": "2",
                "systemTime": "2024-07-12T10:01:24.2664445Z",
                "eventRecordID": "3604",
                "threadID": "3444",
                "computer": "hq04.office.tyrdemo.se",
                "task": "11",
                "processID": "3036",
                "severityValue": "INFORMATION",
                "providerName": "Microsoft-Windows-Sysmon"
              }
            }
          },
          "rule": {
            "firedtimes": 145,
            "mail": true,
            "level": 13,
            "description": "Unsigned Binary Loaded From Suspicious Location",
            "groups": [
              "sigma"
            ],
            "id": "900228"
          },
          "decoder": {
            "name": "windows_eventchannel"
          },
          "input": {
            "type": "log"
          },
          "@timestamp": "2024-07-12T10:01:26.467Z",
          "location": "EventChannel",
          "id": "1720778486.103749902",
          "timestamp": "2024-07-12T12:01:26.467+0200"
        }
      },
      {
        "_index": "wazuh-alerts-4.x-2024.07.12",
        "_id": "P7NjppABLu9BFc0M9D6o",
        "_score": 2.0,
        "_source": {
          "agent": {
            "ip": "134.23.3.14",
            "name": "hq04",
            "id": "018"
          },
          "manager": {
            "name": "wazuh"
          },
          "data": {
            "win": {
              "eventdata": {
                "image": "c:\\\\temp\\\\l_test.exe",
                "processGuid": "{0a16e2dc-fef4-6690-d607-000000001800}",
                "processId": "4652",
                "utcTime": "2024-07-12 10:01:24.186",
                "targetFilename": "C:\\\\Windows\\\\Temp\\\\_MEI46522\\\\VCRUNTIME140.dll",
                "ruleName": "DLL",
                "creationUtcTime": "2024-07-12 10:01:24.186",
                "user": "NT AUTHORITY\\\\SYSTEM"
              },
              "system": {
                "eventID": "11",
                "keywords": "0x8000000000000000",
                "providerGuid": "{5770385f-c22a-43e0-bf4c-06f5698ffbd9}",
                "level": "4",
                "channel": "Microsoft-Windows-Sysmon/Operational",
                "opcode": "0",
                "message": "\"File created:\r\nRuleName: DLL\r\nUtcTime: 2024-07-12 10:01:24.186\r\nProcessGuid: {0a16e2dc-fef4-6690-d607-000000001800}\r\nProcessId: 4652\r\nImage: c:\\temp\\l_test.exe\r\nTargetFilename: C:\\Windows\\Temp\\_MEI46522\\VCRUNTIME140.dll\r\nCreationUtcTime: 2024-07-12 10:01:24.186\r\nUser: NT AUTHORITY\\SYSTEM\"",
                "version": "2",
                "systemTime": "2024-07-12T10:01:24.1933119Z",
                "eventRecordID": "3559",
                "threadID": "3444",
                "computer": "hq04.office.tyrdemo.se",
                "task": "11",
                "processID": "3036",
                "severityValue": "INFORMATION",
                "providerName": "Microsoft-Windows-Sysmon"
              }
            }
          },
          "rule": {
            "firedtimes": 100,
            "mail": true,
            "level": 13,
            "description": "Unsigned Binary Loaded From Suspicious Location",
            "groups": [
              "sigma"
            ],
            "id": "900228"
          },
          "decoder": {
            "name": "windows_eventchannel"
          },
          "input": {
            "type": "log"
          },
          "@timestamp": "2024-07-12T10:01:25.639Z",
          "location": "EventChannel",
          "id": "1720778485.103621967",
          "timestamp": "2024-07-12T12:01:25.639+0200"
        }
      },
      {
        "_index": "wazuh-alerts-4.x-2024.07.12",
        "_id": "UrNjppABLu9BFc0M-D6R",
        "_score": 2.0,
        "_source": {
          "agent": {
            "ip": "134.23.3.14",
            "name": "hq04",
            "id": "018"
          },
          "manager": {
            "name": "wazuh"
          },
          "data": {
            "win": {
              "eventdata": {
                "image": "c:\\\\temp\\\\l_test.exe",
                "processGuid": "{0a16e2dc-fef4-6690-d607-000000001800}",
                "processId": "4652",
                "utcTime": "2024-07-12 10:01:24.201",
                "targetFilename": "C:\\\\Windows\\\\Temp\\\\_MEI46522\\\\api-ms-win-core-processenvironment-l1-1-0.dll",
                "ruleName": "DLL",
                "creationUtcTime": "2024-07-12 10:01:24.201",
                "user": "NT AUTHORITY\\\\SYSTEM"
              },
              "system": {
                "eventID": "11",
                "keywords": "0x8000000000000000",
                "providerGuid": "{5770385f-c22a-43e0-bf4c-06f5698ffbd9}",
                "level": "4",
                "channel": "Microsoft-Windows-Sysmon/Operational",
                "opcode": "0",
                "message": "\"File created:\r\nRuleName: DLL\r\nUtcTime: 2024-07-12 10:01:24.201\r\nProcessGuid: {0a16e2dc-fef4-6690-d607-000000001800}\r\nProcessId: 4652\r\nImage: c:\\temp\\l_test.exe\r\nTargetFilename: C:\\Windows\\Temp\\_MEI46522\\api-ms-win-core-processenvironment-l1-1-0.dll\r\nCreationUtcTime: 2024-07-12 10:01:24.201\r\nUser: NT AUTHORITY\\SYSTEM\"",
                "version": "2",
                "systemTime": "2024-07-12T10:01:24.2077815Z",
                "eventRecordID": "3574",
                "threadID": "3444",
                "computer": "hq04.office.tyrdemo.se",
                "task": "11",
                "processID": "3036",
                "severityValue": "INFORMATION",
                "providerName": "Microsoft-Windows-Sysmon"
              }
            }
          },
          "rule": {
            "firedtimes": 115,
            "mail": true,
            "level": 13,
            "description": "Unsigned Binary Loaded From Suspicious Location",
            "groups": [
              "sigma"
            ],
            "id": "900228"
          },
          "decoder": {
            "name": "windows_eventchannel"
          },
          "input": {
            "type": "log"
          },
          "@timestamp": "2024-07-12T10:01:25.924Z",
          "location": "EventChannel",
          "id": "1720778485.103664034",
          "timestamp": "2024-07-12T12:01:25.924+0200"
        }
      },
      {
        "_index": "wazuh-alerts-4.x-2024.07.12",
        "_id": "VLNjppABLu9BFc0M-D6R",
        "_score": 2.0,
        "_source": {
          "agent": {
            "ip": "134.23.3.14",
            "name": "hq04",
            "id": "018"
          },
          "manager": {
            "name": "wazuh"
          },
          "data": {
            "win": {
              "eventdata": {
                "image": "c:\\\\temp\\\\l_test.exe",
                "processGuid": "{0a16e2dc-fef4-6690-d607-000000001800}",
                "processId": "4652",
                "utcTime": "2024-07-12 10:01:24.201",
                "targetFilename": "C:\\\\Windows\\\\Temp\\\\_MEI46522\\\\api-ms-win-core-processthreads-l1-1-0.dll",
                "ruleName": "DLL",
                "creationUtcTime": "2024-07-12 10:01:24.201",
                "user": "NT AUTHORITY\\\\SYSTEM"
              },
              "system": {
                "eventID": "11",
                "keywords": "0x8000000000000000",
                "providerGuid": "{5770385f-c22a-43e0-bf4c-06f5698ffbd9}",
                "level": "4",
                "channel": "Microsoft-Windows-Sysmon/Operational",
                "opcode": "0",
                "message": "\"File created:\r\nRuleName: DLL\r\nUtcTime: 2024-07-12 10:01:24.201\r\nProcessGuid: {0a16e2dc-fef4-6690-d607-000000001800}\r\nProcessId: 4652\r\nImage: c:\\temp\\l_test.exe\r\nTargetFilename: C:\\Windows\\Temp\\_MEI46522\\api-ms-win-core-processthreads-l1-1-0.dll\r\nCreationUtcTime: 2024-07-12 10:01:24.201\r\nUser: NT AUTHORITY\\SYSTEM\"",
                "version": "2",
                "systemTime": "2024-07-12T10:01:24.2082798Z",
                "eventRecordID": "3575",
                "threadID": "3444",
                "computer": "hq04.office.tyrdemo.se",
                "task": "11",
                "processID": "3036",
                "severityValue": "INFORMATION",
                "providerName": "Microsoft-Windows-Sysmon"
              }
            }
          },
          "rule": {
            "firedtimes": 116,
            "mail": true,
            "level": 13,
            "description": "Unsigned Binary Loaded From Suspicious Location",
            "groups": [
              "sigma"
            ],
            "id": "900228"
          },
          "decoder": {
            "name": "windows_eventchannel"
          },
          "input": {
            "type": "log"
          },
          "@timestamp": "2024-07-12T10:01:25.966Z",
          "location": "EventChannel",
          "id": "1720778485.103667917",
          "timestamp": "2024-07-12T12:01:25.966+0200"
        }
      },
      {
        "_index": "wazuh-alerts-4.x-2024.07.12",
        "_id": "WrNjppABLu9BFc0M-D6R",
        "_score": 2.0,
        "_source": {
          "agent": {
            "ip": "134.23.3.14",
            "name": "hq04",
            "id": "018"
          },
          "manager": {
            "name": "wazuh"
          },
          "data": {
            "win": {
              "eventdata": {
                "image": "c:\\\\temp\\\\l_test.exe",
                "processGuid": "{0a16e2dc-fef4-6690-d607-000000001800}",
                "processId": "4652",
                "utcTime": "2024-07-12 10:01:24.201",
                "targetFilename": "C:\\\\Windows\\\\Temp\\\\_MEI46522\\\\api-ms-win-core-synch-l1-1-0.dll",
                "ruleName": "DLL",
                "creationUtcTime": "2024-07-12 10:01:24.201",
                "user": "NT AUTHORITY\\\\SYSTEM"
              },
              "system": {
                "eventID": "11",
                "keywords": "0x8000000000000000",
                "providerGuid": "{5770385f-c22a-43e0-bf4c-06f5698ffbd9}",
                "level": "4",
                "channel": "Microsoft-Windows-Sysmon/Operational",
                "opcode": "0",
                "message": "\"File created:\r\nRuleName: DLL\r\nUtcTime: 2024-07-12 10:01:24.201\r\nProcessGuid: {0a16e2dc-fef4-6690-d607-000000001800}\r\nProcessId: 4652\r\nImage: c:\\temp\\l_test.exe\r\nTargetFilename: C:\\Windows\\Temp\\_MEI46522\\api-ms-win-core-synch-l1-1-0.dll\r\nCreationUtcTime: 2024-07-12 10:01:24.201\r\nUser: NT AUTHORITY\\SYSTEM\"",
                "version": "2",
                "systemTime": "2024-07-12T10:01:24.2099990Z",
                "eventRecordID": "3580",
                "threadID": "3444",
                "computer": "hq04.office.tyrdemo.se",
                "task": "11",
                "processID": "3036",
                "severityValue": "INFORMATION",
                "providerName": "Microsoft-Windows-Sysmon"
              }
            }
          },
          "rule": {
            "firedtimes": 121,
            "mail": true,
            "level": 13,
            "description": "Unsigned Binary Loaded From Suspicious Location",
            "groups": [
              "sigma"
            ],
            "id": "900228"
          },
          "decoder": {
            "name": "windows_eventchannel"
          },
          "input": {
            "type": "log"
          },
          "@timestamp": "2024-07-12T10:01:26.078Z",
          "location": "EventChannel",
          "id": "1720778486.103682106",
          "timestamp": "2024-07-12T12:01:26.078+0200"
        }
      },
      {
        "_index": "wazuh-alerts-4.x-2024.07.12",
        "_id": "YbNjppABLu9BFc0M-D6R",
        "_score": 2.0,
        "_source": {
          "agent": {
            "ip": "134.23.3.14",
            "name": "hq04",
            "id": "018"
          },
          "manager": {
            "name": "wazuh"
          },
          "data": {
            "win": {
              "eventdata": {
                "image": "c:\\\\temp\\\\l_test.exe",
                "processGuid": "{0a16e2dc-fef4-6690-d607-000000001800}",
                "processId": "4652",
                "utcTime": "2024-07-12 10:01:24.201",
                "targetFilename": "C:\\\\Windows\\\\Temp\\\\_MEI46522\\\\api-ms-win-crt-convert-l1-1-0.dll",
                "ruleName": "DLL",
                "creationUtcTime": "2024-07-12 10:01:24.201",
                "user": "NT AUTHORITY\\\\SYSTEM"
              },
              "system": {
                "eventID": "11",
                "keywords": "0x8000000000000000",
                "providerGuid": "{5770385f-c22a-43e0-bf4c-06f5698ffbd9}",
                "level": "4",
                "channel": "Microsoft-Windows-Sysmon/Operational",
                "opcode": "0",
                "message": "\"File created:\r\nRuleName: DLL\r\nUtcTime: 2024-07-12 10:01:24.201\r\nProcessGuid: {0a16e2dc-fef4-6690-d607-000000001800}\r\nProcessId: 4652\r\nImage: c:\\temp\\l_test.exe\r\nTargetFilename: C:\\Windows\\Temp\\_MEI46522\\api-ms-win-crt-convert-l1-1-0.dll\r\nCreationUtcTime: 2024-07-12 10:01:24.201\r\nUser: NT AUTHORITY\\SYSTEM\"",
                "version": "2",
                "systemTime": "2024-07-12T10:01:24.2120912Z",
                "eventRecordID": "3586",
                "threadID": "3444",
                "computer": "hq04.office.tyrdemo.se",
                "task": "11",
                "processID": "3036",
                "severityValue": "INFORMATION",
                "providerName": "Microsoft-Windows-Sysmon"
              }
            }
          },
          "rule": {
            "firedtimes": 127,
            "mail": true,
            "level": 13,
            "description": "Unsigned Binary Loaded From Suspicious Location",
            "groups": [
              "sigma"
            ],
            "id": "900228"
          },
          "decoder": {
            "name": "windows_eventchannel"
          },
          "input": {
            "type": "log"
          },
          "@timestamp": "2024-07-12T10:01:26.170Z",
          "location": "EventChannel",
          "id": "1720778486.103698755",
          "timestamp": "2024-07-12T12:01:26.170+0200"
        }
      },
      {
        "_index": "wazuh-alerts-4.x-2024.07.12",
        "_id": "ZrNjppABLu9BFc0M-D6R",
        "_score": 2.0,
        "_source": {
          "agent": {
            "ip": "134.23.3.14",
            "name": "hq04",
            "id": "018"
          },
          "manager": {
            "name": "wazuh"
          },
          "data": {
            "win": {
              "eventdata": {
                "image": "c:\\\\temp\\\\l_test.exe",
                "processGuid": "{0a16e2dc-fef4-6690-d607-000000001800}",
                "processId": "4652",
                "utcTime": "2024-07-12 10:01:24.201",
                "targetFilename": "C:\\\\Windows\\\\Temp\\\\_MEI46522\\\\api-ms-win-crt-math-l1-1-0.dll",
                "ruleName": "DLL",
                "creationUtcTime": "2024-07-12 10:01:24.201",
                "user": "NT AUTHORITY\\\\SYSTEM"
              },
              "system": {
                "eventID": "11",
                "keywords": "0x8000000000000000",
                "providerGuid": "{5770385f-c22a-43e0-bf4c-06f5698ffbd9}",
                "level": "4",
                "channel": "Microsoft-Windows-Sysmon/Operational",
                "opcode": "0",
                "message": "\"File created:\r\nRuleName: DLL\r\nUtcTime: 2024-07-12 10:01:24.201\r\nProcessGuid: {0a16e2dc-fef4-6690-d607-000000001800}\r\nProcessId: 4652\r\nImage: c:\\temp\\l_test.exe\r\nTargetFilename: C:\\Windows\\Temp\\_MEI46522\\api-ms-win-crt-math-l1-1-0.dll\r\nCreationUtcTime: 2024-07-12 10:01:24.201\r\nUser: NT AUTHORITY\\SYSTEM\"",
                "version": "2",
                "systemTime": "2024-07-12T10:01:24.2140073Z",
                "eventRecordID": "3591",
                "threadID": "3444",
                "computer": "hq04.office.tyrdemo.se",
                "task": "11",
                "processID": "3036",
                "severityValue": "INFORMATION",
                "providerName": "Microsoft-Windows-Sysmon"
              }
            }
          },
          "rule": {
            "firedtimes": 132,
            "mail": true,
            "level": 13,
            "description": "Unsigned Binary Loaded From Suspicious Location",
            "groups": [
              "sigma"
            ],
            "id": "900228"
          },
          "decoder": {
            "name": "windows_eventchannel"
          },
          "input": {
            "type": "log"
          },
          "@timestamp": "2024-07-12T10:01:26.248Z",
          "location": "EventChannel",
          "id": "1720778486.103711567",
          "timestamp": "2024-07-12T12:01:26.248+0200"
        }
      },
      {
        "_index": "wazuh-alerts-4.x-2024.07.12",
        "_id": "abNjppABLu9BFc0M-D6R",
        "_score": 2.0,
        "_source": {
          "agent": {
            "ip": "134.23.3.14",
            "name": "hq04",
            "id": "018"
          },
          "manager": {
            "name": "wazuh"
          },
          "data": {
            "win": {
              "eventdata": {
                "image": "c:\\\\temp\\\\l_test.exe",
                "processGuid": "{0a16e2dc-fef4-6690-d607-000000001800}",
                "processId": "4652",
                "utcTime": "2024-07-12 10:01:24.201",
                "targetFilename": "C:\\\\Windows\\\\Temp\\\\_MEI46522\\\\api-ms-win-crt-runtime-l1-1-0.dll",
                "ruleName": "DLL",
                "creationUtcTime": "2024-07-12 10:01:24.201",
                "user": "NT AUTHORITY\\\\SYSTEM"
              },
              "system": {
                "eventID": "11",
                "keywords": "0x8000000000000000",
                "providerGuid": "{5770385f-c22a-43e0-bf4c-06f5698ffbd9}",
                "level": "4",
                "channel": "Microsoft-Windows-Sysmon/Operational",
                "opcode": "0",
                "message": "\"File created:\r\nRuleName: DLL\r\nUtcTime: 2024-07-12 10:01:24.201\r\nProcessGuid: {0a16e2dc-fef4-6690-d607-000000001800}\r\nProcessId: 4652\r\nImage: c:\\temp\\l_test.exe\r\nTargetFilename: C:\\Windows\\Temp\\_MEI46522\\api-ms-win-crt-runtime-l1-1-0.dll\r\nCreationUtcTime: 2024-07-12 10:01:24.201\r\nUser: NT AUTHORITY\\SYSTEM\"",
                "version": "2",
                "systemTime": "2024-07-12T10:01:24.2147019Z",
                "eventRecordID": "3593",
                "threadID": "3444",
                "computer": "hq04.office.tyrdemo.se",
                "task": "11",
                "processID": "3036",
                "severityValue": "INFORMATION",
                "providerName": "Microsoft-Windows-Sysmon"
              }
            }
          },
          "rule": {
            "firedtimes": 133,
            "mail": true,
            "level": 13,
            "description": "Unsigned Binary Loaded From Suspicious Location",
            "groups": [
              "sigma"
            ],
            "id": "900228"
          },
          "decoder": {
            "name": "windows_eventchannel"
          },
          "input": {
            "type": "log"
          },
          "@timestamp": "2024-07-12T10:01:26.279Z",
          "location": "EventChannel",
          "id": "1720778486.103715865",
          "timestamp": "2024-07-12T12:01:26.279+0200"
        }
      },
      {
        "_index": "wazuh-alerts-4.x-2024.07.12",
        "_id": "b7NjppABLu9BFc0M-D6R",
        "_score": 2.0,
        "_source": {
          "agent": {
            "ip": "134.23.3.14",
            "name": "hq04",
            "id": "018"
          },
          "manager": {
            "name": "wazuh"
          },
          "data": {
            "win": {
              "eventdata": {
                "image": "c:\\\\temp\\\\l_test.exe",
                "processGuid": "{0a16e2dc-fef4-6690-d607-000000001800}",
                "processId": "4652",
                "utcTime": "2024-07-12 10:01:24.201",
                "targetFilename": "C:\\\\Windows\\\\Temp\\\\_MEI46522\\\\api-ms-win-crt-time-l1-1-0.dll",
                "ruleName": "DLL",
                "creationUtcTime": "2024-07-12 10:01:24.201",
                "user": "NT AUTHORITY\\\\SYSTEM"
              },
              "system": {
                "eventID": "11",
                "keywords": "0x8000000000000000",
                "providerGuid": "{5770385f-c22a-43e0-bf4c-06f5698ffbd9}",
                "level": "4",
                "channel": "Microsoft-Windows-Sysmon/Operational",
                "opcode": "0",
                "message": "\"File created:\r\nRuleName: DLL\r\nUtcTime: 2024-07-12 10:01:24.201\r\nProcessGuid: {0a16e2dc-fef4-6690-d607-000000001800}\r\nProcessId: 4652\r\nImage: c:\\temp\\l_test.exe\r\nTargetFilename: C:\\Windows\\Temp\\_MEI46522\\api-ms-win-crt-time-l1-1-0.dll\r\nCreationUtcTime: 2024-07-12 10:01:24.201\r\nUser: NT AUTHORITY\\SYSTEM\"",
                "version": "2",
                "systemTime": "2024-07-12T10:01:24.2160684Z",
                "eventRecordID": "3596",
                "threadID": "3444",
                "computer": "hq04.office.tyrdemo.se",
                "task": "11",
                "processID": "3036",
                "severityValue": "INFORMATION",
                "providerName": "Microsoft-Windows-Sysmon"
              }
            }
          },
          "rule": {
            "firedtimes": 137,
            "mail": true,
            "level": 13,
            "description": "Unsigned Binary Loaded From Suspicious Location",
            "groups": [
              "sigma"
            ],
            "id": "900228"
          },
          "decoder": {
            "name": "windows_eventchannel"
          },
          "input": {
            "type": "log"
          },
          "@timestamp": "2024-07-12T10:01:26.342Z",
          "location": "EventChannel",
          "id": "1720778486.103728439",
          "timestamp": "2024-07-12T12:01:26.342+0200"
        }
      },
      {
        "_index": "wazuh-alerts-4.x-2024.07.12",
        "_id": "dLNjppABLu9BFc0M-D6R",
        "_score": 2.0,
        "_source": {
          "agent": {
            "ip": "134.23.3.14",
            "name": "hq04",
            "id": "018"
          },
          "manager": {
            "name": "wazuh"
          },
          "data": {
            "win": {
              "eventdata": {
                "image": "c:\\\\temp\\\\l_test.exe",
                "processGuid": "{0a16e2dc-fef4-6690-d607-000000001800}",
                "processId": "4652",
                "utcTime": "2024-07-12 10:01:24.233",
                "targetFilename": "C:\\\\Windows\\\\Temp\\\\_MEI46522\\\\msvcp100.dll",
                "ruleName": "DLL",
                "creationUtcTime": "2024-07-12 10:01:24.233",
                "user": "NT AUTHORITY\\\\SYSTEM"
              },
              "system": {
                "eventID": "11",
                "keywords": "0x8000000000000000",
                "providerGuid": "{5770385f-c22a-43e0-bf4c-06f5698ffbd9}",
                "level": "4",
                "channel": "Microsoft-Windows-Sysmon/Operational",
                "opcode": "0",
                "message": "\"File created:\r\nRuleName: DLL\r\nUtcTime: 2024-07-12 10:01:24.233\r\nProcessGuid: {0a16e2dc-fef4-6690-d607-000000001800}\r\nProcessId: 4652\r\nImage: c:\\temp\\l_test.exe\r\nTargetFilename: C:\\Windows\\Temp\\_MEI46522\\msvcp100.dll\r\nCreationUtcTime: 2024-07-12 10:01:24.233\r\nUser: NT AUTHORITY\\SYSTEM\"",
                "version": "2",
                "systemTime": "2024-07-12T10:01:24.2387744Z",
                "eventRecordID": "3600",
                "threadID": "3444",
                "computer": "hq04.office.tyrdemo.se",
                "task": "11",
                "processID": "3036",
                "severityValue": "INFORMATION",
                "providerName": "Microsoft-Windows-Sysmon"
              }
            }
          },
          "rule": {
            "firedtimes": 141,
            "mail": true,
            "level": 13,
            "description": "Unsigned Binary Loaded From Suspicious Location",
            "groups": [
              "sigma"
            ],
            "id": "900228"
          },
          "decoder": {
            "name": "windows_eventchannel"
          },
          "input": {
            "type": "log"
          },
          "@timestamp": "2024-07-12T10:01:26.417Z",
          "location": "EventChannel",
          "id": "1720778486.103740002",
          "timestamp": "2024-07-12T12:01:26.417+0200"
        }
      },
