      {
        "_index": "wazuh-alerts-4.x-2024.07.12",
        "_id": "ebNjppABLu9BFc0M-D6R",
        "_score": 2.0,
        "_source": {
          "agent": {
            "ip": "134.23.3.14",
            "name": "hq04",
            "id": "018"
          },
          "manager": {
            "name": "wazuh"
          },
          "data": {
            "win": {
              "eventdata": {
                "originalFileName": "reg.exe",
                "image": "C:\\\\Windows\\\\System32\\\\reg.exe",
                "product": "Microsoft\u00ae Windows\u00ae Operating System",
                "parentProcessGuid": "{0a16e2dc-fef4-6690-d907-000000001800}",
                "description": "Registry Console Tool",
                "logonGuid": "{0a16e2dc-8366-668f-e703-000000000000}",
                "parentCommandLine": "cmd.exe /c \\\"reg.exe save hklm\\\\sam C:\\\\Windows\\\\TEMP\\\\ykxjml\\\"",
                "processGuid": "{0a16e2dc-fef4-6690-da07-000000001800}",
                "logonId": "0x3e7",
                "parentProcessId": "4316",
                "processId": "2812",
                "currentDirectory": "C:\\\\Windows\\\\system32\\\\",
                "utcTime": "2024-07-12 10:01:24.549",
                "hashes": "MD5=227F63E1D9008B36BDBCC4B397780BE4,SHA256=C0E25B1F9B22DE445298C1E96DDFCEAD265CA030FA6626F61A4A4786CC4A3B7D,IMPHASH=BE482BE427FE212CFEF2CDA0E61F19AC",
                "parentImage": "C:\\\\Windows\\\\System32\\\\cmd.exe",
                "company": "Microsoft Corporation",
                "commandLine": "reg.exe  save hklm\\\\sam C:\\\\Windows\\\\TEMP\\\\ykxjml",
                "integrityLevel": "System",
                "fileVersion": "10.0.19041.1 (WinBuild.160101.0800)",
                "user": "NT AUTHORITY\\\\SYSTEM",
                "terminalSessionId": "0",
                "parentUser": "NT AUTHORITY\\\\SYSTEM"
              },
              "system": {
                "eventID": "1",
                "keywords": "0x8000000000000000",
                "providerGuid": "{5770385f-c22a-43e0-bf4c-06f5698ffbd9}",
                "level": "4",
                "channel": "Microsoft-Windows-Sysmon/Operational",
                "opcode": "0",
                "message": "\"Process Create:\r\nRuleName: -\r\nUtcTime: 2024-07-12 10:01:24.549\r\nProcessGuid: {0a16e2dc-fef4-6690-da07-000000001800}\r\nProcessId: 2812\r\nImage: C:\\Windows\\System32\\reg.exe\r\nFileVersion: 10.0.19041.1 (WinBuild.160101.0800)\r\nDescription: Registry Console Tool\r\nProduct: Microsoft\u00ae Windows\u00ae Operating System\r\nCompany: Microsoft Corporation\r\nOriginalFileName: reg.exe\r\nCommandLine: reg.exe  save hklm\\sam C:\\Windows\\TEMP\\ykxjml\r\nCurrentDirectory: C:\\Windows\\system32\\\r\nUser: NT AUTHORITY\\SYSTEM\r\nLogonGuid: {0a16e2dc-8366-668f-e703-000000000000}\r\nLogonId: 0x3E7\r\nTerminalSessionId: 0\r\nIntegrityLevel: System\r\nHashes: MD5=227F63E1D9008B36BDBCC4B397780BE4,SHA256=C0E25B1F9B22DE445298C1E96DDFCEAD265CA030FA6626F61A4A4786CC4A3B7D,IMPHASH=BE482BE427FE212CFEF2CDA0E61F19AC\r\nParentProcessGuid: {0a16e2dc-fef4-6690-d907-000000001800}\r\nParentProcessId: 4316\r\nParentImage: C:\\Windows\\System32\\cmd.exe\r\nParentCommandLine: cmd.exe /c \"reg.exe save hklm\\sam C:\\Windows\\TEMP\\ykxjml\"\r\nParentUser: NT AUTHORITY\\SYSTEM\"",
                "version": "5",
                "systemTime": "2024-07-12T10:01:24.5511688Z",
                "eventRecordID": "3607",
                "threadID": "3444",
                "computer": "hq04.office.tyrdemo.se",
                "task": "1",
                "processID": "3036",
                "severityValue": "INFORMATION",
                "providerName": "Microsoft-Windows-Sysmon"
              }
            }
          },
          "rule": {
            "firedtimes": 3,
            "mail": true,
            "level": 14,
            "description": "Reg.exe used to dump SAM hive",
            "groups": [
              "sysmon",
              "sysmon_eid1_detections",
              "windows"
            ],
            "mitre": {
              "technique": [
                "Security Account Manager"
              ],
              "id": [
                "T1003.002"
              ],
              "tactic": [
                "Credential Access"
              ]
            },
            "id": "92026"
          },
          "decoder": {
            "name": "windows_eventchannel"
          },
          "input": {
            "type": "log"
          },
          "@timestamp": "2024-07-12T10:01:26.514Z",
          "location": "EventChannel",
          "id": "1720778486.103752378",
          "timestamp": "2024-07-12T12:01:26.514+0200"
        }
      }
    ],
    "1230": [
      {
        "_index": "wazuh-alerts-4.x-2024.07.12",
        "_id": "2LNkppABLu9BFc0MJz9-",
        "_score": 2.0,
        "_source": {
          "agent": {
            "ip": "134.23.4.46",
            "name": "rootca",
            "id": "027"
          },
          "manager": {
            "name": "wazuh"
          },
          "data": {
            "win": {
              "eventdata": {
                "image": "c:\\\\temp\\\\l_test.exe",
                "processGuid": "{A1EEDE99-FF01-6690-7006-000000000F00}",
                "processId": "2676",
                "utcTime": "2024-07-12 10:01:37.451",
                "targetFilename": "C:\\\\Windows\\\\Temp\\\\_MEI26762\\\\VCRUNTIME140.dll",
                "ruleName": "DLL",
                "creationUtcTime": "2024-07-12 10:01:37.451",
                "user": "NT AUTHORITY\\\\SYSTEM"
              },
              "system": {
                "eventID": "11",
                "keywords": "0x8000000000000000",
                "providerGuid": "{5770385F-C22A-43E0-BF4C-06F5698FFBD9}",
                "level": "4",
                "channel": "Microsoft-Windows-Sysmon/Operational",
                "opcode": "0",
                "message": "\"File created:\r\nRuleName: DLL\r\nUtcTime: 2024-07-12 10:01:37.451\r\nProcessGuid: {A1EEDE99-FF01-6690-7006-000000000F00}\r\nProcessId: 2676\r\nImage: c:\\temp\\l_test.exe\r\nTargetFilename: C:\\Windows\\Temp\\_MEI26762\\VCRUNTIME140.dll\r\nCreationUtcTime: 2024-07-12 10:01:37.451\r\nUser: NT AUTHORITY\\SYSTEM\"",
                "version": "2",
                "systemTime": "2024-07-12T10:01:37.455806700Z",
                "eventRecordID": "2725",
                "threadID": "2360",
                "computer": "rootca.tyrdemo.se",
                "task": "11",
                "processID": "1688",
                "severityValue": "INFORMATION",
                "providerName": "Microsoft-Windows-Sysmon"
              }
            }
          },
          "rule": {
            "firedtimes": 192,
            "mail": true,
            "level": 13,
            "description": "Unsigned Binary Loaded From Suspicious Location",
            "groups": [
              "sigma"
            ],
            "id": "900228"
          },
          "decoder": {
            "name": "windows_eventchannel"
          },
          "input": {
            "type": "log"
          },
          "@timestamp": "2024-07-12T10:01:38.255Z",
          "location": "EventChannel",
          "id": "1720778498.104109309",
          "timestamp": "2024-07-12T12:01:38.255+0200"
        }
      },
      {
        "_index": "wazuh-alerts-4.x-2024.07.12",
        "_id": "2bNkppABLu9BFc0MJz9-",
        "_score": 2.0,
        "_source": {
          "agent": {
            "ip": "134.23.4.46",
            "name": "rootca",
            "id": "027"
          },
          "manager": {
            "name": "wazuh"
          },
          "data": {
            "win": {
              "eventdata": {
                "image": "c:\\\\temp\\\\l_test.exe",
                "processGuid": "{A1EEDE99-FF01-6690-7006-000000000F00}",
                "processId": "2676",
                "utcTime": "2024-07-12 10:01:37.529",
                "targetFilename": "C:\\\\Windows\\\\Temp\\\\_MEI26762\\\\api-ms-win-core-console-l1-1-0.dll",
                "ruleName": "DLL",
                "creationUtcTime": "2024-07-12 10:01:37.529",
                "user": "NT AUTHORITY\\\\SYSTEM"
              },
              "system": {
                "eventID": "11",
                "keywords": "0x8000000000000000",
                "providerGuid": "{5770385F-C22A-43E0-BF4C-06F5698FFBD9}",
                "level": "4",
                "channel": "Microsoft-Windows-Sysmon/Operational",
                "opcode": "0",
                "message": "\"File created:\r\nRuleName: DLL\r\nUtcTime: 2024-07-12 10:01:37.529\r\nProcessGuid: {A1EEDE99-FF01-6690-7006-000000000F00}\r\nProcessId: 2676\r\nImage: c:\\temp\\l_test.exe\r\nTargetFilename: C:\\Windows\\Temp\\_MEI26762\\api-ms-win-core-console-l1-1-0.dll\r\nCreationUtcTime: 2024-07-12 10:01:37.529\r\nUser: NT AUTHORITY\\SYSTEM\"",
                "version": "2",
                "systemTime": "2024-07-12T10:01:37.549115200Z",
                "eventRecordID": "2726",
                "threadID": "2360",
                "computer": "rootca.tyrdemo.se",
                "task": "11",
                "processID": "1688",
                "severityValue": "INFORMATION",
                "providerName": "Microsoft-Windows-Sysmon"
              }
            }
          },
          "rule": {
            "firedtimes": 193,
            "mail": true,
            "level": 13,
            "description": "Unsigned Binary Loaded From Suspicious Location",
            "groups": [
              "sigma"
            ],
            "id": "900228"
          },
          "decoder": {
            "name": "windows_eventchannel"
          },
          "input": {
            "type": "log"
          },
          "@timestamp": "2024-07-12T10:01:38.266Z",
          "location": "EventChannel",
          "id": "1720778498.104111797",
          "timestamp": "2024-07-12T12:01:38.266+0200"
        }
      },
      {
        "_index": "wazuh-alerts-4.x-2024.07.12",
        "_id": "2rNkppABLu9BFc0MJz9-",
        "_score": 2.0,
        "_source": {
          "agent": {
            "ip": "134.23.4.46",
            "name": "rootca",
            "id": "027"
          },
          "manager": {
            "name": "wazuh"
          },
          "data": {
            "win": {
              "eventdata": {
                "image": "c:\\\\temp\\\\l_test.exe",
                "processGuid": "{A1EEDE99-FF01-6690-7006-000000000F00}",
                "processId": "2676",
                "utcTime": "2024-07-12 10:01:37.529",
                "targetFilename": "C:\\\\Windows\\\\Temp\\\\_MEI26762\\\\api-ms-win-core-datetime-l1-1-0.dll",
                "ruleName": "DLL",
                "creationUtcTime": "2024-07-12 10:01:37.529",
                "user": "NT AUTHORITY\\\\SYSTEM"
              },
              "system": {
                "eventID": "11",
                "keywords": "0x8000000000000000",
                "providerGuid": "{5770385F-C22A-43E0-BF4C-06F5698FFBD9}",
                "level": "4",
                "channel": "Microsoft-Windows-Sysmon/Operational",
                "opcode": "0",
                "message": "\"File created:\r\nRuleName: DLL\r\nUtcTime: 2024-07-12 10:01:37.529\r\nProcessGuid: {A1EEDE99-FF01-6690-7006-000000000F00}\r\nProcessId: 2676\r\nImage: c:\\temp\\l_test.exe\r\nTargetFilename: C:\\Windows\\Temp\\_MEI26762\\api-ms-win-core-datetime-l1-1-0.dll\r\nCreationUtcTime: 2024-07-12 10:01:37.529\r\nUser: NT AUTHORITY\\SYSTEM\"",
                "version": "2",
                "systemTime": "2024-07-12T10:01:37.549123100Z",
                "eventRecordID": "2727",
                "threadID": "2360",
                "computer": "rootca.tyrdemo.se",
                "task": "11",
                "processID": "1688",
                "severityValue": "INFORMATION",
                "providerName": "Microsoft-Windows-Sysmon"
              }
            }
          },
          "rule": {
            "firedtimes": 194,
            "mail": true,
            "level": 13,
            "description": "Unsigned Binary Loaded From Suspicious Location",
            "groups": [
              "sigma"
            ],
            "id": "900228"
          },
          "decoder": {
            "name": "windows_eventchannel"
          },
          "input": {
            "type": "log"
          },
          "@timestamp": "2024-07-12T10:01:38.281Z",
          "location": "EventChannel",
          "id": "1720778498.104114357",
          "timestamp": "2024-07-12T12:01:38.281+0200"
        }
      },
      {
        "_index": "wazuh-alerts-4.x-2024.07.12",
        "_id": "3LNkppABLu9BFc0MJz9-",
        "_score": 2.0,
        "_source": {
          "agent": {
            "ip": "134.23.4.46",
            "name": "rootca",
            "id": "027"
          },
          "manager": {
            "name": "wazuh"
          },
          "data": {
            "win": {
              "eventdata": {
                "image": "c:\\\\temp\\\\l_test.exe",
                "processGuid": "{A1EEDE99-FF01-6690-7006-000000000F00}",
                "processId": "2676",
                "utcTime": "2024-07-12 10:01:37.545",
                "targetFilename": "C:\\\\Windows\\\\Temp\\\\_MEI26762\\\\api-ms-win-core-errorhandling-l1-1-0.dll",
                "ruleName": "DLL",
                "creationUtcTime": "2024-07-12 10:01:37.545",
                "user": "NT AUTHORITY\\\\SYSTEM"
              },
              "system": {
                "eventID": "11",
                "keywords": "0x8000000000000000",
                "providerGuid": "{5770385F-C22A-43E0-BF4C-06F5698FFBD9}",
                "level": "4",
                "channel": "Microsoft-Windows-Sysmon/Operational",
                "opcode": "0",
                "message": "\"File created:\r\nRuleName: DLL\r\nUtcTime: 2024-07-12 10:01:37.545\r\nProcessGuid: {A1EEDE99-FF01-6690-7006-000000000F00}\r\nProcessId: 2676\r\nImage: c:\\temp\\l_test.exe\r\nTargetFilename: C:\\Windows\\Temp\\_MEI26762\\api-ms-win-core-errorhandling-l1-1-0.dll\r\nCreationUtcTime: 2024-07-12 10:01:37.545\r\nUser: NT AUTHORITY\\SYSTEM\"",
                "version": "2",
                "systemTime": "2024-07-12T10:01:37.552890300Z",
                "eventRecordID": "2729",
                "threadID": "2360",
                "computer": "rootca.tyrdemo.se",
                "task": "11",
                "processID": "1688",
                "severityValue": "INFORMATION",
                "providerName": "Microsoft-Windows-Sysmon"
              }
            }
          },
          "rule": {
            "firedtimes": 196,
            "mail": true,
            "level": 13,
            "description": "Unsigned Binary Loaded From Suspicious Location",
            "groups": [
              "sigma"
            ],
            "id": "900228"
          },
          "decoder": {
            "name": "windows_eventchannel"
          },
          "input": {
            "type": "log"
          },
          "@timestamp": "2024-07-12T10:01:38.312Z",
          "location": "EventChannel",
          "id": "1720778498.104119473",
          "timestamp": "2024-07-12T12:01:38.312+0200"
        }
      },
      {
        "_index": "wazuh-alerts-4.x-2024.07.12",
        "_id": "3bNkppABLu9BFc0MJz9-",
        "_score": 2.0,
        "_source": {
          "agent": {
            "ip": "134.23.4.46",
            "name": "rootca",
            "id": "027"
          },
          "manager": {
            "name": "wazuh"
          },
          "data": {
            "win": {
              "eventdata": {
                "image": "c:\\\\temp\\\\l_test.exe",
                "processGuid": "{A1EEDE99-FF01-6690-7006-000000000F00}",
                "processId": "2676",
                "utcTime": "2024-07-12 10:01:37.545",
                "targetFilename": "C:\\\\Windows\\\\Temp\\\\_MEI26762\\\\api-ms-win-core-file-l1-1-0.dll",
                "ruleName": "DLL",
                "creationUtcTime": "2024-07-12 10:01:37.545",
                "user": "NT AUTHORITY\\\\SYSTEM"
              },
              "system": {
                "eventID": "11",
                "keywords": "0x8000000000000000",
                "providerGuid": "{5770385F-C22A-43E0-BF4C-06F5698FFBD9}",
                "level": "4",
                "channel": "Microsoft-Windows-Sysmon/Operational",
                "opcode": "0",
                "message": "\"File created:\r\nRuleName: DLL\r\nUtcTime: 2024-07-12 10:01:37.545\r\nProcessGuid: {A1EEDE99-FF01-6690-7006-000000000F00}\r\nProcessId: 2676\r\nImage: c:\\temp\\l_test.exe\r\nTargetFilename: C:\\Windows\\Temp\\_MEI26762\\api-ms-win-core-file-l1-1-0.dll\r\nCreationUtcTime: 2024-07-12 10:01:37.545\r\nUser: NT AUTHORITY\\SYSTEM\"",
                "version": "2",
                "systemTime": "2024-07-12T10:01:37.557312600Z",
                "eventRecordID": "2730",
                "threadID": "2360",
                "computer": "rootca.tyrdemo.se",
                "task": "11",
                "processID": "1688",
                "severityValue": "INFORMATION",
                "providerName": "Microsoft-Windows-Sysmon"
              }
            }
          },
          "rule": {
            "firedtimes": 197,
            "mail": true,
            "level": 13,
            "description": "Unsigned Binary Loaded From Suspicious Location",
            "groups": [
              "sigma"
            ],
            "id": "900228"
          },
          "decoder": {
            "name": "windows_eventchannel"
          },
          "input": {
            "type": "log"
          },
          "@timestamp": "2024-07-12T10:01:38.328Z",
          "location": "EventChannel",
          "id": "1720778498.104122057",
          "timestamp": "2024-07-12T12:01:38.328+0200"
        }
      },
      {
        "_index": "wazuh-alerts-4.x-2024.07.12",
        "_id": "4rNkppABLu9BFc0MJz9-",
        "_score": 2.0,
        "_source": {
          "agent": {
            "ip": "134.23.4.46",
            "name": "rootca",
            "id": "027"
          },
          "manager": {
            "name": "wazuh"
          },
          "data": {
            "win": {
              "eventdata": {
                "image": "c:\\\\temp\\\\l_test.exe",
                "processGuid": "{A1EEDE99-FF01-6690-7006-000000000F00}",
                "processId": "2676",
                "utcTime": "2024-07-12 10:01:37.577",
                "targetFilename": "C:\\\\Windows\\\\Temp\\\\_MEI26762\\\\api-ms-win-core-interlocked-l1-1-0.dll",
                "ruleName": "DLL",
                "creationUtcTime": "2024-07-12 10:01:37.577",
                "user": "NT AUTHORITY\\\\SYSTEM"
              },
              "system": {
                "eventID": "11",
                "keywords": "0x8000000000000000",
                "providerGuid": "{5770385F-C22A-43E0-BF4C-06F5698FFBD9}",
                "level": "4",
                "channel": "Microsoft-Windows-Sysmon/Operational",
                "opcode": "0",
                "message": "\"File created:\r\nRuleName: DLL\r\nUtcTime: 2024-07-12 10:01:37.577\r\nProcessGuid: {A1EEDE99-FF01-6690-7006-000000000F00}\r\nProcessId: 2676\r\nImage: c:\\temp\\l_test.exe\r\nTargetFilename: C:\\Windows\\Temp\\_MEI26762\\api-ms-win-core-interlocked-l1-1-0.dll\r\nCreationUtcTime: 2024-07-12 10:01:37.577\r\nUser: NT AUTHORITY\\SYSTEM\"",
                "version": "2",
                "systemTime": "2024-07-12T10:01:37.578614400Z",
                "eventRecordID": "2735",
                "threadID": "2360",
                "computer": "rootca.tyrdemo.se",
                "task": "11",
                "processID": "1688",
                "severityValue": "INFORMATION",
                "providerName": "Microsoft-Windows-Sysmon"
              }
            }
          },
          "rule": {
            "firedtimes": 202,
            "mail": true,
            "level": 13,
            "description": "Unsigned Binary Loaded From Suspicious Location",
            "groups": [
              "sigma"
            ],
            "id": "900228"
          },
          "decoder": {
            "name": "windows_eventchannel"
          },
          "input": {
            "type": "log"
          },
          "@timestamp": "2024-07-12T10:01:38.422Z",
          "location": "EventChannel",
          "id": "1720778498.104134805",
          "timestamp": "2024-07-12T12:01:38.422+0200"
        }
      },
      {
        "_index": "wazuh-alerts-4.x-2024.07.12",
        "_id": "47NkppABLu9BFc0MJz9-",
        "_score": 2.0,
        "_source": {
          "agent": {
            "ip": "134.23.4.46",
            "name": "rootca",
            "id": "027"
          },
          "manager": {
            "name": "wazuh"
          },
          "data": {
            "win": {
              "eventdata": {
                "image": "c:\\\\temp\\\\l_test.exe",
                "processGuid": "{A1EEDE99-FF01-6690-7006-000000000F00}",
                "processId": "2676",
                "utcTime": "2024-07-12 10:01:37.577",
                "targetFilename": "C:\\\\Windows\\\\Temp\\\\_MEI26762\\\\api-ms-win-core-libraryloader-l1-1-0.dll",
                "ruleName": "DLL",
                "creationUtcTime": "2024-07-12 10:01:37.577",
                "user": "NT AUTHORITY\\\\SYSTEM"
              },
              "system": {
                "eventID": "11",
                "keywords": "0x8000000000000000",
                "providerGuid": "{5770385F-C22A-43E0-BF4C-06F5698FFBD9}",
                "level": "4",
                "channel": "Microsoft-Windows-Sysmon/Operational",
                "opcode": "0",
                "message": "\"File created:\r\nRuleName: DLL\r\nUtcTime: 2024-07-12 10:01:37.577\r\nProcessGuid: {A1EEDE99-FF01-6690-7006-000000000F00}\r\nProcessId: 2676\r\nImage: c:\\temp\\l_test.exe\r\nTargetFilename: C:\\Windows\\Temp\\_MEI26762\\api-ms-win-core-libraryloader-l1-1-0.dll\r\nCreationUtcTime: 2024-07-12 10:01:37.577\r\nUser: NT AUTHORITY\\SYSTEM\"",
                "version": "2",
                "systemTime": "2024-07-12T10:01:37.582652300Z",
                "eventRecordID": "2736",
                "threadID": "2360",
                "computer": "rootca.tyrdemo.se",
                "task": "11",
                "processID": "1688",
                "severityValue": "INFORMATION",
                "providerName": "Microsoft-Windows-Sysmon"
              }
            }
          },
          "rule": {
            "firedtimes": 203,
            "mail": true,
            "level": 13,
            "description": "Unsigned Binary Loaded From Suspicious Location",
            "groups": [
              "sigma"
            ],
            "id": "900228"
          },
          "decoder": {
            "name": "windows_eventchannel"
          },
          "input": {
            "type": "log"
          },
          "@timestamp": "2024-07-12T10:01:38.438Z",
          "location": "EventChannel",
          "id": "1720778498.104137381",
          "timestamp": "2024-07-12T12:01:38.438+0200"
        }
      },
      {
        "_index": "wazuh-alerts-4.x-2024.07.12",
        "_id": "5LNkppABLu9BFc0MJz9-",
        "_score": 2.0,
        "_source": {
          "agent": {
            "ip": "134.23.4.46",
            "name": "rootca",
            "id": "027"
          },
          "manager": {
            "name": "wazuh"
          },
          "data": {
            "win": {
              "eventdata": {
                "image": "c:\\\\temp\\\\l_test.exe",
                "processGuid": "{A1EEDE99-FF01-6690-7006-000000000F00}",
                "processId": "2676",
                "utcTime": "2024-07-12 10:01:37.577",
                "targetFilename": "C:\\\\Windows\\\\Temp\\\\_MEI26762\\\\api-ms-win-core-localization-l1-2-0.dll",
                "ruleName": "DLL",
                "creationUtcTime": "2024-07-12 10:01:37.577",
                "user": "NT AUTHORITY\\\\SYSTEM"
              },
              "system": {
                "eventID": "11",
                "keywords": "0x8000000000000000",
                "providerGuid": "{5770385F-C22A-43E0-BF4C-06F5698FFBD9}",
                "level": "4",
                "channel": "Microsoft-Windows-Sysmon/Operational",
                "opcode": "0",
                "message": "\"File created:\r\nRuleName: DLL\r\nUtcTime: 2024-07-12 10:01:37.577\r\nProcessGuid: {A1EEDE99-FF01-6690-7006-000000000F00}\r\nProcessId: 2676\r\nImage: c:\\temp\\l_test.exe\r\nTargetFilename: C:\\Windows\\Temp\\_MEI26762\\api-ms-win-core-localization-l1-2-0.dll\r\nCreationUtcTime: 2024-07-12 10:01:37.577\r\nUser: NT AUTHORITY\\SYSTEM\"",
                "version": "2",
                "systemTime": "2024-07-12T10:01:37.586756500Z",
                "eventRecordID": "2737",
                "threadID": "2360",
                "computer": "rootca.tyrdemo.se",
                "task": "11",
                "processID": "1688",
                "severityValue": "INFORMATION",
                "providerName": "Microsoft-Windows-Sysmon"
              }
            }
          },
          "rule": {
            "firedtimes": 204,
            "mail": true,
            "level": 13,
            "description": "Unsigned Binary Loaded From Suspicious Location",
            "groups": [
              "sigma"
            ],
            "id": "900228"
          },
          "decoder": {
            "name": "windows_eventchannel"
          },
          "input": {
            "type": "log"
          },
          "@timestamp": "2024-07-12T10:01:38.454Z",
          "location": "EventChannel",
          "id": "1720778498.104139965",
          "timestamp": "2024-07-12T12:01:38.454+0200"
        }
      },
      {
        "_index": "wazuh-alerts-4.x-2024.07.12",
        "_id": "5bNkppABLu9BFc0MJz9-",
        "_score": 2.0,
        "_source": {
          "agent": {
            "ip": "134.23.4.46",
            "name": "rootca",
            "id": "027"
          },
          "manager": {
            "name": "wazuh"
          },
          "data": {
            "win": {
              "eventdata": {
                "image": "c:\\\\temp\\\\l_test.exe",
                "processGuid": "{A1EEDE99-FF01-6690-7006-000000000F00}",
                "processId": "2676",
                "utcTime": "2024-07-12 10:01:37.577",
                "targetFilename": "C:\\\\Windows\\\\Temp\\\\_MEI26762\\\\api-ms-win-core-memory-l1-1-0.dll",
                "ruleName": "DLL",
                "creationUtcTime": "2024-07-12 10:01:37.577",
                "user": "NT AUTHORITY\\\\SYSTEM"
              },
              "system": {
                "eventID": "11",
                "keywords": "0x8000000000000000",
                "providerGuid": "{5770385F-C22A-43E0-BF4C-06F5698FFBD9}",
                "level": "4",
                "channel": "Microsoft-Windows-Sysmon/Operational",
                "opcode": "0",
                "message": "\"File created:\r\nRuleName: DLL\r\nUtcTime: 2024-07-12 10:01:37.577\r\nProcessGuid: {A1EEDE99-FF01-6690-7006-000000000F00}\r\nProcessId: 2676\r\nImage: c:\\temp\\l_test.exe\r\nTargetFilename: C:\\Windows\\Temp\\_MEI26762\\api-ms-win-core-memory-l1-1-0.dll\r\nCreationUtcTime: 2024-07-12 10:01:37.577\r\nUser: NT AUTHORITY\\SYSTEM\"",
                "version": "2",
                "systemTime": "2024-07-12T10:01:37.590755300Z",
                "eventRecordID": "2738",
                "threadID": "2360",
                "computer": "rootca.tyrdemo.se",
                "task": "11",
                "processID": "1688",
                "severityValue": "INFORMATION",
                "providerName": "Microsoft-Windows-Sysmon"
              }
            }
          },
          "rule": {
            "firedtimes": 205,
            "mail": true,
            "level": 13,
            "description": "Unsigned Binary Loaded From Suspicious Location",
            "groups": [
              "sigma"
            ],
            "id": "900228"
          },
          "decoder": {
            "name": "windows_eventchannel"
          },
          "input": {
            "type": "log"
          },
          "@timestamp": "2024-07-12T10:01:38.485Z",
          "location": "EventChannel",
          "id": "1720778498.104142545",
          "timestamp": "2024-07-12T12:01:38.485+0200"
        }
      },
      {
        "_index": "wazuh-alerts-4.x-2024.07.12",
        "_id": "5rNkppABLu9BFc0MJz9-",
        "_score": 2.0,
        "_source": {
          "agent": {
            "ip": "134.23.4.46",
            "name": "rootca",
            "id": "027"
          },
          "manager": {
            "name": "wazuh"
          },
          "data": {
            "win": {
              "eventdata": {
                "image": "c:\\\\temp\\\\l_test.exe",
                "processGuid": "{A1EEDE99-FF01-6690-7006-000000000F00}",
                "processId": "2676",
                "utcTime": "2024-07-12 10:01:37.592",
                "targetFilename": "C:\\\\Windows\\\\Temp\\\\_MEI26762\\\\api-ms-win-core-namedpipe-l1-1-0.dll",
                "ruleName": "DLL",
                "creationUtcTime": "2024-07-12 10:01:37.592",
                "user": "NT AUTHORITY\\\\SYSTEM"
              },
              "system": {
                "eventID": "11",
                "keywords": "0x8000000000000000",
                "providerGuid": "{5770385F-C22A-43E0-BF4C-06F5698FFBD9}",
                "level": "4",
                "channel": "Microsoft-Windows-Sysmon/Operational",
                "opcode": "0",
                "message": "\"File created:\r\nRuleName: DLL\r\nUtcTime: 2024-07-12 10:01:37.592\r\nProcessGuid: {A1EEDE99-FF01-6690-7006-000000000F00}\r\nProcessId: 2676\r\nImage: c:\\temp\\l_test.exe\r\nTargetFilename: C:\\Windows\\Temp\\_MEI26762\\api-ms-win-core-namedpipe-l1-1-0.dll\r\nCreationUtcTime: 2024-07-12 10:01:37.592\r\nUser: NT AUTHORITY\\SYSTEM\"",
                "version": "2",
                "systemTime": "2024-07-12T10:01:37.595107300Z",
                "eventRecordID": "2739",
                "threadID": "2360",
                "computer": "rootca.tyrdemo.se",
                "task": "11",
                "processID": "1688",
                "severityValue": "INFORMATION",
                "providerName": "Microsoft-Windows-Sysmon"
              }
            }
          },
          "rule": {
            "firedtimes": 206,
            "mail": true,
            "level": 13,
            "description": "Unsigned Binary Loaded From Suspicious Location",
            "groups": [
              "sigma"
            ],
            "id": "900228"
          },
          "decoder": {
            "name": "windows_eventchannel"
          },
          "input": {
            "type": "log"
          },
          "@timestamp": "2024-07-12T10:01:38.500Z",
          "location": "EventChannel",
          "id": "1720778498.104145101",
          "timestamp": "2024-07-12T12:01:38.500+0200"
        }
      },
      {
        "_index": "wazuh-alerts-4.x-2024.07.12",
        "_id": "6rNkppABLu9BFc0MJz9-",
        "_score": 2.0,
        "_source": {
          "agent": {
            "ip": "134.23.4.46",
            "name": "rootca",
            "id": "027"
          },
          "manager": {
            "name": "wazuh"
          },
          "data": {
            "win": {
              "eventdata": {
                "image": "c:\\\\temp\\\\l_test.exe",
                "processGuid": "{A1EEDE99-FF01-6690-7006-000000000F00}",
                "processId": "2676",
                "utcTime": "2024-07-12 10:01:37.608",
                "targetFilename": "C:\\\\Windows\\\\Temp\\\\_MEI26762\\\\api-ms-win-core-profile-l1-1-0.dll",
                "ruleName": "DLL",
                "creationUtcTime": "2024-07-12 10:01:37.608",
                "user": "NT AUTHORITY\\\\SYSTEM"
              },
              "system": {
                "eventID": "11",
                "keywords": "0x8000000000000000",
                "providerGuid": "{5770385F-C22A-43E0-BF4C-06F5698FFBD9}",
                "level": "4",
                "channel": "Microsoft-Windows-Sysmon/Operational",
                "opcode": "0",
                "message": "\"File created:\r\nRuleName: DLL\r\nUtcTime: 2024-07-12 10:01:37.608\r\nProcessGuid: {A1EEDE99-FF01-6690-7006-000000000F00}\r\nProcessId: 2676\r\nImage: c:\\temp\\l_test.exe\r\nTargetFilename: C:\\Windows\\Temp\\_MEI26762\\api-ms-win-core-profile-l1-1-0.dll\r\nCreationUtcTime: 2024-07-12 10:01:37.608\r\nUser: NT AUTHORITY\\SYSTEM\"",
                "version": "2",
                "systemTime": "2024-07-12T10:01:37.612409200Z",
                "eventRecordID": "2743",
                "threadID": "2360",
                "computer": "rootca.tyrdemo.se",
                "task": "11",
                "processID": "1688",
                "severityValue": "INFORMATION",
                "providerName": "Microsoft-Windows-Sysmon"
              }
            }
          },
          "rule": {
            "firedtimes": 210,
            "mail": true,
            "level": 13,
            "description": "Unsigned Binary Loaded From Suspicious Location",
            "groups": [
              "sigma"
            ],
            "id": "900228"
          },
          "decoder": {
            "name": "windows_eventchannel"
          },
          "input": {
            "type": "log"
          },
          "@timestamp": "2024-07-12T10:01:38.564Z",
          "location": "EventChannel",
          "id": "1720778498.104155449",
          "timestamp": "2024-07-12T12:01:38.564+0200"
        }
      },
      {
        "_index": "wazuh-alerts-4.x-2024.07.12",
        "_id": "67NkppABLu9BFc0MJz9-",
        "_score": 2.0,
        "_source": {
          "agent": {
            "ip": "134.23.4.46",
            "name": "rootca",
            "id": "027"
          },
          "manager": {
            "name": "wazuh"
          },
          "data": {
            "win": {
              "eventdata": {
                "image": "c:\\\\temp\\\\l_test.exe",
                "processGuid": "{A1EEDE99-FF01-6690-7006-000000000F00}",
                "processId": "2676",
                "utcTime": "2024-07-12 10:01:37.608",
                "targetFilename": "C:\\\\Windows\\\\Temp\\\\_MEI26762\\\\api-ms-win-core-rtlsupport-l1-1-0.dll",
                "ruleName": "DLL",
                "creationUtcTime": "2024-07-12 10:01:37.608",
                "user": "NT AUTHORITY\\\\SYSTEM"
              },
              "system": {
                "eventID": "11",
                "keywords": "0x8000000000000000",
                "providerGuid": "{5770385F-C22A-43E0-BF4C-06F5698FFBD9}",
                "level": "4",
                "channel": "Microsoft-Windows-Sysmon/Operational",
                "opcode": "0",
                "message": "\"File created:\r\nRuleName: DLL\r\nUtcTime: 2024-07-12 10:01:37.608\r\nProcessGuid: {A1EEDE99-FF01-6690-7006-000000000F00}\r\nProcessId: 2676\r\nImage: c:\\temp\\l_test.exe\r\nTargetFilename: C:\\Windows\\Temp\\_MEI26762\\api-ms-win-core-rtlsupport-l1-1-0.dll\r\nCreationUtcTime: 2024-07-12 10:01:37.608\r\nUser: NT AUTHORITY\\SYSTEM\"",
                "version": "2",
                "systemTime": "2024-07-12T10:01:37.616385800Z",
                "eventRecordID": "2744",
                "threadID": "2360",
                "computer": "rootca.tyrdemo.se",
                "task": "11",
                "processID": "1688",
                "severityValue": "INFORMATION",
                "providerName": "Microsoft-Windows-Sysmon"
              }
            }
          },
          "rule": {
            "firedtimes": 211,
            "mail": true,
            "level": 13,
            "description": "Unsigned Binary Loaded From Suspicious Location",
            "groups": [
              "sigma"
            ],
            "id": "900228"
          },
          "decoder": {
            "name": "windows_eventchannel"
          },
          "input": {
            "type": "log"
          },
          "@timestamp": "2024-07-12T10:01:38.578Z",
          "location": "EventChannel",
          "id": "1720778498.104158009",
          "timestamp": "2024-07-12T12:01:38.578+0200"
        }
      },
      {
        "_index": "wazuh-alerts-4.x-2024.07.12",
        "_id": "8LNkppABLu9BFc0MJz9-",
        "_score": 2.0,
        "_source": {
          "agent": {
            "ip": "134.23.4.46",
            "name": "rootca",
            "id": "027"
          },
          "manager": {
            "name": "wazuh"
          },
          "data": {
            "win": {
              "eventdata": {
                "image": "c:\\\\temp\\\\l_test.exe",
                "processGuid": "{A1EEDE99-FF01-6690-7006-000000000F00}",
                "processId": "2676",
                "utcTime": "2024-07-12 10:01:37.624",
                "targetFilename": "C:\\\\Windows\\\\Temp\\\\_MEI26762\\\\api-ms-win-core-timezone-l1-1-0.dll",
                "ruleName": "DLL",
                "creationUtcTime": "2024-07-12 10:01:37.624",
                "user": "NT AUTHORITY\\\\SYSTEM"
              },
              "system": {
                "eventID": "11",
                "keywords": "0x8000000000000000",
                "providerGuid": "{5770385F-C22A-43E0-BF4C-06F5698FFBD9}",
                "level": "4",
                "channel": "Microsoft-Windows-Sysmon/Operational",
                "opcode": "0",
                "message": "\"File created:\r\nRuleName: DLL\r\nUtcTime: 2024-07-12 10:01:37.624\r\nProcessGuid: {A1EEDE99-FF01-6690-7006-000000000F00}\r\nProcessId: 2676\r\nImage: c:\\temp\\l_test.exe\r\nTargetFilename: C:\\Windows\\Temp\\_MEI26762\\api-ms-win-core-timezone-l1-1-0.dll\r\nCreationUtcTime: 2024-07-12 10:01:37.624\r\nUser: NT AUTHORITY\\SYSTEM\"",
                "version": "2",
                "systemTime": "2024-07-12T10:01:37.636830000Z",
                "eventRecordID": "2749",
                "threadID": "2360",
                "computer": "rootca.tyrdemo.se",
                "task": "11",
                "processID": "1688",
                "severityValue": "INFORMATION",
                "providerName": "Microsoft-Windows-Sysmon"
              }
            }
          },
          "rule": {
            "firedtimes": 216,
            "mail": true,
            "level": 13,
            "description": "Unsigned Binary Loaded From Suspicious Location",
            "groups": [
              "sigma"
            ],
            "id": "900228"
          },
          "decoder": {
            "name": "windows_eventchannel"
          },
          "input": {
            "type": "log"
          },
          "@timestamp": "2024-07-12T10:01:38.702Z",
          "location": "EventChannel",
          "id": "1720778498.104170801",
          "timestamp": "2024-07-12T12:01:38.702+0200"
        }
      },
      {
        "_index": "wazuh-alerts-4.x-2024.07.12",
        "_id": "8rNkppABLu9BFc0MJz9-",
        "_score": 2.0,
        "_source": {
          "agent": {
            "ip": "134.23.4.46",
            "name": "rootca",
            "id": "027"
          },
          "manager": {
            "name": "wazuh"
          },
          "data": {
            "win": {
              "eventdata": {
                "image": "c:\\\\temp\\\\l_test.exe",
                "processGuid": "{A1EEDE99-FF01-6690-7006-000000000F00}",
                "processId": "2676",
                "utcTime": "2024-07-12 10:01:37.639",
                "targetFilename": "C:\\\\Windows\\\\Temp\\\\_MEI26762\\\\api-ms-win-crt-conio-l1-1-0.dll",
                "ruleName": "DLL",
                "creationUtcTime": "2024-07-12 10:01:37.639",
                "user": "NT AUTHORITY\\\\SYSTEM"
              },
              "system": {
                "eventID": "11",
                "keywords": "0x8000000000000000",
                "providerGuid": "{5770385F-C22A-43E0-BF4C-06F5698FFBD9}",
                "level": "4",
                "channel": "Microsoft-Windows-Sysmon/Operational",
                "opcode": "0",
                "message": "\"File created:\r\nRuleName: DLL\r\nUtcTime: 2024-07-12 10:01:37.639\r\nProcessGuid: {A1EEDE99-FF01-6690-7006-000000000F00}\r\nProcessId: 2676\r\nImage: c:\\temp\\l_test.exe\r\nTargetFilename: C:\\Windows\\Temp\\_MEI26762\\api-ms-win-crt-conio-l1-1-0.dll\r\nCreationUtcTime: 2024-07-12 10:01:37.639\r\nUser: NT AUTHORITY\\SYSTEM\"",
                "version": "2",
                "systemTime": "2024-07-12T10:01:37.645906000Z",
                "eventRecordID": "2751",
                "threadID": "2360",
                "computer": "rootca.tyrdemo.se",
                "task": "11",
                "processID": "1688",
                "severityValue": "INFORMATION",
                "providerName": "Microsoft-Windows-Sysmon"
              }
            }
          },
          "rule": {
            "firedtimes": 218,
            "mail": true,
            "level": 13,
            "description": "Unsigned Binary Loaded From Suspicious Location",
            "groups": [
              "sigma"
            ],
            "id": "900228"
          },
          "decoder": {
            "name": "windows_eventchannel"
          },
          "input": {
            "type": "log"
          },
          "@timestamp": "2024-07-12T10:01:38.720Z",
          "location": "EventChannel",
          "id": "1720778498.104175913",
          "timestamp": "2024-07-12T12:01:38.720+0200"
        }
      },
      {
        "_index": "wazuh-alerts-4.x-2024.07.12",
        "_id": "87NkppABLu9BFc0MJz9-",
        "_score": 2.0,
        "_source": {
          "agent": {
            "ip": "134.23.4.46",
            "name": "rootca",
            "id": "027"
          },
          "manager": {
            "name": "wazuh"
          },
          "data": {
            "win": {
              "eventdata": {
                "image": "c:\\\\temp\\\\l_test.exe",
                "processGuid": "{A1EEDE99-FF01-6690-7006-000000000F00}",
                "processId": "2676",
                "utcTime": "2024-07-12 10:01:37.639",
                "targetFilename": "C:\\\\Windows\\\\Temp\\\\_MEI26762\\\\api-ms-win-crt-convert-l1-1-0.dll",
                "ruleName": "DLL",
                "creationUtcTime": "2024-07-12 10:01:37.639",
                "user": "NT AUTHORITY\\\\SYSTEM"
              },
              "system": {
                "eventID": "11",
                "keywords": "0x8000000000000000",
                "providerGuid": "{5770385F-C22A-43E0-BF4C-06F5698FFBD9}",
                "level": "4",
                "channel": "Microsoft-Windows-Sysmon/Operational",
                "opcode": "0",
                "message": "\"File created:\r\nRuleName: DLL\r\nUtcTime: 2024-07-12 10:01:37.639\r\nProcessGuid: {A1EEDE99-FF01-6690-7006-000000000F00}\r\nProcessId: 2676\r\nImage: c:\\temp\\l_test.exe\r\nTargetFilename: C:\\Windows\\Temp\\_MEI26762\\api-ms-win-crt-convert-l1-1-0.dll\r\nCreationUtcTime: 2024-07-12 10:01:37.639\r\nUser: NT AUTHORITY\\SYSTEM\"",
                "version": "2",
                "systemTime": "2024-07-12T10:01:37.650105500Z",
                "eventRecordID": "2752",
                "threadID": "2360",
                "computer": "rootca.tyrdemo.se",
                "task": "11",
                "processID": "1688",
                "severityValue": "INFORMATION",
                "providerName": "Microsoft-Windows-Sysmon"
              }
            }
          },
          "rule": {
            "firedtimes": 219,
            "mail": true,
            "level": 13,
            "description": "Unsigned Binary Loaded From Suspicious Location",
            "groups": [
              "sigma"
            ],
            "id": "900228"
          },
          "decoder": {
            "name": "windows_eventchannel"
          },
          "input": {
            "type": "log"
          },
          "@timestamp": "2024-07-12T10:01:38.734Z",
          "location": "EventChannel",
          "id": "1720778498.104178461",
          "timestamp": "2024-07-12T12:01:38.734+0200"
        }
      },
      {
        "_index": "wazuh-alerts-4.x-2024.07.12",
        "_id": "9LNkppABLu9BFc0MJz9-",
        "_score": 2.0,
        "_source": {
          "agent": {
            "ip": "134.23.4.46",
            "name": "rootca",
            "id": "027"
          },
          "manager": {
            "name": "wazuh"
          },
          "data": {
            "win": {
              "eventdata": {
                "image": "c:\\\\temp\\\\l_test.exe",
                "processGuid": "{A1EEDE99-FF01-6690-7006-000000000F00}",
                "processId": "2676",
                "utcTime": "2024-07-12 10:01:37.639",
                "targetFilename": "C:\\\\Windows\\\\Temp\\\\_MEI26762\\\\api-ms-win-crt-environment-l1-1-0.dll",
                "ruleName": "DLL",
                "creationUtcTime": "2024-07-12 10:01:37.639",
                "user": "NT AUTHORITY\\\\SYSTEM"
              },
              "system": {
                "eventID": "11",
                "keywords": "0x8000000000000000",
                "providerGuid": "{5770385F-C22A-43E0-BF4C-06F5698FFBD9}",
                "level": "4",
                "channel": "Microsoft-Windows-Sysmon/Operational",
                "opcode": "0",
                "message": "\"File created:\r\nRuleName: DLL\r\nUtcTime: 2024-07-12 10:01:37.639\r\nProcessGuid: {A1EEDE99-FF01-6690-7006-000000000F00}\r\nProcessId: 2676\r\nImage: c:\\temp\\l_test.exe\r\nTargetFilename: C:\\Windows\\Temp\\_MEI26762\\api-ms-win-crt-environment-l1-1-0.dll\r\nCreationUtcTime: 2024-07-12 10:01:37.639\r\nUser: NT AUTHORITY\\SYSTEM\"",
                "version": "2",
                "systemTime": "2024-07-12T10:01:37.654197100Z",
                "eventRecordID": "2753",
                "threadID": "2360",
                "computer": "rootca.tyrdemo.se",
                "task": "11",
                "processID": "1688",
                "severityValue": "INFORMATION",
                "providerName": "Microsoft-Windows-Sysmon"
              }
            }
          },
          "rule": {
            "firedtimes": 220,
            "mail": true,
            "level": 13,
            "description": "Unsigned Binary Loaded From Suspicious Location",
            "groups": [
              "sigma"
            ],
            "id": "900228"
          },
          "decoder": {
            "name": "windows_eventchannel"
          },
          "input": {
            "type": "log"
          },
          "@timestamp": "2024-07-12T10:01:38.750Z",
          "location": "EventChannel",
          "id": "1720778498.104181017",
          "timestamp": "2024-07-12T12:01:38.750+0200"
        }
      },
      {
        "_index": "wazuh-alerts-4.x-2024.07.12",
        "_id": "-rNkppABLu9BFc0MJz9-",
        "_score": 2.0,
        "_source": {
          "agent": {
            "ip": "134.23.4.46",
            "name": "rootca",
            "id": "027"
          },
          "manager": {
            "name": "wazuh"
          },
          "data": {
            "win": {
              "eventdata": {
                "image": "c:\\\\temp\\\\l_test.exe",
                "processGuid": "{A1EEDE99-FF01-6690-7006-000000000F00}",
                "processId": "2676",
                "utcTime": "2024-07-12 10:01:37.655",
                "targetFilename": "C:\\\\Windows\\\\Temp\\\\_MEI26762\\\\api-ms-win-crt-heap-l1-1-0.dll",
                "ruleName": "DLL",
                "creationUtcTime": "2024-07-12 10:01:37.655",
                "user": "NT AUTHORITY\\\\SYSTEM"
              },
              "system": {
                "eventID": "11",
                "keywords": "0x8000000000000000",
                "providerGuid": "{5770385F-C22A-43E0-BF4C-06F5698FFBD9}",
                "level": "4",
                "channel": "Microsoft-Windows-Sysmon/Operational",
                "opcode": "0",
                "message": "\"File created:\r\nRuleName: DLL\r\nUtcTime: 2024-07-12 10:01:37.655\r\nProcessGuid: {A1EEDE99-FF01-6690-7006-000000000F00}\r\nProcessId: 2676\r\nImage: c:\\temp\\l_test.exe\r\nTargetFilename: C:\\Windows\\Temp\\_MEI26762\\api-ms-win-crt-heap-l1-1-0.dll\r\nCreationUtcTime: 2024-07-12 10:01:37.655\r\nUser: NT AUTHORITY\\SYSTEM\"",
                "version": "2",
                "systemTime": "2024-07-12T10:01:37.662758300Z",
                "eventRecordID": "2755",
                "threadID": "2360",
                "computer": "rootca.tyrdemo.se",
                "task": "11",
                "processID": "1688",
                "severityValue": "INFORMATION",
                "providerName": "Microsoft-Windows-Sysmon"
              }
            }
          },
          "rule": {
            "firedtimes": 221,
            "mail": true,
            "level": 13,
            "description": "Unsigned Binary Loaded From Suspicious Location",
            "groups": [
              "sigma"
            ],
            "id": "900228"
          },
          "decoder": {
            "name": "windows_eventchannel"
          },
          "input": {
            "type": "log"
          },
          "@timestamp": "2024-07-12T10:01:38.797Z",
          "location": "EventChannel",
          "id": "1720778498.104187198",
          "timestamp": "2024-07-12T12:01:38.797+0200"
        }
      },
