      {
        "_index": "wazuh-alerts-4.x-2024.07.12",
        "_id": "xLNhppABLu9BFc0M1TtP",
        "_score": 2.0,
        "_source": {
          "agent": {
            "ip": "134.23.3.15",
            "name": "hq05",
            "id": "019"
          },
          "manager": {
            "name": "wazuh"
          },
          "data": {
            "win": {
              "eventdata": {
                "originalFileName": "reg.exe",
                "image": "C:\\\\Windows\\\\System32\\\\reg.exe",
                "product": "Microsoft\u00ae Windows\u00ae Operating System",
                "parentProcessGuid": "{0d6bea7f-fe68-6690-d007-000000001800}",
                "description": "Registry Console Tool",
                "logonGuid": "{0d6bea7f-835d-668f-e703-000000000000}",
                "parentCommandLine": "cmd.exe /c \\\"reg.exe save hklm\\\\sam C:\\\\Windows\\\\TEMP\\\\ohafspwhkqrr\\\"",
                "processGuid": "{0d6bea7f-fe68-6690-d107-000000001800}",
                "logonId": "0x3e7",
                "parentProcessId": "2764",
                "processId": "2144",
                "currentDirectory": "C:\\\\Windows\\\\system32\\\\",
                "utcTime": "2024-07-12 09:59:04.653",
                "hashes": "MD5=227F63E1D9008B36BDBCC4B397780BE4,SHA256=C0E25B1F9B22DE445298C1E96DDFCEAD265CA030FA6626F61A4A4786CC4A3B7D,IMPHASH=BE482BE427FE212CFEF2CDA0E61F19AC",
                "parentImage": "C:\\\\Windows\\\\System32\\\\cmd.exe",
                "company": "Microsoft Corporation",
                "commandLine": "reg.exe  save hklm\\\\sam C:\\\\Windows\\\\TEMP\\\\ohafspwhkqrr",
                "integrityLevel": "System",
                "fileVersion": "10.0.19041.1 (WinBuild.160101.0800)",
                "user": "NT AUTHORITY\\\\SYSTEM",
                "terminalSessionId": "0",
                "parentUser": "NT AUTHORITY\\\\SYSTEM"
              },
              "system": {
                "eventID": "1",
                "keywords": "0x8000000000000000",
                "providerGuid": "{5770385f-c22a-43e0-bf4c-06f5698ffbd9}",
                "level": "4",
                "channel": "Microsoft-Windows-Sysmon/Operational",
                "opcode": "0",
                "message": "\"Process Create:\r\nRuleName: -\r\nUtcTime: 2024-07-12 09:59:04.653\r\nProcessGuid: {0d6bea7f-fe68-6690-d107-000000001800}\r\nProcessId: 2144\r\nImage: C:\\Windows\\System32\\reg.exe\r\nFileVersion: 10.0.19041.1 (WinBuild.160101.0800)\r\nDescription: Registry Console Tool\r\nProduct: Microsoft\u00ae Windows\u00ae Operating System\r\nCompany: Microsoft Corporation\r\nOriginalFileName: reg.exe\r\nCommandLine: reg.exe  save hklm\\sam C:\\Windows\\TEMP\\ohafspwhkqrr\r\nCurrentDirectory: C:\\Windows\\system32\\\r\nUser: NT AUTHORITY\\SYSTEM\r\nLogonGuid: {0d6bea7f-835d-668f-e703-000000000000}\r\nLogonId: 0x3E7\r\nTerminalSessionId: 0\r\nIntegrityLevel: System\r\nHashes: MD5=227F63E1D9008B36BDBCC4B397780BE4,SHA256=C0E25B1F9B22DE445298C1E96DDFCEAD265CA030FA6626F61A4A4786CC4A3B7D,IMPHASH=BE482BE427FE212CFEF2CDA0E61F19AC\r\nParentProcessGuid: {0d6bea7f-fe68-6690-d007-000000001800}\r\nParentProcessId: 2764\r\nParentImage: C:\\Windows\\System32\\cmd.exe\r\nParentCommandLine: cmd.exe /c \"reg.exe save hklm\\sam C:\\Windows\\TEMP\\ohafspwhkqrr\"\r\nParentUser: NT AUTHORITY\\SYSTEM\"",
                "version": "5",
                "systemTime": "2024-07-12T09:59:04.6552621Z",
                "eventRecordID": "3553",
                "threadID": "3536",
                "computer": "hq05.office.tyrdemo.se",
                "task": "1",
                "processID": "3088",
                "severityValue": "INFORMATION",
                "providerName": "Microsoft-Windows-Sysmon"
              }
            }
          },
          "rule": {
            "firedtimes": 4,
            "mail": true,
            "level": 14,
            "description": "Reg.exe used to dump SAM hive",
            "groups": [
              "sysmon",
              "sysmon_eid1_detections",
              "windows"
            ],
            "mitre": {
              "technique": [
                "Security Account Manager"
              ],
              "id": [
                "T1003.002"
              ],
              "tactic": [
                "Credential Access"
              ]
            },
            "id": "92026"
          },
          "decoder": {
            "name": "windows_eventchannel"
          },
          "input": {
            "type": "log"
          },
          "@timestamp": "2024-07-12T09:59:05.951Z",
          "location": "EventChannel",
          "id": "1720778345.102540681",
          "timestamp": "2024-07-12T11:59:05.951+0200"
        }
      },
      {
        "_index": "wazuh-alerts-4.x-2024.07.12",
        "_id": "nLNhppABLu9BFc0M0Ttk",
        "_score": 2.0,
        "_source": {
          "agent": {
            "ip": "134.23.3.15",
            "name": "hq05",
            "id": "019"
          },
          "manager": {
            "name": "wazuh"
          },
          "data": {
            "win": {
              "eventdata": {
                "image": "c:\\\\temp\\\\l_test.exe",
                "processGuid": "{0d6bea7f-fe68-6690-cd07-000000001800}",
                "processId": "3472",
                "utcTime": "2024-07-12 09:59:04.290",
                "targetFilename": "C:\\\\Windows\\\\Temp\\\\_MEI34722\\\\api-ms-win-core-file-l1-2-0.dll",
                "ruleName": "DLL",
                "creationUtcTime": "2024-07-12 09:59:04.290",
                "user": "NT AUTHORITY\\\\SYSTEM"
              },
              "system": {
                "eventID": "11",
                "keywords": "0x8000000000000000",
                "providerGuid": "{5770385f-c22a-43e0-bf4c-06f5698ffbd9}",
                "level": "4",
                "channel": "Microsoft-Windows-Sysmon/Operational",
                "opcode": "0",
                "message": "\"File created:\r\nRuleName: DLL\r\nUtcTime: 2024-07-12 09:59:04.290\r\nProcessGuid: {0d6bea7f-fe68-6690-cd07-000000001800}\r\nProcessId: 3472\r\nImage: c:\\temp\\l_test.exe\r\nTargetFilename: C:\\Windows\\Temp\\_MEI34722\\api-ms-win-core-file-l1-2-0.dll\r\nCreationUtcTime: 2024-07-12 09:59:04.290\r\nUser: NT AUTHORITY\\SYSTEM\"",
                "version": "2",
                "systemTime": "2024-07-12T09:59:04.2978487Z",
                "eventRecordID": "3511",
                "threadID": "3536",
                "computer": "hq05.office.tyrdemo.se",
                "task": "11",
                "processID": "3088",
                "severityValue": "INFORMATION",
                "providerName": "Microsoft-Windows-Sysmon"
              }
            }
          },
          "rule": {
            "firedtimes": 236,
            "mail": true,
            "level": 13,
            "description": "Unsigned Binary Loaded From Suspicious Location",
            "groups": [
              "sigma"
            ],
            "id": "900228"
          },
          "decoder": {
            "name": "windows_eventchannel"
          },
          "input": {
            "type": "log"
          },
          "@timestamp": "2024-07-12T09:59:05.186Z",
          "location": "EventChannel",
          "id": "1720778345.102438689",
          "timestamp": "2024-07-12T11:59:05.186+0200"
        }
      },
      {
        "_index": "wazuh-alerts-4.x-2024.07.12",
        "_id": "nbNhppABLu9BFc0M0Ttk",
        "_score": 2.0,
        "_source": {
          "agent": {
            "ip": "134.23.3.15",
            "name": "hq05",
            "id": "019"
          },
          "manager": {
            "name": "wazuh"
          },
          "data": {
            "win": {
              "eventdata": {
                "image": "c:\\\\temp\\\\l_test.exe",
                "processGuid": "{0d6bea7f-fe68-6690-cd07-000000001800}",
                "processId": "3472",
                "utcTime": "2024-07-12 09:59:04.290",
                "targetFilename": "C:\\\\Windows\\\\Temp\\\\_MEI34722\\\\api-ms-win-core-file-l2-1-0.dll",
                "ruleName": "DLL",
                "creationUtcTime": "2024-07-12 09:59:04.290",
                "user": "NT AUTHORITY\\\\SYSTEM"
              },
              "system": {
                "eventID": "11",
                "keywords": "0x8000000000000000",
                "providerGuid": "{5770385f-c22a-43e0-bf4c-06f5698ffbd9}",
                "level": "4",
                "channel": "Microsoft-Windows-Sysmon/Operational",
                "opcode": "0",
                "message": "\"File created:\r\nRuleName: DLL\r\nUtcTime: 2024-07-12 09:59:04.290\r\nProcessGuid: {0d6bea7f-fe68-6690-cd07-000000001800}\r\nProcessId: 3472\r\nImage: c:\\temp\\l_test.exe\r\nTargetFilename: C:\\Windows\\Temp\\_MEI34722\\api-ms-win-core-file-l2-1-0.dll\r\nCreationUtcTime: 2024-07-12 09:59:04.290\r\nUser: NT AUTHORITY\\SYSTEM\"",
                "version": "2",
                "systemTime": "2024-07-12T09:59:04.2981796Z",
                "eventRecordID": "3512",
                "threadID": "3536",
                "computer": "hq05.office.tyrdemo.se",
                "task": "11",
                "processID": "3088",
                "severityValue": "INFORMATION",
                "providerName": "Microsoft-Windows-Sysmon"
              }
            }
          },
          "rule": {
            "firedtimes": 237,
            "mail": true,
            "level": 13,
            "description": "Unsigned Binary Loaded From Suspicious Location",
            "groups": [
              "sigma"
            ],
            "id": "900228"
          },
          "decoder": {
            "name": "windows_eventchannel"
          },
          "input": {
            "type": "log"
          },
          "@timestamp": "2024-07-12T09:59:05.201Z",
          "location": "EventChannel",
          "id": "1720778345.102441241",
          "timestamp": "2024-07-12T11:59:05.201+0200"
        }
      },
      {
        "_index": "wazuh-alerts-4.x-2024.07.12",
        "_id": "n7NhppABLu9BFc0M0Ttk",
        "_score": 2.0,
        "_source": {
          "agent": {
            "ip": "134.23.3.15",
            "name": "hq05",
            "id": "019"
          },
          "manager": {
            "name": "wazuh"
          },
          "data": {
            "win": {
              "eventdata": {
                "image": "c:\\\\temp\\\\l_test.exe",
                "processGuid": "{0d6bea7f-fe68-6690-cd07-000000001800}",
                "processId": "3472",
                "utcTime": "2024-07-12 09:59:04.290",
                "targetFilename": "C:\\\\Windows\\\\Temp\\\\_MEI34722\\\\api-ms-win-core-heap-l1-1-0.dll",
                "ruleName": "DLL",
                "creationUtcTime": "2024-07-12 09:59:04.290",
                "user": "NT AUTHORITY\\\\SYSTEM"
              },
              "system": {
                "eventID": "11",
                "keywords": "0x8000000000000000",
                "providerGuid": "{5770385f-c22a-43e0-bf4c-06f5698ffbd9}",
                "level": "4",
                "channel": "Microsoft-Windows-Sysmon/Operational",
                "opcode": "0",
                "message": "\"File created:\r\nRuleName: DLL\r\nUtcTime: 2024-07-12 09:59:04.290\r\nProcessGuid: {0d6bea7f-fe68-6690-cd07-000000001800}\r\nProcessId: 3472\r\nImage: c:\\temp\\l_test.exe\r\nTargetFilename: C:\\Windows\\Temp\\_MEI34722\\api-ms-win-core-heap-l1-1-0.dll\r\nCreationUtcTime: 2024-07-12 09:59:04.290\r\nUser: NT AUTHORITY\\SYSTEM\"",
                "version": "2",
                "systemTime": "2024-07-12T09:59:04.2991281Z",
                "eventRecordID": "3514",
                "threadID": "3536",
                "computer": "hq05.office.tyrdemo.se",
                "task": "11",
                "processID": "3088",
                "severityValue": "INFORMATION",
                "providerName": "Microsoft-Windows-Sysmon"
              }
            }
          },
          "rule": {
            "firedtimes": 239,
            "mail": true,
            "level": 13,
            "description": "Unsigned Binary Loaded From Suspicious Location",
            "groups": [
              "sigma"
            ],
            "id": "900228"
          },
          "decoder": {
            "name": "windows_eventchannel"
          },
          "input": {
            "type": "log"
          },
          "@timestamp": "2024-07-12T09:59:05.248Z",
          "location": "EventChannel",
          "id": "1720778345.102446353",
          "timestamp": "2024-07-12T11:59:05.248+0200"
        }
      },
      {
        "_index": "wazuh-alerts-4.x-2024.07.12",
        "_id": "obNhppABLu9BFc0M0Ttk",
        "_score": 2.0,
        "_source": {
          "agent": {
            "ip": "134.23.3.15",
            "name": "hq05",
            "id": "019"
          },
          "manager": {
            "name": "wazuh"
          },
          "data": {
            "win": {
              "eventdata": {
                "image": "c:\\\\temp\\\\l_test.exe",
                "processGuid": "{0d6bea7f-fe68-6690-cd07-000000001800}",
                "processId": "3472",
                "utcTime": "2024-07-12 09:59:04.290",
                "targetFilename": "C:\\\\Windows\\\\Temp\\\\_MEI34722\\\\api-ms-win-core-libraryloader-l1-1-0.dll",
                "ruleName": "DLL",
                "creationUtcTime": "2024-07-12 09:59:04.290",
                "user": "NT AUTHORITY\\\\SYSTEM"
              },
              "system": {
                "eventID": "11",
                "keywords": "0x8000000000000000",
                "providerGuid": "{5770385f-c22a-43e0-bf4c-06f5698ffbd9}",
                "level": "4",
                "channel": "Microsoft-Windows-Sysmon/Operational",
                "opcode": "0",
                "message": "\"File created:\r\nRuleName: DLL\r\nUtcTime: 2024-07-12 09:59:04.290\r\nProcessGuid: {0d6bea7f-fe68-6690-cd07-000000001800}\r\nProcessId: 3472\r\nImage: c:\\temp\\l_test.exe\r\nTargetFilename: C:\\Windows\\Temp\\_MEI34722\\api-ms-win-core-libraryloader-l1-1-0.dll\r\nCreationUtcTime: 2024-07-12 09:59:04.290\r\nUser: NT AUTHORITY\\SYSTEM\"",
                "version": "2",
                "systemTime": "2024-07-12T09:59:04.2998834Z",
                "eventRecordID": "3516",
                "threadID": "3536",
                "computer": "hq05.office.tyrdemo.se",
                "task": "11",
                "processID": "3088",
                "severityValue": "INFORMATION",
                "providerName": "Microsoft-Windows-Sysmon"
              }
            }
          },
          "rule": {
            "firedtimes": 241,
            "mail": true,
            "level": 13,
            "description": "Unsigned Binary Loaded From Suspicious Location",
            "groups": [
              "sigma"
            ],
            "id": "900228"
          },
          "decoder": {
            "name": "windows_eventchannel"
          },
          "input": {
            "type": "log"
          },
          "@timestamp": "2024-07-12T09:59:05.294Z",
          "location": "EventChannel",
          "id": "1720778345.102451485",
          "timestamp": "2024-07-12T11:59:05.294+0200"
        }
      },
      {
        "_index": "wazuh-alerts-4.x-2024.07.12",
        "_id": "orNhppABLu9BFc0M0Ttk",
        "_score": 2.0,
        "_source": {
          "agent": {
            "ip": "134.23.3.15",
            "name": "hq05",
            "id": "019"
          },
          "manager": {
            "name": "wazuh"
          },
          "data": {
            "win": {
              "eventdata": {
                "image": "c:\\\\temp\\\\l_test.exe",
                "processGuid": "{0d6bea7f-fe68-6690-cd07-000000001800}",
                "processId": "3472",
                "utcTime": "2024-07-12 09:59:04.290",
                "targetFilename": "C:\\\\Windows\\\\Temp\\\\_MEI34722\\\\api-ms-win-core-localization-l1-2-0.dll",
                "ruleName": "DLL",
                "creationUtcTime": "2024-07-12 09:59:04.290",
                "user": "NT AUTHORITY\\\\SYSTEM"
              },
              "system": {
                "eventID": "11",
                "keywords": "0x8000000000000000",
                "providerGuid": "{5770385f-c22a-43e0-bf4c-06f5698ffbd9}",
                "level": "4",
                "channel": "Microsoft-Windows-Sysmon/Operational",
                "opcode": "0",
                "message": "\"File created:\r\nRuleName: DLL\r\nUtcTime: 2024-07-12 09:59:04.290\r\nProcessGuid: {0d6bea7f-fe68-6690-cd07-000000001800}\r\nProcessId: 3472\r\nImage: c:\\temp\\l_test.exe\r\nTargetFilename: C:\\Windows\\Temp\\_MEI34722\\api-ms-win-core-localization-l1-2-0.dll\r\nCreationUtcTime: 2024-07-12 09:59:04.290\r\nUser: NT AUTHORITY\\SYSTEM\"",
                "version": "2",
                "systemTime": "2024-07-12T09:59:04.3002042Z",
                "eventRecordID": "3517",
                "threadID": "3536",
                "computer": "hq05.office.tyrdemo.se",
                "task": "11",
                "processID": "3088",
                "severityValue": "INFORMATION",
                "providerName": "Microsoft-Windows-Sysmon"
              }
            }
          },
          "rule": {
            "firedtimes": 242,
            "mail": true,
            "level": 13,
            "description": "Unsigned Binary Loaded From Suspicious Location",
            "groups": [
              "sigma"
            ],
            "id": "900228"
          },
          "decoder": {
            "name": "windows_eventchannel"
          },
          "input": {
            "type": "log"
          },
          "@timestamp": "2024-07-12T09:59:05.310Z",
          "location": "EventChannel",
          "id": "1720778345.102454073",
          "timestamp": "2024-07-12T11:59:05.310+0200"
        }
      },
      {
        "_index": "wazuh-alerts-4.x-2024.07.12",
        "_id": "prNhppABLu9BFc0M0Ttk",
        "_score": 2.0,
        "_source": {
          "agent": {
            "ip": "134.23.3.15",
            "name": "hq05",
            "id": "019"
          },
          "manager": {
            "name": "wazuh"
          },
          "data": {
            "win": {
              "eventdata": {
                "image": "c:\\\\temp\\\\l_test.exe",
                "processGuid": "{0d6bea7f-fe68-6690-cd07-000000001800}",
                "processId": "3472",
                "utcTime": "2024-07-12 09:59:04.290",
                "targetFilename": "C:\\\\Windows\\\\Temp\\\\_MEI34722\\\\api-ms-win-core-processthreads-l1-1-0.dll",
                "ruleName": "DLL",
                "creationUtcTime": "2024-07-12 09:59:04.290",
                "user": "NT AUTHORITY\\\\SYSTEM"
              },
              "system": {
                "eventID": "11",
                "keywords": "0x8000000000000000",
                "providerGuid": "{5770385f-c22a-43e0-bf4c-06f5698ffbd9}",
                "level": "4",
                "channel": "Microsoft-Windows-Sysmon/Operational",
                "opcode": "0",
                "message": "\"File created:\r\nRuleName: DLL\r\nUtcTime: 2024-07-12 09:59:04.290\r\nProcessGuid: {0d6bea7f-fe68-6690-cd07-000000001800}\r\nProcessId: 3472\r\nImage: c:\\temp\\l_test.exe\r\nTargetFilename: C:\\Windows\\Temp\\_MEI34722\\api-ms-win-core-processthreads-l1-1-0.dll\r\nCreationUtcTime: 2024-07-12 09:59:04.290\r\nUser: NT AUTHORITY\\SYSTEM\"",
                "version": "2",
                "systemTime": "2024-07-12T09:59:04.3017803Z",
                "eventRecordID": "3521",
                "threadID": "3536",
                "computer": "hq05.office.tyrdemo.se",
                "task": "11",
                "processID": "3088",
                "severityValue": "INFORMATION",
                "providerName": "Microsoft-Windows-Sysmon"
              }
            }
          },
          "rule": {
            "firedtimes": 246,
            "mail": true,
            "level": 13,
            "description": "Unsigned Binary Loaded From Suspicious Location",
            "groups": [
              "sigma"
            ],
            "id": "900228"
          },
          "decoder": {
            "name": "windows_eventchannel"
          },
          "input": {
            "type": "log"
          },
          "@timestamp": "2024-07-12T09:59:05.388Z",
          "location": "EventChannel",
          "id": "1720778345.102464397",
          "timestamp": "2024-07-12T11:59:05.388+0200"
        }
      },
      {
        "_index": "wazuh-alerts-4.x-2024.07.12",
        "_id": "rrNhppABLu9BFc0M0Ttk",
        "_score": 2.0,
        "_source": {
          "agent": {
            "ip": "134.23.3.15",
            "name": "hq05",
            "id": "019"
          },
          "manager": {
            "name": "wazuh"
          },
          "data": {
            "win": {
              "eventdata": {
                "image": "c:\\\\temp\\\\l_test.exe",
                "processGuid": "{0d6bea7f-fe68-6690-cd07-000000001800}",
                "processId": "3472",
                "utcTime": "2024-07-12 09:59:04.290",
                "targetFilename": "C:\\\\Windows\\\\Temp\\\\_MEI34722\\\\api-ms-win-core-timezone-l1-1-0.dll",
                "ruleName": "DLL",
                "creationUtcTime": "2024-07-12 09:59:04.290",
                "user": "NT AUTHORITY\\\\SYSTEM"
              },
              "system": {
                "eventID": "11",
                "keywords": "0x8000000000000000",
                "providerGuid": "{5770385f-c22a-43e0-bf4c-06f5698ffbd9}",
                "level": "4",
                "channel": "Microsoft-Windows-Sysmon/Operational",
                "opcode": "0",
                "message": "\"File created:\r\nRuleName: DLL\r\nUtcTime: 2024-07-12 09:59:04.290\r\nProcessGuid: {0d6bea7f-fe68-6690-cd07-000000001800}\r\nProcessId: 3472\r\nImage: c:\\temp\\l_test.exe\r\nTargetFilename: C:\\Windows\\Temp\\_MEI34722\\api-ms-win-core-timezone-l1-1-0.dll\r\nCreationUtcTime: 2024-07-12 09:59:04.290\r\nUser: NT AUTHORITY\\SYSTEM\"",
                "version": "2",
                "systemTime": "2024-07-12T09:59:04.3044826Z",
                "eventRecordID": "3529",
                "threadID": "3536",
                "computer": "hq05.office.tyrdemo.se",
                "task": "11",
                "processID": "3088",
                "severityValue": "INFORMATION",
                "providerName": "Microsoft-Windows-Sysmon"
              }
            }
          },
          "rule": {
            "firedtimes": 254,
            "mail": true,
            "level": 13,
            "description": "Unsigned Binary Loaded From Suspicious Location",
            "groups": [
              "sigma"
            ],
            "id": "900228"
          },
          "decoder": {
            "name": "windows_eventchannel"
          },
          "input": {
            "type": "log"
          },
          "@timestamp": "2024-07-12T09:59:05.514Z",
          "location": "EventChannel",
          "id": "1720778345.102484957",
          "timestamp": "2024-07-12T11:59:05.514+0200"
        }
      },
      {
        "_index": "wazuh-alerts-4.x-2024.07.12",
        "_id": "tbNhppABLu9BFc0M0Ttk",
        "_score": 2.0,
        "_source": {
          "agent": {
            "ip": "134.23.3.15",
            "name": "hq05",
            "id": "019"
          },
          "manager": {
            "name": "wazuh"
          },
          "data": {
            "win": {
              "eventdata": {
                "image": "c:\\\\temp\\\\l_test.exe",
                "processGuid": "{0d6bea7f-fe68-6690-cd07-000000001800}",
                "processId": "3472",
                "utcTime": "2024-07-12 09:59:04.305",
                "targetFilename": "C:\\\\Windows\\\\Temp\\\\_MEI34722\\\\api-ms-win-crt-locale-l1-1-0.dll",
                "ruleName": "DLL",
                "creationUtcTime": "2024-07-12 09:59:04.305",
                "user": "NT AUTHORITY\\\\SYSTEM"
              },
              "system": {
                "eventID": "11",
                "keywords": "0x8000000000000000",
                "providerGuid": "{5770385f-c22a-43e0-bf4c-06f5698ffbd9}",
                "level": "4",
                "channel": "Microsoft-Windows-Sysmon/Operational",
                "opcode": "0",
                "message": "\"File created:\r\nRuleName: DLL\r\nUtcTime: 2024-07-12 09:59:04.305\r\nProcessGuid: {0d6bea7f-fe68-6690-cd07-000000001800}\r\nProcessId: 3472\r\nImage: c:\\temp\\l_test.exe\r\nTargetFilename: C:\\Windows\\Temp\\_MEI34722\\api-ms-win-crt-locale-l1-1-0.dll\r\nCreationUtcTime: 2024-07-12 09:59:04.305\r\nUser: NT AUTHORITY\\SYSTEM\"",
                "version": "2",
                "systemTime": "2024-07-12T09:59:04.3072956Z",
                "eventRecordID": "3536",
                "threadID": "3536",
                "computer": "hq05.office.tyrdemo.se",
                "task": "11",
                "processID": "3088",
                "severityValue": "INFORMATION",
                "providerName": "Microsoft-Windows-Sysmon"
              }
            }
          },
          "rule": {
            "firedtimes": 261,
            "mail": true,
            "level": 13,
            "description": "Unsigned Binary Loaded From Suspicious Location",
            "groups": [
              "sigma"
            ],
            "id": "900228"
          },
          "decoder": {
            "name": "windows_eventchannel"
          },
          "input": {
            "type": "log"
          },
          "@timestamp": "2024-07-12T09:59:05.623Z",
          "location": "EventChannel",
          "id": "1720778345.102502885",
          "timestamp": "2024-07-12T11:59:05.623+0200"
        }
      },
      {
        "_index": "wazuh-alerts-4.x-2024.07.12",
        "_id": "vLNhppABLu9BFc0M0Ttk",
        "_score": 2.0,
        "_source": {
          "agent": {
            "ip": "134.23.3.15",
            "name": "hq05",
            "id": "019"
          },
          "manager": {
            "name": "wazuh"
          },
          "data": {
            "win": {
              "eventdata": {
                "image": "c:\\\\temp\\\\l_test.exe",
                "processGuid": "{0d6bea7f-fe68-6690-cd07-000000001800}",
                "processId": "3472",
                "utcTime": "2024-07-12 09:59:04.305",
                "targetFilename": "C:\\\\Windows\\\\Temp\\\\_MEI34722\\\\api-ms-win-crt-utility-l1-1-0.dll",
                "ruleName": "DLL",
                "creationUtcTime": "2024-07-12 09:59:04.305",
                "user": "NT AUTHORITY\\\\SYSTEM"
              },
              "system": {
                "eventID": "11",
                "keywords": "0x8000000000000000",
                "providerGuid": "{5770385f-c22a-43e0-bf4c-06f5698ffbd9}",
                "level": "4",
                "channel": "Microsoft-Windows-Sysmon/Operational",
                "opcode": "0",
                "message": "\"File created:\r\nRuleName: DLL\r\nUtcTime: 2024-07-12 09:59:04.305\r\nProcessGuid: {0d6bea7f-fe68-6690-cd07-000000001800}\r\nProcessId: 3472\r\nImage: c:\\temp\\l_test.exe\r\nTargetFilename: C:\\Windows\\Temp\\_MEI34722\\api-ms-win-crt-utility-l1-1-0.dll\r\nCreationUtcTime: 2024-07-12 09:59:04.305\r\nUser: NT AUTHORITY\\SYSTEM\"",
                "version": "2",
                "systemTime": "2024-07-12T09:59:04.3100602Z",
                "eventRecordID": "3543",
                "threadID": "3536",
                "computer": "hq05.office.tyrdemo.se",
                "task": "11",
                "processID": "3088",
                "severityValue": "INFORMATION",
                "providerName": "Microsoft-Windows-Sysmon"
              }
            }
          },
          "rule": {
            "firedtimes": 268,
            "mail": true,
            "level": 13,
            "description": "Unsigned Binary Loaded From Suspicious Location",
            "groups": [
              "sigma"
            ],
            "id": "900228"
          },
          "decoder": {
            "name": "windows_eventchannel"
          },
          "input": {
            "type": "log"
          },
          "@timestamp": "2024-07-12T09:59:05.764Z",
          "location": "EventChannel",
          "id": "1720778345.102520765",
          "timestamp": "2024-07-12T11:59:05.764+0200"
        }
      }
    ],
    "875": [
      {
        "_index": "wazuh-alerts-4.x-2024.07.12",
        "_id": "E7NippABLu9BFc0MbTzN",
        "_score": 2.0,
        "_source": {
          "agent": {
            "ip": "134.23.3.16",
            "name": "hq06",
            "id": "020"
          },
          "manager": {
            "name": "wazuh"
          },
          "data": {
            "win": {
              "eventdata": {
                "image": "c:\\\\test\\\\l_test.exe",
                "processGuid": "{e162455c-fe90-6690-3008-000000001800}",
                "processId": "3464",
                "utcTime": "2024-07-12 09:59:44.243",
                "targetFilename": "C:\\\\Windows\\\\Temp\\\\_MEI34642\\\\VCRUNTIME140.dll",
                "ruleName": "DLL",
                "creationUtcTime": "2024-07-12 09:59:44.243",
                "user": "NT AUTHORITY\\\\SYSTEM"
              },
              "system": {
                "eventID": "11",
                "keywords": "0x8000000000000000",
                "providerGuid": "{5770385f-c22a-43e0-bf4c-06f5698ffbd9}",
                "level": "4",
                "channel": "Microsoft-Windows-Sysmon/Operational",
                "opcode": "0",
                "message": "\"File created:\r\nRuleName: DLL\r\nUtcTime: 2024-07-12 09:59:44.243\r\nProcessGuid: {e162455c-fe90-6690-3008-000000001800}\r\nProcessId: 3464\r\nImage: c:\\test\\l_test.exe\r\nTargetFilename: C:\\Windows\\Temp\\_MEI34642\\VCRUNTIME140.dll\r\nCreationUtcTime: 2024-07-12 09:59:44.243\r\nUser: NT AUTHORITY\\SYSTEM\"",
                "version": "2",
                "systemTime": "2024-07-12T09:59:44.2458270Z",
                "eventRecordID": "3574",
                "threadID": "3696",
                "computer": "hq06.office.tyrdemo.se",
                "task": "11",
                "processID": "2184",
                "severityValue": "INFORMATION",
                "providerName": "Microsoft-Windows-Sysmon"
              }
            }
          },
          "rule": {
            "firedtimes": 276,
            "mail": true,
            "level": 13,
            "description": "Unsigned Binary Loaded From Suspicious Location",
            "groups": [
              "sigma"
            ],
            "id": "900228"
          },
          "decoder": {
            "name": "windows_eventchannel"
          },
          "input": {
            "type": "log"
          },
          "@timestamp": "2024-07-12T09:59:45.166Z",
          "location": "EventChannel",
          "id": "1720778385.102680619",
          "timestamp": "2024-07-12T11:59:45.166+0200"
        }
      },
      {
        "_index": "wazuh-alerts-4.x-2024.07.12",
        "_id": "FrNippABLu9BFc0MbTzN",
        "_score": 2.0,
        "_source": {
          "agent": {
            "ip": "134.23.3.16",
            "name": "hq06",
            "id": "020"
          },
          "manager": {
            "name": "wazuh"
          },
          "data": {
            "win": {
              "eventdata": {
                "image": "c:\\\\test\\\\l_test.exe",
                "processGuid": "{e162455c-fe90-6690-3008-000000001800}",
                "processId": "3464",
                "utcTime": "2024-07-12 09:59:44.243",
                "targetFilename": "C:\\\\Windows\\\\Temp\\\\_MEI34642\\\\api-ms-win-core-debug-l1-1-0.dll",
                "ruleName": "DLL",
                "creationUtcTime": "2024-07-12 09:59:44.243",
                "user": "NT AUTHORITY\\\\SYSTEM"
              },
              "system": {
                "eventID": "11",
                "keywords": "0x8000000000000000",
                "providerGuid": "{5770385f-c22a-43e0-bf4c-06f5698ffbd9}",
                "level": "4",
                "channel": "Microsoft-Windows-Sysmon/Operational",
                "opcode": "0",
                "message": "\"File created:\r\nRuleName: DLL\r\nUtcTime: 2024-07-12 09:59:44.243\r\nProcessGuid: {e162455c-fe90-6690-3008-000000001800}\r\nProcessId: 3464\r\nImage: c:\\test\\l_test.exe\r\nTargetFilename: C:\\Windows\\Temp\\_MEI34642\\api-ms-win-core-debug-l1-1-0.dll\r\nCreationUtcTime: 2024-07-12 09:59:44.243\r\nUser: NT AUTHORITY\\SYSTEM\"",
                "version": "2",
                "systemTime": "2024-07-12T09:59:44.2560400Z",
                "eventRecordID": "3577",
                "threadID": "3696",
                "computer": "hq06.office.tyrdemo.se",
                "task": "11",
                "processID": "2184",
                "severityValue": "INFORMATION",
                "providerName": "Microsoft-Windows-Sysmon"
              }
            }
          },
          "rule": {
            "firedtimes": 279,
            "mail": true,
            "level": 13,
            "description": "Unsigned Binary Loaded From Suspicious Location",
            "groups": [
              "sigma"
            ],
            "id": "900228"
          },
          "decoder": {
            "name": "windows_eventchannel"
          },
          "input": {
            "type": "log"
          },
          "@timestamp": "2024-07-12T09:59:45.204Z",
          "location": "EventChannel",
          "id": "1720778385.102688243",
          "timestamp": "2024-07-12T11:59:45.204+0200"
        }
      },
      {
        "_index": "wazuh-alerts-4.x-2024.07.12",
        "_id": "GbNippABLu9BFc0MbTzN",
        "_score": 2.0,
        "_source": {
          "agent": {
            "ip": "134.23.3.16",
            "name": "hq06",
            "id": "020"
          },
          "manager": {
            "name": "wazuh"
          },
          "data": {
            "win": {
              "eventdata": {
                "image": "c:\\\\test\\\\l_test.exe",
                "processGuid": "{e162455c-fe90-6690-3008-000000001800}",
                "processId": "3464",
                "utcTime": "2024-07-12 09:59:44.243",
                "targetFilename": "C:\\\\Windows\\\\Temp\\\\_MEI34642\\\\api-ms-win-core-file-l1-2-0.dll",
                "ruleName": "DLL",
                "creationUtcTime": "2024-07-12 09:59:44.243",
                "user": "NT AUTHORITY\\\\SYSTEM"
              },
              "system": {
                "eventID": "11",
                "keywords": "0x8000000000000000",
                "providerGuid": "{5770385f-c22a-43e0-bf4c-06f5698ffbd9}",
                "level": "4",
                "channel": "Microsoft-Windows-Sysmon/Operational",
                "opcode": "0",
                "message": "\"File created:\r\nRuleName: DLL\r\nUtcTime: 2024-07-12 09:59:44.243\r\nProcessGuid: {e162455c-fe90-6690-3008-000000001800}\r\nProcessId: 3464\r\nImage: c:\\test\\l_test.exe\r\nTargetFilename: C:\\Windows\\Temp\\_MEI34642\\api-ms-win-core-file-l1-2-0.dll\r\nCreationUtcTime: 2024-07-12 09:59:44.243\r\nUser: NT AUTHORITY\\SYSTEM\"",
                "version": "2",
                "systemTime": "2024-07-12T09:59:44.2571566Z",
                "eventRecordID": "3580",
                "threadID": "3696",
                "computer": "hq06.office.tyrdemo.se",
                "task": "11",
                "processID": "2184",
                "severityValue": "INFORMATION",
                "providerName": "Microsoft-Windows-Sysmon"
              }
            }
          },
          "rule": {
            "firedtimes": 282,
            "mail": true,
            "level": 13,
            "description": "Unsigned Binary Loaded From Suspicious Location",
            "groups": [
              "sigma"
            ],
            "id": "900228"
          },
          "decoder": {
            "name": "windows_eventchannel"
          },
          "input": {
            "type": "log"
          },
          "@timestamp": "2024-07-12T09:59:45.266Z",
          "location": "EventChannel",
          "id": "1720778385.102695939",
          "timestamp": "2024-07-12T11:59:45.266+0200"
        }
      },
      {
        "_index": "wazuh-alerts-4.x-2024.07.12",
        "_id": "HbNippABLu9BFc0MbTzN",
        "_score": 2.0,
        "_source": {
          "agent": {
            "ip": "134.23.3.16",
            "name": "hq06",
            "id": "020"
          },
          "manager": {
            "name": "wazuh"
          },
          "data": {
            "win": {
              "eventdata": {
                "image": "c:\\\\test\\\\l_test.exe",
                "processGuid": "{e162455c-fe90-6690-3008-000000001800}",
                "processId": "3464",
                "utcTime": "2024-07-12 09:59:44.257",
                "targetFilename": "C:\\\\Windows\\\\Temp\\\\_MEI34642\\\\api-ms-win-core-interlocked-l1-1-0.dll",
                "ruleName": "DLL",
                "creationUtcTime": "2024-07-12 09:59:44.257",
                "user": "NT AUTHORITY\\\\SYSTEM"
              },
              "system": {
                "eventID": "11",
                "keywords": "0x8000000000000000",
                "providerGuid": "{5770385f-c22a-43e0-bf4c-06f5698ffbd9}",
                "level": "4",
                "channel": "Microsoft-Windows-Sysmon/Operational",
                "opcode": "0",
                "message": "\"File created:\r\nRuleName: DLL\r\nUtcTime: 2024-07-12 09:59:44.257\r\nProcessGuid: {e162455c-fe90-6690-3008-000000001800}\r\nProcessId: 3464\r\nImage: c:\\test\\l_test.exe\r\nTargetFilename: C:\\Windows\\Temp\\_MEI34642\\api-ms-win-core-interlocked-l1-1-0.dll\r\nCreationUtcTime: 2024-07-12 09:59:44.257\r\nUser: NT AUTHORITY\\SYSTEM\"",
                "version": "2",
                "systemTime": "2024-07-12T09:59:44.2587744Z",
                "eventRecordID": "3584",
                "threadID": "3696",
                "computer": "hq06.office.tyrdemo.se",
                "task": "11",
                "processID": "2184",
                "severityValue": "INFORMATION",
                "providerName": "Microsoft-Windows-Sysmon"
              }
            }
          },
          "rule": {
            "firedtimes": 286,
            "mail": true,
            "level": 13,
            "description": "Unsigned Binary Loaded From Suspicious Location",
            "groups": [
              "sigma"
            ],
            "id": "900228"
          },
          "decoder": {
            "name": "windows_eventchannel"
          },
          "input": {
            "type": "log"
          },
          "@timestamp": "2024-07-12T09:59:45.329Z",
          "location": "EventChannel",
          "id": "1720778385.102706155",
          "timestamp": "2024-07-12T11:59:45.329+0200"
        }
      },
      {
        "_index": "wazuh-alerts-4.x-2024.07.12",
        "_id": "HrNippABLu9BFc0MbTzN",
        "_score": 2.0,
        "_source": {
          "agent": {
            "ip": "134.23.3.16",
            "name": "hq06",
            "id": "020"
          },
          "manager": {
            "name": "wazuh"
          },
          "data": {
            "win": {
              "eventdata": {
                "image": "c:\\\\test\\\\l_test.exe",
                "processGuid": "{e162455c-fe90-6690-3008-000000001800}",
                "processId": "3464",
                "utcTime": "2024-07-12 09:59:44.257",
                "targetFilename": "C:\\\\Windows\\\\Temp\\\\_MEI34642\\\\api-ms-win-core-libraryloader-l1-1-0.dll",
                "ruleName": "DLL",
                "creationUtcTime": "2024-07-12 09:59:44.257",
                "user": "NT AUTHORITY\\\\SYSTEM"
              },
              "system": {
                "eventID": "11",
                "keywords": "0x8000000000000000",
                "providerGuid": "{5770385f-c22a-43e0-bf4c-06f5698ffbd9}",
                "level": "4",
                "channel": "Microsoft-Windows-Sysmon/Operational",
                "opcode": "0",
                "message": "\"File created:\r\nRuleName: DLL\r\nUtcTime: 2024-07-12 09:59:44.257\r\nProcessGuid: {e162455c-fe90-6690-3008-000000001800}\r\nProcessId: 3464\r\nImage: c:\\test\\l_test.exe\r\nTargetFilename: C:\\Windows\\Temp\\_MEI34642\\api-ms-win-core-libraryloader-l1-1-0.dll\r\nCreationUtcTime: 2024-07-12 09:59:44.257\r\nUser: NT AUTHORITY\\SYSTEM\"",
                "version": "2",
                "systemTime": "2024-07-12T09:59:44.2591130Z",
                "eventRecordID": "3585",
                "threadID": "3696",
                "computer": "hq06.office.tyrdemo.se",
                "task": "11",
                "processID": "2184",
                "severityValue": "INFORMATION",
                "providerName": "Microsoft-Windows-Sysmon"
              }
            }
          },
          "rule": {
            "firedtimes": 287,
            "mail": true,
            "level": 13,
            "description": "Unsigned Binary Loaded From Suspicious Location",
            "groups": [
              "sigma"
            ],
            "id": "900228"
          },
          "decoder": {
            "name": "windows_eventchannel"
          },
          "input": {
            "type": "log"
          },
          "@timestamp": "2024-07-12T09:59:45.344Z",
          "location": "EventChannel",
          "id": "1720778385.102708735",
          "timestamp": "2024-07-12T11:59:45.344+0200"
        }
      },
      {
        "_index": "wazuh-alerts-4.x-2024.07.12",
        "_id": "H7NippABLu9BFc0MbTzN",
        "_score": 2.0,
        "_source": {
          "agent": {
            "ip": "134.23.3.16",
            "name": "hq06",
            "id": "020"
          },
          "manager": {
            "name": "wazuh"
          },
          "data": {
            "win": {
              "eventdata": {
                "image": "c:\\\\test\\\\l_test.exe",
                "processGuid": "{e162455c-fe90-6690-3008-000000001800}",
                "processId": "3464",
                "utcTime": "2024-07-12 09:59:44.257",
                "targetFilename": "C:\\\\Windows\\\\Temp\\\\_MEI34642\\\\api-ms-win-core-localization-l1-2-0.dll",
                "ruleName": "DLL",
                "creationUtcTime": "2024-07-12 09:59:44.257",
                "user": "NT AUTHORITY\\\\SYSTEM"
              },
              "system": {
                "eventID": "11",
                "keywords": "0x8000000000000000",
                "providerGuid": "{5770385f-c22a-43e0-bf4c-06f5698ffbd9}",
                "level": "4",
                "channel": "Microsoft-Windows-Sysmon/Operational",
                "opcode": "0",
                "message": "\"File created:\r\nRuleName: DLL\r\nUtcTime: 2024-07-12 09:59:44.257\r\nProcessGuid: {e162455c-fe90-6690-3008-000000001800}\r\nProcessId: 3464\r\nImage: c:\\test\\l_test.exe\r\nTargetFilename: C:\\Windows\\Temp\\_MEI34642\\api-ms-win-core-localization-l1-2-0.dll\r\nCreationUtcTime: 2024-07-12 09:59:44.257\r\nUser: NT AUTHORITY\\SYSTEM\"",
                "version": "2",
                "systemTime": "2024-07-12T09:59:44.2594380Z",
                "eventRecordID": "3586",
                "threadID": "3696",
                "computer": "hq06.office.tyrdemo.se",
                "task": "11",
                "processID": "2184",
                "severityValue": "INFORMATION",
                "providerName": "Microsoft-Windows-Sysmon"
              }
            }
          },
          "rule": {
            "firedtimes": 288,
            "mail": true,
            "level": 13,
            "description": "Unsigned Binary Loaded From Suspicious Location",
            "groups": [
              "sigma"
            ],
            "id": "900228"
          },
          "decoder": {
            "name": "windows_eventchannel"
          },
          "input": {
            "type": "log"
          },
          "@timestamp": "2024-07-12T09:59:45.360Z",
          "location": "EventChannel",
          "id": "1720778385.102711323",
          "timestamp": "2024-07-12T11:59:45.360+0200"
        }
      },
      {
        "_index": "wazuh-alerts-4.x-2024.07.12",
        "_id": "IrNippABLu9BFc0MbTzN",
        "_score": 2.0,
        "_source": {
          "agent": {
            "ip": "134.23.3.16",
            "name": "hq06",
            "id": "020"
          },
          "manager": {
            "name": "wazuh"
          },
          "data": {
            "win": {
              "eventdata": {
                "image": "c:\\\\test\\\\l_test.exe",
                "processGuid": "{e162455c-fe90-6690-3008-000000001800}",
                "processId": "3464",
                "utcTime": "2024-07-12 09:59:44.257",
                "targetFilename": "C:\\\\Windows\\\\Temp\\\\_MEI34642\\\\api-ms-win-core-processenvironment-l1-1-0.dll",
                "ruleName": "DLL",
                "creationUtcTime": "2024-07-12 09:59:44.257",
                "user": "NT AUTHORITY\\\\SYSTEM"
              },
              "system": {
                "eventID": "11",
                "keywords": "0x8000000000000000",
                "providerGuid": "{5770385f-c22a-43e0-bf4c-06f5698ffbd9}",
                "level": "4",
                "channel": "Microsoft-Windows-Sysmon/Operational",
                "opcode": "0",
                "message": "\"File created:\r\nRuleName: DLL\r\nUtcTime: 2024-07-12 09:59:44.257\r\nProcessGuid: {e162455c-fe90-6690-3008-000000001800}\r\nProcessId: 3464\r\nImage: c:\\test\\l_test.exe\r\nTargetFilename: C:\\Windows\\Temp\\_MEI34642\\api-ms-win-core-processenvironment-l1-1-0.dll\r\nCreationUtcTime: 2024-07-12 09:59:44.257\r\nUser: NT AUTHORITY\\SYSTEM\"",
                "version": "2",
                "systemTime": "2024-07-12T09:59:44.2604020Z",
                "eventRecordID": "3589",
                "threadID": "3696",
                "computer": "hq06.office.tyrdemo.se",
                "task": "11",
                "processID": "2184",
                "severityValue": "INFORMATION",
                "providerName": "Microsoft-Windows-Sysmon"
              }
            }
          },
          "rule": {
            "firedtimes": 291,
            "mail": true,
            "level": 13,
            "description": "Unsigned Binary Loaded From Suspicious Location",
            "groups": [
              "sigma"
            ],
            "id": "900228"
          },
          "decoder": {
            "name": "windows_eventchannel"
          },
          "input": {
            "type": "log"
          },
          "@timestamp": "2024-07-12T09:59:45.423Z",
          "location": "EventChannel",
          "id": "1720778385.102719039",
          "timestamp": "2024-07-12T11:59:45.423+0200"
        }
      },
      {
        "_index": "wazuh-alerts-4.x-2024.07.12",
        "_id": "I7NippABLu9BFc0MbTzN",
        "_score": 2.0,
        "_source": {
          "agent": {
            "ip": "134.23.3.16",
            "name": "hq06",
            "id": "020"
          },
          "manager": {
            "name": "wazuh"
          },
          "data": {
            "win": {
              "eventdata": {
                "image": "c:\\\\test\\\\l_test.exe",
                "processGuid": "{e162455c-fe90-6690-3008-000000001800}",
                "processId": "3464",
                "utcTime": "2024-07-12 09:59:44.257",
                "targetFilename": "C:\\\\Windows\\\\Temp\\\\_MEI34642\\\\api-ms-win-core-processthreads-l1-1-0.dll",
                "ruleName": "DLL",
                "creationUtcTime": "2024-07-12 09:59:44.257",
                "user": "NT AUTHORITY\\\\SYSTEM"
              },
              "system": {
                "eventID": "11",
                "keywords": "0x8000000000000000",
                "providerGuid": "{5770385f-c22a-43e0-bf4c-06f5698ffbd9}",
                "level": "4",
                "channel": "Microsoft-Windows-Sysmon/Operational",
                "opcode": "0",
                "message": "\"File created:\r\nRuleName: DLL\r\nUtcTime: 2024-07-12 09:59:44.257\r\nProcessGuid: {e162455c-fe90-6690-3008-000000001800}\r\nProcessId: 3464\r\nImage: c:\\test\\l_test.exe\r\nTargetFilename: C:\\Windows\\Temp\\_MEI34642\\api-ms-win-core-processthreads-l1-1-0.dll\r\nCreationUtcTime: 2024-07-12 09:59:44.257\r\nUser: NT AUTHORITY\\SYSTEM\"",
                "version": "2",
                "systemTime": "2024-07-12T09:59:44.2610516Z",
                "eventRecordID": "3590",
                "threadID": "3696",
                "computer": "hq06.office.tyrdemo.se",
                "task": "11",
                "processID": "2184",
                "severityValue": "INFORMATION",
                "providerName": "Microsoft-Windows-Sysmon"
              }
            }
          },
          "rule": {
            "firedtimes": 292,
            "mail": true,
            "level": 13,
            "description": "Unsigned Binary Loaded From Suspicious Location",
            "groups": [
              "sigma"
            ],
            "id": "900228"
          },
          "decoder": {
            "name": "windows_eventchannel"
          },
          "input": {
            "type": "log"
          },
          "@timestamp": "2024-07-12T09:59:45.467Z",
          "location": "EventChannel",
          "id": "1720778385.102721647",
          "timestamp": "2024-07-12T11:59:45.467+0200"
        }
      },
