      {
        "_index": "wazuh-alerts-4.x-2024.07.12",
        "_id": "Y7NjppABLu9BFc0M-D6R",
        "_score": 2.0,
        "_source": {
          "agent": {
            "ip": "134.23.3.14",
            "name": "hq04",
            "id": "018"
          },
          "manager": {
            "name": "wazuh"
          },
          "data": {
            "win": {
              "eventdata": {
                "image": "c:\\\\temp\\\\l_test.exe",
                "processGuid": "{0a16e2dc-fef4-6690-d607-000000001800}",
                "processId": "4652",
                "utcTime": "2024-07-12 10:01:24.201",
                "targetFilename": "C:\\\\Windows\\\\Temp\\\\_MEI46522\\\\api-ms-win-crt-heap-l1-1-0.dll",
                "ruleName": "DLL",
                "creationUtcTime": "2024-07-12 10:01:24.201",
                "user": "NT AUTHORITY\\\\SYSTEM"
              },
              "system": {
                "eventID": "11",
                "keywords": "0x8000000000000000",
                "providerGuid": "{5770385f-c22a-43e0-bf4c-06f5698ffbd9}",
                "level": "4",
                "channel": "Microsoft-Windows-Sysmon/Operational",
                "opcode": "0",
                "message": "\"File created:\r\nRuleName: DLL\r\nUtcTime: 2024-07-12 10:01:24.201\r\nProcessGuid: {0a16e2dc-fef4-6690-d607-000000001800}\r\nProcessId: 4652\r\nImage: c:\\temp\\l_test.exe\r\nTargetFilename: C:\\Windows\\Temp\\_MEI46522\\api-ms-win-crt-heap-l1-1-0.dll\r\nCreationUtcTime: 2024-07-12 10:01:24.201\r\nUser: NT AUTHORITY\\SYSTEM\"",
                "version": "2",
                "systemTime": "2024-07-12T10:01:24.2132965Z",
                "eventRecordID": "3589",
                "threadID": "3444",
                "computer": "hq04.office.tyrdemo.se",
                "task": "11",
                "processID": "3036",
                "severityValue": "INFORMATION",
                "providerName": "Microsoft-Windows-Sysmon"
              }
            }
          },
          "rule": {
            "firedtimes": 129,
            "mail": true,
            "level": 13,
            "description": "Unsigned Binary Loaded From Suspicious Location",
            "groups": [
              "sigma"
            ],
            "id": "900228"
          },
          "decoder": {
            "name": "windows_eventchannel"
          },
          "input": {
            "type": "log"
          },
          "@timestamp": "2024-07-12T10:01:26.217Z",
          "location": "EventChannel",
          "id": "1720778486.103703891",
          "timestamp": "2024-07-12T12:01:26.217+0200"
        }
      },
      {
        "_index": "wazuh-alerts-4.x-2024.07.12",
        "_id": "ZbNjppABLu9BFc0M-D6R",
        "_score": 2.0,
        "_source": {
          "agent": {
            "ip": "134.23.3.14",
            "name": "hq04",
            "id": "018"
          },
          "manager": {
            "name": "wazuh"
          },
          "data": {
            "win": {
              "eventdata": {
                "image": "c:\\\\temp\\\\l_test.exe",
                "processGuid": "{0a16e2dc-fef4-6690-d607-000000001800}",
                "processId": "4652",
                "utcTime": "2024-07-12 10:01:24.201",
                "targetFilename": "C:\\\\Windows\\\\Temp\\\\_MEI46522\\\\api-ms-win-crt-locale-l1-1-0.dll",
                "ruleName": "DLL",
                "creationUtcTime": "2024-07-12 10:01:24.201",
                "user": "NT AUTHORITY\\\\SYSTEM"
              },
              "system": {
                "eventID": "11",
                "keywords": "0x8000000000000000",
                "providerGuid": "{5770385f-c22a-43e0-bf4c-06f5698ffbd9}",
                "level": "4",
                "channel": "Microsoft-Windows-Sysmon/Operational",
                "opcode": "0",
                "message": "\"File created:\r\nRuleName: DLL\r\nUtcTime: 2024-07-12 10:01:24.201\r\nProcessGuid: {0a16e2dc-fef4-6690-d607-000000001800}\r\nProcessId: 4652\r\nImage: c:\\temp\\l_test.exe\r\nTargetFilename: C:\\Windows\\Temp\\_MEI46522\\api-ms-win-crt-locale-l1-1-0.dll\r\nCreationUtcTime: 2024-07-12 10:01:24.201\r\nUser: NT AUTHORITY\\SYSTEM\"",
                "version": "2",
                "systemTime": "2024-07-12T10:01:24.2136404Z",
                "eventRecordID": "3590",
                "threadID": "3444",
                "computer": "hq04.office.tyrdemo.se",
                "task": "11",
                "processID": "3036",
                "severityValue": "INFORMATION",
                "providerName": "Microsoft-Windows-Sysmon"
              }
            }
          },
          "rule": {
            "firedtimes": 131,
            "mail": true,
            "level": 13,
            "description": "Unsigned Binary Loaded From Suspicious Location",
            "groups": [
              "sigma"
            ],
            "id": "900228"
          },
          "decoder": {
            "name": "windows_eventchannel"
          },
          "input": {
            "type": "log"
          },
          "@timestamp": "2024-07-12T10:01:26.233Z",
          "location": "EventChannel",
          "id": "1720778486.103709011",
          "timestamp": "2024-07-12T12:01:26.233+0200"
        }
      },
      {
        "_index": "wazuh-alerts-4.x-2024.07.12",
        "_id": "bLNjppABLu9BFc0M-D6R",
        "_score": 2.0,
        "_source": {
          "agent": {
            "ip": "134.23.3.14",
            "name": "hq04",
            "id": "018"
          },
          "manager": {
            "name": "wazuh"
          },
          "data": {
            "win": {
              "eventdata": {
                "image": "c:\\\\temp\\\\l_test.exe",
                "processGuid": "{0a16e2dc-fef4-6690-d607-000000001800}",
                "processId": "4652",
                "utcTime": "2024-07-12 10:01:24.201",
                "targetFilename": "C:\\\\Windows\\\\Temp\\\\_MEI46522\\\\api-ms-win-crt-stdio-l1-1-0.dll",
                "ruleName": "DLL",
                "creationUtcTime": "2024-07-12 10:01:24.201",
                "user": "NT AUTHORITY\\\\SYSTEM"
              },
              "system": {
                "eventID": "11",
                "keywords": "0x8000000000000000",
                "providerGuid": "{5770385f-c22a-43e0-bf4c-06f5698ffbd9}",
                "level": "4",
                "channel": "Microsoft-Windows-Sysmon/Operational",
                "opcode": "0",
                "message": "\"File created:\r\nRuleName: DLL\r\nUtcTime: 2024-07-12 10:01:24.201\r\nProcessGuid: {0a16e2dc-fef4-6690-d607-000000001800}\r\nProcessId: 4652\r\nImage: c:\\temp\\l_test.exe\r\nTargetFilename: C:\\Windows\\Temp\\_MEI46522\\api-ms-win-crt-stdio-l1-1-0.dll\r\nCreationUtcTime: 2024-07-12 10:01:24.201\r\nUser: NT AUTHORITY\\SYSTEM\"",
                "version": "2",
                "systemTime": "2024-07-12T10:01:24.2153425Z",
                "eventRecordID": "3594",
                "threadID": "3444",
                "computer": "hq04.office.tyrdemo.se",
                "task": "11",
                "processID": "3036",
                "severityValue": "INFORMATION",
                "providerName": "Microsoft-Windows-Sysmon"
              }
            }
          },
          "rule": {
            "firedtimes": 135,
            "mail": true,
            "level": 13,
            "description": "Unsigned Binary Loaded From Suspicious Location",
            "groups": [
              "sigma"
            ],
            "id": "900228"
          },
          "decoder": {
            "name": "windows_eventchannel"
          },
          "input": {
            "type": "log"
          },
          "@timestamp": "2024-07-12T10:01:26.295Z",
          "location": "EventChannel",
          "id": "1720778486.103721860",
          "timestamp": "2024-07-12T12:01:26.295+0200"
        }
      },
      {
        "_index": "wazuh-alerts-4.x-2024.07.12",
        "_id": "crNjppABLu9BFc0M-D6R",
        "_score": 2.0,
        "_source": {
          "agent": {
            "ip": "134.23.3.14",
            "name": "hq04",
            "id": "018"
          },
          "manager": {
            "name": "wazuh"
          },
          "data": {
            "win": {
              "eventdata": {
                "image": "c:\\\\temp\\\\l_test.exe",
                "processGuid": "{0a16e2dc-fef4-6690-d607-000000001800}",
                "processId": "4652",
                "utcTime": "2024-07-12 10:01:24.217",
                "targetFilename": "C:\\\\Windows\\\\Temp\\\\_MEI46522\\\\libcrypto-1_1.dll",
                "ruleName": "DLL",
                "creationUtcTime": "2024-07-12 10:01:24.217",
                "user": "NT AUTHORITY\\\\SYSTEM"
              },
              "system": {
                "eventID": "11",
                "keywords": "0x8000000000000000",
                "providerGuid": "{5770385f-c22a-43e0-bf4c-06f5698ffbd9}",
                "level": "4",
                "channel": "Microsoft-Windows-Sysmon/Operational",
                "opcode": "0",
                "message": "\"File created:\r\nRuleName: DLL\r\nUtcTime: 2024-07-12 10:01:24.217\r\nProcessGuid: {0a16e2dc-fef4-6690-d607-000000001800}\r\nProcessId: 4652\r\nImage: c:\\temp\\l_test.exe\r\nTargetFilename: C:\\Windows\\Temp\\_MEI46522\\libcrypto-1_1.dll\r\nCreationUtcTime: 2024-07-12 10:01:24.217\r\nUser: NT AUTHORITY\\SYSTEM\"",
                "version": "2",
                "systemTime": "2024-07-12T10:01:24.2273421Z",
                "eventRecordID": "3598",
                "threadID": "3444",
                "computer": "hq04.office.tyrdemo.se",
                "task": "11",
                "processID": "3036",
                "severityValue": "INFORMATION",
                "providerName": "Microsoft-Windows-Sysmon"
              }
            }
          },
          "rule": {
            "firedtimes": 139,
            "mail": true,
            "level": 13,
            "description": "Unsigned Binary Loaded From Suspicious Location",
            "groups": [
              "sigma"
            ],
            "id": "900228"
          },
          "decoder": {
            "name": "windows_eventchannel"
          },
          "input": {
            "type": "log"
          },
          "@timestamp": "2024-07-12T10:01:26.358Z",
          "location": "EventChannel",
          "id": "1720778486.103735022",
          "timestamp": "2024-07-12T12:01:26.358+0200"
        }
      },
      {
        "_index": "wazuh-alerts-4.x-2024.07.12",
        "_id": "dbNjppABLu9BFc0M-D6R",
        "_score": 2.0,
        "_source": {
          "agent": {
            "ip": "134.23.3.14",
            "name": "hq04",
            "id": "018"
          },
          "manager": {
            "name": "wazuh"
          },
          "data": {
            "win": {
              "eventdata": {
                "image": "c:\\\\temp\\\\l_test.exe",
                "processGuid": "{0a16e2dc-fef4-6690-d607-000000001800}",
                "processId": "4652",
                "utcTime": "2024-07-12 10:01:24.233",
                "targetFilename": "C:\\\\Windows\\\\Temp\\\\_MEI46522\\\\msvcr100.dll",
                "ruleName": "DLL",
                "creationUtcTime": "2024-07-12 10:01:24.233",
                "user": "NT AUTHORITY\\\\SYSTEM"
              },
              "system": {
                "eventID": "11",
                "keywords": "0x8000000000000000",
                "providerGuid": "{5770385f-c22a-43e0-bf4c-06f5698ffbd9}",
                "level": "4",
                "channel": "Microsoft-Windows-Sysmon/Operational",
                "opcode": "0",
                "message": "\"File created:\r\nRuleName: DLL\r\nUtcTime: 2024-07-12 10:01:24.233\r\nProcessGuid: {0a16e2dc-fef4-6690-d607-000000001800}\r\nProcessId: 4652\r\nImage: c:\\temp\\l_test.exe\r\nTargetFilename: C:\\Windows\\Temp\\_MEI46522\\msvcr100.dll\r\nCreationUtcTime: 2024-07-12 10:01:24.233\r\nUser: NT AUTHORITY\\SYSTEM\"",
                "version": "2",
                "systemTime": "2024-07-12T10:01:24.2400858Z",
                "eventRecordID": "3601",
                "threadID": "3444",
                "computer": "hq04.office.tyrdemo.se",
                "task": "11",
                "processID": "3036",
                "severityValue": "INFORMATION",
                "providerName": "Microsoft-Windows-Sysmon"
              }
            }
          },
          "rule": {
            "firedtimes": 142,
            "mail": true,
            "level": 13,
            "description": "Unsigned Binary Loaded From Suspicious Location",
            "groups": [
              "sigma"
            ],
            "id": "900228"
          },
          "decoder": {
            "name": "windows_eventchannel"
          },
          "input": {
            "type": "log"
          },
          "@timestamp": "2024-07-12T10:01:26.452Z",
          "location": "EventChannel",
          "id": "1720778486.103742478",
          "timestamp": "2024-07-12T12:01:26.452+0200"
        }
      },
      {
        "_index": "wazuh-alerts-4.x-2024.07.12",
        "_id": "drNjppABLu9BFc0M-D6R",
        "_score": 2.0,
        "_source": {
          "agent": {
            "ip": "134.23.3.14",
            "name": "hq04",
            "id": "018"
          },
          "manager": {
            "name": "wazuh"
          },
          "data": {
            "win": {
              "eventdata": {
                "image": "c:\\\\temp\\\\l_test.exe",
                "processGuid": "{0a16e2dc-fef4-6690-d607-000000001800}",
                "processId": "4652",
                "utcTime": "2024-07-12 10:01:24.248",
                "targetFilename": "C:\\\\Windows\\\\Temp\\\\_MEI46522\\\\python37.dll",
                "ruleName": "DLL",
                "creationUtcTime": "2024-07-12 10:01:24.248",
                "user": "NT AUTHORITY\\\\SYSTEM"
              },
              "system": {
                "eventID": "11",
                "keywords": "0x8000000000000000",
                "providerGuid": "{5770385f-c22a-43e0-bf4c-06f5698ffbd9}",
                "level": "4",
                "channel": "Microsoft-Windows-Sysmon/Operational",
                "opcode": "0",
                "message": "\"File created:\r\nRuleName: DLL\r\nUtcTime: 2024-07-12 10:01:24.248\r\nProcessGuid: {0a16e2dc-fef4-6690-d607-000000001800}\r\nProcessId: 4652\r\nImage: c:\\temp\\l_test.exe\r\nTargetFilename: C:\\Windows\\Temp\\_MEI46522\\python37.dll\r\nCreationUtcTime: 2024-07-12 10:01:24.248\r\nUser: NT AUTHORITY\\SYSTEM\"",
                "version": "2",
                "systemTime": "2024-07-12T10:01:24.2542649Z",
                "eventRecordID": "3602",
                "threadID": "3444",
                "computer": "hq04.office.tyrdemo.se",
                "task": "11",
                "processID": "3036",
                "severityValue": "INFORMATION",
                "providerName": "Microsoft-Windows-Sysmon"
              }
            }
          },
          "rule": {
            "firedtimes": 143,
            "mail": true,
            "level": 13,
            "description": "Unsigned Binary Loaded From Suspicious Location",
            "groups": [
              "sigma"
            ],
            "id": "900228"
          },
          "decoder": {
            "name": "windows_eventchannel"
          },
          "input": {
            "type": "log"
          },
          "@timestamp": "2024-07-12T10:01:26.452Z",
          "location": "EventChannel",
          "id": "1720778486.103744954",
          "timestamp": "2024-07-12T12:01:26.452+0200"
        }
      },
      {
        "_index": "wazuh-alerts-4.x-2024.07.12",
        "_id": "d7NjppABLu9BFc0M-D6R",
        "_score": 2.0,
        "_source": {
          "agent": {
            "ip": "134.23.3.14",
            "name": "hq04",
            "id": "018"
          },
          "manager": {
            "name": "wazuh"
          },
          "data": {
            "win": {
              "eventdata": {
                "image": "c:\\\\temp\\\\l_test.exe",
                "processGuid": "{0a16e2dc-fef4-6690-d607-000000001800}",
                "processId": "4652",
                "utcTime": "2024-07-12 10:01:24.248",
                "targetFilename": "C:\\\\Windows\\\\Temp\\\\_MEI46522\\\\sqlite3.dll",
                "ruleName": "DLL",
                "creationUtcTime": "2024-07-12 10:01:24.248",
                "user": "NT AUTHORITY\\\\SYSTEM"
              },
              "system": {
                "eventID": "11",
                "keywords": "0x8000000000000000",
                "providerGuid": "{5770385f-c22a-43e0-bf4c-06f5698ffbd9}",
                "level": "4",
                "channel": "Microsoft-Windows-Sysmon/Operational",
                "opcode": "0",
                "message": "\"File created:\r\nRuleName: DLL\r\nUtcTime: 2024-07-12 10:01:24.248\r\nProcessGuid: {0a16e2dc-fef4-6690-d607-000000001800}\r\nProcessId: 4652\r\nImage: c:\\temp\\l_test.exe\r\nTargetFilename: C:\\Windows\\Temp\\_MEI46522\\sqlite3.dll\r\nCreationUtcTime: 2024-07-12 10:01:24.248\r\nUser: NT AUTHORITY\\SYSTEM\"",
                "version": "2",
                "systemTime": "2024-07-12T10:01:24.2621433Z",
                "eventRecordID": "3603",
                "threadID": "3444",
                "computer": "hq04.office.tyrdemo.se",
                "task": "11",
                "processID": "3036",
                "severityValue": "INFORMATION",
                "providerName": "Microsoft-Windows-Sysmon"
              }
            }
          },
          "rule": {
            "firedtimes": 144,
            "mail": true,
            "level": 13,
            "description": "Unsigned Binary Loaded From Suspicious Location",
            "groups": [
              "sigma"
            ],
            "id": "900228"
          },
          "decoder": {
            "name": "windows_eventchannel"
          },
          "input": {
            "type": "log"
          },
          "@timestamp": "2024-07-12T10:01:26.452Z",
          "location": "EventChannel",
          "id": "1720778486.103747430",
          "timestamp": "2024-07-12T12:01:26.452+0200"
        }
      },
      {
        "_index": "wazuh-alerts-4.x-2024.07.12",
        "_id": "QbNjppABLu9BFc0M9D6o",
        "_score": 2.0,
        "_source": {
          "agent": {
            "ip": "134.23.3.14",
            "name": "hq04",
            "id": "018"
          },
          "manager": {
            "name": "wazuh"
          },
          "data": {
            "win": {
              "eventdata": {
                "image": "c:\\\\temp\\\\l_test.exe",
                "processGuid": "{0a16e2dc-fef4-6690-d607-000000001800}",
                "processId": "4652",
                "utcTime": "2024-07-12 10:01:24.201",
                "targetFilename": "C:\\\\Windows\\\\Temp\\\\_MEI46522\\\\api-ms-win-core-console-l1-1-0.dll",
                "ruleName": "DLL",
                "creationUtcTime": "2024-07-12 10:01:24.201",
                "user": "NT AUTHORITY\\\\SYSTEM"
              },
              "system": {
                "eventID": "11",
                "keywords": "0x8000000000000000",
                "providerGuid": "{5770385f-c22a-43e0-bf4c-06f5698ffbd9}",
                "level": "4",
                "channel": "Microsoft-Windows-Sysmon/Operational",
                "opcode": "0",
                "message": "\"File created:\r\nRuleName: DLL\r\nUtcTime: 2024-07-12 10:01:24.201\r\nProcessGuid: {0a16e2dc-fef4-6690-d607-000000001800}\r\nProcessId: 4652\r\nImage: c:\\temp\\l_test.exe\r\nTargetFilename: C:\\Windows\\Temp\\_MEI46522\\api-ms-win-core-console-l1-1-0.dll\r\nCreationUtcTime: 2024-07-12 10:01:24.201\r\nUser: NT AUTHORITY\\SYSTEM\"",
                "version": "2",
                "systemTime": "2024-07-12T10:01:24.2028566Z",
                "eventRecordID": "3560",
                "threadID": "3444",
                "computer": "hq04.office.tyrdemo.se",
                "task": "11",
                "processID": "3036",
                "severityValue": "INFORMATION",
                "providerName": "Microsoft-Windows-Sysmon"
              }
            }
          },
          "rule": {
            "firedtimes": 101,
            "mail": true,
            "level": 13,
            "description": "Unsigned Binary Loaded From Suspicious Location",
            "groups": [
              "sigma"
            ],
            "id": "900228"
          },
          "decoder": {
            "name": "windows_eventchannel"
          },
          "input": {
            "type": "log"
          },
          "@timestamp": "2024-07-12T10:01:25.656Z",
          "location": "EventChannel",
          "id": "1720778485.103624989",
          "timestamp": "2024-07-12T12:01:25.656+0200"
        }
      },
      {
        "_index": "wazuh-alerts-4.x-2024.07.12",
        "_id": "Q7NjppABLu9BFc0M9D6o",
        "_score": 2.0,
        "_source": {
          "agent": {
            "ip": "134.23.3.14",
            "name": "hq04",
            "id": "018"
          },
          "manager": {
            "name": "wazuh"
          },
          "data": {
            "win": {
              "eventdata": {
                "image": "c:\\\\temp\\\\l_test.exe",
                "processGuid": "{0a16e2dc-fef4-6690-d607-000000001800}",
                "processId": "4652",
                "utcTime": "2024-07-12 10:01:24.201",
                "targetFilename": "C:\\\\Windows\\\\Temp\\\\_MEI46522\\\\api-ms-win-core-datetime-l1-1-0.dll",
                "ruleName": "DLL",
                "creationUtcTime": "2024-07-12 10:01:24.201",
                "user": "NT AUTHORITY\\\\SYSTEM"
              },
              "system": {
                "eventID": "11",
                "keywords": "0x8000000000000000",
                "providerGuid": "{5770385f-c22a-43e0-bf4c-06f5698ffbd9}",
                "level": "4",
                "channel": "Microsoft-Windows-Sysmon/Operational",
                "opcode": "0",
                "message": "\"File created:\r\nRuleName: DLL\r\nUtcTime: 2024-07-12 10:01:24.201\r\nProcessGuid: {0a16e2dc-fef4-6690-d607-000000001800}\r\nProcessId: 4652\r\nImage: c:\\temp\\l_test.exe\r\nTargetFilename: C:\\Windows\\Temp\\_MEI46522\\api-ms-win-core-datetime-l1-1-0.dll\r\nCreationUtcTime: 2024-07-12 10:01:24.201\r\nUser: NT AUTHORITY\\SYSTEM\"",
                "version": "2",
                "systemTime": "2024-07-12T10:01:24.2032047Z",
                "eventRecordID": "3561",
                "threadID": "3444",
                "computer": "hq04.office.tyrdemo.se",
                "task": "11",
                "processID": "3036",
                "severityValue": "INFORMATION",
                "providerName": "Microsoft-Windows-Sysmon"
              }
            }
          },
          "rule": {
            "firedtimes": 102,
            "mail": true,
            "level": 13,
            "description": "Unsigned Binary Loaded From Suspicious Location",
            "groups": [
              "sigma"
            ],
            "id": "900228"
          },
          "decoder": {
            "name": "windows_eventchannel"
          },
          "input": {
            "type": "log"
          },
          "@timestamp": "2024-07-12T10:01:25.687Z",
          "location": "EventChannel",
          "id": "1720778485.103628058",
          "timestamp": "2024-07-12T12:01:25.687+0200"
        }
      },
      {
        "_index": "wazuh-alerts-4.x-2024.07.12",
        "_id": "RLNjppABLu9BFc0M9D6o",
        "_score": 2.0,
        "_source": {
          "agent": {
            "ip": "134.23.3.14",
            "name": "hq04",
            "id": "018"
          },
          "manager": {
            "name": "wazuh"
          },
          "data": {
            "win": {
              "eventdata": {
                "image": "c:\\\\temp\\\\l_test.exe",
                "processGuid": "{0a16e2dc-fef4-6690-d607-000000001800}",
                "processId": "4652",
                "utcTime": "2024-07-12 10:01:24.201",
                "targetFilename": "C:\\\\Windows\\\\Temp\\\\_MEI46522\\\\api-ms-win-core-debug-l1-1-0.dll",
                "ruleName": "DLL",
                "creationUtcTime": "2024-07-12 10:01:24.201",
                "user": "NT AUTHORITY\\\\SYSTEM"
              },
              "system": {
                "eventID": "11",
                "keywords": "0x8000000000000000",
                "providerGuid": "{5770385f-c22a-43e0-bf4c-06f5698ffbd9}",
                "level": "4",
                "channel": "Microsoft-Windows-Sysmon/Operational",
                "opcode": "0",
                "message": "\"File created:\r\nRuleName: DLL\r\nUtcTime: 2024-07-12 10:01:24.201\r\nProcessGuid: {0a16e2dc-fef4-6690-d607-000000001800}\r\nProcessId: 4652\r\nImage: c:\\temp\\l_test.exe\r\nTargetFilename: C:\\Windows\\Temp\\_MEI46522\\api-ms-win-core-debug-l1-1-0.dll\r\nCreationUtcTime: 2024-07-12 10:01:24.201\r\nUser: NT AUTHORITY\\SYSTEM\"",
                "version": "2",
                "systemTime": "2024-07-12T10:01:24.2035269Z",
                "eventRecordID": "3562",
                "threadID": "3444",
                "computer": "hq04.office.tyrdemo.se",
                "task": "11",
                "processID": "3036",
                "severityValue": "INFORMATION",
                "providerName": "Microsoft-Windows-Sysmon"
              }
            }
          },
          "rule": {
            "firedtimes": 103,
            "mail": true,
            "level": 13,
            "description": "Unsigned Binary Loaded From Suspicious Location",
            "groups": [
              "sigma"
            ],
            "id": "900228"
          },
          "decoder": {
            "name": "windows_eventchannel"
          },
          "input": {
            "type": "log"
          },
          "@timestamp": "2024-07-12T10:01:25.733Z",
          "location": "EventChannel",
          "id": "1720778485.103630626",
          "timestamp": "2024-07-12T12:01:25.733+0200"
        }
      },
      {
        "_index": "wazuh-alerts-4.x-2024.07.12",
        "_id": "RbNjppABLu9BFc0M9D6o",
        "_score": 2.0,
        "_source": {
          "agent": {
            "ip": "134.23.3.14",
            "name": "hq04",
            "id": "018"
          },
          "manager": {
            "name": "wazuh"
          },
          "data": {
            "win": {
              "eventdata": {
                "image": "c:\\\\temp\\\\l_test.exe",
                "processGuid": "{0a16e2dc-fef4-6690-d607-000000001800}",
                "processId": "4652",
                "utcTime": "2024-07-12 10:01:24.201",
                "targetFilename": "C:\\\\Windows\\\\Temp\\\\_MEI46522\\\\api-ms-win-core-errorhandling-l1-1-0.dll",
                "ruleName": "DLL",
                "creationUtcTime": "2024-07-12 10:01:24.201",
                "user": "NT AUTHORITY\\\\SYSTEM"
              },
              "system": {
                "eventID": "11",
                "keywords": "0x8000000000000000",
                "providerGuid": "{5770385f-c22a-43e0-bf4c-06f5698ffbd9}",
                "level": "4",
                "channel": "Microsoft-Windows-Sysmon/Operational",
                "opcode": "0",
                "message": "\"File created:\r\nRuleName: DLL\r\nUtcTime: 2024-07-12 10:01:24.201\r\nProcessGuid: {0a16e2dc-fef4-6690-d607-000000001800}\r\nProcessId: 4652\r\nImage: c:\\temp\\l_test.exe\r\nTargetFilename: C:\\Windows\\Temp\\_MEI46522\\api-ms-win-core-errorhandling-l1-1-0.dll\r\nCreationUtcTime: 2024-07-12 10:01:24.201\r\nUser: NT AUTHORITY\\SYSTEM\"",
                "version": "2",
                "systemTime": "2024-07-12T10:01:24.2038641Z",
                "eventRecordID": "3563",
                "threadID": "3444",
                "computer": "hq04.office.tyrdemo.se",
                "task": "11",
                "processID": "3036",
                "severityValue": "INFORMATION",
                "providerName": "Microsoft-Windows-Sysmon"
              }
            }
          },
          "rule": {
            "firedtimes": 104,
            "mail": true,
            "level": 13,
            "description": "Unsigned Binary Loaded From Suspicious Location",
            "groups": [
              "sigma"
            ],
            "id": "900228"
          },
          "decoder": {
            "name": "windows_eventchannel"
          },
          "input": {
            "type": "log"
          },
          "@timestamp": "2024-07-12T10:01:25.733Z",
          "location": "EventChannel",
          "id": "1720778485.103633182",
          "timestamp": "2024-07-12T12:01:25.733+0200"
        }
      },
      {
        "_index": "wazuh-alerts-4.x-2024.07.12",
        "_id": "RrNjppABLu9BFc0M9D6o",
        "_score": 2.0,
        "_source": {
          "agent": {
            "ip": "134.23.3.14",
            "name": "hq04",
            "id": "018"
          },
          "manager": {
            "name": "wazuh"
          },
          "data": {
            "win": {
              "eventdata": {
                "image": "c:\\\\temp\\\\l_test.exe",
                "processGuid": "{0a16e2dc-fef4-6690-d607-000000001800}",
                "processId": "4652",
                "utcTime": "2024-07-12 10:01:24.201",
                "targetFilename": "C:\\\\Windows\\\\Temp\\\\_MEI46522\\\\api-ms-win-core-file-l1-1-0.dll",
                "ruleName": "DLL",
                "creationUtcTime": "2024-07-12 10:01:24.201",
                "user": "NT AUTHORITY\\\\SYSTEM"
              },
              "system": {
                "eventID": "11",
                "keywords": "0x8000000000000000",
                "providerGuid": "{5770385f-c22a-43e0-bf4c-06f5698ffbd9}",
                "level": "4",
                "channel": "Microsoft-Windows-Sysmon/Operational",
                "opcode": "0",
                "message": "\"File created:\r\nRuleName: DLL\r\nUtcTime: 2024-07-12 10:01:24.201\r\nProcessGuid: {0a16e2dc-fef4-6690-d607-000000001800}\r\nProcessId: 4652\r\nImage: c:\\temp\\l_test.exe\r\nTargetFilename: C:\\Windows\\Temp\\_MEI46522\\api-ms-win-core-file-l1-1-0.dll\r\nCreationUtcTime: 2024-07-12 10:01:24.201\r\nUser: NT AUTHORITY\\SYSTEM\"",
                "version": "2",
                "systemTime": "2024-07-12T10:01:24.2042352Z",
                "eventRecordID": "3564",
                "threadID": "3444",
                "computer": "hq04.office.tyrdemo.se",
                "task": "11",
                "processID": "3036",
                "severityValue": "INFORMATION",
                "providerName": "Microsoft-Windows-Sysmon"
              }
            }
          },
          "rule": {
            "firedtimes": 105,
            "mail": true,
            "level": 13,
            "description": "Unsigned Binary Loaded From Suspicious Location",
            "groups": [
              "sigma"
            ],
            "id": "900228"
          },
          "decoder": {
            "name": "windows_eventchannel"
          },
          "input": {
            "type": "log"
          },
          "@timestamp": "2024-07-12T10:01:25.748Z",
          "location": "EventChannel",
          "id": "1720778485.103635770",
          "timestamp": "2024-07-12T12:01:25.748+0200"
        }
      },
      {
        "_index": "wazuh-alerts-4.x-2024.07.12",
        "_id": "SbNjppABLu9BFc0M9D6o",
        "_score": 2.0,
        "_source": {
          "agent": {
            "ip": "134.23.3.14",
            "name": "hq04",
            "id": "018"
          },
          "manager": {
            "name": "wazuh"
          },
          "data": {
            "win": {
              "eventdata": {
                "image": "c:\\\\temp\\\\l_test.exe",
                "processGuid": "{0a16e2dc-fef4-6690-d607-000000001800}",
                "processId": "4652",
                "utcTime": "2024-07-12 10:01:24.201",
                "targetFilename": "C:\\\\Windows\\\\Temp\\\\_MEI46522\\\\api-ms-win-core-file-l2-1-0.dll",
                "ruleName": "DLL",
                "creationUtcTime": "2024-07-12 10:01:24.201",
                "user": "NT AUTHORITY\\\\SYSTEM"
              },
              "system": {
                "eventID": "11",
                "keywords": "0x8000000000000000",
                "providerGuid": "{5770385f-c22a-43e0-bf4c-06f5698ffbd9}",
                "level": "4",
                "channel": "Microsoft-Windows-Sysmon/Operational",
                "opcode": "0",
                "message": "\"File created:\r\nRuleName: DLL\r\nUtcTime: 2024-07-12 10:01:24.201\r\nProcessGuid: {0a16e2dc-fef4-6690-d607-000000001800}\r\nProcessId: 4652\r\nImage: c:\\temp\\l_test.exe\r\nTargetFilename: C:\\Windows\\Temp\\_MEI46522\\api-ms-win-core-file-l2-1-0.dll\r\nCreationUtcTime: 2024-07-12 10:01:24.201\r\nUser: NT AUTHORITY\\SYSTEM\"",
                "version": "2",
                "systemTime": "2024-07-12T10:01:24.2049003Z",
                "eventRecordID": "3566",
                "threadID": "3444",
                "computer": "hq04.office.tyrdemo.se",
                "task": "11",
                "processID": "3036",
                "severityValue": "INFORMATION",
                "providerName": "Microsoft-Windows-Sysmon"
              }
            }
          },
          "rule": {
            "firedtimes": 107,
            "mail": true,
            "level": 13,
            "description": "Unsigned Binary Loaded From Suspicious Location",
            "groups": [
              "sigma"
            ],
            "id": "900228"
          },
          "decoder": {
            "name": "windows_eventchannel"
          },
          "input": {
            "type": "log"
          },
          "@timestamp": "2024-07-12T10:01:25.809Z",
          "location": "EventChannel",
          "id": "1720778485.103642185",
          "timestamp": "2024-07-12T12:01:25.809+0200"
        }
      },
      {
        "_index": "wazuh-alerts-4.x-2024.07.12",
        "_id": "S7NjppABLu9BFc0M9D6o",
        "_score": 2.0,
        "_source": {
          "agent": {
            "ip": "134.23.3.14",
            "name": "hq04",
            "id": "018"
          },
          "manager": {
            "name": "wazuh"
          },
          "data": {
            "win": {
              "eventdata": {
                "image": "c:\\\\temp\\\\l_test.exe",
                "processGuid": "{0a16e2dc-fef4-6690-d607-000000001800}",
                "processId": "4652",
                "utcTime": "2024-07-12 10:01:24.201",
                "targetFilename": "C:\\\\Windows\\\\Temp\\\\_MEI46522\\\\api-ms-win-core-heap-l1-1-0.dll",
                "ruleName": "DLL",
                "creationUtcTime": "2024-07-12 10:01:24.201",
                "user": "NT AUTHORITY\\\\SYSTEM"
              },
              "system": {
                "eventID": "11",
                "keywords": "0x8000000000000000",
                "providerGuid": "{5770385f-c22a-43e0-bf4c-06f5698ffbd9}",
                "level": "4",
                "channel": "Microsoft-Windows-Sysmon/Operational",
                "opcode": "0",
                "message": "\"File created:\r\nRuleName: DLL\r\nUtcTime: 2024-07-12 10:01:24.201\r\nProcessGuid: {0a16e2dc-fef4-6690-d607-000000001800}\r\nProcessId: 4652\r\nImage: c:\\temp\\l_test.exe\r\nTargetFilename: C:\\Windows\\Temp\\_MEI46522\\api-ms-win-core-heap-l1-1-0.dll\r\nCreationUtcTime: 2024-07-12 10:01:24.201\r\nUser: NT AUTHORITY\\SYSTEM\"",
                "version": "2",
                "systemTime": "2024-07-12T10:01:24.2057462Z",
                "eventRecordID": "3568",
                "threadID": "3444",
                "computer": "hq04.office.tyrdemo.se",
                "task": "11",
                "processID": "3036",
                "severityValue": "INFORMATION",
                "providerName": "Microsoft-Windows-Sysmon"
              }
            }
          },
          "rule": {
            "firedtimes": 109,
            "mail": true,
            "level": 13,
            "description": "Unsigned Binary Loaded From Suspicious Location",
            "groups": [
              "sigma"
            ],
            "id": "900228"
          },
          "decoder": {
            "name": "windows_eventchannel"
          },
          "input": {
            "type": "log"
          },
          "@timestamp": "2024-07-12T10:01:25.827Z",
          "location": "EventChannel",
          "id": "1720778485.103647297",
          "timestamp": "2024-07-12T12:01:25.827+0200"
        }
      },
      {
        "_index": "wazuh-alerts-4.x-2024.07.12",
        "_id": "TbNjppABLu9BFc0M9D6o",
        "_score": 2.0,
        "_source": {
          "agent": {
            "ip": "134.23.3.14",
            "name": "hq04",
            "id": "018"
          },
          "manager": {
            "name": "wazuh"
          },
          "data": {
            "win": {
              "eventdata": {
                "image": "c:\\\\temp\\\\l_test.exe",
                "processGuid": "{0a16e2dc-fef4-6690-d607-000000001800}",
                "processId": "4652",
                "utcTime": "2024-07-12 10:01:24.201",
                "targetFilename": "C:\\\\Windows\\\\Temp\\\\_MEI46522\\\\api-ms-win-core-libraryloader-l1-1-0.dll",
                "ruleName": "DLL",
                "creationUtcTime": "2024-07-12 10:01:24.201",
                "user": "NT AUTHORITY\\\\SYSTEM"
              },
              "system": {
                "eventID": "11",
                "keywords": "0x8000000000000000",
                "providerGuid": "{5770385f-c22a-43e0-bf4c-06f5698ffbd9}",
                "level": "4",
                "channel": "Microsoft-Windows-Sysmon/Operational",
                "opcode": "0",
                "message": "\"File created:\r\nRuleName: DLL\r\nUtcTime: 2024-07-12 10:01:24.201\r\nProcessGuid: {0a16e2dc-fef4-6690-d607-000000001800}\r\nProcessId: 4652\r\nImage: c:\\temp\\l_test.exe\r\nTargetFilename: C:\\Windows\\Temp\\_MEI46522\\api-ms-win-core-libraryloader-l1-1-0.dll\r\nCreationUtcTime: 2024-07-12 10:01:24.201\r\nUser: NT AUTHORITY\\SYSTEM\"",
                "version": "2",
                "systemTime": "2024-07-12T10:01:24.2064215Z",
                "eventRecordID": "3570",
                "threadID": "3444",
                "computer": "hq04.office.tyrdemo.se",
                "task": "11",
                "processID": "3036",
                "severityValue": "INFORMATION",
                "providerName": "Microsoft-Windows-Sysmon"
              }
            }
          },
          "rule": {
            "firedtimes": 111,
            "mail": true,
            "level": 13,
            "description": "Unsigned Binary Loaded From Suspicious Location",
            "groups": [
              "sigma"
            ],
            "id": "900228"
          },
          "decoder": {
            "name": "windows_eventchannel"
          },
          "input": {
            "type": "log"
          },
          "@timestamp": "2024-07-12T10:01:25.859Z",
          "location": "EventChannel",
          "id": "1720778485.103652429",
          "timestamp": "2024-07-12T12:01:25.859+0200"
        }
      },
      {
        "_index": "wazuh-alerts-4.x-2024.07.12",
        "_id": "TrNjppABLu9BFc0M9D6o",
        "_score": 2.0,
        "_source": {
          "agent": {
            "ip": "134.23.3.14",
            "name": "hq04",
            "id": "018"
          },
          "manager": {
            "name": "wazuh"
          },
          "data": {
            "win": {
              "eventdata": {
                "image": "c:\\\\temp\\\\l_test.exe",
                "processGuid": "{0a16e2dc-fef4-6690-d607-000000001800}",
                "processId": "4652",
                "utcTime": "2024-07-12 10:01:24.201",
                "targetFilename": "C:\\\\Windows\\\\Temp\\\\_MEI46522\\\\api-ms-win-core-memory-l1-1-0.dll",
                "ruleName": "DLL",
                "creationUtcTime": "2024-07-12 10:01:24.201",
                "user": "NT AUTHORITY\\\\SYSTEM"
              },
              "system": {
                "eventID": "11",
                "keywords": "0x8000000000000000",
                "providerGuid": "{5770385f-c22a-43e0-bf4c-06f5698ffbd9}",
                "level": "4",
                "channel": "Microsoft-Windows-Sysmon/Operational",
                "opcode": "0",
                "message": "\"File created:\r\nRuleName: DLL\r\nUtcTime: 2024-07-12 10:01:24.201\r\nProcessGuid: {0a16e2dc-fef4-6690-d607-000000001800}\r\nProcessId: 4652\r\nImage: c:\\temp\\l_test.exe\r\nTargetFilename: C:\\Windows\\Temp\\_MEI46522\\api-ms-win-core-memory-l1-1-0.dll\r\nCreationUtcTime: 2024-07-12 10:01:24.201\r\nUser: NT AUTHORITY\\SYSTEM\"",
                "version": "2",
                "systemTime": "2024-07-12T10:01:24.2071041Z",
                "eventRecordID": "3572",
                "threadID": "3444",
                "computer": "hq04.office.tyrdemo.se",
                "task": "11",
                "processID": "3036",
                "severityValue": "INFORMATION",
                "providerName": "Microsoft-Windows-Sysmon"
              }
            }
          },
          "rule": {
            "firedtimes": 112,
            "mail": true,
            "level": 13,
            "description": "Unsigned Binary Loaded From Suspicious Location",
            "groups": [
              "sigma"
            ],
            "id": "900228"
          },
          "decoder": {
            "name": "windows_eventchannel"
          },
          "input": {
            "type": "log"
          },
          "@timestamp": "2024-07-12T10:01:25.890Z",
          "location": "EventChannel",
          "id": "1720778485.103655017",
          "timestamp": "2024-07-12T12:01:25.890+0200"
        }
      },
      {
        "_index": "wazuh-alerts-4.x-2024.07.12",
        "_id": "ULNjppABLu9BFc0M9D6o",
        "_score": 2.0,
        "_source": {
          "agent": {
            "ip": "134.23.3.14",
            "name": "hq04",
            "id": "018"
          },
          "manager": {
            "name": "wazuh"
          },
          "data": {
            "win": {
              "eventdata": {
                "image": "c:\\\\temp\\\\l_test.exe",
                "processGuid": "{0a16e2dc-fef4-6690-d607-000000001800}",
                "processId": "4652",
                "utcTime": "2024-07-12 10:01:24.201",
                "targetFilename": "C:\\\\Windows\\\\Temp\\\\_MEI46522\\\\api-ms-win-core-localization-l1-2-0.dll",
                "ruleName": "DLL",
                "creationUtcTime": "2024-07-12 10:01:24.201",
                "user": "NT AUTHORITY\\\\SYSTEM"
              },
              "system": {
                "eventID": "11",
                "keywords": "0x8000000000000000",
                "providerGuid": "{5770385f-c22a-43e0-bf4c-06f5698ffbd9}",
                "level": "4",
                "channel": "Microsoft-Windows-Sysmon/Operational",
                "opcode": "0",
                "message": "\"File created:\r\nRuleName: DLL\r\nUtcTime: 2024-07-12 10:01:24.201\r\nProcessGuid: {0a16e2dc-fef4-6690-d607-000000001800}\r\nProcessId: 4652\r\nImage: c:\\temp\\l_test.exe\r\nTargetFilename: C:\\Windows\\Temp\\_MEI46522\\api-ms-win-core-localization-l1-2-0.dll\r\nCreationUtcTime: 2024-07-12 10:01:24.201\r\nUser: NT AUTHORITY\\SYSTEM\"",
                "version": "2",
                "systemTime": "2024-07-12T10:01:24.2067679Z",
                "eventRecordID": "3571",
                "threadID": "3444",
                "computer": "hq04.office.tyrdemo.se",
                "task": "11",
                "processID": "3036",
                "severityValue": "INFORMATION",
                "providerName": "Microsoft-Windows-Sysmon"
              }
            }
          },
          "rule": {
            "firedtimes": 113,
            "mail": true,
            "level": 13,
            "description": "Unsigned Binary Loaded From Suspicious Location",
            "groups": [
              "sigma"
            ],
            "id": "900228"
          },
          "decoder": {
            "name": "windows_eventchannel"
          },
          "input": {
            "type": "log"
          },
          "@timestamp": "2024-07-12T10:01:25.890Z",
          "location": "EventChannel",
          "id": "1720778485.103658878",
          "timestamp": "2024-07-12T12:01:25.890+0200"
        }
      },
      {
        "_index": "wazuh-alerts-4.x-2024.07.12",
        "_id": "UbNjppABLu9BFc0M-D6R",
        "_score": 2.0,
        "_source": {
          "agent": {
            "ip": "134.23.3.14",
            "name": "hq04",
            "id": "018"
          },
          "manager": {
            "name": "wazuh"
          },
          "data": {
            "win": {
              "eventdata": {
                "image": "c:\\\\temp\\\\l_test.exe",
                "processGuid": "{0a16e2dc-fef4-6690-d607-000000001800}",
                "processId": "4652",
                "utcTime": "2024-07-12 10:01:24.201",
                "targetFilename": "C:\\\\Windows\\\\Temp\\\\_MEI46522\\\\api-ms-win-core-namedpipe-l1-1-0.dll",
                "ruleName": "DLL",
                "creationUtcTime": "2024-07-12 10:01:24.201",
                "user": "NT AUTHORITY\\\\SYSTEM"
              },
              "system": {
                "eventID": "11",
                "keywords": "0x8000000000000000",
                "providerGuid": "{5770385f-c22a-43e0-bf4c-06f5698ffbd9}",
                "level": "4",
                "channel": "Microsoft-Windows-Sysmon/Operational",
                "opcode": "0",
                "message": "\"File created:\r\nRuleName: DLL\r\nUtcTime: 2024-07-12 10:01:24.201\r\nProcessGuid: {0a16e2dc-fef4-6690-d607-000000001800}\r\nProcessId: 4652\r\nImage: c:\\temp\\l_test.exe\r\nTargetFilename: C:\\Windows\\Temp\\_MEI46522\\api-ms-win-core-namedpipe-l1-1-0.dll\r\nCreationUtcTime: 2024-07-12 10:01:24.201\r\nUser: NT AUTHORITY\\SYSTEM\"",
                "version": "2",
                "systemTime": "2024-07-12T10:01:24.2074275Z",
                "eventRecordID": "3573",
                "threadID": "3444",
                "computer": "hq04.office.tyrdemo.se",
                "task": "11",
                "processID": "3036",
                "severityValue": "INFORMATION",
                "providerName": "Microsoft-Windows-Sysmon"
              }
            }
          },
          "rule": {
            "firedtimes": 114,
            "mail": true,
            "level": 13,
            "description": "Unsigned Binary Loaded From Suspicious Location",
            "groups": [
              "sigma"
            ],
            "id": "900228"
          },
          "decoder": {
            "name": "windows_eventchannel"
          },
          "input": {
            "type": "log"
          },
          "@timestamp": "2024-07-12T10:01:25.905Z",
          "location": "EventChannel",
          "id": "1720778485.103661462",
          "timestamp": "2024-07-12T12:01:25.905+0200"
        }
      },
      {
        "_index": "wazuh-alerts-4.x-2024.07.12",
        "_id": "VrNjppABLu9BFc0M-D6R",
        "_score": 2.0,
        "_source": {
          "agent": {
            "ip": "134.23.3.14",
            "name": "hq04",
            "id": "018"
          },
          "manager": {
            "name": "wazuh"
          },
          "data": {
            "win": {
              "eventdata": {
                "image": "c:\\\\temp\\\\l_test.exe",
                "processGuid": "{0a16e2dc-fef4-6690-d607-000000001800}",
                "processId": "4652",
                "utcTime": "2024-07-12 10:01:24.201",
                "targetFilename": "C:\\\\Windows\\\\Temp\\\\_MEI46522\\\\api-ms-win-core-profile-l1-1-0.dll",
                "ruleName": "DLL",
                "creationUtcTime": "2024-07-12 10:01:24.201",
                "user": "NT AUTHORITY\\\\SYSTEM"
              },
              "system": {
                "eventID": "11",
                "keywords": "0x8000000000000000",
                "providerGuid": "{5770385f-c22a-43e0-bf4c-06f5698ffbd9}",
                "level": "4",
                "channel": "Microsoft-Windows-Sysmon/Operational",
                "opcode": "0",
                "message": "\"File created:\r\nRuleName: DLL\r\nUtcTime: 2024-07-12 10:01:24.201\r\nProcessGuid: {0a16e2dc-fef4-6690-d607-000000001800}\r\nProcessId: 4652\r\nImage: c:\\temp\\l_test.exe\r\nTargetFilename: C:\\Windows\\Temp\\_MEI46522\\api-ms-win-core-profile-l1-1-0.dll\r\nCreationUtcTime: 2024-07-12 10:01:24.201\r\nUser: NT AUTHORITY\\SYSTEM\"",
                "version": "2",
                "systemTime": "2024-07-12T10:01:24.2089549Z",
                "eventRecordID": "3577",
                "threadID": "3444",
                "computer": "hq04.office.tyrdemo.se",
                "task": "11",
                "processID": "3036",
                "severityValue": "INFORMATION",
                "providerName": "Microsoft-Windows-Sysmon"
              }
            }
          },
          "rule": {
            "firedtimes": 118,
            "mail": true,
            "level": 13,
            "description": "Unsigned Binary Loaded From Suspicious Location",
            "groups": [
              "sigma"
            ],
            "id": "900228"
          },
          "decoder": {
            "name": "windows_eventchannel"
          },
          "input": {
            "type": "log"
          },
          "@timestamp": "2024-07-12T10:01:25.984Z",
          "location": "EventChannel",
          "id": "1720778485.103673101",
          "timestamp": "2024-07-12T12:01:25.984+0200"
        }
      },
