      {
        "_index": "wazuh-alerts-4.x-2024.07.12",
        "_id": "O7NippABLu9BFc0McTyy",
        "_score": 2.0,
        "_source": {
          "agent": {
            "ip": "134.23.3.16",
            "name": "hq06",
            "id": "020"
          },
          "manager": {
            "name": "wazuh"
          },
          "data": {
            "win": {
              "eventdata": {
                "image": "c:\\\\test\\\\l_test.exe",
                "processGuid": "{e162455c-fe90-6690-3008-000000001800}",
                "processId": "3464",
                "utcTime": "2024-07-12 09:59:44.257",
                "targetFilename": "C:\\\\Windows\\\\Temp\\\\_MEI34642\\\\api-ms-win-crt-utility-l1-1-0.dll",
                "ruleName": "DLL",
                "creationUtcTime": "2024-07-12 09:59:44.257",
                "user": "NT AUTHORITY\\\\SYSTEM"
              },
              "system": {
                "eventID": "11",
                "keywords": "0x8000000000000000",
                "providerGuid": "{5770385f-c22a-43e0-bf4c-06f5698ffbd9}",
                "level": "4",
                "channel": "Microsoft-Windows-Sysmon/Operational",
                "opcode": "0",
                "message": "\"File created:\r\nRuleName: DLL\r\nUtcTime: 2024-07-12 09:59:44.257\r\nProcessGuid: {e162455c-fe90-6690-3008-000000001800}\r\nProcessId: 3464\r\nImage: c:\\test\\l_test.exe\r\nTargetFilename: C:\\Windows\\Temp\\_MEI34642\\api-ms-win-crt-utility-l1-1-0.dll\r\nCreationUtcTime: 2024-07-12 09:59:44.257\r\nUser: NT AUTHORITY\\SYSTEM\"",
                "version": "2",
                "systemTime": "2024-07-12T09:59:44.2692454Z",
                "eventRecordID": "3612",
                "threadID": "3696",
                "computer": "hq06.office.tyrdemo.se",
                "task": "11",
                "processID": "2184",
                "severityValue": "INFORMATION",
                "providerName": "Microsoft-Windows-Sysmon"
              }
            }
          },
          "rule": {
            "firedtimes": 314,
            "mail": true,
            "level": 13,
            "description": "Unsigned Binary Loaded From Suspicious Location",
            "groups": [
              "sigma"
            ],
            "id": "900228"
          },
          "decoder": {
            "name": "windows_eventchannel"
          },
          "input": {
            "type": "log"
          },
          "@timestamp": "2024-07-12T09:59:45.845Z",
          "location": "EventChannel",
          "id": "1720778385.102781157",
          "timestamp": "2024-07-12T11:59:45.845+0200"
        }
      },
      {
        "_index": "wazuh-alerts-4.x-2024.07.12",
        "_id": "PrNippABLu9BFc0McTyy",
        "_score": 2.0,
        "_source": {
          "agent": {
            "ip": "134.23.3.16",
            "name": "hq06",
            "id": "020"
          },
          "manager": {
            "name": "wazuh"
          },
          "data": {
            "win": {
              "eventdata": {
                "image": "c:\\\\test\\\\l_test.exe",
                "processGuid": "{e162455c-fe90-6690-3008-000000001800}",
                "processId": "3464",
                "utcTime": "2024-07-12 09:59:44.289",
                "targetFilename": "C:\\\\Windows\\\\Temp\\\\_MEI34642\\\\msvcp100.dll",
                "ruleName": "DLL",
                "creationUtcTime": "2024-07-12 09:59:44.289",
                "user": "NT AUTHORITY\\\\SYSTEM"
              },
              "system": {
                "eventID": "11",
                "keywords": "0x8000000000000000",
                "providerGuid": "{5770385f-c22a-43e0-bf4c-06f5698ffbd9}",
                "level": "4",
                "channel": "Microsoft-Windows-Sysmon/Operational",
                "opcode": "0",
                "message": "\"File created:\r\nRuleName: DLL\r\nUtcTime: 2024-07-12 09:59:44.289\r\nProcessGuid: {e162455c-fe90-6690-3008-000000001800}\r\nProcessId: 3464\r\nImage: c:\\test\\l_test.exe\r\nTargetFilename: C:\\Windows\\Temp\\_MEI34642\\msvcp100.dll\r\nCreationUtcTime: 2024-07-12 09:59:44.289\r\nUser: NT AUTHORITY\\SYSTEM\"",
                "version": "2",
                "systemTime": "2024-07-12T09:59:44.2911988Z",
                "eventRecordID": "3615",
                "threadID": "3696",
                "computer": "hq06.office.tyrdemo.se",
                "task": "11",
                "processID": "2184",
                "severityValue": "INFORMATION",
                "providerName": "Microsoft-Windows-Sysmon"
              }
            }
          },
          "rule": {
            "firedtimes": 317,
            "mail": true,
            "level": 13,
            "description": "Unsigned Binary Loaded From Suspicious Location",
            "groups": [
              "sigma"
            ],
            "id": "900228"
          },
          "decoder": {
            "name": "windows_eventchannel"
          },
          "input": {
            "type": "log"
          },
          "@timestamp": "2024-07-12T09:59:45.922Z",
          "location": "EventChannel",
          "id": "1720778385.102788697",
          "timestamp": "2024-07-12T11:59:45.922+0200"
        }
      },
      {
        "_index": "wazuh-alerts-4.x-2024.07.12",
        "_id": "QLNippABLu9BFc0McTyy",
        "_score": 2.0,
        "_source": {
          "agent": {
            "ip": "134.23.3.16",
            "name": "hq06",
            "id": "020"
          },
          "manager": {
            "name": "wazuh"
          },
          "data": {
            "win": {
              "eventdata": {
                "image": "c:\\\\test\\\\l_test.exe",
                "processGuid": "{e162455c-fe90-6690-3008-000000001800}",
                "processId": "3464",
                "utcTime": "2024-07-12 09:59:44.306",
                "targetFilename": "C:\\\\Windows\\\\Temp\\\\_MEI34642\\\\sqlite3.dll",
                "ruleName": "DLL",
                "creationUtcTime": "2024-07-12 09:59:44.306",
                "user": "NT AUTHORITY\\\\SYSTEM"
              },
              "system": {
                "eventID": "11",
                "keywords": "0x8000000000000000",
                "providerGuid": "{5770385f-c22a-43e0-bf4c-06f5698ffbd9}",
                "level": "4",
                "channel": "Microsoft-Windows-Sysmon/Operational",
                "opcode": "0",
                "message": "\"File created:\r\nRuleName: DLL\r\nUtcTime: 2024-07-12 09:59:44.306\r\nProcessGuid: {e162455c-fe90-6690-3008-000000001800}\r\nProcessId: 3464\r\nImage: c:\\test\\l_test.exe\r\nTargetFilename: C:\\Windows\\Temp\\_MEI34642\\sqlite3.dll\r\nCreationUtcTime: 2024-07-12 09:59:44.306\r\nUser: NT AUTHORITY\\SYSTEM\"",
                "version": "2",
                "systemTime": "2024-07-12T09:59:44.3139386Z",
                "eventRecordID": "3618",
                "threadID": "3696",
                "computer": "hq06.office.tyrdemo.se",
                "task": "11",
                "processID": "2184",
                "severityValue": "INFORMATION",
                "providerName": "Microsoft-Windows-Sysmon"
              }
            }
          },
          "rule": {
            "firedtimes": 319,
            "mail": true,
            "level": 13,
            "description": "Unsigned Binary Loaded From Suspicious Location",
            "groups": [
              "sigma"
            ],
            "id": "900228"
          },
          "decoder": {
            "name": "windows_eventchannel"
          },
          "input": {
            "type": "log"
          },
          "@timestamp": "2024-07-12T09:59:45.955Z",
          "location": "EventChannel",
          "id": "1720778385.102793649",
          "timestamp": "2024-07-12T11:59:45.955+0200"
        }
      },
      {
        "_index": "wazuh-alerts-4.x-2024.07.12",
        "_id": "FbNippABLu9BFc0MbTzN",
        "_score": 2.0,
        "_source": {
          "agent": {
            "ip": "134.23.3.16",
            "name": "hq06",
            "id": "020"
          },
          "manager": {
            "name": "wazuh"
          },
          "data": {
            "win": {
              "eventdata": {
                "image": "c:\\\\test\\\\l_test.exe",
                "processGuid": "{e162455c-fe90-6690-3008-000000001800}",
                "processId": "3464",
                "utcTime": "2024-07-12 09:59:44.243",
                "targetFilename": "C:\\\\Windows\\\\Temp\\\\_MEI34642\\\\api-ms-win-core-datetime-l1-1-0.dll",
                "ruleName": "DLL",
                "creationUtcTime": "2024-07-12 09:59:44.243",
                "user": "NT AUTHORITY\\\\SYSTEM"
              },
              "system": {
                "eventID": "11",
                "keywords": "0x8000000000000000",
                "providerGuid": "{5770385f-c22a-43e0-bf4c-06f5698ffbd9}",
                "level": "4",
                "channel": "Microsoft-Windows-Sysmon/Operational",
                "opcode": "0",
                "message": "\"File created:\r\nRuleName: DLL\r\nUtcTime: 2024-07-12 09:59:44.243\r\nProcessGuid: {e162455c-fe90-6690-3008-000000001800}\r\nProcessId: 3464\r\nImage: c:\\test\\l_test.exe\r\nTargetFilename: C:\\Windows\\Temp\\_MEI34642\\api-ms-win-core-datetime-l1-1-0.dll\r\nCreationUtcTime: 2024-07-12 09:59:44.243\r\nUser: NT AUTHORITY\\SYSTEM\"",
                "version": "2",
                "systemTime": "2024-07-12T09:59:44.2557214Z",
                "eventRecordID": "3576",
                "threadID": "3696",
                "computer": "hq06.office.tyrdemo.se",
                "task": "11",
                "processID": "2184",
                "severityValue": "INFORMATION",
                "providerName": "Microsoft-Windows-Sysmon"
              }
            }
          },
          "rule": {
            "firedtimes": 278,
            "mail": true,
            "level": 13,
            "description": "Unsigned Binary Loaded From Suspicious Location",
            "groups": [
              "sigma"
            ],
            "id": "900228"
          },
          "decoder": {
            "name": "windows_eventchannel"
          },
          "input": {
            "type": "log"
          },
          "@timestamp": "2024-07-12T09:59:45.188Z",
          "location": "EventChannel",
          "id": "1720778385.102685675",
          "timestamp": "2024-07-12T11:59:45.188+0200"
        }
      },
      {
        "_index": "wazuh-alerts-4.x-2024.07.12",
        "_id": "F7NippABLu9BFc0MbTzN",
        "_score": 2.0,
        "_source": {
          "agent": {
            "ip": "134.23.3.16",
            "name": "hq06",
            "id": "020"
          },
          "manager": {
            "name": "wazuh"
          },
          "data": {
            "win": {
              "eventdata": {
                "image": "c:\\\\test\\\\l_test.exe",
                "processGuid": "{e162455c-fe90-6690-3008-000000001800}",
                "processId": "3464",
                "utcTime": "2024-07-12 09:59:44.243",
                "targetFilename": "C:\\\\Windows\\\\Temp\\\\_MEI34642\\\\api-ms-win-core-errorhandling-l1-1-0.dll",
                "ruleName": "DLL",
                "creationUtcTime": "2024-07-12 09:59:44.243",
                "user": "NT AUTHORITY\\\\SYSTEM"
              },
              "system": {
                "eventID": "11",
                "keywords": "0x8000000000000000",
                "providerGuid": "{5770385f-c22a-43e0-bf4c-06f5698ffbd9}",
                "level": "4",
                "channel": "Microsoft-Windows-Sysmon/Operational",
                "opcode": "0",
                "message": "\"File created:\r\nRuleName: DLL\r\nUtcTime: 2024-07-12 09:59:44.243\r\nProcessGuid: {e162455c-fe90-6690-3008-000000001800}\r\nProcessId: 3464\r\nImage: c:\\test\\l_test.exe\r\nTargetFilename: C:\\Windows\\Temp\\_MEI34642\\api-ms-win-core-errorhandling-l1-1-0.dll\r\nCreationUtcTime: 2024-07-12 09:59:44.243\r\nUser: NT AUTHORITY\\SYSTEM\"",
                "version": "2",
                "systemTime": "2024-07-12T09:59:44.2564298Z",
                "eventRecordID": "3578",
                "threadID": "3696",
                "computer": "hq06.office.tyrdemo.se",
                "task": "11",
                "processID": "2184",
                "severityValue": "INFORMATION",
                "providerName": "Microsoft-Windows-Sysmon"
              }
            }
          },
          "rule": {
            "firedtimes": 280,
            "mail": true,
            "level": 13,
            "description": "Unsigned Binary Loaded From Suspicious Location",
            "groups": [
              "sigma"
            ],
            "id": "900228"
          },
          "decoder": {
            "name": "windows_eventchannel"
          },
          "input": {
            "type": "log"
          },
          "@timestamp": "2024-07-12T09:59:45.220Z",
          "location": "EventChannel",
          "id": "1720778385.102690799",
          "timestamp": "2024-07-12T11:59:45.220+0200"
        }
      },
      {
        "_index": "wazuh-alerts-4.x-2024.07.12",
        "_id": "G7NippABLu9BFc0MbTzN",
        "_score": 2.0,
        "_source": {
          "agent": {
            "ip": "134.23.3.16",
            "name": "hq06",
            "id": "020"
          },
          "manager": {
            "name": "wazuh"
          },
          "data": {
            "win": {
              "eventdata": {
                "image": "c:\\\\test\\\\l_test.exe",
                "processGuid": "{e162455c-fe90-6690-3008-000000001800}",
                "processId": "3464",
                "utcTime": "2024-07-12 09:59:44.257",
                "targetFilename": "C:\\\\Windows\\\\Temp\\\\_MEI34642\\\\api-ms-win-core-handle-l1-1-0.dll",
                "ruleName": "DLL",
                "creationUtcTime": "2024-07-12 09:59:44.243",
                "user": "NT AUTHORITY\\\\SYSTEM"
              },
              "system": {
                "eventID": "11",
                "keywords": "0x8000000000000000",
                "providerGuid": "{5770385f-c22a-43e0-bf4c-06f5698ffbd9}",
                "level": "4",
                "channel": "Microsoft-Windows-Sysmon/Operational",
                "opcode": "0",
                "message": "\"File created:\r\nRuleName: DLL\r\nUtcTime: 2024-07-12 09:59:44.257\r\nProcessGuid: {e162455c-fe90-6690-3008-000000001800}\r\nProcessId: 3464\r\nImage: c:\\test\\l_test.exe\r\nTargetFilename: C:\\Windows\\Temp\\_MEI34642\\api-ms-win-core-handle-l1-1-0.dll\r\nCreationUtcTime: 2024-07-12 09:59:44.243\r\nUser: NT AUTHORITY\\SYSTEM\"",
                "version": "2",
                "systemTime": "2024-07-12T09:59:44.2580889Z",
                "eventRecordID": "3582",
                "threadID": "3696",
                "computer": "hq06.office.tyrdemo.se",
                "task": "11",
                "processID": "2184",
                "severityValue": "INFORMATION",
                "providerName": "Microsoft-Windows-Sysmon"
              }
            }
          },
          "rule": {
            "firedtimes": 284,
            "mail": true,
            "level": 13,
            "description": "Unsigned Binary Loaded From Suspicious Location",
            "groups": [
              "sigma"
            ],
            "id": "900228"
          },
          "decoder": {
            "name": "windows_eventchannel"
          },
          "input": {
            "type": "log"
          },
          "@timestamp": "2024-07-12T09:59:45.297Z",
          "location": "EventChannel",
          "id": "1720778385.102701043",
          "timestamp": "2024-07-12T11:59:45.297+0200"
        }
      },
      {
        "_index": "wazuh-alerts-4.x-2024.07.12",
        "_id": "HLNippABLu9BFc0MbTzN",
        "_score": 2.0,
        "_source": {
          "agent": {
            "ip": "134.23.3.16",
            "name": "hq06",
            "id": "020"
          },
          "manager": {
            "name": "wazuh"
          },
          "data": {
            "win": {
              "eventdata": {
                "image": "c:\\\\test\\\\l_test.exe",
                "processGuid": "{e162455c-fe90-6690-3008-000000001800}",
                "processId": "3464",
                "utcTime": "2024-07-12 09:59:44.257",
                "targetFilename": "C:\\\\Windows\\\\Temp\\\\_MEI34642\\\\api-ms-win-core-heap-l1-1-0.dll",
                "ruleName": "DLL",
                "creationUtcTime": "2024-07-12 09:59:44.257",
                "user": "NT AUTHORITY\\\\SYSTEM"
              },
              "system": {
                "eventID": "11",
                "keywords": "0x8000000000000000",
                "providerGuid": "{5770385f-c22a-43e0-bf4c-06f5698ffbd9}",
                "level": "4",
                "channel": "Microsoft-Windows-Sysmon/Operational",
                "opcode": "0",
                "message": "\"File created:\r\nRuleName: DLL\r\nUtcTime: 2024-07-12 09:59:44.257\r\nProcessGuid: {e162455c-fe90-6690-3008-000000001800}\r\nProcessId: 3464\r\nImage: c:\\test\\l_test.exe\r\nTargetFilename: C:\\Windows\\Temp\\_MEI34642\\api-ms-win-core-heap-l1-1-0.dll\r\nCreationUtcTime: 2024-07-12 09:59:44.257\r\nUser: NT AUTHORITY\\SYSTEM\"",
                "version": "2",
                "systemTime": "2024-07-12T09:59:44.2584120Z",
                "eventRecordID": "3583",
                "threadID": "3696",
                "computer": "hq06.office.tyrdemo.se",
                "task": "11",
                "processID": "2184",
                "severityValue": "INFORMATION",
                "providerName": "Microsoft-Windows-Sysmon"
              }
            }
          },
          "rule": {
            "firedtimes": 285,
            "mail": true,
            "level": 13,
            "description": "Unsigned Binary Loaded From Suspicious Location",
            "groups": [
              "sigma"
            ],
            "id": "900228"
          },
          "decoder": {
            "name": "windows_eventchannel"
          },
          "input": {
            "type": "log"
          },
          "@timestamp": "2024-07-12T09:59:45.313Z",
          "location": "EventChannel",
          "id": "1720778385.102703603",
          "timestamp": "2024-07-12T11:59:45.313+0200"
        }
      },
      {
        "_index": "wazuh-alerts-4.x-2024.07.12",
        "_id": "ILNippABLu9BFc0MbTzN",
        "_score": 2.0,
        "_source": {
          "agent": {
            "ip": "134.23.3.16",
            "name": "hq06",
            "id": "020"
          },
          "manager": {
            "name": "wazuh"
          },
          "data": {
            "win": {
              "eventdata": {
                "image": "c:\\\\test\\\\l_test.exe",
                "processGuid": "{e162455c-fe90-6690-3008-000000001800}",
                "processId": "3464",
                "utcTime": "2024-07-12 09:59:44.257",
                "targetFilename": "C:\\\\Windows\\\\Temp\\\\_MEI34642\\\\api-ms-win-core-memory-l1-1-0.dll",
                "ruleName": "DLL",
                "creationUtcTime": "2024-07-12 09:59:44.257",
                "user": "NT AUTHORITY\\\\SYSTEM"
              },
              "system": {
                "eventID": "11",
                "keywords": "0x8000000000000000",
                "providerGuid": "{5770385f-c22a-43e0-bf4c-06f5698ffbd9}",
                "level": "4",
                "channel": "Microsoft-Windows-Sysmon/Operational",
                "opcode": "0",
                "message": "\"File created:\r\nRuleName: DLL\r\nUtcTime: 2024-07-12 09:59:44.257\r\nProcessGuid: {e162455c-fe90-6690-3008-000000001800}\r\nProcessId: 3464\r\nImage: c:\\test\\l_test.exe\r\nTargetFilename: C:\\Windows\\Temp\\_MEI34642\\api-ms-win-core-memory-l1-1-0.dll\r\nCreationUtcTime: 2024-07-12 09:59:44.257\r\nUser: NT AUTHORITY\\SYSTEM\"",
                "version": "2",
                "systemTime": "2024-07-12T09:59:44.2597599Z",
                "eventRecordID": "3587",
                "threadID": "3696",
                "computer": "hq06.office.tyrdemo.se",
                "task": "11",
                "processID": "2184",
                "severityValue": "INFORMATION",
                "providerName": "Microsoft-Windows-Sysmon"
              }
            }
          },
          "rule": {
            "firedtimes": 289,
            "mail": true,
            "level": 13,
            "description": "Unsigned Binary Loaded From Suspicious Location",
            "groups": [
              "sigma"
            ],
            "id": "900228"
          },
          "decoder": {
            "name": "windows_eventchannel"
          },
          "input": {
            "type": "log"
          },
          "@timestamp": "2024-07-12T09:59:45.376Z",
          "location": "EventChannel",
          "id": "1720778385.102713907",
          "timestamp": "2024-07-12T11:59:45.376+0200"
        }
      },
      {
        "_index": "wazuh-alerts-4.x-2024.07.12",
        "_id": "KbNippABLu9BFc0MbTzN",
        "_score": 2.0,
        "_source": {
          "agent": {
            "ip": "134.23.3.16",
            "name": "hq06",
            "id": "020"
          },
          "manager": {
            "name": "wazuh"
          },
          "data": {
            "win": {
              "eventdata": {
                "image": "c:\\\\test\\\\l_test.exe",
                "processGuid": "{e162455c-fe90-6690-3008-000000001800}",
                "processId": "3464",
                "utcTime": "2024-07-12 09:59:44.257",
                "targetFilename": "C:\\\\Windows\\\\Temp\\\\_MEI34642\\\\api-ms-win-core-synch-l1-2-0.dll",
                "ruleName": "DLL",
                "creationUtcTime": "2024-07-12 09:59:44.257",
                "user": "NT AUTHORITY\\\\SYSTEM"
              },
              "system": {
                "eventID": "11",
                "keywords": "0x8000000000000000",
                "providerGuid": "{5770385f-c22a-43e0-bf4c-06f5698ffbd9}",
                "level": "4",
                "channel": "Microsoft-Windows-Sysmon/Operational",
                "opcode": "0",
                "message": "\"File created:\r\nRuleName: DLL\r\nUtcTime: 2024-07-12 09:59:44.257\r\nProcessGuid: {e162455c-fe90-6690-3008-000000001800}\r\nProcessId: 3464\r\nImage: c:\\test\\l_test.exe\r\nTargetFilename: C:\\Windows\\Temp\\_MEI34642\\api-ms-win-core-synch-l1-2-0.dll\r\nCreationUtcTime: 2024-07-12 09:59:44.257\r\nUser: NT AUTHORITY\\SYSTEM\"",
                "version": "2",
                "systemTime": "2024-07-12T09:59:44.2629951Z",
                "eventRecordID": "3596",
                "threadID": "3696",
                "computer": "hq06.office.tyrdemo.se",
                "task": "11",
                "processID": "2184",
                "severityValue": "INFORMATION",
                "providerName": "Microsoft-Windows-Sysmon"
              }
            }
          },
          "rule": {
            "firedtimes": 298,
            "mail": true,
            "level": 13,
            "description": "Unsigned Binary Loaded From Suspicious Location",
            "groups": [
              "sigma"
            ],
            "id": "900228"
          },
          "decoder": {
            "name": "windows_eventchannel"
          },
          "input": {
            "type": "log"
          },
          "@timestamp": "2024-07-12T09:59:45.549Z",
          "location": "EventChannel",
          "id": "1720778385.102737087",
          "timestamp": "2024-07-12T11:59:45.549+0200"
        }
      },
      {
        "_index": "wazuh-alerts-4.x-2024.07.12",
        "_id": "LbNippABLu9BFc0MbTzN",
        "_score": 2.0,
        "_source": {
          "agent": {
            "ip": "134.23.3.16",
            "name": "hq06",
            "id": "020"
          },
          "manager": {
            "name": "wazuh"
          },
          "data": {
            "win": {
              "eventdata": {
                "image": "c:\\\\test\\\\l_test.exe",
                "processGuid": "{e162455c-fe90-6690-3008-000000001800}",
                "processId": "3464",
                "utcTime": "2024-07-12 09:59:44.257",
                "targetFilename": "C:\\\\Windows\\\\Temp\\\\_MEI34642\\\\api-ms-win-crt-conio-l1-1-0.dll",
                "ruleName": "DLL",
                "creationUtcTime": "2024-07-12 09:59:44.257",
                "user": "NT AUTHORITY\\\\SYSTEM"
              },
              "system": {
                "eventID": "11",
                "keywords": "0x8000000000000000",
                "providerGuid": "{5770385f-c22a-43e0-bf4c-06f5698ffbd9}",
                "level": "4",
                "channel": "Microsoft-Windows-Sysmon/Operational",
                "opcode": "0",
                "message": "\"File created:\r\nRuleName: DLL\r\nUtcTime: 2024-07-12 09:59:44.257\r\nProcessGuid: {e162455c-fe90-6690-3008-000000001800}\r\nProcessId: 3464\r\nImage: c:\\test\\l_test.exe\r\nTargetFilename: C:\\Windows\\Temp\\_MEI34642\\api-ms-win-crt-conio-l1-1-0.dll\r\nCreationUtcTime: 2024-07-12 09:59:44.257\r\nUser: NT AUTHORITY\\SYSTEM\"",
                "version": "2",
                "systemTime": "2024-07-12T09:59:44.2643196Z",
                "eventRecordID": "3600",
                "threadID": "3696",
                "computer": "hq06.office.tyrdemo.se",
                "task": "11",
                "processID": "2184",
                "severityValue": "INFORMATION",
                "providerName": "Microsoft-Windows-Sysmon"
              }
            }
          },
          "rule": {
            "firedtimes": 301,
            "mail": true,
            "level": 13,
            "description": "Unsigned Binary Loaded From Suspicious Location",
            "groups": [
              "sigma"
            ],
            "id": "900228"
          },
          "decoder": {
            "name": "windows_eventchannel"
          },
          "input": {
            "type": "log"
          },
          "@timestamp": "2024-07-12T09:59:45.626Z",
          "location": "EventChannel",
          "id": "1720778385.102745804",
          "timestamp": "2024-07-12T11:59:45.626+0200"
        }
      },
      {
        "_index": "wazuh-alerts-4.x-2024.07.12",
        "_id": "L7NippABLu9BFc0MbTzN",
        "_score": 2.0,
        "_source": {
          "agent": {
            "ip": "134.23.3.16",
            "name": "hq06",
            "id": "020"
          },
          "manager": {
            "name": "wazuh"
          },
          "data": {
            "win": {
              "eventdata": {
                "image": "c:\\\\test\\\\l_test.exe",
                "processGuid": "{e162455c-fe90-6690-3008-000000001800}",
                "processId": "3464",
                "utcTime": "2024-07-12 09:59:44.257",
                "targetFilename": "C:\\\\Windows\\\\Temp\\\\_MEI34642\\\\api-ms-win-crt-convert-l1-1-0.dll",
                "ruleName": "DLL",
                "creationUtcTime": "2024-07-12 09:59:44.257",
                "user": "NT AUTHORITY\\\\SYSTEM"
              },
              "system": {
                "eventID": "11",
                "keywords": "0x8000000000000000",
                "providerGuid": "{5770385f-c22a-43e0-bf4c-06f5698ffbd9}",
                "level": "4",
                "channel": "Microsoft-Windows-Sysmon/Operational",
                "opcode": "0",
                "message": "\"File created:\r\nRuleName: DLL\r\nUtcTime: 2024-07-12 09:59:44.257\r\nProcessGuid: {e162455c-fe90-6690-3008-000000001800}\r\nProcessId: 3464\r\nImage: c:\\test\\l_test.exe\r\nTargetFilename: C:\\Windows\\Temp\\_MEI34642\\api-ms-win-crt-convert-l1-1-0.dll\r\nCreationUtcTime: 2024-07-12 09:59:44.257\r\nUser: NT AUTHORITY\\SYSTEM\"",
                "version": "2",
                "systemTime": "2024-07-12T09:59:44.2646873Z",
                "eventRecordID": "3601",
                "threadID": "3696",
                "computer": "hq06.office.tyrdemo.se",
                "task": "11",
                "processID": "2184",
                "severityValue": "INFORMATION",
                "providerName": "Microsoft-Windows-Sysmon"
              }
            }
          },
          "rule": {
            "firedtimes": 303,
            "mail": true,
            "level": 13,
            "description": "Unsigned Binary Loaded From Suspicious Location",
            "groups": [
              "sigma"
            ],
            "id": "900228"
          },
          "decoder": {
            "name": "windows_eventchannel"
          },
          "input": {
            "type": "log"
          },
          "@timestamp": "2024-07-12T09:59:45.642Z",
          "location": "EventChannel",
          "id": "1720778385.102750908",
          "timestamp": "2024-07-12T11:59:45.642+0200"
        }
      },
      {
        "_index": "wazuh-alerts-4.x-2024.07.12",
        "_id": "MLNippABLu9BFc0MbTzN",
        "_score": 2.0,
        "_source": {
          "agent": {
            "ip": "134.23.3.16",
            "name": "hq06",
            "id": "020"
          },
          "manager": {
            "name": "wazuh"
          },
          "data": {
            "win": {
              "eventdata": {
                "image": "c:\\\\test\\\\l_test.exe",
                "processGuid": "{e162455c-fe90-6690-3008-000000001800}",
                "processId": "3464",
                "utcTime": "2024-07-12 09:59:44.257",
                "targetFilename": "C:\\\\Windows\\\\Temp\\\\_MEI34642\\\\api-ms-win-crt-environment-l1-1-0.dll",
                "ruleName": "DLL",
                "creationUtcTime": "2024-07-12 09:59:44.257",
                "user": "NT AUTHORITY\\\\SYSTEM"
              },
              "system": {
                "eventID": "11",
                "keywords": "0x8000000000000000",
                "providerGuid": "{5770385f-c22a-43e0-bf4c-06f5698ffbd9}",
                "level": "4",
                "channel": "Microsoft-Windows-Sysmon/Operational",
                "opcode": "0",
                "message": "\"File created:\r\nRuleName: DLL\r\nUtcTime: 2024-07-12 09:59:44.257\r\nProcessGuid: {e162455c-fe90-6690-3008-000000001800}\r\nProcessId: 3464\r\nImage: c:\\test\\l_test.exe\r\nTargetFilename: C:\\Windows\\Temp\\_MEI34642\\api-ms-win-crt-environment-l1-1-0.dll\r\nCreationUtcTime: 2024-07-12 09:59:44.257\r\nUser: NT AUTHORITY\\SYSTEM\"",
                "version": "2",
                "systemTime": "2024-07-12T09:59:44.2650496Z",
                "eventRecordID": "3602",
                "threadID": "3696",
                "computer": "hq06.office.tyrdemo.se",
                "task": "11",
                "processID": "2184",
                "severityValue": "INFORMATION",
                "providerName": "Microsoft-Windows-Sysmon"
              }
            }
          },
          "rule": {
            "firedtimes": 304,
            "mail": true,
            "level": 13,
            "description": "Unsigned Binary Loaded From Suspicious Location",
            "groups": [
              "sigma"
            ],
            "id": "900228"
          },
          "decoder": {
            "name": "windows_eventchannel"
          },
          "input": {
            "type": "log"
          },
          "@timestamp": "2024-07-12T09:59:45.657Z",
          "location": "EventChannel",
          "id": "1720778385.102753468",
          "timestamp": "2024-07-12T11:59:45.657+0200"
        }
      },
      {
        "_index": "wazuh-alerts-4.x-2024.07.12",
        "_id": "MbNippABLu9BFc0MbTzN",
        "_score": 2.0,
        "_source": {
          "agent": {
            "ip": "134.23.3.16",
            "name": "hq06",
            "id": "020"
          },
          "manager": {
            "name": "wazuh"
          },
          "data": {
            "win": {
              "eventdata": {
                "image": "c:\\\\test\\\\l_test.exe",
                "processGuid": "{e162455c-fe90-6690-3008-000000001800}",
                "processId": "3464",
                "utcTime": "2024-07-12 09:59:44.257",
                "targetFilename": "C:\\\\Windows\\\\Temp\\\\_MEI34642\\\\api-ms-win-crt-heap-l1-1-0.dll",
                "ruleName": "DLL",
                "creationUtcTime": "2024-07-12 09:59:44.257",
                "user": "NT AUTHORITY\\\\SYSTEM"
              },
              "system": {
                "eventID": "11",
                "keywords": "0x8000000000000000",
                "providerGuid": "{5770385f-c22a-43e0-bf4c-06f5698ffbd9}",
                "level": "4",
                "channel": "Microsoft-Windows-Sysmon/Operational",
                "opcode": "0",
                "message": "\"File created:\r\nRuleName: DLL\r\nUtcTime: 2024-07-12 09:59:44.257\r\nProcessGuid: {e162455c-fe90-6690-3008-000000001800}\r\nProcessId: 3464\r\nImage: c:\\test\\l_test.exe\r\nTargetFilename: C:\\Windows\\Temp\\_MEI34642\\api-ms-win-crt-heap-l1-1-0.dll\r\nCreationUtcTime: 2024-07-12 09:59:44.257\r\nUser: NT AUTHORITY\\SYSTEM\"",
                "version": "2",
                "systemTime": "2024-07-12T09:59:44.2660056Z",
                "eventRecordID": "3604",
                "threadID": "3696",
                "computer": "hq06.office.tyrdemo.se",
                "task": "11",
                "processID": "2184",
                "severityValue": "INFORMATION",
                "providerName": "Microsoft-Windows-Sysmon"
              }
            }
          },
          "rule": {
            "firedtimes": 305,
            "mail": true,
            "level": 13,
            "description": "Unsigned Binary Loaded From Suspicious Location",
            "groups": [
              "sigma"
            ],
            "id": "900228"
          },
          "decoder": {
            "name": "windows_eventchannel"
          },
          "input": {
            "type": "log"
          },
          "@timestamp": "2024-07-12T09:59:45.704Z",
          "location": "EventChannel",
          "id": "1720778385.102756044",
          "timestamp": "2024-07-12T11:59:45.704+0200"
        }
      },
      {
        "_index": "wazuh-alerts-4.x-2024.07.12",
        "_id": "MrNippABLu9BFc0MbTzN",
        "_score": 2.0,
        "_source": {
          "agent": {
            "ip": "134.23.3.16",
            "name": "hq06",
            "id": "020"
          },
          "manager": {
            "name": "wazuh"
          },
          "data": {
            "win": {
              "eventdata": {
                "image": "c:\\\\test\\\\l_test.exe",
                "processGuid": "{e162455c-fe90-6690-3008-000000001800}",
                "processId": "3464",
                "utcTime": "2024-07-12 09:59:44.257",
                "targetFilename": "C:\\\\Windows\\\\Temp\\\\_MEI34642\\\\api-ms-win-crt-filesystem-l1-1-0.dll",
                "ruleName": "DLL",
                "creationUtcTime": "2024-07-12 09:59:44.257",
                "user": "NT AUTHORITY\\\\SYSTEM"
              },
              "system": {
                "eventID": "11",
                "keywords": "0x8000000000000000",
                "providerGuid": "{5770385f-c22a-43e0-bf4c-06f5698ffbd9}",
                "level": "4",
                "channel": "Microsoft-Windows-Sysmon/Operational",
                "opcode": "0",
                "message": "\"File created:\r\nRuleName: DLL\r\nUtcTime: 2024-07-12 09:59:44.257\r\nProcessGuid: {e162455c-fe90-6690-3008-000000001800}\r\nProcessId: 3464\r\nImage: c:\\test\\l_test.exe\r\nTargetFilename: C:\\Windows\\Temp\\_MEI34642\\api-ms-win-crt-filesystem-l1-1-0.dll\r\nCreationUtcTime: 2024-07-12 09:59:44.257\r\nUser: NT AUTHORITY\\SYSTEM\"",
                "version": "2",
                "systemTime": "2024-07-12T09:59:44.2656537Z",
                "eventRecordID": "3603",
                "threadID": "3696",
                "computer": "hq06.office.tyrdemo.se",
                "task": "11",
                "processID": "2184",
                "severityValue": "INFORMATION",
                "providerName": "Microsoft-Windows-Sysmon"
              }
            }
          },
          "rule": {
            "firedtimes": 306,
            "mail": true,
            "level": 13,
            "description": "Unsigned Binary Loaded From Suspicious Location",
            "groups": [
              "sigma"
            ],
            "id": "900228"
          },
          "decoder": {
            "name": "windows_eventchannel"
          },
          "input": {
            "type": "log"
          },
          "@timestamp": "2024-07-12T09:59:45.704Z",
          "location": "EventChannel",
          "id": "1720778385.102758592",
          "timestamp": "2024-07-12T11:59:45.704+0200"
        }
      },
      {
        "_index": "wazuh-alerts-4.x-2024.07.12",
        "_id": "ObNippABLu9BFc0MbTzN",
        "_score": 2.0,
        "_source": {
          "agent": {
            "ip": "134.23.3.16",
            "name": "hq06",
            "id": "020"
          },
          "manager": {
            "name": "wazuh"
          },
          "data": {
            "win": {
              "eventdata": {
                "image": "c:\\\\test\\\\l_test.exe",
                "processGuid": "{e162455c-fe90-6690-3008-000000001800}",
                "processId": "3464",
                "utcTime": "2024-07-12 09:59:44.257",
                "targetFilename": "C:\\\\Windows\\\\Temp\\\\_MEI34642\\\\api-ms-win-crt-string-l1-1-0.dll",
                "ruleName": "DLL",
                "creationUtcTime": "2024-07-12 09:59:44.257",
                "user": "NT AUTHORITY\\\\SYSTEM"
              },
              "system": {
                "eventID": "11",
                "keywords": "0x8000000000000000",
                "providerGuid": "{5770385f-c22a-43e0-bf4c-06f5698ffbd9}",
                "level": "4",
                "channel": "Microsoft-Windows-Sysmon/Operational",
                "opcode": "0",
                "message": "\"File created:\r\nRuleName: DLL\r\nUtcTime: 2024-07-12 09:59:44.257\r\nProcessGuid: {e162455c-fe90-6690-3008-000000001800}\r\nProcessId: 3464\r\nImage: c:\\test\\l_test.exe\r\nTargetFilename: C:\\Windows\\Temp\\_MEI34642\\api-ms-win-crt-string-l1-1-0.dll\r\nCreationUtcTime: 2024-07-12 09:59:44.257\r\nUser: NT AUTHORITY\\SYSTEM\"",
                "version": "2",
                "systemTime": "2024-07-12T09:59:44.2685870Z",
                "eventRecordID": "3610",
                "threadID": "3696",
                "computer": "hq06.office.tyrdemo.se",
                "task": "11",
                "processID": "2184",
                "severityValue": "INFORMATION",
                "providerName": "Microsoft-Windows-Sysmon"
              }
            }
          },
          "rule": {
            "firedtimes": 312,
            "mail": true,
            "level": 13,
            "description": "Unsigned Binary Loaded From Suspicious Location",
            "groups": [
              "sigma"
            ],
            "id": "900228"
          },
          "decoder": {
            "name": "windows_eventchannel"
          },
          "input": {
            "type": "log"
          },
          "@timestamp": "2024-07-12T09:59:45.814Z",
          "location": "EventChannel",
          "id": "1720778385.102776053",
          "timestamp": "2024-07-12T11:59:45.814+0200"
        }
      },
      {
        "_index": "wazuh-alerts-4.x-2024.07.12",
        "_id": "OrNippABLu9BFc0MbTzN",
        "_score": 2.0,
        "_source": {
          "agent": {
            "ip": "134.23.3.16",
            "name": "hq06",
            "id": "020"
          },
          "manager": {
            "name": "wazuh"
          },
          "data": {
            "win": {
              "eventdata": {
                "image": "c:\\\\test\\\\l_test.exe",
                "processGuid": "{e162455c-fe90-6690-3008-000000001800}",
                "processId": "3464",
                "utcTime": "2024-07-12 09:59:44.257",
                "targetFilename": "C:\\\\Windows\\\\Temp\\\\_MEI34642\\\\api-ms-win-crt-time-l1-1-0.dll",
                "ruleName": "DLL",
                "creationUtcTime": "2024-07-12 09:59:44.257",
                "user": "NT AUTHORITY\\\\SYSTEM"
              },
              "system": {
                "eventID": "11",
                "keywords": "0x8000000000000000",
                "providerGuid": "{5770385f-c22a-43e0-bf4c-06f5698ffbd9}",
                "level": "4",
                "channel": "Microsoft-Windows-Sysmon/Operational",
                "opcode": "0",
                "message": "\"File created:\r\nRuleName: DLL\r\nUtcTime: 2024-07-12 09:59:44.257\r\nProcessGuid: {e162455c-fe90-6690-3008-000000001800}\r\nProcessId: 3464\r\nImage: c:\\test\\l_test.exe\r\nTargetFilename: C:\\Windows\\Temp\\_MEI34642\\api-ms-win-crt-time-l1-1-0.dll\r\nCreationUtcTime: 2024-07-12 09:59:44.257\r\nUser: NT AUTHORITY\\SYSTEM\"",
                "version": "2",
                "systemTime": "2024-07-12T09:59:44.2688950Z",
                "eventRecordID": "3611",
                "threadID": "3696",
                "computer": "hq06.office.tyrdemo.se",
                "task": "11",
                "processID": "2184",
                "severityValue": "INFORMATION",
                "providerName": "Microsoft-Windows-Sysmon"
              }
            }
          },
          "rule": {
            "firedtimes": 313,
            "mail": true,
            "level": 13,
            "description": "Unsigned Binary Loaded From Suspicious Location",
            "groups": [
              "sigma"
            ],
            "id": "900228"
          },
          "decoder": {
            "name": "windows_eventchannel"
          },
          "input": {
            "type": "log"
          },
          "@timestamp": "2024-07-12T09:59:45.845Z",
          "location": "EventChannel",
          "id": "1720778385.102778609",
          "timestamp": "2024-07-12T11:59:45.845+0200"
        }
      },
      {
        "_index": "wazuh-alerts-4.x-2024.07.12",
        "_id": "PLNippABLu9BFc0McTyy",
        "_score": 2.0,
        "_source": {
          "agent": {
            "ip": "134.23.3.16",
            "name": "hq06",
            "id": "020"
          },
          "manager": {
            "name": "wazuh"
          },
          "data": {
            "win": {
              "eventdata": {
                "image": "c:\\\\test\\\\l_test.exe",
                "processGuid": "{e162455c-fe90-6690-3008-000000001800}",
                "processId": "3464",
                "utcTime": "2024-07-12 09:59:44.273",
                "targetFilename": "C:\\\\Windows\\\\Temp\\\\_MEI34642\\\\libcrypto-1_1.dll",
                "ruleName": "DLL",
                "creationUtcTime": "2024-07-12 09:59:44.273",
                "user": "NT AUTHORITY\\\\SYSTEM"
              },
              "system": {
                "eventID": "11",
                "keywords": "0x8000000000000000",
                "providerGuid": "{5770385f-c22a-43e0-bf4c-06f5698ffbd9}",
                "level": "4",
                "channel": "Microsoft-Windows-Sysmon/Operational",
                "opcode": "0",
                "message": "\"File created:\r\nRuleName: DLL\r\nUtcTime: 2024-07-12 09:59:44.273\r\nProcessGuid: {e162455c-fe90-6690-3008-000000001800}\r\nProcessId: 3464\r\nImage: c:\\test\\l_test.exe\r\nTargetFilename: C:\\Windows\\Temp\\_MEI34642\\libcrypto-1_1.dll\r\nCreationUtcTime: 2024-07-12 09:59:44.273\r\nUser: NT AUTHORITY\\SYSTEM\"",
                "version": "2",
                "systemTime": "2024-07-12T09:59:44.2796324Z",
                "eventRecordID": "3613",
                "threadID": "3696",
                "computer": "hq06.office.tyrdemo.se",
                "task": "11",
                "processID": "2184",
                "severityValue": "INFORMATION",
                "providerName": "Microsoft-Windows-Sysmon"
              }
            }
          },
          "rule": {
            "firedtimes": 315,
            "mail": true,
            "level": 13,
            "description": "Unsigned Binary Loaded From Suspicious Location",
            "groups": [
              "sigma"
            ],
            "id": "900228"
          },
          "decoder": {
            "name": "windows_eventchannel"
          },
          "input": {
            "type": "log"
          },
          "@timestamp": "2024-07-12T09:59:45.860Z",
          "location": "EventChannel",
          "id": "1720778385.102783717",
          "timestamp": "2024-07-12T11:59:45.860+0200"
        }
      },
      {
        "_index": "wazuh-alerts-4.x-2024.07.12",
        "_id": "QbNippABLu9BFc0McTyy",
        "_score": 2.0,
        "_source": {
          "agent": {
            "ip": "134.23.3.16",
            "name": "hq06",
            "id": "020"
          },
          "manager": {
            "name": "wazuh"
          },
          "data": {
            "win": {
              "eventdata": {
                "image": "c:\\\\test\\\\l_test.exe",
                "processGuid": "{e162455c-fe90-6690-3008-000000001800}",
                "processId": "3464",
                "utcTime": "2024-07-12 09:59:44.289",
                "targetFilename": "C:\\\\Windows\\\\Temp\\\\_MEI34642\\\\msvcr100.dll",
                "ruleName": "DLL",
                "creationUtcTime": "2024-07-12 09:59:44.289",
                "user": "NT AUTHORITY\\\\SYSTEM"
              },
              "system": {
                "eventID": "11",
                "keywords": "0x8000000000000000",
                "providerGuid": "{5770385f-c22a-43e0-bf4c-06f5698ffbd9}",
                "level": "4",
                "channel": "Microsoft-Windows-Sysmon/Operational",
                "opcode": "0",
                "message": "\"File created:\r\nRuleName: DLL\r\nUtcTime: 2024-07-12 09:59:44.289\r\nProcessGuid: {e162455c-fe90-6690-3008-000000001800}\r\nProcessId: 3464\r\nImage: c:\\test\\l_test.exe\r\nTargetFilename: C:\\Windows\\Temp\\_MEI34642\\msvcr100.dll\r\nCreationUtcTime: 2024-07-12 09:59:44.289\r\nUser: NT AUTHORITY\\SYSTEM\"",
                "version": "2",
                "systemTime": "2024-07-12T09:59:44.2925988Z",
                "eventRecordID": "3616",
                "threadID": "3696",
                "computer": "hq06.office.tyrdemo.se",
                "task": "11",
                "processID": "2184",
                "severityValue": "INFORMATION",
                "providerName": "Microsoft-Windows-Sysmon"
              }
            }
          },
          "rule": {
            "firedtimes": 320,
            "mail": true,
            "level": 13,
            "description": "Unsigned Binary Loaded From Suspicious Location",
            "groups": [
              "sigma"
            ],
            "id": "900228"
          },
          "decoder": {
            "name": "windows_eventchannel"
          },
          "input": {
            "type": "log"
          },
          "@timestamp": "2024-07-12T09:59:45.955Z",
          "location": "EventChannel",
          "id": "1720778385.102796121",
          "timestamp": "2024-07-12T11:59:45.955+0200"
        }
      },
      {
        "_index": "wazuh-alerts-4.x-2024.07.12",
        "_id": "QrNippABLu9BFc0McTyy",
        "_score": 2.0,
        "_source": {
          "agent": {
            "ip": "134.23.3.16",
            "name": "hq06",
            "id": "020"
          },
          "manager": {
            "name": "wazuh"
          },
          "data": {
            "win": {
              "eventdata": {
                "image": "c:\\\\test\\\\l_test.exe",
                "processGuid": "{e162455c-fe90-6690-3008-000000001800}",
                "processId": "3464",
                "utcTime": "2024-07-12 09:59:44.306",
                "targetFilename": "C:\\\\Windows\\\\Temp\\\\_MEI34642\\\\ucrtbase.dll",
                "ruleName": "DLL",
                "creationUtcTime": "2024-07-12 09:59:44.306",
                "user": "NT AUTHORITY\\\\SYSTEM"
              },
              "system": {
                "eventID": "11",
                "keywords": "0x8000000000000000",
                "providerGuid": "{5770385f-c22a-43e0-bf4c-06f5698ffbd9}",
                "level": "4",
                "channel": "Microsoft-Windows-Sysmon/Operational",
                "opcode": "0",
                "message": "\"File created:\r\nRuleName: DLL\r\nUtcTime: 2024-07-12 09:59:44.306\r\nProcessGuid: {e162455c-fe90-6690-3008-000000001800}\r\nProcessId: 3464\r\nImage: c:\\test\\l_test.exe\r\nTargetFilename: C:\\Windows\\Temp\\_MEI34642\\ucrtbase.dll\r\nCreationUtcTime: 2024-07-12 09:59:44.306\r\nUser: NT AUTHORITY\\SYSTEM\"",
                "version": "2",
                "systemTime": "2024-07-12T09:59:44.3181210Z",
                "eventRecordID": "3619",
                "threadID": "3696",
                "computer": "hq06.office.tyrdemo.se",
                "task": "11",
                "processID": "2184",
                "severityValue": "INFORMATION",
                "providerName": "Microsoft-Windows-Sysmon"
              }
            }
          },
          "rule": {
            "firedtimes": 321,
            "mail": true,
            "level": 13,
            "description": "Unsigned Binary Loaded From Suspicious Location",
            "groups": [
              "sigma"
            ],
            "id": "900228"
          },
          "decoder": {
            "name": "windows_eventchannel"
          },
          "input": {
            "type": "log"
          },
          "@timestamp": "2024-07-12T09:59:45.970Z",
          "location": "EventChannel",
          "id": "1720778385.102798597",
          "timestamp": "2024-07-12T11:59:45.970+0200"
        }
      },
