      {
        "_index": "wazuh-alerts-4.x-2024.07.12",
        "_id": "1bN1ppABLu9BFc0MEk7A",
        "_score": 2.0,
        "_source": {
          "agent": {
            "ip": "134.23.2.14",
            "name": "weborder",
            "id": "002"
          },
          "manager": {
            "name": "wazuh"
          },
          "data": {
            "win": {
              "eventdata": {
                "image": "c:\\\\vmtools\\\\l_test.exe",
                "processGuid": "{b0adf49e-0356-6691-7f04-000000000a00}",
                "processId": "3984",
                "utcTime": "2024-07-12 10:20:06.348",
                "targetFilename": "C:\\\\Windows\\\\Temp\\\\_MEI39842\\\\api-ms-win-core-processthreads-l1-1-1.dll",
                "ruleName": "DLL",
                "creationUtcTime": "2024-07-12 10:20:06.348",
                "user": "NT AUTHORITY\\\\SYSTEM"
              },
              "system": {
                "eventID": "11",
                "keywords": "0x8000000000000000",
                "providerGuid": "{5770385f-c22a-43e0-bf4c-06f5698ffbd9}",
                "level": "4",
                "channel": "Microsoft-Windows-Sysmon/Operational",
                "opcode": "0",
                "message": "\"File created:\r\nRuleName: DLL\r\nUtcTime: 2024-07-12 10:20:06.348\r\nProcessGuid: {b0adf49e-0356-6691-7f04-000000000a00}\r\nProcessId: 3984\r\nImage: c:\\vmtools\\l_test.exe\r\nTargetFilename: C:\\Windows\\Temp\\_MEI39842\\api-ms-win-core-processthreads-l1-1-1.dll\r\nCreationUtcTime: 2024-07-12 10:20:06.348\r\nUser: NT AUTHORITY\\SYSTEM\"",
                "version": "2",
                "systemTime": "2024-07-12T10:20:06.361159400Z",
                "eventRecordID": "4042",
                "threadID": "3640",
                "computer": "weborder.tyrdemo.se",
                "task": "11",
                "processID": "2564",
                "severityValue": "INFORMATION",
                "providerName": "Microsoft-Windows-Sysmon"
              }
            }
          },
          "rule": {
            "firedtimes": 350,
            "mail": true,
            "level": 13,
            "description": "Unsigned Binary Loaded From Suspicious Location",
            "groups": [
              "sigma"
            ],
            "id": "900228"
          },
          "decoder": {
            "name": "windows_eventchannel"
          },
          "input": {
            "type": "log"
          },
          "@timestamp": "2024-07-12T10:20:07.629Z",
          "location": "EventChannel",
          "id": "1720779607.110652284",
          "timestamp": "2024-07-12T12:20:07.629+0200"
        }
      },
      {
        "_index": "wazuh-alerts-4.x-2024.07.12",
        "_id": "1rN1ppABLu9BFc0MEk7A",
        "_score": 2.0,
        "_source": {
          "agent": {
            "ip": "134.23.2.14",
            "name": "weborder",
            "id": "002"
          },
          "manager": {
            "name": "wazuh"
          },
          "data": {
            "win": {
              "eventdata": {
                "image": "c:\\\\vmtools\\\\l_test.exe",
                "processGuid": "{b0adf49e-0356-6691-7f04-000000000a00}",
                "processId": "3984",
                "utcTime": "2024-07-12 10:20:06.348",
                "targetFilename": "C:\\\\Windows\\\\Temp\\\\_MEI39842\\\\api-ms-win-core-rtlsupport-l1-1-0.dll",
                "ruleName": "DLL",
                "creationUtcTime": "2024-07-12 10:20:06.348",
                "user": "NT AUTHORITY\\\\SYSTEM"
              },
              "system": {
                "eventID": "11",
                "keywords": "0x8000000000000000",
                "providerGuid": "{5770385f-c22a-43e0-bf4c-06f5698ffbd9}",
                "level": "4",
                "channel": "Microsoft-Windows-Sysmon/Operational",
                "opcode": "0",
                "message": "\"File created:\r\nRuleName: DLL\r\nUtcTime: 2024-07-12 10:20:06.348\r\nProcessGuid: {b0adf49e-0356-6691-7f04-000000000a00}\r\nProcessId: 3984\r\nImage: c:\\vmtools\\l_test.exe\r\nTargetFilename: C:\\Windows\\Temp\\_MEI39842\\api-ms-win-core-rtlsupport-l1-1-0.dll\r\nCreationUtcTime: 2024-07-12 10:20:06.348\r\nUser: NT AUTHORITY\\SYSTEM\"",
                "version": "2",
                "systemTime": "2024-07-12T10:20:06.361733400Z",
                "eventRecordID": "4044",
                "threadID": "3640",
                "computer": "weborder.tyrdemo.se",
                "task": "11",
                "processID": "2564",
                "severityValue": "INFORMATION",
                "providerName": "Microsoft-Windows-Sysmon"
              }
            }
          },
          "rule": {
            "firedtimes": 351,
            "mail": true,
            "level": 13,
            "description": "Unsigned Binary Loaded From Suspicious Location",
            "groups": [
              "sigma"
            ],
            "id": "900228"
          },
          "decoder": {
            "name": "windows_eventchannel"
          },
          "input": {
            "type": "log"
          },
          "@timestamp": "2024-07-12T10:20:07.644Z",
          "location": "EventChannel",
          "id": "1720779607.110654890",
          "timestamp": "2024-07-12T12:20:07.644+0200"
        }
      },
      {
        "_index": "wazuh-alerts-4.x-2024.07.12",
        "_id": "17N1ppABLu9BFc0MEk7A",
        "_score": 2.0,
        "_source": {
          "agent": {
            "ip": "134.23.2.14",
            "name": "weborder",
            "id": "002"
          },
          "manager": {
            "name": "wazuh"
          },
          "data": {
            "win": {
              "eventdata": {
                "image": "c:\\\\vmtools\\\\l_test.exe",
                "processGuid": "{b0adf49e-0356-6691-7f04-000000000a00}",
                "processId": "3984",
                "utcTime": "2024-07-12 10:20:06.348",
                "targetFilename": "C:\\\\Windows\\\\Temp\\\\_MEI39842\\\\api-ms-win-core-string-l1-1-0.dll",
                "ruleName": "DLL",
                "creationUtcTime": "2024-07-12 10:20:06.348",
                "user": "NT AUTHORITY\\\\SYSTEM"
              },
              "system": {
                "eventID": "11",
                "keywords": "0x8000000000000000",
                "providerGuid": "{5770385f-c22a-43e0-bf4c-06f5698ffbd9}",
                "level": "4",
                "channel": "Microsoft-Windows-Sysmon/Operational",
                "opcode": "0",
                "message": "\"File created:\r\nRuleName: DLL\r\nUtcTime: 2024-07-12 10:20:06.348\r\nProcessGuid: {b0adf49e-0356-6691-7f04-000000000a00}\r\nProcessId: 3984\r\nImage: c:\\vmtools\\l_test.exe\r\nTargetFilename: C:\\Windows\\Temp\\_MEI39842\\api-ms-win-core-string-l1-1-0.dll\r\nCreationUtcTime: 2024-07-12 10:20:06.348\r\nUser: NT AUTHORITY\\SYSTEM\"",
                "version": "2",
                "systemTime": "2024-07-12T10:20:06.362011300Z",
                "eventRecordID": "4045",
                "threadID": "3640",
                "computer": "weborder.tyrdemo.se",
                "task": "11",
                "processID": "2564",
                "severityValue": "INFORMATION",
                "providerName": "Microsoft-Windows-Sysmon"
              }
            }
          },
          "rule": {
            "firedtimes": 352,
            "mail": true,
            "level": 13,
            "description": "Unsigned Binary Loaded From Suspicious Location",
            "groups": [
              "sigma"
            ],
            "id": "900228"
          },
          "decoder": {
            "name": "windows_eventchannel"
          },
          "input": {
            "type": "log"
          },
          "@timestamp": "2024-07-12T10:20:07.660Z",
          "location": "EventChannel",
          "id": "1720779607.110657480",
          "timestamp": "2024-07-12T12:20:07.660+0200"
        }
      },
      {
        "_index": "wazuh-alerts-4.x-2024.07.12",
        "_id": "3bN1ppABLu9BFc0MFk6p",
        "_score": 2.0,
        "_source": {
          "agent": {
            "ip": "134.23.2.14",
            "name": "weborder",
            "id": "002"
          },
          "manager": {
            "name": "wazuh"
          },
          "data": {
            "win": {
              "eventdata": {
                "image": "c:\\\\vmtools\\\\l_test.exe",
                "processGuid": "{b0adf49e-0356-6691-7f04-000000000a00}",
                "processId": "3984",
                "utcTime": "2024-07-12 10:20:06.348",
                "targetFilename": "C:\\\\Windows\\\\Temp\\\\_MEI39842\\\\api-ms-win-crt-conio-l1-1-0.dll",
                "ruleName": "DLL",
                "creationUtcTime": "2024-07-12 10:20:06.348",
                "user": "NT AUTHORITY\\\\SYSTEM"
              },
              "system": {
                "eventID": "11",
                "keywords": "0x8000000000000000",
                "providerGuid": "{5770385f-c22a-43e0-bf4c-06f5698ffbd9}",
                "level": "4",
                "channel": "Microsoft-Windows-Sysmon/Operational",
                "opcode": "0",
                "message": "\"File created:\r\nRuleName: DLL\r\nUtcTime: 2024-07-12 10:20:06.348\r\nProcessGuid: {b0adf49e-0356-6691-7f04-000000000a00}\r\nProcessId: 3984\r\nImage: c:\\vmtools\\l_test.exe\r\nTargetFilename: C:\\Windows\\Temp\\_MEI39842\\api-ms-win-crt-conio-l1-1-0.dll\r\nCreationUtcTime: 2024-07-12 10:20:06.348\r\nUser: NT AUTHORITY\\SYSTEM\"",
                "version": "2",
                "systemTime": "2024-07-12T10:20:06.363731700Z",
                "eventRecordID": "4051",
                "threadID": "3640",
                "computer": "weborder.tyrdemo.se",
                "task": "11",
                "processID": "2564",
                "severityValue": "INFORMATION",
                "providerName": "Microsoft-Windows-Sysmon"
              }
            }
          },
          "rule": {
            "firedtimes": 358,
            "mail": true,
            "level": 13,
            "description": "Unsigned Binary Loaded From Suspicious Location",
            "groups": [
              "sigma"
            ],
            "id": "900228"
          },
          "decoder": {
            "name": "windows_eventchannel"
          },
          "input": {
            "type": "log"
          },
          "@timestamp": "2024-07-12T10:20:07.754Z",
          "location": "EventChannel",
          "id": "1720779607.110672920",
          "timestamp": "2024-07-12T12:20:07.754+0200"
        }
      },
      {
        "_index": "wazuh-alerts-4.x-2024.07.12",
        "_id": "4LN1ppABLu9BFc0MFk6p",
        "_score": 2.0,
        "_source": {
          "agent": {
            "ip": "134.23.2.14",
            "name": "weborder",
            "id": "002"
          },
          "manager": {
            "name": "wazuh"
          },
          "data": {
            "win": {
              "eventdata": {
                "image": "c:\\\\vmtools\\\\l_test.exe",
                "processGuid": "{b0adf49e-0356-6691-7f04-000000000a00}",
                "processId": "3984",
                "utcTime": "2024-07-12 10:20:06.364",
                "targetFilename": "C:\\\\Windows\\\\Temp\\\\_MEI39842\\\\api-ms-win-crt-heap-l1-1-0.dll",
                "ruleName": "DLL",
                "creationUtcTime": "2024-07-12 10:20:06.348",
                "user": "NT AUTHORITY\\\\SYSTEM"
              },
              "system": {
                "eventID": "11",
                "keywords": "0x8000000000000000",
                "providerGuid": "{5770385f-c22a-43e0-bf4c-06f5698ffbd9}",
                "level": "4",
                "channel": "Microsoft-Windows-Sysmon/Operational",
                "opcode": "0",
                "message": "\"File created:\r\nRuleName: DLL\r\nUtcTime: 2024-07-12 10:20:06.364\r\nProcessGuid: {b0adf49e-0356-6691-7f04-000000000a00}\r\nProcessId: 3984\r\nImage: c:\\vmtools\\l_test.exe\r\nTargetFilename: C:\\Windows\\Temp\\_MEI39842\\api-ms-win-crt-heap-l1-1-0.dll\r\nCreationUtcTime: 2024-07-12 10:20:06.348\r\nUser: NT AUTHORITY\\SYSTEM\"",
                "version": "2",
                "systemTime": "2024-07-12T10:20:06.365051500Z",
                "eventRecordID": "4055",
                "threadID": "3640",
                "computer": "weborder.tyrdemo.se",
                "task": "11",
                "processID": "2564",
                "severityValue": "INFORMATION",
                "providerName": "Microsoft-Windows-Sysmon"
              }
            }
          },
          "rule": {
            "firedtimes": 361,
            "mail": true,
            "level": 13,
            "description": "Unsigned Binary Loaded From Suspicious Location",
            "groups": [
              "sigma"
            ],
            "id": "900228"
          },
          "decoder": {
            "name": "windows_eventchannel"
          },
          "input": {
            "type": "log"
          },
          "@timestamp": "2024-07-12T10:20:07.843Z",
          "location": "EventChannel",
          "id": "1720779607.110680650",
          "timestamp": "2024-07-12T12:20:07.843+0200"
        }
      },
      {
        "_index": "wazuh-alerts-4.x-2024.07.12",
        "_id": "4bN1ppABLu9BFc0MFk6p",
        "_score": 2.0,
        "_source": {
          "agent": {
            "ip": "134.23.2.14",
            "name": "weborder",
            "id": "002"
          },
          "manager": {
            "name": "wazuh"
          },
          "data": {
            "win": {
              "eventdata": {
                "image": "c:\\\\vmtools\\\\l_test.exe",
                "processGuid": "{b0adf49e-0356-6691-7f04-000000000a00}",
                "processId": "3984",
                "utcTime": "2024-07-12 10:20:06.348",
                "targetFilename": "C:\\\\Windows\\\\Temp\\\\_MEI39842\\\\api-ms-win-crt-filesystem-l1-1-0.dll",
                "ruleName": "DLL",
                "creationUtcTime": "2024-07-12 10:20:06.348",
                "user": "NT AUTHORITY\\\\SYSTEM"
              },
              "system": {
                "eventID": "11",
                "keywords": "0x8000000000000000",
                "providerGuid": "{5770385f-c22a-43e0-bf4c-06f5698ffbd9}",
                "level": "4",
                "channel": "Microsoft-Windows-Sysmon/Operational",
                "opcode": "0",
                "message": "\"File created:\r\nRuleName: DLL\r\nUtcTime: 2024-07-12 10:20:06.348\r\nProcessGuid: {b0adf49e-0356-6691-7f04-000000000a00}\r\nProcessId: 3984\r\nImage: c:\\vmtools\\l_test.exe\r\nTargetFilename: C:\\Windows\\Temp\\_MEI39842\\api-ms-win-crt-filesystem-l1-1-0.dll\r\nCreationUtcTime: 2024-07-12 10:20:06.348\r\nUser: NT AUTHORITY\\SYSTEM\"",
                "version": "2",
                "systemTime": "2024-07-12T10:20:06.364689600Z",
                "eventRecordID": "4054",
                "threadID": "3640",
                "computer": "weborder.tyrdemo.se",
                "task": "11",
                "processID": "2564",
                "severityValue": "INFORMATION",
                "providerName": "Microsoft-Windows-Sysmon"
              }
            }
          },
          "rule": {
            "firedtimes": 362,
            "mail": true,
            "level": 13,
            "description": "Unsigned Binary Loaded From Suspicious Location",
            "groups": [
              "sigma"
            ],
            "id": "900228"
          },
          "decoder": {
            "name": "windows_eventchannel"
          },
          "input": {
            "type": "log"
          },
          "@timestamp": "2024-07-12T10:20:07.843Z",
          "location": "EventChannel",
          "id": "1720779607.110683212",
          "timestamp": "2024-07-12T12:20:07.843+0200"
        }
      },
      {
        "_index": "wazuh-alerts-4.x-2024.07.12",
        "_id": "47N1ppABLu9BFc0MFk6p",
        "_score": 2.0,
        "_source": {
          "agent": {
            "ip": "134.23.2.14",
            "name": "weborder",
            "id": "002"
          },
          "manager": {
            "name": "wazuh"
          },
          "data": {
            "win": {
              "eventdata": {
                "image": "c:\\\\vmtools\\\\l_test.exe",
                "processGuid": "{b0adf49e-0356-6691-7f04-000000000a00}",
                "processId": "3984",
                "utcTime": "2024-07-12 10:20:06.364",
                "targetFilename": "C:\\\\Windows\\\\Temp\\\\_MEI39842\\\\api-ms-win-crt-math-l1-1-0.dll",
                "ruleName": "DLL",
                "creationUtcTime": "2024-07-12 10:20:06.364",
                "user": "NT AUTHORITY\\\\SYSTEM"
              },
              "system": {
                "eventID": "11",
                "keywords": "0x8000000000000000",
                "providerGuid": "{5770385f-c22a-43e0-bf4c-06f5698ffbd9}",
                "level": "4",
                "channel": "Microsoft-Windows-Sysmon/Operational",
                "opcode": "0",
                "message": "\"File created:\r\nRuleName: DLL\r\nUtcTime: 2024-07-12 10:20:06.364\r\nProcessGuid: {b0adf49e-0356-6691-7f04-000000000a00}\r\nProcessId: 3984\r\nImage: c:\\vmtools\\l_test.exe\r\nTargetFilename: C:\\Windows\\Temp\\_MEI39842\\api-ms-win-crt-math-l1-1-0.dll\r\nCreationUtcTime: 2024-07-12 10:20:06.364\r\nUser: NT AUTHORITY\\SYSTEM\"",
                "version": "2",
                "systemTime": "2024-07-12T10:20:06.365649800Z",
                "eventRecordID": "4057",
                "threadID": "3640",
                "computer": "weborder.tyrdemo.se",
                "task": "11",
                "processID": "2564",
                "severityValue": "INFORMATION",
                "providerName": "Microsoft-Windows-Sysmon"
              }
            }
          },
          "rule": {
            "firedtimes": 364,
            "mail": true,
            "level": 13,
            "description": "Unsigned Binary Loaded From Suspicious Location",
            "groups": [
              "sigma"
            ],
            "id": "900228"
          },
          "decoder": {
            "name": "windows_eventchannel"
          },
          "input": {
            "type": "log"
          },
          "@timestamp": "2024-07-12T10:20:07.847Z",
          "location": "EventChannel",
          "id": "1720779607.110688368",
          "timestamp": "2024-07-12T12:20:07.847+0200"
        }
      },
      {
        "_index": "wazuh-alerts-4.x-2024.07.12",
        "_id": "6LN1ppABLu9BFc0MFk6p",
        "_score": 2.0,
        "_source": {
          "agent": {
            "ip": "134.23.2.14",
            "name": "weborder",
            "id": "002"
          },
          "manager": {
            "name": "wazuh"
          },
          "data": {
            "win": {
              "eventdata": {
                "image": "c:\\\\vmtools\\\\l_test.exe",
                "processGuid": "{b0adf49e-0356-6691-7f04-000000000a00}",
                "processId": "3984",
                "utcTime": "2024-07-12 10:20:06.364",
                "targetFilename": "C:\\\\Windows\\\\Temp\\\\_MEI39842\\\\api-ms-win-crt-string-l1-1-0.dll",
                "ruleName": "DLL",
                "creationUtcTime": "2024-07-12 10:20:06.364",
                "user": "NT AUTHORITY\\\\SYSTEM"
              },
              "system": {
                "eventID": "11",
                "keywords": "0x8000000000000000",
                "providerGuid": "{5770385f-c22a-43e0-bf4c-06f5698ffbd9}",
                "level": "4",
                "channel": "Microsoft-Windows-Sysmon/Operational",
                "opcode": "0",
                "message": "\"File created:\r\nRuleName: DLL\r\nUtcTime: 2024-07-12 10:20:06.364\r\nProcessGuid: {b0adf49e-0356-6691-7f04-000000000a00}\r\nProcessId: 3984\r\nImage: c:\\vmtools\\l_test.exe\r\nTargetFilename: C:\\Windows\\Temp\\_MEI39842\\api-ms-win-crt-string-l1-1-0.dll\r\nCreationUtcTime: 2024-07-12 10:20:06.364\r\nUser: NT AUTHORITY\\SYSTEM\"",
                "version": "2",
                "systemTime": "2024-07-12T10:20:06.367032700Z",
                "eventRecordID": "4061",
                "threadID": "3640",
                "computer": "weborder.tyrdemo.se",
                "task": "11",
                "processID": "2564",
                "severityValue": "INFORMATION",
                "providerName": "Microsoft-Windows-Sysmon"
              }
            }
          },
          "rule": {
            "firedtimes": 369,
            "mail": true,
            "level": 13,
            "description": "Unsigned Binary Loaded From Suspicious Location",
            "groups": [
              "sigma"
            ],
            "id": "900228"
          },
          "decoder": {
            "name": "windows_eventchannel"
          },
          "input": {
            "type": "log"
          },
          "@timestamp": "2024-07-12T10:20:07.927Z",
          "location": "EventChannel",
          "id": "1720779607.110701206",
          "timestamp": "2024-07-12T12:20:07.927+0200"
        }
      },
      {
        "_index": "wazuh-alerts-4.x-2024.07.12",
        "_id": "7bN1ppABLu9BFc0MFk6p",
        "_score": 2.0,
        "_source": {
          "agent": {
            "ip": "134.23.2.14",
            "name": "weborder",
            "id": "002"
          },
          "manager": {
            "name": "wazuh"
          },
          "data": {
            "win": {
              "eventdata": {
                "image": "c:\\\\vmtools\\\\l_test.exe",
                "processGuid": "{b0adf49e-0356-6691-7f04-000000000a00}",
                "processId": "3984",
                "utcTime": "2024-07-12 10:20:06.379",
                "targetFilename": "C:\\\\Windows\\\\Temp\\\\_MEI39842\\\\msvcr100.dll",
                "ruleName": "DLL",
                "creationUtcTime": "2024-07-12 10:20:06.379",
                "user": "NT AUTHORITY\\\\SYSTEM"
              },
              "system": {
                "eventID": "11",
                "keywords": "0x8000000000000000",
                "providerGuid": "{5770385f-c22a-43e0-bf4c-06f5698ffbd9}",
                "level": "4",
                "channel": "Microsoft-Windows-Sysmon/Operational",
                "opcode": "0",
                "message": "\"File created:\r\nRuleName: DLL\r\nUtcTime: 2024-07-12 10:20:06.379\r\nProcessGuid: {b0adf49e-0356-6691-7f04-000000000a00}\r\nProcessId: 3984\r\nImage: c:\\vmtools\\l_test.exe\r\nTargetFilename: C:\\Windows\\Temp\\_MEI39842\\msvcr100.dll\r\nCreationUtcTime: 2024-07-12 10:20:06.379\r\nUser: NT AUTHORITY\\SYSTEM\"",
                "version": "2",
                "systemTime": "2024-07-12T10:20:06.390058600Z",
                "eventRecordID": "4067",
                "threadID": "3640",
                "computer": "weborder.tyrdemo.se",
                "task": "11",
                "processID": "2564",
                "severityValue": "INFORMATION",
                "providerName": "Microsoft-Windows-Sysmon"
              }
            }
          },
          "rule": {
            "firedtimes": 374,
            "mail": true,
            "level": 13,
            "description": "Unsigned Binary Loaded From Suspicious Location",
            "groups": [
              "sigma"
            ],
            "id": "900228"
          },
          "decoder": {
            "name": "windows_eventchannel"
          },
          "input": {
            "type": "log"
          },
          "@timestamp": "2024-07-12T10:20:08.005Z",
          "location": "EventChannel",
          "id": "1720779608.110713848",
          "timestamp": "2024-07-12T12:20:08.005+0200"
        }
      },
      {
        "_index": "wazuh-alerts-4.x-2024.07.12",
        "_id": "7rN1ppABLu9BFc0MFk6p",
        "_score": 2.0,
        "_source": {
          "agent": {
            "ip": "134.23.2.14",
            "name": "weborder",
            "id": "002"
          },
          "manager": {
            "name": "wazuh"
          },
          "data": {
            "win": {
              "eventdata": {
                "image": "c:\\\\vmtools\\\\l_test.exe",
                "processGuid": "{b0adf49e-0356-6691-7f04-000000000a00}",
                "processId": "3984",
                "utcTime": "2024-07-12 10:20:06.395",
                "targetFilename": "C:\\\\Windows\\\\Temp\\\\_MEI39842\\\\python37.dll",
                "ruleName": "DLL",
                "creationUtcTime": "2024-07-12 10:20:06.395",
                "user": "NT AUTHORITY\\\\SYSTEM"
              },
              "system": {
                "eventID": "11",
                "keywords": "0x8000000000000000",
                "providerGuid": "{5770385f-c22a-43e0-bf4c-06f5698ffbd9}",
                "level": "4",
                "channel": "Microsoft-Windows-Sysmon/Operational",
                "opcode": "0",
                "message": "\"File created:\r\nRuleName: DLL\r\nUtcTime: 2024-07-12 10:20:06.395\r\nProcessGuid: {b0adf49e-0356-6691-7f04-000000000a00}\r\nProcessId: 3984\r\nImage: c:\\vmtools\\l_test.exe\r\nTargetFilename: C:\\Windows\\Temp\\_MEI39842\\python37.dll\r\nCreationUtcTime: 2024-07-12 10:20:06.395\r\nUser: NT AUTHORITY\\SYSTEM\"",
                "version": "2",
                "systemTime": "2024-07-12T10:20:06.404397500Z",
                "eventRecordID": "4068",
                "threadID": "3640",
                "computer": "weborder.tyrdemo.se",
                "task": "11",
                "processID": "2564",
                "severityValue": "INFORMATION",
                "providerName": "Microsoft-Windows-Sysmon"
              }
            }
          },
          "rule": {
            "firedtimes": 375,
            "mail": true,
            "level": 13,
            "description": "Unsigned Binary Loaded From Suspicious Location",
            "groups": [
              "sigma"
            ],
            "id": "900228"
          },
          "decoder": {
            "name": "windows_eventchannel"
          },
          "input": {
            "type": "log"
          },
          "@timestamp": "2024-07-12T10:20:08.019Z",
          "location": "EventChannel",
          "id": "1720779608.110716338",
          "timestamp": "2024-07-12T12:20:08.019+0200"
        }
      }
    ],
    "236": [
      {
        "_index": "wazuh-alerts-4.x-2024.07.12",
        "_id": "TrN1ppABLu9BFc0M0k9C",
        "_score": 2.0,
        "_source": {
          "agent": {
            "ip": "134.23.4.5",
            "name": "dc",
            "id": "004"
          },
          "manager": {
            "name": "wazuh"
          },
          "data": {
            "win": {
              "eventdata": {
                "image": "C:\\\\Windows\\\\System32\\\\WindowsPowerShell\\\\v1.0\\\\powershell.exe",
                "processGuid": "{4bd69357-0388-6691-c009-000000000c00}",
                "processId": "5180",
                "utcTime": "2024-07-12 10:20:56.265",
                "targetFilename": "C:\\\\Windows\\\\Temp\\\\__PSScriptPolicyTest_x1kpme4d.uzy.ps1",
                "creationUtcTime": "2024-07-12 10:20:56.265",
                "user": "NT AUTHORITY\\\\SYSTEM"
              },
              "system": {
                "eventID": "11",
                "keywords": "0x8000000000000000",
                "providerGuid": "{5770385f-c22a-43e0-bf4c-06f5698ffbd9}",
                "level": "4",
                "channel": "Microsoft-Windows-Sysmon/Operational",
                "opcode": "0",
                "message": "\"File created:\r\nRuleName: -\r\nUtcTime: 2024-07-12 10:20:56.265\r\nProcessGuid: {4bd69357-0388-6691-c009-000000000c00}\r\nProcessId: 5180\r\nImage: C:\\Windows\\System32\\WindowsPowerShell\\v1.0\\powershell.exe\r\nTargetFilename: C:\\Windows\\Temp\\__PSScriptPolicyTest_x1kpme4d.uzy.ps1\r\nCreationUtcTime: 2024-07-12 10:20:56.265\r\nUser: NT AUTHORITY\\SYSTEM\"",
                "version": "2",
                "systemTime": "2024-07-12T10:20:56.273769400Z",
                "eventRecordID": "4047",
                "threadID": "3060",
                "computer": "dc.office.tyrdemo.se",
                "task": "11",
                "processID": "3588",
                "severityValue": "INFORMATION",
                "providerName": "Microsoft-Windows-Sysmon"
              }
            }
          },
          "rule": {
            "firedtimes": 382,
            "mail": true,
            "level": 13,
            "description": "Unsigned Binary Loaded From Suspicious Location",
            "groups": [
              "sigma"
            ],
            "id": "900228"
          },
          "decoder": {
            "name": "windows_eventchannel"
          },
          "input": {
            "type": "log"
          },
          "@timestamp": "2024-07-12T10:20:56.616Z",
          "location": "EventChannel",
          "id": "1720779656.111016959",
          "timestamp": "2024-07-12T12:20:56.616+0200"
        }
      },
      {
        "_index": "wazuh-alerts-4.x-2024.07.12",
        "_id": "lLN2ppABLu9BFc0Mdk90",
        "_score": 2.0,
        "_source": {
          "agent": {
            "ip": "134.23.4.5",
            "name": "dc",
            "id": "004"
          },
          "manager": {
            "name": "wazuh"
          },
          "data": {
            "win": {
              "eventdata": {
                "image": "C:\\\\Windows\\\\System32\\\\WindowsPowerShell\\\\v1.0\\\\powershell.exe",
                "processGuid": "{4bd69357-03b0-6691-cc09-000000000c00}",
                "processId": "1268",
                "utcTime": "2024-07-12 10:21:36.937",
                "targetFilename": "C:\\\\Windows\\\\Temp\\\\__PSScriptPolicyTest_1lt1tdyc.xpk.ps1",
                "creationUtcTime": "2024-07-12 10:21:36.937",
                "user": "NT AUTHORITY\\\\SYSTEM"
              },
              "system": {
                "eventID": "11",
                "keywords": "0x8000000000000000",
                "providerGuid": "{5770385f-c22a-43e0-bf4c-06f5698ffbd9}",
                "level": "4",
                "channel": "Microsoft-Windows-Sysmon/Operational",
                "opcode": "0",
                "message": "\"File created:\r\nRuleName: -\r\nUtcTime: 2024-07-12 10:21:36.937\r\nProcessGuid: {4bd69357-03b0-6691-cc09-000000000c00}\r\nProcessId: 1268\r\nImage: C:\\Windows\\System32\\WindowsPowerShell\\v1.0\\powershell.exe\r\nTargetFilename: C:\\Windows\\Temp\\__PSScriptPolicyTest_1lt1tdyc.xpk.ps1\r\nCreationUtcTime: 2024-07-12 10:21:36.937\r\nUser: NT AUTHORITY\\SYSTEM\"",
                "version": "2",
                "systemTime": "2024-07-12T10:21:36.942327800Z",
                "eventRecordID": "4068",
                "threadID": "3060",
                "computer": "dc.office.tyrdemo.se",
                "task": "11",
                "processID": "3588",
                "severityValue": "INFORMATION",
                "providerName": "Microsoft-Windows-Sysmon"
              }
            }
          },
          "rule": {
            "firedtimes": 403,
            "mail": true,
            "level": 13,
            "description": "Unsigned Binary Loaded From Suspicious Location",
            "groups": [
              "sigma"
            ],
            "id": "900228"
          },
          "decoder": {
            "name": "windows_eventchannel"
          },
          "input": {
            "type": "log"
          },
          "@timestamp": "2024-07-12T10:21:37.428Z",
          "location": "EventChannel",
          "id": "1720779697.111493699",
          "timestamp": "2024-07-12T12:21:37.428+0200"
        }
      },
      {
        "_index": "wazuh-alerts-4.x-2024.07.12",
        "_id": "S7N1ppABLu9BFc0M0k9C",
        "_score": 2.0,
        "_source": {
          "agent": {
            "ip": "134.23.4.5",
            "name": "dc",
            "id": "004"
          },
          "manager": {
            "name": "wazuh"
          },
          "data": {
            "win": {
              "eventdata": {
                "image": "C:\\\\Windows\\\\System32\\\\WindowsPowerShell\\\\v1.0\\\\powershell.exe",
                "processGuid": "{4bd69357-0386-6691-bb09-000000000c00}",
                "processId": "3608",
                "utcTime": "2024-07-12 10:20:54.343",
                "targetFilename": "C:\\\\Windows\\\\Temp\\\\__PSScriptPolicyTest_jtawjmgt.jn2.ps1",
                "creationUtcTime": "2024-07-12 10:20:54.343",
                "user": "NT AUTHORITY\\\\SYSTEM"
              },
              "system": {
                "eventID": "11",
                "keywords": "0x8000000000000000",
                "providerGuid": "{5770385f-c22a-43e0-bf4c-06f5698ffbd9}",
                "level": "4",
                "channel": "Microsoft-Windows-Sysmon/Operational",
                "opcode": "0",
                "message": "\"File created:\r\nRuleName: -\r\nUtcTime: 2024-07-12 10:20:54.343\r\nProcessGuid: {4bd69357-0386-6691-bb09-000000000c00}\r\nProcessId: 3608\r\nImage: C:\\Windows\\System32\\WindowsPowerShell\\v1.0\\powershell.exe\r\nTargetFilename: C:\\Windows\\Temp\\__PSScriptPolicyTest_jtawjmgt.jn2.ps1\r\nCreationUtcTime: 2024-07-12 10:20:54.343\r\nUser: NT AUTHORITY\\SYSTEM\"",
                "version": "2",
                "systemTime": "2024-07-12T10:20:54.355940400Z",
                "eventRecordID": "4039",
                "threadID": "3060",
                "computer": "dc.office.tyrdemo.se",
                "task": "11",
                "processID": "3588",
                "severityValue": "INFORMATION",
                "providerName": "Microsoft-Windows-Sysmon"
              }
            }
          },
          "rule": {
            "firedtimes": 380,
            "mail": true,
            "level": 13,
            "description": "Unsigned Binary Loaded From Suspicious Location",
            "groups": [
              "sigma"
            ],
            "id": "900228"
          },
          "decoder": {
            "name": "windows_eventchannel"
          },
          "input": {
            "type": "log"
          },
          "@timestamp": "2024-07-12T10:20:54.616Z",
          "location": "EventChannel",
          "id": "1720779654.110991016",
          "timestamp": "2024-07-12T12:20:54.616+0200"
        }
      },
      {
        "_index": "wazuh-alerts-4.x-2024.07.12",
        "_id": "T7N1ppABLu9BFc0M0k9C",
        "_score": 2.0,
        "_source": {
          "agent": {
            "ip": "134.23.4.5",
            "name": "dc",
            "id": "004"
          },
          "manager": {
            "name": "wazuh"
          },
          "data": {
            "win": {
              "eventdata": {
                "image": "C:\\\\Windows\\\\System32\\\\WindowsPowerShell\\\\v1.0\\\\powershell.exe",
                "processGuid": "{4bd69357-0388-6691-c209-000000000c00}",
                "processId": "6064",
                "utcTime": "2024-07-12 10:20:56.405",
                "targetFilename": "C:\\\\Windows\\\\Temp\\\\__PSScriptPolicyTest_4qopnk1c.2rm.ps1",
                "creationUtcTime": "2024-07-12 10:20:56.405",
                "user": "NT AUTHORITY\\\\SYSTEM"
              },
              "system": {
                "eventID": "11",
                "keywords": "0x8000000000000000",
                "providerGuid": "{5770385f-c22a-43e0-bf4c-06f5698ffbd9}",
                "level": "4",
                "channel": "Microsoft-Windows-Sysmon/Operational",
                "opcode": "0",
                "message": "\"File created:\r\nRuleName: -\r\nUtcTime: 2024-07-12 10:20:56.405\r\nProcessGuid: {4bd69357-0388-6691-c209-000000000c00}\r\nProcessId: 6064\r\nImage: C:\\Windows\\System32\\WindowsPowerShell\\v1.0\\powershell.exe\r\nTargetFilename: C:\\Windows\\Temp\\__PSScriptPolicyTest_4qopnk1c.2rm.ps1\r\nCreationUtcTime: 2024-07-12 10:20:56.405\r\nUser: NT AUTHORITY\\SYSTEM\"",
                "version": "2",
                "systemTime": "2024-07-12T10:20:56.416255800Z",
                "eventRecordID": "4049",
                "threadID": "3060",
                "computer": "dc.office.tyrdemo.se",
                "task": "11",
                "processID": "3588",
                "severityValue": "INFORMATION",
                "providerName": "Microsoft-Windows-Sysmon"
              }
            }
          },
          "rule": {
            "firedtimes": 383,
            "mail": true,
            "level": 13,
            "description": "Unsigned Binary Loaded From Suspicious Location",
            "groups": [
              "sigma"
            ],
            "id": "900228"
          },
          "decoder": {
            "name": "windows_eventchannel"
          },
          "input": {
            "type": "log"
          },
          "@timestamp": "2024-07-12T10:20:56.647Z",
          "location": "EventChannel",
          "id": "1720779656.111019610",
          "timestamp": "2024-07-12T12:20:56.647+0200"
        }
      },
      {
        "_index": "wazuh-alerts-4.x-2024.07.12",
        "_id": "VbN1ppABLu9BFc0M3k8C",
        "_score": 2.0,
        "_source": {
          "agent": {
            "ip": "134.23.4.5",
            "name": "dc",
            "id": "004"
          },
          "manager": {
            "name": "wazuh"
          },
          "data": {
            "win": {
              "eventdata": {
                "image": "C:\\\\Windows\\\\System32\\\\WindowsPowerShell\\\\v1.0\\\\powershell.exe",
                "processGuid": "{4bd69357-0389-6691-c709-000000000c00}",
                "processId": "3700",
                "utcTime": "2024-07-12 10:20:57.155",
                "targetFilename": "C:\\\\Windows\\\\Temp\\\\__PSScriptPolicyTest_hxjal3ds.0lm.ps1",
                "creationUtcTime": "2024-07-12 10:20:57.155",
                "user": "NT AUTHORITY\\\\SYSTEM"
              },
              "system": {
                "eventID": "11",
                "keywords": "0x8000000000000000",
                "providerGuid": "{5770385f-c22a-43e0-bf4c-06f5698ffbd9}",
                "level": "4",
                "channel": "Microsoft-Windows-Sysmon/Operational",
                "opcode": "0",
                "message": "\"File created:\r\nRuleName: -\r\nUtcTime: 2024-07-12 10:20:57.155\r\nProcessGuid: {4bd69357-0389-6691-c709-000000000c00}\r\nProcessId: 3700\r\nImage: C:\\Windows\\System32\\WindowsPowerShell\\v1.0\\powershell.exe\r\nTargetFilename: C:\\Windows\\Temp\\__PSScriptPolicyTest_hxjal3ds.0lm.ps1\r\nCreationUtcTime: 2024-07-12 10:20:57.155\r\nUser: NT AUTHORITY\\SYSTEM\"",
                "version": "2",
                "systemTime": "2024-07-12T10:20:57.172590500Z",
                "eventRecordID": "4058",
                "threadID": "3060",
                "computer": "dc.office.tyrdemo.se",
                "task": "11",
                "processID": "3588",
                "severityValue": "INFORMATION",
                "providerName": "Microsoft-Windows-Sysmon"
              }
            }
          },
          "rule": {
            "firedtimes": 385,
            "mail": true,
            "level": 13,
            "description": "Unsigned Binary Loaded From Suspicious Location",
            "groups": [
              "sigma"
            ],
            "id": "900228"
          },
          "decoder": {
            "name": "windows_eventchannel"
          },
          "input": {
            "type": "log"
          },
          "@timestamp": "2024-07-12T10:20:57.975Z",
          "location": "EventChannel",
          "id": "1720779657.111113522",
          "timestamp": "2024-07-12T12:20:57.975+0200"
        }
      },
      {
        "_index": "wazuh-alerts-4.x-2024.07.12",
        "_id": "krN2ppABLu9BFc0Mdk90",
        "_score": 2.0,
        "_source": {
          "agent": {
            "ip": "134.23.4.5",
            "name": "dc",
            "id": "004"
          },
          "manager": {
            "name": "wazuh"
          },
          "data": {
            "win": {
              "eventdata": {
                "image": "C:\\\\Windows\\\\System32\\\\WindowsPowerShell\\\\v1.0\\\\powershell.exe",
                "processGuid": "{4bd69357-03b0-6691-ca09-000000000c00}",
                "processId": "2996",
                "utcTime": "2024-07-12 10:21:36.780",
                "targetFilename": "C:\\\\Windows\\\\Temp\\\\__PSScriptPolicyTest_eprpd1hh.qzm.ps1",
                "creationUtcTime": "2024-07-12 10:21:36.780",
                "user": "NT AUTHORITY\\\\SYSTEM"
              },
              "system": {
                "eventID": "11",
                "keywords": "0x8000000000000000",
                "providerGuid": "{5770385f-c22a-43e0-bf4c-06f5698ffbd9}",
                "level": "4",
                "channel": "Microsoft-Windows-Sysmon/Operational",
                "opcode": "0",
                "message": "\"File created:\r\nRuleName: -\r\nUtcTime: 2024-07-12 10:21:36.780\r\nProcessGuid: {4bd69357-03b0-6691-ca09-000000000c00}\r\nProcessId: 2996\r\nImage: C:\\Windows\\System32\\WindowsPowerShell\\v1.0\\powershell.exe\r\nTargetFilename: C:\\Windows\\Temp\\__PSScriptPolicyTest_eprpd1hh.qzm.ps1\r\nCreationUtcTime: 2024-07-12 10:21:36.780\r\nUser: NT AUTHORITY\\SYSTEM\"",
                "version": "2",
                "systemTime": "2024-07-12T10:21:36.792434600Z",
                "eventRecordID": "4066",
                "threadID": "3060",
                "computer": "dc.office.tyrdemo.se",
                "task": "11",
                "processID": "3588",
                "severityValue": "INFORMATION",
                "providerName": "Microsoft-Windows-Sysmon"
              }
            }
          },
          "rule": {
            "firedtimes": 401,
            "mail": true,
            "level": 13,
            "description": "Unsigned Binary Loaded From Suspicious Location",
            "groups": [
              "sigma"
            ],
            "id": "900228"
          },
          "decoder": {
            "name": "windows_eventchannel"
          },
          "input": {
            "type": "log"
          },
          "@timestamp": "2024-07-12T10:21:37.397Z",
          "location": "EventChannel",
          "id": "1720779697.111488439",
          "timestamp": "2024-07-12T12:21:37.397+0200"
        }
      },
      {
        "_index": "wazuh-alerts-4.x-2024.07.12",
        "_id": "TLN1ppABLu9BFc0M0k9C",
        "_score": 2.0,
        "_source": {
          "agent": {
            "ip": "134.23.4.5",
            "name": "dc",
            "id": "004"
          },
          "manager": {
            "name": "wazuh"
          },
          "data": {
            "win": {
              "eventdata": {
                "image": "C:\\\\Windows\\\\System32\\\\WindowsPowerShell\\\\v1.0\\\\powershell.exe",
                "processGuid": "{4bd69357-0386-6691-bd09-000000000c00}",
                "processId": "4800",
                "utcTime": "2024-07-12 10:20:54.483",
                "targetFilename": "C:\\\\Windows\\\\Temp\\\\__PSScriptPolicyTest_0rvspxjk.rfc.ps1",
                "creationUtcTime": "2024-07-12 10:20:54.483",
                "user": "NT AUTHORITY\\\\SYSTEM"
              },
              "system": {
                "eventID": "11",
                "keywords": "0x8000000000000000",
                "providerGuid": "{5770385f-c22a-43e0-bf4c-06f5698ffbd9}",
                "level": "4",
                "channel": "Microsoft-Windows-Sysmon/Operational",
                "opcode": "0",
                "message": "\"File created:\r\nRuleName: -\r\nUtcTime: 2024-07-12 10:20:54.483\r\nProcessGuid: {4bd69357-0386-6691-bd09-000000000c00}\r\nProcessId: 4800\r\nImage: C:\\Windows\\System32\\WindowsPowerShell\\v1.0\\powershell.exe\r\nTargetFilename: C:\\Windows\\Temp\\__PSScriptPolicyTest_0rvspxjk.rfc.ps1\r\nCreationUtcTime: 2024-07-12 10:20:54.483\r\nUser: NT AUTHORITY\\SYSTEM\"",
                "version": "2",
                "systemTime": "2024-07-12T10:20:54.496911000Z",
                "eventRecordID": "4041",
                "threadID": "3060",
                "computer": "dc.office.tyrdemo.se",
                "task": "11",
                "processID": "3588",
                "severityValue": "INFORMATION",
                "providerName": "Microsoft-Windows-Sysmon"
              }
            }
          },
          "rule": {
            "firedtimes": 381,
            "mail": true,
            "level": 13,
            "description": "Unsigned Binary Loaded From Suspicious Location",
            "groups": [
              "sigma"
            ],
            "id": "900228"
          },
          "decoder": {
            "name": "windows_eventchannel"
          },
          "input": {
            "type": "log"
          },
          "@timestamp": "2024-07-12T10:20:54.663Z",
          "location": "EventChannel",
          "id": "1720779654.110993667",
          "timestamp": "2024-07-12T12:20:54.663+0200"
        }
      },
      {
        "_index": "wazuh-alerts-4.x-2024.07.12",
        "_id": "U7N1ppABLu9BFc0M2k8Z",
        "_score": 2.0,
        "_source": {
          "agent": {
            "ip": "134.23.4.5",
            "name": "dc",
            "id": "004"
          },
          "manager": {
            "name": "wazuh"
          },
          "data": {
            "win": {
              "eventdata": {
                "image": "C:\\\\Windows\\\\System32\\\\WindowsPowerShell\\\\v1.0\\\\powershell.exe",
                "processGuid": "{4bd69357-0388-6691-c509-000000000c00}",
                "processId": "3992",
                "utcTime": "2024-07-12 10:20:57.030",
                "targetFilename": "C:\\\\Windows\\\\Temp\\\\__PSScriptPolicyTest_wfdo5hvm.ktb.ps1",
                "creationUtcTime": "2024-07-12 10:20:57.030",
                "user": "NT AUTHORITY\\\\SYSTEM"
              },
              "system": {
                "eventID": "11",
                "keywords": "0x8000000000000000",
                "providerGuid": "{5770385f-c22a-43e0-bf4c-06f5698ffbd9}",
                "level": "4",
                "channel": "Microsoft-Windows-Sysmon/Operational",
                "opcode": "0",
                "message": "\"File created:\r\nRuleName: -\r\nUtcTime: 2024-07-12 10:20:57.030\r\nProcessGuid: {4bd69357-0388-6691-c509-000000000c00}\r\nProcessId: 3992\r\nImage: C:\\Windows\\System32\\WindowsPowerShell\\v1.0\\powershell.exe\r\nTargetFilename: C:\\Windows\\Temp\\__PSScriptPolicyTest_wfdo5hvm.ktb.ps1\r\nCreationUtcTime: 2024-07-12 10:20:57.030\r\nUser: NT AUTHORITY\\SYSTEM\"",
                "version": "2",
                "systemTime": "2024-07-12T10:20:57.033181400Z",
                "eventRecordID": "4056",
                "threadID": "3060",
                "computer": "dc.office.tyrdemo.se",
                "task": "11",
                "processID": "3588",
                "severityValue": "INFORMATION",
                "providerName": "Microsoft-Windows-Sysmon"
              }
            }
          },
          "rule": {
            "firedtimes": 384,
            "mail": true,
            "level": 13,
            "description": "Unsigned Binary Loaded From Suspicious Location",
            "groups": [
              "sigma"
            ],
            "id": "900228"
          },
          "decoder": {
            "name": "windows_eventchannel"
          },
          "input": {
            "type": "log"
          },
          "@timestamp": "2024-07-12T10:20:57.944Z",
          "location": "EventChannel",
          "id": "1720779657.111087327",
          "timestamp": "2024-07-12T12:20:57.944+0200"
        }
      }
    ],
    "307": [
