      {
        "_index": "wazuh-alerts-4.x-2024.07.12",
        "_id": "yrNjppABLu9BFc0M_D58",
        "_score": 2.0,
        "_source": {
          "agent": {
            "ip": "134.23.4.44",
            "name": "ca",
            "id": "008"
          },
          "manager": {
            "name": "wazuh"
          },
          "data": {
            "win": {
              "eventdata": {
                "image": "c:\\\\temp\\\\l_test.exe",
                "processGuid": "{6EBABFA0-FEF5-6690-A106-000000001000}",
                "processId": "1660",
                "utcTime": "2024-07-12 10:01:25.942",
                "targetFilename": "C:\\\\Windows\\\\Temp\\\\_MEI16602\\\\ucrtbase.dll",
                "ruleName": "DLL",
                "creationUtcTime": "2024-07-12 10:01:25.942",
                "user": "NT AUTHORITY\\\\SYSTEM"
              },
              "system": {
                "eventID": "11",
                "keywords": "0x8000000000000000",
                "providerGuid": "{5770385F-C22A-43E0-BF4C-06F5698FFBD9}",
                "level": "4",
                "channel": "Microsoft-Windows-Sysmon/Operational",
                "opcode": "0",
                "message": "\"File created:\r\nRuleName: DLL\r\nUtcTime: 2024-07-12 10:01:25.942\r\nProcessGuid: {6EBABFA0-FEF5-6690-A106-000000001000}\r\nProcessId: 1660\r\nImage: c:\\temp\\l_test.exe\r\nTargetFilename: C:\\Windows\\Temp\\_MEI16602\\ucrtbase.dll\r\nCreationUtcTime: 2024-07-12 10:01:25.942\r\nUser: NT AUTHORITY\\SYSTEM\"",
                "version": "2",
                "systemTime": "2024-07-12T10:01:25.953750300Z",
                "eventRecordID": "2781",
                "threadID": "2420",
                "computer": "ca.office.tyrdemo.se",
                "task": "11",
                "processID": "1832",
                "severityValue": "INFORMATION",
                "providerName": "Microsoft-Windows-Sysmon"
              }
            }
          },
          "rule": {
            "firedtimes": 191,
            "mail": true,
            "level": 13,
            "description": "Unsigned Binary Loaded From Suspicious Location",
            "groups": [
              "sigma"
            ],
            "id": "900228"
          },
          "decoder": {
            "name": "windows_eventchannel"
          },
          "input": {
            "type": "log"
          },
          "@timestamp": "2024-07-12T10:01:27.566Z",
          "location": "EventChannel",
          "id": "1720778487.103909302",
          "timestamp": "2024-07-12T12:01:27.566+0200"
        }
      }
    ],
    "662": [
      {
        "_index": "wazuh-alerts-4.x-2024.07.12",
        "_id": "-bNjppABLu9BFc0M8D3A",
        "_score": 2.0,
        "_source": {
          "agent": {
            "ip": "134.23.3.13",
            "name": "hq03",
            "id": "017"
          },
          "manager": {
            "name": "wazuh"
          },
          "data": {
            "win": {
              "eventdata": {
                "image": "c:\\\\test\\\\l_test.exe",
                "processGuid": "{5c9a2cda-fef3-6690-cc07-000000001800}",
                "processId": "3980",
                "utcTime": "2024-07-12 10:01:23.208",
                "targetFilename": "C:\\\\Windows\\\\Temp\\\\_MEI39802\\\\VCRUNTIME140.dll",
                "ruleName": "DLL",
                "creationUtcTime": "2024-07-12 10:01:23.208",
                "user": "NT AUTHORITY\\\\SYSTEM"
              },
              "system": {
                "eventID": "11",
                "keywords": "0x8000000000000000",
                "providerGuid": "{5770385f-c22a-43e0-bf4c-06f5698ffbd9}",
                "level": "4",
                "channel": "Microsoft-Windows-Sysmon/Operational",
                "opcode": "0",
                "message": "\"File created:\r\nRuleName: DLL\r\nUtcTime: 2024-07-12 10:01:23.208\r\nProcessGuid: {5c9a2cda-fef3-6690-cc07-000000001800}\r\nProcessId: 3980\r\nImage: c:\\test\\l_test.exe\r\nTargetFilename: C:\\Windows\\Temp\\_MEI39802\\VCRUNTIME140.dll\r\nCreationUtcTime: 2024-07-12 10:01:23.208\r\nUser: NT AUTHORITY\\SYSTEM\"",
                "version": "2",
                "systemTime": "2024-07-12T10:01:23.2110783Z",
                "eventRecordID": "3536",
                "threadID": "3548",
                "computer": "hq03.office.tyrdemo.se",
                "task": "11",
                "processID": "2984",
                "severityValue": "INFORMATION",
                "providerName": "Microsoft-Windows-Sysmon"
              }
            }
          },
          "rule": {
            "firedtimes": 54,
            "mail": true,
            "level": 13,
            "description": "Unsigned Binary Loaded From Suspicious Location",
            "groups": [
              "sigma"
            ],
            "id": "900228"
          },
          "decoder": {
            "name": "windows_eventchannel"
          },
          "input": {
            "type": "log"
          },
          "@timestamp": "2024-07-12T10:01:24.119Z",
          "location": "EventChannel",
          "id": "1720778484.103471699",
          "timestamp": "2024-07-12T12:01:24.119+0200"
        }
      },
      {
        "_index": "wazuh-alerts-4.x-2024.07.12",
        "_id": "-rNjppABLu9BFc0M8D3A",
        "_score": 2.0,
        "_source": {
          "agent": {
            "ip": "134.23.3.13",
            "name": "hq03",
            "id": "017"
          },
          "manager": {
            "name": "wazuh"
          },
          "data": {
            "win": {
              "eventdata": {
                "image": "c:\\\\test\\\\l_test.exe",
                "processGuid": "{5c9a2cda-fef3-6690-cc07-000000001800}",
                "processId": "3980",
                "utcTime": "2024-07-12 10:01:23.208",
                "targetFilename": "C:\\\\Windows\\\\Temp\\\\_MEI39802\\\\api-ms-win-core-console-l1-1-0.dll",
                "ruleName": "DLL",
                "creationUtcTime": "2024-07-12 10:01:23.208",
                "user": "NT AUTHORITY\\\\SYSTEM"
              },
              "system": {
                "eventID": "11",
                "keywords": "0x8000000000000000",
                "providerGuid": "{5770385f-c22a-43e0-bf4c-06f5698ffbd9}",
                "level": "4",
                "channel": "Microsoft-Windows-Sysmon/Operational",
                "opcode": "0",
                "message": "\"File created:\r\nRuleName: DLL\r\nUtcTime: 2024-07-12 10:01:23.208\r\nProcessGuid: {5c9a2cda-fef3-6690-cc07-000000001800}\r\nProcessId: 3980\r\nImage: c:\\test\\l_test.exe\r\nTargetFilename: C:\\Windows\\Temp\\_MEI39802\\api-ms-win-core-console-l1-1-0.dll\r\nCreationUtcTime: 2024-07-12 10:01:23.208\r\nUser: NT AUTHORITY\\SYSTEM\"",
                "version": "2",
                "systemTime": "2024-07-12T10:01:23.2208470Z",
                "eventRecordID": "3537",
                "threadID": "3548",
                "computer": "hq03.office.tyrdemo.se",
                "task": "11",
                "processID": "2984",
                "severityValue": "INFORMATION",
                "providerName": "Microsoft-Windows-Sysmon"
              }
            }
          },
          "rule": {
            "firedtimes": 55,
            "mail": true,
            "level": 13,
            "description": "Unsigned Binary Loaded From Suspicious Location",
            "groups": [
              "sigma"
            ],
            "id": "900228"
          },
          "decoder": {
            "name": "windows_eventchannel"
          },
          "input": {
            "type": "log"
          },
          "@timestamp": "2024-07-12T10:01:24.133Z",
          "location": "EventChannel",
          "id": "1720778484.103474191",
          "timestamp": "2024-07-12T12:01:24.133+0200"
        }
      },
      {
        "_index": "wazuh-alerts-4.x-2024.07.12",
        "_id": "_7NjppABLu9BFc0M8D3A",
        "_score": 2.0,
        "_source": {
          "agent": {
            "ip": "134.23.3.13",
            "name": "hq03",
            "id": "017"
          },
          "manager": {
            "name": "wazuh"
          },
          "data": {
            "win": {
              "eventdata": {
                "image": "c:\\\\test\\\\l_test.exe",
                "processGuid": "{5c9a2cda-fef3-6690-cc07-000000001800}",
                "processId": "3980",
                "utcTime": "2024-07-12 10:01:23.208",
                "targetFilename": "C:\\\\Windows\\\\Temp\\\\_MEI39802\\\\api-ms-win-core-file-l1-2-0.dll",
                "ruleName": "DLL",
                "creationUtcTime": "2024-07-12 10:01:23.208",
                "user": "NT AUTHORITY\\\\SYSTEM"
              },
              "system": {
                "eventID": "11",
                "keywords": "0x8000000000000000",
                "providerGuid": "{5770385f-c22a-43e0-bf4c-06f5698ffbd9}",
                "level": "4",
                "channel": "Microsoft-Windows-Sysmon/Operational",
                "opcode": "0",
                "message": "\"File created:\r\nRuleName: DLL\r\nUtcTime: 2024-07-12 10:01:23.208\r\nProcessGuid: {5c9a2cda-fef3-6690-cc07-000000001800}\r\nProcessId: 3980\r\nImage: c:\\test\\l_test.exe\r\nTargetFilename: C:\\Windows\\Temp\\_MEI39802\\api-ms-win-core-file-l1-2-0.dll\r\nCreationUtcTime: 2024-07-12 10:01:23.208\r\nUser: NT AUTHORITY\\SYSTEM\"",
                "version": "2",
                "systemTime": "2024-07-12T10:01:23.2224195Z",
                "eventRecordID": "3542",
                "threadID": "3548",
                "computer": "hq03.office.tyrdemo.se",
                "task": "11",
                "processID": "2984",
                "severityValue": "INFORMATION",
                "providerName": "Microsoft-Windows-Sysmon"
              }
            }
          },
          "rule": {
            "firedtimes": 60,
            "mail": true,
            "level": 13,
            "description": "Unsigned Binary Loaded From Suspicious Location",
            "groups": [
              "sigma"
            ],
            "id": "900228"
          },
          "decoder": {
            "name": "windows_eventchannel"
          },
          "input": {
            "type": "log"
          },
          "@timestamp": "2024-07-12T10:01:24.242Z",
          "location": "EventChannel",
          "id": "1720778484.103487019",
          "timestamp": "2024-07-12T12:01:24.242+0200"
        }
      },
      {
        "_index": "wazuh-alerts-4.x-2024.07.12",
        "_id": "CLNjppABLu9BFc0M8D7A",
        "_score": 2.0,
        "_source": {
          "agent": {
            "ip": "134.23.3.13",
            "name": "hq03",
            "id": "017"
          },
          "manager": {
            "name": "wazuh"
          },
          "data": {
            "win": {
              "eventdata": {
                "image": "c:\\\\test\\\\l_test.exe",
                "processGuid": "{5c9a2cda-fef3-6690-cc07-000000001800}",
                "processId": "3980",
                "utcTime": "2024-07-12 10:01:23.224",
                "targetFilename": "C:\\\\Windows\\\\Temp\\\\_MEI39802\\\\api-ms-win-core-processenvironment-l1-1-0.dll",
                "ruleName": "DLL",
                "creationUtcTime": "2024-07-12 10:01:23.224",
                "user": "NT AUTHORITY\\\\SYSTEM"
              },
              "system": {
                "eventID": "11",
                "keywords": "0x8000000000000000",
                "providerGuid": "{5770385f-c22a-43e0-bf4c-06f5698ffbd9}",
                "level": "4",
                "channel": "Microsoft-Windows-Sysmon/Operational",
                "opcode": "0",
                "message": "\"File created:\r\nRuleName: DLL\r\nUtcTime: 2024-07-12 10:01:23.224\r\nProcessGuid: {5c9a2cda-fef3-6690-cc07-000000001800}\r\nProcessId: 3980\r\nImage: c:\\test\\l_test.exe\r\nTargetFilename: C:\\Windows\\Temp\\_MEI39802\\api-ms-win-core-processenvironment-l1-1-0.dll\r\nCreationUtcTime: 2024-07-12 10:01:23.224\r\nUser: NT AUTHORITY\\SYSTEM\"",
                "version": "2",
                "systemTime": "2024-07-12T10:01:23.2263355Z",
                "eventRecordID": "3551",
                "threadID": "3548",
                "computer": "hq03.office.tyrdemo.se",
                "task": "11",
                "processID": "2984",
                "severityValue": "INFORMATION",
                "providerName": "Microsoft-Windows-Sysmon"
              }
            }
          },
          "rule": {
            "firedtimes": 69,
            "mail": true,
            "level": 13,
            "description": "Unsigned Binary Loaded From Suspicious Location",
            "groups": [
              "sigma"
            ],
            "id": "900228"
          },
          "decoder": {
            "name": "windows_eventchannel"
          },
          "input": {
            "type": "log"
          },
          "@timestamp": "2024-07-12T10:01:24.429Z",
          "location": "EventChannel",
          "id": "1720778484.103510119",
          "timestamp": "2024-07-12T12:01:24.429+0200"
        }
      },
      {
        "_index": "wazuh-alerts-4.x-2024.07.12",
        "_id": "CbNjppABLu9BFc0M8D7A",
        "_score": 2.0,
        "_source": {
          "agent": {
            "ip": "134.23.3.13",
            "name": "hq03",
            "id": "017"
          },
          "manager": {
            "name": "wazuh"
          },
          "data": {
            "win": {
              "eventdata": {
                "image": "c:\\\\test\\\\l_test.exe",
                "processGuid": "{5c9a2cda-fef3-6690-cc07-000000001800}",
                "processId": "3980",
                "utcTime": "2024-07-12 10:01:23.224",
                "targetFilename": "C:\\\\Windows\\\\Temp\\\\_MEI39802\\\\api-ms-win-core-processthreads-l1-1-0.dll",
                "ruleName": "DLL",
                "creationUtcTime": "2024-07-12 10:01:23.224",
                "user": "NT AUTHORITY\\\\SYSTEM"
              },
              "system": {
                "eventID": "11",
                "keywords": "0x8000000000000000",
                "providerGuid": "{5770385f-c22a-43e0-bf4c-06f5698ffbd9}",
                "level": "4",
                "channel": "Microsoft-Windows-Sysmon/Operational",
                "opcode": "0",
                "message": "\"File created:\r\nRuleName: DLL\r\nUtcTime: 2024-07-12 10:01:23.224\r\nProcessGuid: {5c9a2cda-fef3-6690-cc07-000000001800}\r\nProcessId: 3980\r\nImage: c:\\test\\l_test.exe\r\nTargetFilename: C:\\Windows\\Temp\\_MEI39802\\api-ms-win-core-processthreads-l1-1-0.dll\r\nCreationUtcTime: 2024-07-12 10:01:23.224\r\nUser: NT AUTHORITY\\SYSTEM\"",
                "version": "2",
                "systemTime": "2024-07-12T10:01:23.2269210Z",
                "eventRecordID": "3552",
                "threadID": "3548",
                "computer": "hq03.office.tyrdemo.se",
                "task": "11",
                "processID": "2984",
                "severityValue": "INFORMATION",
                "providerName": "Microsoft-Windows-Sysmon"
              }
            }
          },
          "rule": {
            "firedtimes": 70,
            "mail": true,
            "level": 13,
            "description": "Unsigned Binary Loaded From Suspicious Location",
            "groups": [
              "sigma"
            ],
            "id": "900228"
          },
          "decoder": {
            "name": "windows_eventchannel"
          },
          "input": {
            "type": "log"
          },
          "@timestamp": "2024-07-12T10:01:24.444Z",
          "location": "EventChannel",
          "id": "1720778484.103512727",
          "timestamp": "2024-07-12T12:01:24.444+0200"
        }
      },
      {
        "_index": "wazuh-alerts-4.x-2024.07.12",
        "_id": "CrNjppABLu9BFc0M8D7A",
        "_score": 2.0,
        "_source": {
          "agent": {
            "ip": "134.23.3.13",
            "name": "hq03",
            "id": "017"
          },
          "manager": {
            "name": "wazuh"
          },
          "data": {
            "win": {
              "eventdata": {
                "image": "c:\\\\test\\\\l_test.exe",
                "processGuid": "{5c9a2cda-fef3-6690-cc07-000000001800}",
                "processId": "3980",
                "utcTime": "2024-07-12 10:01:23.224",
                "targetFilename": "C:\\\\Windows\\\\Temp\\\\_MEI39802\\\\api-ms-win-core-profile-l1-1-0.dll",
                "ruleName": "DLL",
                "creationUtcTime": "2024-07-12 10:01:23.224",
                "user": "NT AUTHORITY\\\\SYSTEM"
              },
              "system": {
                "eventID": "11",
                "keywords": "0x8000000000000000",
                "providerGuid": "{5770385f-c22a-43e0-bf4c-06f5698ffbd9}",
                "level": "4",
                "channel": "Microsoft-Windows-Sysmon/Operational",
                "opcode": "0",
                "message": "\"File created:\r\nRuleName: DLL\r\nUtcTime: 2024-07-12 10:01:23.224\r\nProcessGuid: {5c9a2cda-fef3-6690-cc07-000000001800}\r\nProcessId: 3980\r\nImage: c:\\test\\l_test.exe\r\nTargetFilename: C:\\Windows\\Temp\\_MEI39802\\api-ms-win-core-profile-l1-1-0.dll\r\nCreationUtcTime: 2024-07-12 10:01:23.224\r\nUser: NT AUTHORITY\\SYSTEM\"",
                "version": "2",
                "systemTime": "2024-07-12T10:01:23.2278347Z",
                "eventRecordID": "3554",
                "threadID": "3548",
                "computer": "hq03.office.tyrdemo.se",
                "task": "11",
                "processID": "2984",
                "severityValue": "INFORMATION",
                "providerName": "Microsoft-Windows-Sysmon"
              }
            }
          },
          "rule": {
            "firedtimes": 71,
            "mail": true,
            "level": 13,
            "description": "Unsigned Binary Loaded From Suspicious Location",
            "groups": [
              "sigma"
            ],
            "id": "900228"
          },
          "decoder": {
            "name": "windows_eventchannel"
          },
          "input": {
            "type": "log"
          },
          "@timestamp": "2024-07-12T10:01:24.477Z",
          "location": "EventChannel",
          "id": "1720778484.103515319",
          "timestamp": "2024-07-12T12:01:24.477+0200"
        }
      },
      {
        "_index": "wazuh-alerts-4.x-2024.07.12",
        "_id": "C7NjppABLu9BFc0M8D7A",
        "_score": 2.0,
        "_source": {
          "agent": {
            "ip": "134.23.3.13",
            "name": "hq03",
            "id": "017"
          },
          "manager": {
            "name": "wazuh"
          },
          "data": {
            "win": {
              "eventdata": {
                "image": "c:\\\\test\\\\l_test.exe",
                "processGuid": "{5c9a2cda-fef3-6690-cc07-000000001800}",
                "processId": "3980",
                "utcTime": "2024-07-12 10:01:23.224",
                "targetFilename": "C:\\\\Windows\\\\Temp\\\\_MEI39802\\\\api-ms-win-core-processthreads-l1-1-1.dll",
                "ruleName": "DLL",
                "creationUtcTime": "2024-07-12 10:01:23.224",
                "user": "NT AUTHORITY\\\\SYSTEM"
              },
              "system": {
                "eventID": "11",
                "keywords": "0x8000000000000000",
                "providerGuid": "{5770385f-c22a-43e0-bf4c-06f5698ffbd9}",
                "level": "4",
                "channel": "Microsoft-Windows-Sysmon/Operational",
                "opcode": "0",
                "message": "\"File created:\r\nRuleName: DLL\r\nUtcTime: 2024-07-12 10:01:23.224\r\nProcessGuid: {5c9a2cda-fef3-6690-cc07-000000001800}\r\nProcessId: 3980\r\nImage: c:\\test\\l_test.exe\r\nTargetFilename: C:\\Windows\\Temp\\_MEI39802\\api-ms-win-core-processthreads-l1-1-1.dll\r\nCreationUtcTime: 2024-07-12 10:01:23.224\r\nUser: NT AUTHORITY\\SYSTEM\"",
                "version": "2",
                "systemTime": "2024-07-12T10:01:23.2273468Z",
                "eventRecordID": "3553",
                "threadID": "3548",
                "computer": "hq03.office.tyrdemo.se",
                "task": "11",
                "processID": "2984",
                "severityValue": "INFORMATION",
                "providerName": "Microsoft-Windows-Sysmon"
              }
            }
          },
          "rule": {
            "firedtimes": 72,
            "mail": true,
            "level": 13,
            "description": "Unsigned Binary Loaded From Suspicious Location",
            "groups": [
              "sigma"
            ],
            "id": "900228"
          },
          "decoder": {
            "name": "windows_eventchannel"
          },
          "input": {
            "type": "log"
          },
          "@timestamp": "2024-07-12T10:01:24.476Z",
          "location": "EventChannel",
          "id": "1720778484.103517883",
          "timestamp": "2024-07-12T12:01:24.476+0200"
        }
      },
      {
        "_index": "wazuh-alerts-4.x-2024.07.12",
        "_id": "D7NjppABLu9BFc0M8D7A",
        "_score": 2.0,
        "_source": {
          "agent": {
            "ip": "134.23.3.13",
            "name": "hq03",
            "id": "017"
          },
          "manager": {
            "name": "wazuh"
          },
          "data": {
            "win": {
              "eventdata": {
                "image": "c:\\\\test\\\\l_test.exe",
                "processGuid": "{5c9a2cda-fef3-6690-cc07-000000001800}",
                "processId": "3980",
                "utcTime": "2024-07-12 10:01:23.224",
                "targetFilename": "C:\\\\Windows\\\\Temp\\\\_MEI39802\\\\api-ms-win-core-synch-l1-2-0.dll",
                "ruleName": "DLL",
                "creationUtcTime": "2024-07-12 10:01:23.224",
                "user": "NT AUTHORITY\\\\SYSTEM"
              },
              "system": {
                "eventID": "11",
                "keywords": "0x8000000000000000",
                "providerGuid": "{5770385f-c22a-43e0-bf4c-06f5698ffbd9}",
                "level": "4",
                "channel": "Microsoft-Windows-Sysmon/Operational",
                "opcode": "0",
                "message": "\"File created:\r\nRuleName: DLL\r\nUtcTime: 2024-07-12 10:01:23.224\r\nProcessGuid: {5c9a2cda-fef3-6690-cc07-000000001800}\r\nProcessId: 3980\r\nImage: c:\\test\\l_test.exe\r\nTargetFilename: C:\\Windows\\Temp\\_MEI39802\\api-ms-win-core-synch-l1-2-0.dll\r\nCreationUtcTime: 2024-07-12 10:01:23.224\r\nUser: NT AUTHORITY\\SYSTEM\"",
                "version": "2",
                "systemTime": "2024-07-12T10:01:23.2292232Z",
                "eventRecordID": "3558",
                "threadID": "3548",
                "computer": "hq03.office.tyrdemo.se",
                "task": "11",
                "processID": "2984",
                "severityValue": "INFORMATION",
                "providerName": "Microsoft-Windows-Sysmon"
              }
            }
          },
          "rule": {
            "firedtimes": 76,
            "mail": true,
            "level": 13,
            "description": "Unsigned Binary Loaded From Suspicious Location",
            "groups": [
              "sigma"
            ],
            "id": "900228"
          },
          "decoder": {
            "name": "windows_eventchannel"
          },
          "input": {
            "type": "log"
          },
          "@timestamp": "2024-07-12T10:01:24.555Z",
          "location": "EventChannel",
          "id": "1720778484.103528167",
          "timestamp": "2024-07-12T12:01:24.555+0200"
        }
      },
      {
        "_index": "wazuh-alerts-4.x-2024.07.12",
        "_id": "EbNjppABLu9BFc0M8D7A",
        "_score": 2.0,
        "_source": {
          "agent": {
            "ip": "134.23.3.13",
            "name": "hq03",
            "id": "017"
          },
          "manager": {
            "name": "wazuh"
          },
          "data": {
            "win": {
              "eventdata": {
                "image": "c:\\\\test\\\\l_test.exe",
                "processGuid": "{5c9a2cda-fef3-6690-cc07-000000001800}",
                "processId": "3980",
                "utcTime": "2024-07-12 10:01:23.224",
                "targetFilename": "C:\\\\Windows\\\\Temp\\\\_MEI39802\\\\api-ms-win-core-timezone-l1-1-0.dll",
                "ruleName": "DLL",
                "creationUtcTime": "2024-07-12 10:01:23.224",
                "user": "NT AUTHORITY\\\\SYSTEM"
              },
              "system": {
                "eventID": "11",
                "keywords": "0x8000000000000000",
                "providerGuid": "{5770385f-c22a-43e0-bf4c-06f5698ffbd9}",
                "level": "4",
                "channel": "Microsoft-Windows-Sysmon/Operational",
                "opcode": "0",
                "message": "\"File created:\r\nRuleName: DLL\r\nUtcTime: 2024-07-12 10:01:23.224\r\nProcessGuid: {5c9a2cda-fef3-6690-cc07-000000001800}\r\nProcessId: 3980\r\nImage: c:\\test\\l_test.exe\r\nTargetFilename: C:\\Windows\\Temp\\_MEI39802\\api-ms-win-core-timezone-l1-1-0.dll\r\nCreationUtcTime: 2024-07-12 10:01:23.224\r\nUser: NT AUTHORITY\\SYSTEM\"",
                "version": "2",
                "systemTime": "2024-07-12T10:01:23.2299092Z",
                "eventRecordID": "3560",
                "threadID": "3548",
                "computer": "hq03.office.tyrdemo.se",
                "task": "11",
                "processID": "2984",
                "severityValue": "INFORMATION",
                "providerName": "Microsoft-Windows-Sysmon"
              }
            }
          },
          "rule": {
            "firedtimes": 78,
            "mail": true,
            "level": 13,
            "description": "Unsigned Binary Loaded From Suspicious Location",
            "groups": [
              "sigma"
            ],
            "id": "900228"
          },
          "decoder": {
            "name": "windows_eventchannel"
          },
          "input": {
            "type": "log"
          },
          "@timestamp": "2024-07-12T10:01:24.586Z",
          "location": "EventChannel",
          "id": "1720778484.103533287",
          "timestamp": "2024-07-12T12:01:24.586+0200"
        }
      },
      {
        "_index": "wazuh-alerts-4.x-2024.07.12",
        "_id": "E7NjppABLu9BFc0M8D7A",
        "_score": 2.0,
        "_source": {
          "agent": {
            "ip": "134.23.3.13",
            "name": "hq03",
            "id": "017"
          },
          "manager": {
            "name": "wazuh"
          },
          "data": {
            "win": {
              "eventdata": {
                "image": "c:\\\\test\\\\l_test.exe",
                "processGuid": "{5c9a2cda-fef3-6690-cc07-000000001800}",
                "processId": "3980",
                "utcTime": "2024-07-12 10:01:23.224",
                "targetFilename": "C:\\\\Windows\\\\Temp\\\\_MEI39802\\\\api-ms-win-crt-conio-l1-1-0.dll",
                "ruleName": "DLL",
                "creationUtcTime": "2024-07-12 10:01:23.224",
                "user": "NT AUTHORITY\\\\SYSTEM"
              },
              "system": {
                "eventID": "11",
                "keywords": "0x8000000000000000",
                "providerGuid": "{5770385f-c22a-43e0-bf4c-06f5698ffbd9}",
                "level": "4",
                "channel": "Microsoft-Windows-Sysmon/Operational",
                "opcode": "0",
                "message": "\"File created:\r\nRuleName: DLL\r\nUtcTime: 2024-07-12 10:01:23.224\r\nProcessGuid: {5c9a2cda-fef3-6690-cc07-000000001800}\r\nProcessId: 3980\r\nImage: c:\\test\\l_test.exe\r\nTargetFilename: C:\\Windows\\Temp\\_MEI39802\\api-ms-win-crt-conio-l1-1-0.dll\r\nCreationUtcTime: 2024-07-12 10:01:23.224\r\nUser: NT AUTHORITY\\SYSTEM\"",
                "version": "2",
                "systemTime": "2024-07-12T10:01:23.2304842Z",
                "eventRecordID": "3562",
                "threadID": "3548",
                "computer": "hq03.office.tyrdemo.se",
                "task": "11",
                "processID": "2984",
                "severityValue": "INFORMATION",
                "providerName": "Microsoft-Windows-Sysmon"
              }
            }
          },
          "rule": {
            "firedtimes": 80,
            "mail": true,
            "level": 13,
            "description": "Unsigned Binary Loaded From Suspicious Location",
            "groups": [
              "sigma"
            ],
            "id": "900228"
          },
          "decoder": {
            "name": "windows_eventchannel"
          },
          "input": {
            "type": "log"
          },
          "@timestamp": "2024-07-12T10:01:24.617Z",
          "location": "EventChannel",
          "id": "1720778484.103538407",
          "timestamp": "2024-07-12T12:01:24.617+0200"
        }
      },
      {
        "_index": "wazuh-alerts-4.x-2024.07.12",
        "_id": "F7NjppABLu9BFc0M8D7A",
        "_score": 2.0,
        "_source": {
          "agent": {
            "ip": "134.23.3.13",
            "name": "hq03",
            "id": "017"
          },
          "manager": {
            "name": "wazuh"
          },
          "data": {
            "win": {
              "eventdata": {
                "image": "c:\\\\test\\\\l_test.exe",
                "processGuid": "{5c9a2cda-fef3-6690-cc07-000000001800}",
                "processId": "3980",
                "utcTime": "2024-07-12 10:01:23.224",
                "targetFilename": "C:\\\\Windows\\\\Temp\\\\_MEI39802\\\\api-ms-win-crt-heap-l1-1-0.dll",
                "ruleName": "DLL",
                "creationUtcTime": "2024-07-12 10:01:23.224",
                "user": "NT AUTHORITY\\\\SYSTEM"
              },
              "system": {
                "eventID": "11",
                "keywords": "0x8000000000000000",
                "providerGuid": "{5770385f-c22a-43e0-bf4c-06f5698ffbd9}",
                "level": "4",
                "channel": "Microsoft-Windows-Sysmon/Operational",
                "opcode": "0",
                "message": "\"File created:\r\nRuleName: DLL\r\nUtcTime: 2024-07-12 10:01:23.224\r\nProcessGuid: {5c9a2cda-fef3-6690-cc07-000000001800}\r\nProcessId: 3980\r\nImage: c:\\test\\l_test.exe\r\nTargetFilename: C:\\Windows\\Temp\\_MEI39802\\api-ms-win-crt-heap-l1-1-0.dll\r\nCreationUtcTime: 2024-07-12 10:01:23.224\r\nUser: NT AUTHORITY\\SYSTEM\"",
                "version": "2",
                "systemTime": "2024-07-12T10:01:23.2320991Z",
                "eventRecordID": "3566",
                "threadID": "3548",
                "computer": "hq03.office.tyrdemo.se",
                "task": "11",
                "processID": "2984",
                "severityValue": "INFORMATION",
                "providerName": "Microsoft-Windows-Sysmon"
              }
            }
          },
          "rule": {
            "firedtimes": 84,
            "mail": true,
            "level": 13,
            "description": "Unsigned Binary Loaded From Suspicious Location",
            "groups": [
              "sigma"
            ],
            "id": "900228"
          },
          "decoder": {
            "name": "windows_eventchannel"
          },
          "input": {
            "type": "log"
          },
          "@timestamp": "2024-07-12T10:01:24.711Z",
          "location": "EventChannel",
          "id": "1720778484.103548667",
          "timestamp": "2024-07-12T12:01:24.711+0200"
        }
      },
      {
        "_index": "wazuh-alerts-4.x-2024.07.12",
        "_id": "GrNjppABLu9BFc0M8D7A",
        "_score": 2.0,
        "_source": {
          "agent": {
            "ip": "134.23.3.13",
            "name": "hq03",
            "id": "017"
          },
          "manager": {
            "name": "wazuh"
          },
          "data": {
            "win": {
              "eventdata": {
                "image": "c:\\\\test\\\\l_test.exe",
                "processGuid": "{5c9a2cda-fef3-6690-cc07-000000001800}",
                "processId": "3980",
                "utcTime": "2024-07-12 10:01:23.224",
                "targetFilename": "C:\\\\Windows\\\\Temp\\\\_MEI39802\\\\api-ms-win-crt-process-l1-1-0.dll",
                "ruleName": "DLL",
                "creationUtcTime": "2024-07-12 10:01:23.224",
                "user": "NT AUTHORITY\\\\SYSTEM"
              },
              "system": {
                "eventID": "11",
                "keywords": "0x8000000000000000",
                "providerGuid": "{5770385f-c22a-43e0-bf4c-06f5698ffbd9}",
                "level": "4",
                "channel": "Microsoft-Windows-Sysmon/Operational",
                "opcode": "0",
                "message": "\"File created:\r\nRuleName: DLL\r\nUtcTime: 2024-07-12 10:01:23.224\r\nProcessGuid: {5c9a2cda-fef3-6690-cc07-000000001800}\r\nProcessId: 3980\r\nImage: c:\\test\\l_test.exe\r\nTargetFilename: C:\\Windows\\Temp\\_MEI39802\\api-ms-win-crt-process-l1-1-0.dll\r\nCreationUtcTime: 2024-07-12 10:01:23.224\r\nUser: NT AUTHORITY\\SYSTEM\"",
                "version": "2",
                "systemTime": "2024-07-12T10:01:23.2331660Z",
                "eventRecordID": "3569",
                "threadID": "3548",
                "computer": "hq03.office.tyrdemo.se",
                "task": "11",
                "processID": "2984",
                "severityValue": "INFORMATION",
                "providerName": "Microsoft-Windows-Sysmon"
              }
            }
          },
          "rule": {
            "firedtimes": 87,
            "mail": true,
            "level": 13,
            "description": "Unsigned Binary Loaded From Suspicious Location",
            "groups": [
              "sigma"
            ],
            "id": "900228"
          },
          "decoder": {
            "name": "windows_eventchannel"
          },
          "input": {
            "type": "log"
          },
          "@timestamp": "2024-07-12T10:01:24.742Z",
          "location": "EventChannel",
          "id": "1720778484.103556319",
          "timestamp": "2024-07-12T12:01:24.742+0200"
        }
      },
      {
        "_index": "wazuh-alerts-4.x-2024.07.12",
        "_id": "IrNjppABLu9BFc0M8D7A",
        "_score": 2.0,
        "_source": {
          "agent": {
            "ip": "134.23.3.13",
            "name": "hq03",
            "id": "017"
          },
          "manager": {
            "name": "wazuh"
          },
          "data": {
            "win": {
              "eventdata": {
                "image": "c:\\\\test\\\\l_test.exe",
                "processGuid": "{5c9a2cda-fef3-6690-cc07-000000001800}",
                "processId": "3980",
                "utcTime": "2024-07-12 10:01:23.224",
                "targetFilename": "C:\\\\Windows\\\\Temp\\\\_MEI39802\\\\api-ms-win-crt-stdio-l1-1-0.dll",
                "ruleName": "DLL",
                "creationUtcTime": "2024-07-12 10:01:23.224",
                "user": "NT AUTHORITY\\\\SYSTEM"
              },
              "system": {
                "eventID": "11",
                "keywords": "0x8000000000000000",
                "providerGuid": "{5770385f-c22a-43e0-bf4c-06f5698ffbd9}",
                "level": "4",
                "channel": "Microsoft-Windows-Sysmon/Operational",
                "opcode": "0",
                "message": "\"File created:\r\nRuleName: DLL\r\nUtcTime: 2024-07-12 10:01:23.224\r\nProcessGuid: {5c9a2cda-fef3-6690-cc07-000000001800}\r\nProcessId: 3980\r\nImage: c:\\test\\l_test.exe\r\nTargetFilename: C:\\Windows\\Temp\\_MEI39802\\api-ms-win-crt-stdio-l1-1-0.dll\r\nCreationUtcTime: 2024-07-12 10:01:23.224\r\nUser: NT AUTHORITY\\SYSTEM\"",
                "version": "2",
                "systemTime": "2024-07-12T10:01:23.2341406Z",
                "eventRecordID": "3571",
                "threadID": "3548",
                "computer": "hq03.office.tyrdemo.se",
                "task": "11",
                "processID": "2984",
                "severityValue": "INFORMATION",
                "providerName": "Microsoft-Windows-Sysmon"
              }
            }
          },
          "rule": {
            "firedtimes": 89,
            "mail": true,
            "level": 13,
            "description": "Unsigned Binary Loaded From Suspicious Location",
            "groups": [
              "sigma"
            ],
            "id": "900228"
          },
          "decoder": {
            "name": "windows_eventchannel"
          },
          "input": {
            "type": "log"
          },
          "@timestamp": "2024-07-12T10:01:24.773Z",
          "location": "EventChannel",
          "id": "1720778484.103564551",
          "timestamp": "2024-07-12T12:01:24.773+0200"
        }
      },
      {
        "_index": "wazuh-alerts-4.x-2024.07.12",
        "_id": "KrNjppABLu9BFc0M8D7l",
        "_score": 2.0,
        "_source": {
          "agent": {
            "ip": "134.23.3.13",
            "name": "hq03",
            "id": "017"
          },
          "manager": {
            "name": "wazuh"
          },
          "data": {
            "win": {
              "eventdata": {
                "image": "c:\\\\test\\\\l_test.exe",
                "processGuid": "{5c9a2cda-fef3-6690-cc07-000000001800}",
                "processId": "3980",
                "utcTime": "2024-07-12 10:01:23.240",
                "targetFilename": "C:\\\\Windows\\\\Temp\\\\_MEI39802\\\\libcrypto-1_1.dll",
                "ruleName": "DLL",
                "creationUtcTime": "2024-07-12 10:01:23.240",
                "user": "NT AUTHORITY\\\\SYSTEM"
              },
              "system": {
                "eventID": "11",
                "keywords": "0x8000000000000000",
                "providerGuid": "{5770385f-c22a-43e0-bf4c-06f5698ffbd9}",
                "level": "4",
                "channel": "Microsoft-Windows-Sysmon/Operational",
                "opcode": "0",
                "message": "\"File created:\r\nRuleName: DLL\r\nUtcTime: 2024-07-12 10:01:23.240\r\nProcessGuid: {5c9a2cda-fef3-6690-cc07-000000001800}\r\nProcessId: 3980\r\nImage: c:\\test\\l_test.exe\r\nTargetFilename: C:\\Windows\\Temp\\_MEI39802\\libcrypto-1_1.dll\r\nCreationUtcTime: 2024-07-12 10:01:23.240\r\nUser: NT AUTHORITY\\SYSTEM\"",
                "version": "2",
                "systemTime": "2024-07-12T10:01:23.2455481Z",
                "eventRecordID": "3575",
                "threadID": "3548",
                "computer": "hq03.office.tyrdemo.se",
                "task": "11",
                "processID": "2984",
                "severityValue": "INFORMATION",
                "providerName": "Microsoft-Windows-Sysmon"
              }
            }
          },
          "rule": {
            "firedtimes": 92,
            "mail": true,
            "level": 13,
            "description": "Unsigned Binary Loaded From Suspicious Location",
            "groups": [
              "sigma"
            ],
            "id": "900228"
          },
          "decoder": {
            "name": "windows_eventchannel"
          },
          "input": {
            "type": "log"
          },
          "@timestamp": "2024-07-12T10:01:24.846Z",
          "location": "EventChannel",
          "id": "1720778484.103574826",
          "timestamp": "2024-07-12T12:01:24.846+0200"
        }
      },
      {
        "_index": "wazuh-alerts-4.x-2024.07.12",
        "_id": "MrNjppABLu9BFc0M9D6o",
        "_score": 2.0,
        "_source": {
          "agent": {
            "ip": "134.23.3.13",
            "name": "hq03",
            "id": "017"
          },
          "manager": {
            "name": "wazuh"
          },
          "data": {
            "win": {
              "eventdata": {
                "originalFileName": "reg.exe",
                "image": "C:\\\\Windows\\\\System32\\\\reg.exe",
                "product": "Microsoft\u00ae Windows\u00ae Operating System",
                "parentProcessGuid": "{5c9a2cda-fef3-6690-cf07-000000001800}",
                "description": "Registry Console Tool",
                "logonGuid": "{5c9a2cda-8362-668f-e703-000000000000}",
                "parentCommandLine": "cmd.exe /c \\\"reg.exe save hklm\\\\sam C:\\\\Windows\\\\TEMP\\\\gmdzzreezv\\\"",
                "processGuid": "{5c9a2cda-fef3-6690-d007-000000001800}",
                "logonId": "0x3e7",
                "parentProcessId": "4240",
                "processId": "3500",
                "currentDirectory": "C:\\\\Windows\\\\system32\\\\",
                "utcTime": "2024-07-12 10:01:23.566",
                "hashes": "MD5=227F63E1D9008B36BDBCC4B397780BE4,SHA256=C0E25B1F9B22DE445298C1E96DDFCEAD265CA030FA6626F61A4A4786CC4A3B7D,IMPHASH=BE482BE427FE212CFEF2CDA0E61F19AC",
                "parentImage": "C:\\\\Windows\\\\System32\\\\cmd.exe",
                "company": "Microsoft Corporation",
                "commandLine": "reg.exe  save hklm\\\\sam C:\\\\Windows\\\\TEMP\\\\gmdzzreezv",
                "integrityLevel": "System",
                "fileVersion": "10.0.19041.1 (WinBuild.160101.0800)",
                "user": "NT AUTHORITY\\\\SYSTEM",
                "terminalSessionId": "0",
                "parentUser": "NT AUTHORITY\\\\SYSTEM"
              },
              "system": {
                "eventID": "1",
                "keywords": "0x8000000000000000",
                "providerGuid": "{5770385f-c22a-43e0-bf4c-06f5698ffbd9}",
                "level": "4",
                "channel": "Microsoft-Windows-Sysmon/Operational",
                "opcode": "0",
                "message": "\"Process Create:\r\nRuleName: -\r\nUtcTime: 2024-07-12 10:01:23.566\r\nProcessGuid: {5c9a2cda-fef3-6690-d007-000000001800}\r\nProcessId: 3500\r\nImage: C:\\Windows\\System32\\reg.exe\r\nFileVersion: 10.0.19041.1 (WinBuild.160101.0800)\r\nDescription: Registry Console Tool\r\nProduct: Microsoft\u00ae Windows\u00ae Operating System\r\nCompany: Microsoft Corporation\r\nOriginalFileName: reg.exe\r\nCommandLine: reg.exe  save hklm\\sam C:\\Windows\\TEMP\\gmdzzreezv\r\nCurrentDirectory: C:\\Windows\\system32\\\r\nUser: NT AUTHORITY\\SYSTEM\r\nLogonGuid: {5c9a2cda-8362-668f-e703-000000000000}\r\nLogonId: 0x3E7\r\nTerminalSessionId: 0\r\nIntegrityLevel: System\r\nHashes: MD5=227F63E1D9008B36BDBCC4B397780BE4,SHA256=C0E25B1F9B22DE445298C1E96DDFCEAD265CA030FA6626F61A4A4786CC4A3B7D,IMPHASH=BE482BE427FE212CFEF2CDA0E61F19AC\r\nParentProcessGuid: {5c9a2cda-fef3-6690-cf07-000000001800}\r\nParentProcessId: 4240\r\nParentImage: C:\\Windows\\System32\\cmd.exe\r\nParentCommandLine: cmd.exe /c \"reg.exe save hklm\\sam C:\\Windows\\TEMP\\gmdzzreezv\"\r\nParentUser: NT AUTHORITY\\SYSTEM\"",
                "version": "5",
                "systemTime": "2024-07-12T10:01:23.5686641Z",
                "eventRecordID": "3584",
                "threadID": "3548",
                "computer": "hq03.office.tyrdemo.se",
                "task": "1",
                "processID": "2984",
                "severityValue": "INFORMATION",
                "providerName": "Microsoft-Windows-Sysmon"
              }
            }
          },
          "rule": {
            "firedtimes": 2,
            "mail": true,
            "level": 14,
            "description": "Reg.exe used to dump SAM hive",
            "groups": [
              "sysmon",
              "sysmon_eid1_detections",
              "windows"
            ],
            "mitre": {
              "technique": [
                "Security Account Manager"
              ],
              "id": [
                "T1003.002"
              ],
              "tactic": [
                "Credential Access"
              ]
            },
            "id": "92026"
          },
          "decoder": {
            "name": "windows_eventchannel"
          },
          "input": {
            "type": "log"
          },
          "@timestamp": "2024-07-12T10:01:25.007Z",
          "location": "EventChannel",
          "id": "1720778485.103594742",
          "timestamp": "2024-07-12T12:01:25.007+0200"
        }
      },
      {
        "_index": "wazuh-alerts-4.x-2024.07.12",
        "_id": "-7NjppABLu9BFc0M8D3A",
        "_score": 2.0,
        "_source": {
          "agent": {
            "ip": "134.23.3.13",
            "name": "hq03",
            "id": "017"
          },
          "manager": {
            "name": "wazuh"
          },
          "data": {
            "win": {
              "eventdata": {
                "image": "c:\\\\test\\\\l_test.exe",
                "processGuid": "{5c9a2cda-fef3-6690-cc07-000000001800}",
                "processId": "3980",
                "utcTime": "2024-07-12 10:01:23.208",
                "targetFilename": "C:\\\\Windows\\\\Temp\\\\_MEI39802\\\\api-ms-win-core-datetime-l1-1-0.dll",
                "ruleName": "DLL",
                "creationUtcTime": "2024-07-12 10:01:23.208",
                "user": "NT AUTHORITY\\\\SYSTEM"
              },
              "system": {
                "eventID": "11",
                "keywords": "0x8000000000000000",
                "providerGuid": "{5770385f-c22a-43e0-bf4c-06f5698ffbd9}",
                "level": "4",
                "channel": "Microsoft-Windows-Sysmon/Operational",
                "opcode": "0",
                "message": "\"File created:\r\nRuleName: DLL\r\nUtcTime: 2024-07-12 10:01:23.208\r\nProcessGuid: {5c9a2cda-fef3-6690-cc07-000000001800}\r\nProcessId: 3980\r\nImage: c:\\test\\l_test.exe\r\nTargetFilename: C:\\Windows\\Temp\\_MEI39802\\api-ms-win-core-datetime-l1-1-0.dll\r\nCreationUtcTime: 2024-07-12 10:01:23.208\r\nUser: NT AUTHORITY\\SYSTEM\"",
                "version": "2",
                "systemTime": "2024-07-12T10:01:23.2211419Z",
                "eventRecordID": "3538",
                "threadID": "3548",
                "computer": "hq03.office.tyrdemo.se",
                "task": "11",
                "processID": "2984",
                "severityValue": "INFORMATION",
                "providerName": "Microsoft-Windows-Sysmon"
              }
            }
          },
          "rule": {
            "firedtimes": 56,
            "mail": true,
            "level": 13,
            "description": "Unsigned Binary Loaded From Suspicious Location",
            "groups": [
              "sigma"
            ],
            "id": "900228"
          },
          "decoder": {
            "name": "windows_eventchannel"
          },
          "input": {
            "type": "log"
          },
          "@timestamp": "2024-07-12T10:01:24.164Z",
          "location": "EventChannel",
          "id": "1720778484.103476755",
          "timestamp": "2024-07-12T12:01:24.164+0200"
        }
      },
      {
        "_index": "wazuh-alerts-4.x-2024.07.12",
        "_id": "_LNjppABLu9BFc0M8D3A",
        "_score": 2.0,
        "_source": {
          "agent": {
            "ip": "134.23.3.13",
            "name": "hq03",
            "id": "017"
          },
          "manager": {
            "name": "wazuh"
          },
          "data": {
            "win": {
              "eventdata": {
                "image": "c:\\\\test\\\\l_test.exe",
                "processGuid": "{5c9a2cda-fef3-6690-cc07-000000001800}",
                "processId": "3980",
                "utcTime": "2024-07-12 10:01:23.208",
                "targetFilename": "C:\\\\Windows\\\\Temp\\\\_MEI39802\\\\api-ms-win-core-debug-l1-1-0.dll",
                "ruleName": "DLL",
                "creationUtcTime": "2024-07-12 10:01:23.208",
                "user": "NT AUTHORITY\\\\SYSTEM"
              },
              "system": {
                "eventID": "11",
                "keywords": "0x8000000000000000",
                "providerGuid": "{5770385f-c22a-43e0-bf4c-06f5698ffbd9}",
                "level": "4",
                "channel": "Microsoft-Windows-Sysmon/Operational",
                "opcode": "0",
                "message": "\"File created:\r\nRuleName: DLL\r\nUtcTime: 2024-07-12 10:01:23.208\r\nProcessGuid: {5c9a2cda-fef3-6690-cc07-000000001800}\r\nProcessId: 3980\r\nImage: c:\\test\\l_test.exe\r\nTargetFilename: C:\\Windows\\Temp\\_MEI39802\\api-ms-win-core-debug-l1-1-0.dll\r\nCreationUtcTime: 2024-07-12 10:01:23.208\r\nUser: NT AUTHORITY\\SYSTEM\"",
                "version": "2",
                "systemTime": "2024-07-12T10:01:23.2214634Z",
                "eventRecordID": "3539",
                "threadID": "3548",
                "computer": "hq03.office.tyrdemo.se",
                "task": "11",
                "processID": "2984",
                "severityValue": "INFORMATION",
                "providerName": "Microsoft-Windows-Sysmon"
              }
            }
          },
          "rule": {
            "firedtimes": 57,
            "mail": true,
            "level": 13,
            "description": "Unsigned Binary Loaded From Suspicious Location",
            "groups": [
              "sigma"
            ],
            "id": "900228"
          },
          "decoder": {
            "name": "windows_eventchannel"
          },
          "input": {
            "type": "log"
          },
          "@timestamp": "2024-07-12T10:01:24.195Z",
          "location": "EventChannel",
          "id": "1720778484.103479323",
          "timestamp": "2024-07-12T12:01:24.195+0200"
        }
      },
