{
  "attacks": {
    "946": [
      {
        "_index": "wazuh-alerts-4.x-2024.07.12",
        "_id": "x7NippABLu9BFc0Mxzyu",
        "_score": 2.0,
        "_source": {
          "agent": {
            "ip": "134.23.4.12",
            "name": "hqfile",
            "id": "011"
          },
          "manager": {
            "name": "wazuh"
          },
          "data": {
            "win": {
              "eventdata": {
                "image": "c:\\\\test\\\\l_test.exe",
                "processGuid": "{eeacf21c-fea7-6690-8604-000000000b00}",
                "processId": "1212",
                "utcTime": "2024-07-12 10:00:07.321",
                "targetFilename": "C:\\\\Windows\\\\Temp\\\\_MEI12122\\\\api-ms-win-core-console-l1-1-0.dll",
                "ruleName": "DLL",
                "creationUtcTime": "2024-07-12 10:00:07.321",
                "user": "NT AUTHORITY\\\\SYSTEM"
              },
              "system": {
                "eventID": "11",
                "keywords": "0x8000000000000000",
                "providerGuid": "{5770385f-c22a-43e0-bf4c-06f5698ffbd9}",
                "level": "4",
                "channel": "Microsoft-Windows-Sysmon/Operational",
                "opcode": "0",
                "message": "\"File created:\r\nRuleName: DLL\r\nUtcTime: 2024-07-12 10:00:07.321\r\nProcessGuid: {eeacf21c-fea7-6690-8604-000000000b00}\r\nProcessId: 1212\r\nImage: c:\\test\\l_test.exe\r\nTargetFilename: C:\\Windows\\Temp\\_MEI12122\\api-ms-win-core-console-l1-1-0.dll\r\nCreationUtcTime: 2024-07-12 10:00:07.321\r\nUser: NT AUTHORITY\\SYSTEM\"",
                "version": "2",
                "systemTime": "2024-07-12T10:00:07.325917700Z",
                "eventRecordID": "3076",
                "threadID": "3156",
                "computer": "hqfile.office.tyrdemo.se",
                "task": "11",
                "processID": "2584",
                "severityValue": "INFORMATION",
                "providerName": "Microsoft-Windows-Sysmon"
              }
            }
          },
          "rule": {
            "firedtimes": 5,
            "mail": true,
            "level": 13,
            "description": "Unsigned Binary Loaded From Suspicious Location",
            "groups": [
              "sigma"
            ],
            "id": "900228"
          },
          "decoder": {
            "name": "windows_eventchannel"
          },
          "input": {
            "type": "log"
          },
          "@timestamp": "2024-07-12T10:00:08.741Z",
          "location": "EventChannel",
          "id": "1720778408.103069623",
          "timestamp": "2024-07-12T12:00:08.741+0200"
        }
      },
      {
        "_index": "wazuh-alerts-4.x-2024.07.12",
        "_id": "yLNippABLu9BFc0Mxzyu",
        "_score": 2.0,
        "_source": {
          "agent": {
            "ip": "134.23.4.12",
            "name": "hqfile",
            "id": "011"
          },
          "manager": {
            "name": "wazuh"
          },
          "data": {
            "win": {
              "eventdata": {
                "image": "c:\\\\test\\\\l_test.exe",
                "processGuid": "{eeacf21c-fea7-6690-8604-000000000b00}",
                "processId": "1212",
                "utcTime": "2024-07-12 10:00:07.321",
                "targetFilename": "C:\\\\Windows\\\\Temp\\\\_MEI12122\\\\api-ms-win-core-datetime-l1-1-0.dll",
                "ruleName": "DLL",
                "creationUtcTime": "2024-07-12 10:00:07.321",
                "user": "NT AUTHORITY\\\\SYSTEM"
              },
              "system": {
                "eventID": "11",
                "keywords": "0x8000000000000000",
                "providerGuid": "{5770385f-c22a-43e0-bf4c-06f5698ffbd9}",
                "level": "4",
                "channel": "Microsoft-Windows-Sysmon/Operational",
                "opcode": "0",
                "message": "\"File created:\r\nRuleName: DLL\r\nUtcTime: 2024-07-12 10:00:07.321\r\nProcessGuid: {eeacf21c-fea7-6690-8604-000000000b00}\r\nProcessId: 1212\r\nImage: c:\\test\\l_test.exe\r\nTargetFilename: C:\\Windows\\Temp\\_MEI12122\\api-ms-win-core-datetime-l1-1-0.dll\r\nCreationUtcTime: 2024-07-12 10:00:07.321\r\nUser: NT AUTHORITY\\SYSTEM\"",
                "version": "2",
                "systemTime": "2024-07-12T10:00:07.326205000Z",
                "eventRecordID": "3077",
                "threadID": "3156",
                "computer": "hqfile.office.tyrdemo.se",
                "task": "11",
                "processID": "2584",
                "severityValue": "INFORMATION",
                "providerName": "Microsoft-Windows-Sysmon"
              }
            }
          },
          "rule": {
            "firedtimes": 6,
            "mail": true,
            "level": 13,
            "description": "Unsigned Binary Loaded From Suspicious Location",
            "groups": [
              "sigma"
            ],
            "id": "900228"
          },
          "decoder": {
            "name": "windows_eventchannel"
          },
          "input": {
            "type": "log"
          },
          "@timestamp": "2024-07-12T10:00:08.756Z",
          "location": "EventChannel",
          "id": "1720778408.103072197",
          "timestamp": "2024-07-12T12:00:08.756+0200"
        }
      },
      {
        "_index": "wazuh-alerts-4.x-2024.07.12",
        "_id": "ybNippABLu9BFc0Mxzyu",
        "_score": 2.0,
        "_source": {
          "agent": {
            "ip": "134.23.4.12",
            "name": "hqfile",
            "id": "011"
          },
          "manager": {
            "name": "wazuh"
          },
          "data": {
            "win": {
              "eventdata": {
                "image": "c:\\\\test\\\\l_test.exe",
                "processGuid": "{eeacf21c-fea7-6690-8604-000000000b00}",
                "processId": "1212",
                "utcTime": "2024-07-12 10:00:07.321",
                "targetFilename": "C:\\\\Windows\\\\Temp\\\\_MEI12122\\\\api-ms-win-core-debug-l1-1-0.dll",
                "ruleName": "DLL",
                "creationUtcTime": "2024-07-12 10:00:07.321",
                "user": "NT AUTHORITY\\\\SYSTEM"
              },
              "system": {
                "eventID": "11",
                "keywords": "0x8000000000000000",
                "providerGuid": "{5770385f-c22a-43e0-bf4c-06f5698ffbd9}",
                "level": "4",
                "channel": "Microsoft-Windows-Sysmon/Operational",
                "opcode": "0",
                "message": "\"File created:\r\nRuleName: DLL\r\nUtcTime: 2024-07-12 10:00:07.321\r\nProcessGuid: {eeacf21c-fea7-6690-8604-000000000b00}\r\nProcessId: 1212\r\nImage: c:\\test\\l_test.exe\r\nTargetFilename: C:\\Windows\\Temp\\_MEI12122\\api-ms-win-core-debug-l1-1-0.dll\r\nCreationUtcTime: 2024-07-12 10:00:07.321\r\nUser: NT AUTHORITY\\SYSTEM\"",
                "version": "2",
                "systemTime": "2024-07-12T10:00:07.326499600Z",
                "eventRecordID": "3078",
                "threadID": "3156",
                "computer": "hqfile.office.tyrdemo.se",
                "task": "11",
                "processID": "2584",
                "severityValue": "INFORMATION",
                "providerName": "Microsoft-Windows-Sysmon"
              }
            }
          },
          "rule": {
            "firedtimes": 7,
            "mail": true,
            "level": 13,
            "description": "Unsigned Binary Loaded From Suspicious Location",
            "groups": [
              "sigma"
            ],
            "id": "900228"
          },
          "decoder": {
            "name": "windows_eventchannel"
          },
          "input": {
            "type": "log"
          },
          "@timestamp": "2024-07-12T10:00:08.789Z",
          "location": "EventChannel",
          "id": "1720778408.103074775",
          "timestamp": "2024-07-12T12:00:08.789+0200"
        }
      },
      {
        "_index": "wazuh-alerts-4.x-2024.07.12",
        "_id": "z7NippABLu9BFc0Myzyb",
        "_score": 2.0,
        "_source": {
          "agent": {
            "ip": "134.23.4.12",
            "name": "hqfile",
            "id": "011"
          },
          "manager": {
            "name": "wazuh"
          },
          "data": {
            "win": {
              "eventdata": {
                "image": "c:\\\\test\\\\l_test.exe",
                "processGuid": "{eeacf21c-fea7-6690-8604-000000000b00}",
                "processId": "1212",
                "utcTime": "2024-07-12 10:00:07.321",
                "targetFilename": "C:\\\\Windows\\\\Temp\\\\_MEI12122\\\\api-ms-win-core-heap-l1-1-0.dll",
                "ruleName": "DLL",
                "creationUtcTime": "2024-07-12 10:00:07.321",
                "user": "NT AUTHORITY\\\\SYSTEM"
              },
              "system": {
                "eventID": "11",
                "keywords": "0x8000000000000000",
                "providerGuid": "{5770385f-c22a-43e0-bf4c-06f5698ffbd9}",
                "level": "4",
                "channel": "Microsoft-Windows-Sysmon/Operational",
                "opcode": "0",
                "message": "\"File created:\r\nRuleName: DLL\r\nUtcTime: 2024-07-12 10:00:07.321\r\nProcessGuid: {eeacf21c-fea7-6690-8604-000000000b00}\r\nProcessId: 1212\r\nImage: c:\\test\\l_test.exe\r\nTargetFilename: C:\\Windows\\Temp\\_MEI12122\\api-ms-win-core-heap-l1-1-0.dll\r\nCreationUtcTime: 2024-07-12 10:00:07.321\r\nUser: NT AUTHORITY\\SYSTEM\"",
                "version": "2",
                "systemTime": "2024-07-12T10:00:07.328482600Z",
                "eventRecordID": "3084",
                "threadID": "3156",
                "computer": "hqfile.office.tyrdemo.se",
                "task": "11",
                "processID": "2584",
                "severityValue": "INFORMATION",
                "providerName": "Microsoft-Windows-Sysmon"
              }
            }
          },
          "rule": {
            "firedtimes": 13,
            "mail": true,
            "level": 13,
            "description": "Unsigned Binary Loaded From Suspicious Location",
            "groups": [
              "sigma"
            ],
            "id": "900228"
          },
          "decoder": {
            "name": "windows_eventchannel"
          },
          "input": {
            "type": "log"
          },
          "@timestamp": "2024-07-12T10:00:08.866Z",
          "location": "EventChannel",
          "id": "1720778408.103090195",
          "timestamp": "2024-07-12T12:00:08.866+0200"
        }
      },
      {
        "_index": "wazuh-alerts-4.x-2024.07.12",
        "_id": "1LNippABLu9BFc0Myzyb",
        "_score": 2.0,
        "_source": {
          "agent": {
            "ip": "134.23.4.12",
            "name": "hqfile",
            "id": "011"
          },
          "manager": {
            "name": "wazuh"
          },
          "data": {
            "win": {
              "eventdata": {
                "image": "c:\\\\test\\\\l_test.exe",
                "processGuid": "{eeacf21c-fea7-6690-8604-000000000b00}",
                "processId": "1212",
                "utcTime": "2024-07-12 10:00:07.321",
                "targetFilename": "C:\\\\Windows\\\\Temp\\\\_MEI12122\\\\api-ms-win-core-namedpipe-l1-1-0.dll",
                "ruleName": "DLL",
                "creationUtcTime": "2024-07-12 10:00:07.321",
                "user": "NT AUTHORITY\\\\SYSTEM"
              },
              "system": {
                "eventID": "11",
                "keywords": "0x8000000000000000",
                "providerGuid": "{5770385f-c22a-43e0-bf4c-06f5698ffbd9}",
                "level": "4",
                "channel": "Microsoft-Windows-Sysmon/Operational",
                "opcode": "0",
                "message": "\"File created:\r\nRuleName: DLL\r\nUtcTime: 2024-07-12 10:00:07.321\r\nProcessGuid: {eeacf21c-fea7-6690-8604-000000000b00}\r\nProcessId: 1212\r\nImage: c:\\test\\l_test.exe\r\nTargetFilename: C:\\Windows\\Temp\\_MEI12122\\api-ms-win-core-namedpipe-l1-1-0.dll\r\nCreationUtcTime: 2024-07-12 10:00:07.321\r\nUser: NT AUTHORITY\\SYSTEM\"",
                "version": "2",
                "systemTime": "2024-07-12T10:00:07.330059600Z",
                "eventRecordID": "3089",
                "threadID": "3156",
                "computer": "hqfile.office.tyrdemo.se",
                "task": "11",
                "processID": "2584",
                "severityValue": "INFORMATION",
                "providerName": "Microsoft-Windows-Sysmon"
              }
            }
          },
          "rule": {
            "firedtimes": 18,
            "mail": true,
            "level": 13,
            "description": "Unsigned Binary Loaded From Suspicious Location",
            "groups": [
              "sigma"
            ],
            "id": "900228"
          },
          "decoder": {
            "name": "windows_eventchannel"
          },
          "input": {
            "type": "log"
          },
          "@timestamp": "2024-07-12T10:00:08.944Z",
          "location": "EventChannel",
          "id": "1720778408.103103109",
          "timestamp": "2024-07-12T12:00:08.944+0200"
        }
      },
      {
        "_index": "wazuh-alerts-4.x-2024.07.12",
        "_id": "17NippABLu9BFc0Myzyb",
        "_score": 2.0,
        "_source": {
          "agent": {
            "ip": "134.23.4.12",
            "name": "hqfile",
            "id": "011"
          },
          "manager": {
            "name": "wazuh"
          },
          "data": {
            "win": {
              "eventdata": {
                "image": "c:\\\\test\\\\l_test.exe",
                "processGuid": "{eeacf21c-fea7-6690-8604-000000000b00}",
                "processId": "1212",
                "utcTime": "2024-07-12 10:00:07.321",
                "targetFilename": "C:\\\\Windows\\\\Temp\\\\_MEI12122\\\\api-ms-win-core-processthreads-l1-1-1.dll",
                "ruleName": "DLL",
                "creationUtcTime": "2024-07-12 10:00:07.321",
                "user": "NT AUTHORITY\\\\SYSTEM"
              },
              "system": {
                "eventID": "11",
                "keywords": "0x8000000000000000",
                "providerGuid": "{5770385f-c22a-43e0-bf4c-06f5698ffbd9}",
                "level": "4",
                "channel": "Microsoft-Windows-Sysmon/Operational",
                "opcode": "0",
                "message": "\"File created:\r\nRuleName: DLL\r\nUtcTime: 2024-07-12 10:00:07.321\r\nProcessGuid: {eeacf21c-fea7-6690-8604-000000000b00}\r\nProcessId: 1212\r\nImage: c:\\test\\l_test.exe\r\nTargetFilename: C:\\Windows\\Temp\\_MEI12122\\api-ms-win-core-processthreads-l1-1-1.dll\r\nCreationUtcTime: 2024-07-12 10:00:07.321\r\nUser: NT AUTHORITY\\SYSTEM\"",
                "version": "2",
                "systemTime": "2024-07-12T10:00:07.331091900Z",
                "eventRecordID": "3092",
                "threadID": "3156",
                "computer": "hqfile.office.tyrdemo.se",
                "task": "11",
                "processID": "2584",
                "severityValue": "INFORMATION",
                "providerName": "Microsoft-Windows-Sysmon"
              }
            }
          },
          "rule": {
            "firedtimes": 21,
            "mail": true,
            "level": 13,
            "description": "Unsigned Binary Loaded From Suspicious Location",
            "groups": [
              "sigma"
            ],
            "id": "900228"
          },
          "decoder": {
            "name": "windows_eventchannel"
          },
          "input": {
            "type": "log"
          },
          "@timestamp": "2024-07-12T10:00:08.991Z",
          "location": "EventChannel",
          "id": "1720778408.103110911",
          "timestamp": "2024-07-12T12:00:08.991+0200"
        }
      },
      {
        "_index": "wazuh-alerts-4.x-2024.07.12",
        "_id": "27NippABLu9BFc0Myzyb",
        "_score": 2.0,
        "_source": {
          "agent": {
            "ip": "134.23.4.12",
            "name": "hqfile",
            "id": "011"
          },
          "manager": {
            "name": "wazuh"
          },
          "data": {
            "win": {
              "eventdata": {
                "image": "c:\\\\test\\\\l_test.exe",
                "processGuid": "{eeacf21c-fea7-6690-8604-000000000b00}",
                "processId": "1212",
                "utcTime": "2024-07-12 10:00:07.321",
                "targetFilename": "C:\\\\Windows\\\\Temp\\\\_MEI12122\\\\api-ms-win-core-synch-l1-1-0.dll",
                "ruleName": "DLL",
                "creationUtcTime": "2024-07-12 10:00:07.321",
                "user": "NT AUTHORITY\\\\SYSTEM"
              },
              "system": {
                "eventID": "11",
                "keywords": "0x8000000000000000",
                "providerGuid": "{5770385f-c22a-43e0-bf4c-06f5698ffbd9}",
                "level": "4",
                "channel": "Microsoft-Windows-Sysmon/Operational",
                "opcode": "0",
                "message": "\"File created:\r\nRuleName: DLL\r\nUtcTime: 2024-07-12 10:00:07.321\r\nProcessGuid: {eeacf21c-fea7-6690-8604-000000000b00}\r\nProcessId: 1212\r\nImage: c:\\test\\l_test.exe\r\nTargetFilename: C:\\Windows\\Temp\\_MEI12122\\api-ms-win-core-synch-l1-1-0.dll\r\nCreationUtcTime: 2024-07-12 10:00:07.321\r\nUser: NT AUTHORITY\\SYSTEM\"",
                "version": "2",
                "systemTime": "2024-07-12T10:00:07.332287100Z",
                "eventRecordID": "3096",
                "threadID": "3156",
                "computer": "hqfile.office.tyrdemo.se",
                "task": "11",
                "processID": "2584",
                "severityValue": "INFORMATION",
                "providerName": "Microsoft-Windows-Sysmon"
              }
            }
          },
          "rule": {
            "firedtimes": 25,
            "mail": true,
            "level": 13,
            "description": "Unsigned Binary Loaded From Suspicious Location",
            "groups": [
              "sigma"
            ],
            "id": "900228"
          },
          "decoder": {
            "name": "windows_eventchannel"
          },
          "input": {
            "type": "log"
          },
          "@timestamp": "2024-07-12T10:00:09.053Z",
          "location": "EventChannel",
          "id": "1720778409.103121243",
          "timestamp": "2024-07-12T12:00:09.053+0200"
        }
      },
      {
        "_index": "wazuh-alerts-4.x-2024.07.12",
        "_id": "37NippABLu9BFc0Myzyb",
        "_score": 2.0,
        "_source": {
          "agent": {
            "ip": "134.23.4.12",
            "name": "hqfile",
            "id": "011"
          },
          "manager": {
            "name": "wazuh"
          },
          "data": {
            "win": {
              "eventdata": {
                "image": "c:\\\\test\\\\l_test.exe",
                "processGuid": "{eeacf21c-fea7-6690-8604-000000000b00}",
                "processId": "1212",
                "utcTime": "2024-07-12 10:00:07.321",
                "targetFilename": "C:\\\\Windows\\\\Temp\\\\_MEI12122\\\\api-ms-win-core-sysinfo-l1-1-0.dll",
                "ruleName": "DLL",
                "creationUtcTime": "2024-07-12 10:00:07.321",
                "user": "NT AUTHORITY\\\\SYSTEM"
              },
              "system": {
                "eventID": "11",
                "keywords": "0x8000000000000000",
                "providerGuid": "{5770385f-c22a-43e0-bf4c-06f5698ffbd9}",
                "level": "4",
                "channel": "Microsoft-Windows-Sysmon/Operational",
                "opcode": "0",
                "message": "\"File created:\r\nRuleName: DLL\r\nUtcTime: 2024-07-12 10:00:07.321\r\nProcessGuid: {eeacf21c-fea7-6690-8604-000000000b00}\r\nProcessId: 1212\r\nImage: c:\\test\\l_test.exe\r\nTargetFilename: C:\\Windows\\Temp\\_MEI12122\\api-ms-win-core-sysinfo-l1-1-0.dll\r\nCreationUtcTime: 2024-07-12 10:00:07.321\r\nUser: NT AUTHORITY\\SYSTEM\"",
                "version": "2",
                "systemTime": "2024-07-12T10:00:07.332913200Z",
                "eventRecordID": "3098",
                "threadID": "3156",
                "computer": "hqfile.office.tyrdemo.se",
                "task": "11",
                "processID": "2584",
                "severityValue": "INFORMATION",
                "providerName": "Microsoft-Windows-Sysmon"
              }
            }
          },
          "rule": {
            "firedtimes": 27,
            "mail": true,
            "level": 13,
            "description": "Unsigned Binary Loaded From Suspicious Location",
            "groups": [
              "sigma"
            ],
            "id": "900228"
          },
          "decoder": {
            "name": "windows_eventchannel"
          },
          "input": {
            "type": "log"
          },
          "@timestamp": "2024-07-12T10:00:09.114Z",
          "location": "EventChannel",
          "id": "1720778409.103127416",
          "timestamp": "2024-07-12T12:00:09.114+0200"
        }
      },
      {
        "_index": "wazuh-alerts-4.x-2024.07.12",
        "_id": "4LNippABLu9BFc0Myzyb",
        "_score": 2.0,
        "_source": {
          "agent": {
            "ip": "134.23.4.12",
            "name": "hqfile",
            "id": "011"
          },
          "manager": {
            "name": "wazuh"
          },
          "data": {
            "win": {
              "eventdata": {
                "image": "c:\\\\test\\\\l_test.exe",
                "processGuid": "{eeacf21c-fea7-6690-8604-000000000b00}",
                "processId": "1212",
                "utcTime": "2024-07-12 10:00:07.321",
                "targetFilename": "C:\\\\Windows\\\\Temp\\\\_MEI12122\\\\api-ms-win-core-util-l1-1-0.dll",
                "ruleName": "DLL",
                "creationUtcTime": "2024-07-12 10:00:07.321",
                "user": "NT AUTHORITY\\\\SYSTEM"
              },
              "system": {
                "eventID": "11",
                "keywords": "0x8000000000000000",
                "providerGuid": "{5770385f-c22a-43e0-bf4c-06f5698ffbd9}",
                "level": "4",
                "channel": "Microsoft-Windows-Sysmon/Operational",
                "opcode": "0",
                "message": "\"File created:\r\nRuleName: DLL\r\nUtcTime: 2024-07-12 10:00:07.321\r\nProcessGuid: {eeacf21c-fea7-6690-8604-000000000b00}\r\nProcessId: 1212\r\nImage: c:\\test\\l_test.exe\r\nTargetFilename: C:\\Windows\\Temp\\_MEI12122\\api-ms-win-core-util-l1-1-0.dll\r\nCreationUtcTime: 2024-07-12 10:00:07.321\r\nUser: NT AUTHORITY\\SYSTEM\"",
                "version": "2",
                "systemTime": "2024-07-12T10:00:07.333598900Z",
                "eventRecordID": "3100",
                "threadID": "3156",
                "computer": "hqfile.office.tyrdemo.se",
                "task": "11",
                "processID": "2584",
                "severityValue": "INFORMATION",
                "providerName": "Microsoft-Windows-Sysmon"
              }
            }
          },
          "rule": {
            "firedtimes": 28,
            "mail": true,
            "level": 13,
            "description": "Unsigned Binary Loaded From Suspicious Location",
            "groups": [
              "sigma"
            ],
            "id": "900228"
          },
          "decoder": {
            "name": "windows_eventchannel"
          },
          "input": {
            "type": "log"
          },
          "@timestamp": "2024-07-12T10:00:09.115Z",
          "location": "EventChannel",
          "id": "1720778409.103129990",
          "timestamp": "2024-07-12T12:00:09.115+0200"
        }
      },
      {
        "_index": "wazuh-alerts-4.x-2024.07.12",
        "_id": "4bNippABLu9BFc0Myzyb",
        "_score": 2.0,
        "_source": {
          "agent": {
            "ip": "134.23.4.12",
            "name": "hqfile",
            "id": "011"
          },
          "manager": {
            "name": "wazuh"
          },
          "data": {
            "win": {
              "eventdata": {
                "image": "c:\\\\test\\\\l_test.exe",
                "processGuid": "{eeacf21c-fea7-6690-8604-000000000b00}",
                "processId": "1212",
                "utcTime": "2024-07-12 10:00:07.321",
                "targetFilename": "C:\\\\Windows\\\\Temp\\\\_MEI12122\\\\api-ms-win-core-timezone-l1-1-0.dll",
                "ruleName": "DLL",
                "creationUtcTime": "2024-07-12 10:00:07.321",
                "user": "NT AUTHORITY\\\\SYSTEM"
              },
              "system": {
                "eventID": "11",
                "keywords": "0x8000000000000000",
                "providerGuid": "{5770385f-c22a-43e0-bf4c-06f5698ffbd9}",
                "level": "4",
                "channel": "Microsoft-Windows-Sysmon/Operational",
                "opcode": "0",
                "message": "\"File created:\r\nRuleName: DLL\r\nUtcTime: 2024-07-12 10:00:07.321\r\nProcessGuid: {eeacf21c-fea7-6690-8604-000000000b00}\r\nProcessId: 1212\r\nImage: c:\\test\\l_test.exe\r\nTargetFilename: C:\\Windows\\Temp\\_MEI12122\\api-ms-win-core-timezone-l1-1-0.dll\r\nCreationUtcTime: 2024-07-12 10:00:07.321\r\nUser: NT AUTHORITY\\SYSTEM\"",
                "version": "2",
                "systemTime": "2024-07-12T10:00:07.333228000Z",
                "eventRecordID": "3099",
                "threadID": "3156",
                "computer": "hqfile.office.tyrdemo.se",
                "task": "11",
                "processID": "2584",
                "severityValue": "INFORMATION",
                "providerName": "Microsoft-Windows-Sysmon"
              }
            }
          },
          "rule": {
            "firedtimes": 29,
            "mail": true,
            "level": 13,
            "description": "Unsigned Binary Loaded From Suspicious Location",
            "groups": [
              "sigma"
            ],
            "id": "900228"
          },
          "decoder": {
            "name": "windows_eventchannel"
          },
          "input": {
            "type": "log"
          },
          "@timestamp": "2024-07-12T10:00:09.114Z",
          "location": "EventChannel",
          "id": "1720778409.103132552",
          "timestamp": "2024-07-12T12:00:09.114+0200"
        }
      },
      {
        "_index": "wazuh-alerts-4.x-2024.07.12",
        "_id": "5LNippABLu9BFc0Myzyb",
        "_score": 2.0,
        "_source": {
          "agent": {
            "ip": "134.23.4.12",
            "name": "hqfile",
            "id": "011"
          },
          "manager": {
            "name": "wazuh"
          },
          "data": {
            "win": {
              "eventdata": {
                "image": "c:\\\\test\\\\l_test.exe",
                "processGuid": "{eeacf21c-fea7-6690-8604-000000000b00}",
                "processId": "1212",
                "utcTime": "2024-07-12 10:00:07.321",
                "targetFilename": "C:\\\\Windows\\\\Temp\\\\_MEI12122\\\\api-ms-win-crt-environment-l1-1-0.dll",
                "ruleName": "DLL",
                "creationUtcTime": "2024-07-12 10:00:07.321",
                "user": "NT AUTHORITY\\\\SYSTEM"
              },
              "system": {
                "eventID": "11",
                "keywords": "0x8000000000000000",
                "providerGuid": "{5770385f-c22a-43e0-bf4c-06f5698ffbd9}",
                "level": "4",
                "channel": "Microsoft-Windows-Sysmon/Operational",
                "opcode": "0",
                "message": "\"File created:\r\nRuleName: DLL\r\nUtcTime: 2024-07-12 10:00:07.321\r\nProcessGuid: {eeacf21c-fea7-6690-8604-000000000b00}\r\nProcessId: 1212\r\nImage: c:\\test\\l_test.exe\r\nTargetFilename: C:\\Windows\\Temp\\_MEI12122\\api-ms-win-crt-environment-l1-1-0.dll\r\nCreationUtcTime: 2024-07-12 10:00:07.321\r\nUser: NT AUTHORITY\\SYSTEM\"",
                "version": "2",
                "systemTime": "2024-07-12T10:00:07.334593500Z",
                "eventRecordID": "3103",
                "threadID": "3156",
                "computer": "hqfile.office.tyrdemo.se",
                "task": "11",
                "processID": "2584",
                "severityValue": "INFORMATION",
                "providerName": "Microsoft-Windows-Sysmon"
              }
            }
          },
          "rule": {
            "firedtimes": 32,
            "mail": true,
            "level": 13,
            "description": "Unsigned Binary Loaded From Suspicious Location",
            "groups": [
              "sigma"
            ],
            "id": "900228"
          },
          "decoder": {
            "name": "windows_eventchannel"
          },
          "input": {
            "type": "log"
          },
          "@timestamp": "2024-07-12T10:00:09.163Z",
          "location": "EventChannel",
          "id": "1720778409.103140262",
          "timestamp": "2024-07-12T12:00:09.163+0200"
        }
      },
      {
        "_index": "wazuh-alerts-4.x-2024.07.12",
        "_id": "5bNippABLu9BFc0Myzyb",
        "_score": 2.0,
        "_source": {
          "agent": {
            "ip": "134.23.4.12",
            "name": "hqfile",
            "id": "011"
          },
          "manager": {
            "name": "wazuh"
          },
          "data": {
            "win": {
              "eventdata": {
                "image": "c:\\\\test\\\\l_test.exe",
                "processGuid": "{eeacf21c-fea7-6690-8604-000000000b00}",
                "processId": "1212",
                "utcTime": "2024-07-12 10:00:07.321",
                "targetFilename": "C:\\\\Windows\\\\Temp\\\\_MEI12122\\\\api-ms-win-crt-filesystem-l1-1-0.dll",
                "ruleName": "DLL",
                "creationUtcTime": "2024-07-12 10:00:07.321",
                "user": "NT AUTHORITY\\\\SYSTEM"
              },
              "system": {
                "eventID": "11",
                "keywords": "0x8000000000000000",
                "providerGuid": "{5770385f-c22a-43e0-bf4c-06f5698ffbd9}",
                "level": "4",
                "channel": "Microsoft-Windows-Sysmon/Operational",
                "opcode": "0",
                "message": "\"File created:\r\nRuleName: DLL\r\nUtcTime: 2024-07-12 10:00:07.321\r\nProcessGuid: {eeacf21c-fea7-6690-8604-000000000b00}\r\nProcessId: 1212\r\nImage: c:\\test\\l_test.exe\r\nTargetFilename: C:\\Windows\\Temp\\_MEI12122\\api-ms-win-crt-filesystem-l1-1-0.dll\r\nCreationUtcTime: 2024-07-12 10:00:07.321\r\nUser: NT AUTHORITY\\SYSTEM\"",
                "version": "2",
                "systemTime": "2024-07-12T10:00:07.335026800Z",
                "eventRecordID": "3104",
                "threadID": "3156",
                "computer": "hqfile.office.tyrdemo.se",
                "task": "11",
                "processID": "2584",
                "severityValue": "INFORMATION",
                "providerName": "Microsoft-Windows-Sysmon"
              }
            }
          },
          "rule": {
            "firedtimes": 33,
            "mail": true,
            "level": 13,
            "description": "Unsigned Binary Loaded From Suspicious Location",
            "groups": [
              "sigma"
            ],
            "id": "900228"
          },
          "decoder": {
            "name": "windows_eventchannel"
          },
          "input": {
            "type": "log"
          },
          "@timestamp": "2024-07-12T10:00:09.178Z",
          "location": "EventChannel",
          "id": "1720778409.103142848",
          "timestamp": "2024-07-12T12:00:09.178+0200"
        }
      },
      {
        "_index": "wazuh-alerts-4.x-2024.07.12",
        "_id": "6bNippABLu9BFc0Myzyb",
        "_score": 2.0,
        "_source": {
          "agent": {
            "ip": "134.23.4.12",
            "name": "hqfile",
            "id": "011"
          },
          "manager": {
            "name": "wazuh"
          },
          "data": {
            "win": {
              "eventdata": {
                "image": "c:\\\\test\\\\l_test.exe",
                "processGuid": "{eeacf21c-fea7-6690-8604-000000000b00}",
                "processId": "1212",
                "utcTime": "2024-07-12 10:00:07.321",
                "targetFilename": "C:\\\\Windows\\\\Temp\\\\_MEI12122\\\\api-ms-win-crt-math-l1-1-0.dll",
                "ruleName": "DLL",
                "creationUtcTime": "2024-07-12 10:00:07.321",
                "user": "NT AUTHORITY\\\\SYSTEM"
              },
              "system": {
                "eventID": "11",
                "keywords": "0x8000000000000000",
                "providerGuid": "{5770385f-c22a-43e0-bf4c-06f5698ffbd9}",
                "level": "4",
                "channel": "Microsoft-Windows-Sysmon/Operational",
                "opcode": "0",
                "message": "\"File created:\r\nRuleName: DLL\r\nUtcTime: 2024-07-12 10:00:07.321\r\nProcessGuid: {eeacf21c-fea7-6690-8604-000000000b00}\r\nProcessId: 1212\r\nImage: c:\\test\\l_test.exe\r\nTargetFilename: C:\\Windows\\Temp\\_MEI12122\\api-ms-win-crt-math-l1-1-0.dll\r\nCreationUtcTime: 2024-07-12 10:00:07.321\r\nUser: NT AUTHORITY\\SYSTEM\"",
                "version": "2",
                "systemTime": "2024-07-12T10:00:07.336012100Z",
                "eventRecordID": "3107",
                "threadID": "3156",
                "computer": "hqfile.office.tyrdemo.se",
                "task": "11",
                "processID": "2584",
                "severityValue": "INFORMATION",
                "providerName": "Microsoft-Windows-Sysmon"
              }
            }
          },
          "rule": {
            "firedtimes": 35,
            "mail": true,
            "level": 13,
            "description": "Unsigned Binary Loaded From Suspicious Location",
            "groups": [
              "sigma"
            ],
            "id": "900228"
          },
          "decoder": {
            "name": "windows_eventchannel"
          },
          "input": {
            "type": "log"
          },
          "@timestamp": "2024-07-12T10:00:09.225Z",
          "location": "EventChannel",
          "id": "1720778409.103150819",
          "timestamp": "2024-07-12T12:00:09.225+0200"
        }
      },
      {
        "_index": "wazuh-alerts-4.x-2024.07.12",
        "_id": "6rNippABLu9BFc0Myzyb",
        "_score": 2.0,
        "_source": {
          "agent": {
            "ip": "134.23.4.12",
            "name": "hqfile",
            "id": "011"
          },
          "manager": {
            "name": "wazuh"
          },
          "data": {
            "win": {
              "eventdata": {
                "image": "c:\\\\test\\\\l_test.exe",
                "processGuid": "{eeacf21c-fea7-6690-8604-000000000b00}",
                "processId": "1212",
                "utcTime": "2024-07-12 10:00:07.321",
                "targetFilename": "C:\\\\Windows\\\\Temp\\\\_MEI12122\\\\api-ms-win-crt-locale-l1-1-0.dll",
                "ruleName": "DLL",
                "creationUtcTime": "2024-07-12 10:00:07.321",
                "user": "NT AUTHORITY\\\\SYSTEM"
              },
              "system": {
                "eventID": "11",
                "keywords": "0x8000000000000000",
                "providerGuid": "{5770385f-c22a-43e0-bf4c-06f5698ffbd9}",
                "level": "4",
                "channel": "Microsoft-Windows-Sysmon/Operational",
                "opcode": "0",
                "message": "\"File created:\r\nRuleName: DLL\r\nUtcTime: 2024-07-12 10:00:07.321\r\nProcessGuid: {eeacf21c-fea7-6690-8604-000000000b00}\r\nProcessId: 1212\r\nImage: c:\\test\\l_test.exe\r\nTargetFilename: C:\\Windows\\Temp\\_MEI12122\\api-ms-win-crt-locale-l1-1-0.dll\r\nCreationUtcTime: 2024-07-12 10:00:07.321\r\nUser: NT AUTHORITY\\SYSTEM\"",
                "version": "2",
                "systemTime": "2024-07-12T10:00:07.335593700Z",
                "eventRecordID": "3106",
                "threadID": "3156",
                "computer": "hqfile.office.tyrdemo.se",
                "task": "11",
                "processID": "2584",
                "severityValue": "INFORMATION",
                "providerName": "Microsoft-Windows-Sysmon"
              }
            }
          },
          "rule": {
            "firedtimes": 36,
            "mail": true,
            "level": 13,
            "description": "Unsigned Binary Loaded From Suspicious Location",
            "groups": [
              "sigma"
            ],
            "id": "900228"
          },
          "decoder": {
            "name": "windows_eventchannel"
          },
          "input": {
            "type": "log"
          },
          "@timestamp": "2024-07-12T10:00:09.225Z",
          "location": "EventChannel",
          "id": "1720778409.103153377",
          "timestamp": "2024-07-12T12:00:09.225+0200"
        }
      },
      {
        "_index": "wazuh-alerts-4.x-2024.07.12",
        "_id": "8LNippABLu9BFc0Myzyb",
        "_score": 2.0,
        "_source": {
          "agent": {
            "ip": "134.23.4.12",
            "name": "hqfile",
            "id": "011"
          },
          "manager": {
            "name": "wazuh"
          },
          "data": {
            "win": {
              "eventdata": {
                "image": "c:\\\\test\\\\l_test.exe",
                "processGuid": "{eeacf21c-fea7-6690-8604-000000000b00}",
                "processId": "1212",
                "utcTime": "2024-07-12 10:00:07.337",
                "targetFilename": "C:\\\\Windows\\\\Temp\\\\_MEI12122\\\\api-ms-win-crt-utility-l1-1-0.dll",
                "ruleName": "DLL",
                "creationUtcTime": "2024-07-12 10:00:07.337",
                "user": "NT AUTHORITY\\\\SYSTEM"
              },
              "system": {
                "eventID": "11",
                "keywords": "0x8000000000000000",
                "providerGuid": "{5770385f-c22a-43e0-bf4c-06f5698ffbd9}",
                "level": "4",
                "channel": "Microsoft-Windows-Sysmon/Operational",
                "opcode": "0",
                "message": "\"File created:\r\nRuleName: DLL\r\nUtcTime: 2024-07-12 10:00:07.337\r\nProcessGuid: {eeacf21c-fea7-6690-8604-000000000b00}\r\nProcessId: 1212\r\nImage: c:\\test\\l_test.exe\r\nTargetFilename: C:\\Windows\\Temp\\_MEI12122\\api-ms-win-crt-utility-l1-1-0.dll\r\nCreationUtcTime: 2024-07-12 10:00:07.337\r\nUser: NT AUTHORITY\\SYSTEM\"",
                "version": "2",
                "systemTime": "2024-07-12T10:00:07.338072100Z",
                "eventRecordID": "3113",
                "threadID": "3156",
                "computer": "hqfile.office.tyrdemo.se",
                "task": "11",
                "processID": "2584",
                "severityValue": "INFORMATION",
                "providerName": "Microsoft-Windows-Sysmon"
              }
            }
          },
          "rule": {
            "firedtimes": 42,
            "mail": true,
            "level": 13,
            "description": "Unsigned Binary Loaded From Suspicious Location",
            "groups": [
              "sigma"
            ],
            "id": "900228"
          },
          "decoder": {
            "name": "windows_eventchannel"
          },
          "input": {
            "type": "log"
          },
          "@timestamp": "2024-07-12T10:00:09.334Z",
          "location": "EventChannel",
          "id": "1720778409.103168769",
          "timestamp": "2024-07-12T12:00:09.334+0200"
        }
      },
      {
        "_index": "wazuh-alerts-4.x-2024.07.12",
        "_id": "-bNippABLu9BFc0Myzyb",
        "_score": 2.0,
        "_source": {
          "agent": {
            "ip": "134.23.4.12",
            "name": "hqfile",
            "id": "011"
          },
          "manager": {
            "name": "wazuh"
          },
          "data": {
            "win": {
              "eventdata": {
                "image": "c:\\\\test\\\\l_test.exe",
                "processGuid": "{eeacf21c-fea7-6690-8604-000000000b00}",
                "processId": "1212",
                "utcTime": "2024-07-12 10:00:07.384",
                "targetFilename": "C:\\\\Windows\\\\Temp\\\\_MEI12122\\\\ucrtbase.dll",
                "ruleName": "DLL",
                "creationUtcTime": "2024-07-12 10:00:07.384",
                "user": "NT AUTHORITY\\\\SYSTEM"
              },
              "system": {
                "eventID": "11",
                "keywords": "0x8000000000000000",
                "providerGuid": "{5770385f-c22a-43e0-bf4c-06f5698ffbd9}",
                "level": "4",
                "channel": "Microsoft-Windows-Sysmon/Operational",
                "opcode": "0",
                "message": "\"File created:\r\nRuleName: DLL\r\nUtcTime: 2024-07-12 10:00:07.384\r\nProcessGuid: {eeacf21c-fea7-6690-8604-000000000b00}\r\nProcessId: 1212\r\nImage: c:\\test\\l_test.exe\r\nTargetFilename: C:\\Windows\\Temp\\_MEI12122\\ucrtbase.dll\r\nCreationUtcTime: 2024-07-12 10:00:07.384\r\nUser: NT AUTHORITY\\SYSTEM\"",
                "version": "2",
                "systemTime": "2024-07-12T10:00:07.386997800Z",
                "eventRecordID": "3120",
                "threadID": "3156",
                "computer": "hqfile.office.tyrdemo.se",
                "task": "11",
                "processID": "2584",
                "severityValue": "INFORMATION",
                "providerName": "Microsoft-Windows-Sysmon"
              }
            }
          },
          "rule": {
            "firedtimes": 49,
            "mail": true,
            "level": 13,
            "description": "Unsigned Binary Loaded From Suspicious Location",
            "groups": [
              "sigma"
            ],
            "id": "900228"
          },
          "decoder": {
            "name": "windows_eventchannel"
          },
          "input": {
            "type": "log"
          },
          "@timestamp": "2024-07-12T10:00:09.459Z",
          "location": "EventChannel",
          "id": "1720778409.103188427",
          "timestamp": "2024-07-12T12:00:09.459+0200"
        }
      },
      {
        "_index": "wazuh-alerts-4.x-2024.07.12",
        "_id": "-rNippABLu9BFc0Myzyb",
        "_score": 2.0,
        "_source": {
          "agent": {
            "ip": "134.23.4.12",
            "name": "hqfile",
            "id": "011"
          },
          "manager": {
            "name": "wazuh"
          },
          "data": {
            "win": {
              "eventdata": {
                "originalFileName": "reg.exe",
                "image": "C:\\\\Windows\\\\System32\\\\reg.exe",
                "product": "Microsoft\u00ae Windows\u00ae Operating System",
                "parentProcessGuid": "{eeacf21c-fea7-6690-8904-000000000b00}",
                "description": "Registry Console Tool",
                "logonGuid": "{eeacf21c-835f-668f-e703-000000000000}",
                "parentCommandLine": "cmd.exe /c \\\"reg.exe save hklm\\\\sam C:\\\\Windows\\\\TEMP\\\\cgqlmschphz\\\"",
                "processGuid": "{eeacf21c-fea7-6690-8a04-000000000b00}",
                "logonId": "0x3e7",
                "parentProcessId": "3476",
                "processId": "4052",
                "currentDirectory": "C:\\\\Windows\\\\system32\\\\",
                "utcTime": "2024-07-12 10:00:07.660",
                "hashes": "MD5=8A93ACAC33151793F8D52000071C0B06,SHA256=19316D4266D0B776D9B2A05D5903D8CBC8F0EA1520E9C2A7E6D5960B6FA4DCAF,IMPHASH=BE482BE427FE212CFEF2CDA0E61F19AC",
                "parentImage": "C:\\\\Windows\\\\System32\\\\cmd.exe",
                "company": "Microsoft Corporation",
                "commandLine": "reg.exe  save hklm\\\\sam C:\\\\Windows\\\\TEMP\\\\cgqlmschphz",
                "integrityLevel": "System",
                "fileVersion": "10.0.17763.1 (WinBuild.160101.0800)",
                "user": "NT AUTHORITY\\\\SYSTEM",
                "terminalSessionId": "0",
                "parentUser": "NT AUTHORITY\\\\SYSTEM"
              },
              "system": {
                "eventID": "1",
                "keywords": "0x8000000000000000",
                "providerGuid": "{5770385f-c22a-43e0-bf4c-06f5698ffbd9}",
                "level": "4",
                "channel": "Microsoft-Windows-Sysmon/Operational",
                "opcode": "0",
                "message": "\"Process Create:\r\nRuleName: -\r\nUtcTime: 2024-07-12 10:00:07.660\r\nProcessGuid: {eeacf21c-fea7-6690-8a04-000000000b00}\r\nProcessId: 4052\r\nImage: C:\\Windows\\System32\\reg.exe\r\nFileVersion: 10.0.17763.1 (WinBuild.160101.0800)\r\nDescription: Registry Console Tool\r\nProduct: Microsoft\u00ae Windows\u00ae Operating System\r\nCompany: Microsoft Corporation\r\nOriginalFileName: reg.exe\r\nCommandLine: reg.exe  save hklm\\sam C:\\Windows\\TEMP\\cgqlmschphz\r\nCurrentDirectory: C:\\Windows\\system32\\\r\nUser: NT AUTHORITY\\SYSTEM\r\nLogonGuid: {eeacf21c-835f-668f-e703-000000000000}\r\nLogonId: 0x3E7\r\nTerminalSessionId: 0\r\nIntegrityLevel: System\r\nHashes: MD5=8A93ACAC33151793F8D52000071C0B06,SHA256=19316D4266D0B776D9B2A05D5903D8CBC8F0EA1520E9C2A7E6D5960B6FA4DCAF,IMPHASH=BE482BE427FE212CFEF2CDA0E61F19AC\r\nParentProcessGuid: {eeacf21c-fea7-6690-8904-000000000b00}\r\nParentProcessId: 3476\r\nParentImage: C:\\Windows\\System32\\cmd.exe\r\nParentCommandLine: cmd.exe /c \"reg.exe save hklm\\sam C:\\Windows\\TEMP\\cgqlmschphz\"\r\nParentUser: NT AUTHORITY\\SYSTEM\"",
                "version": "5",
                "systemTime": "2024-07-12T10:00:07.660949200Z",
                "eventRecordID": "3123",
                "threadID": "3156",
                "computer": "hqfile.office.tyrdemo.se",
                "task": "1",
                "processID": "2584",
                "severityValue": "INFORMATION",
                "providerName": "Microsoft-Windows-Sysmon"
              }
            }
          },
          "rule": {
            "firedtimes": 1,
            "mail": true,
            "level": 14,
            "description": "Reg.exe used to dump SAM hive",
            "groups": [
              "sysmon",
              "sysmon_eid1_detections",
              "windows"
            ],
            "mitre": {
              "technique": [
                "Security Account Manager"
              ],
              "id": [
                "T1003.002"
              ],
              "tactic": [
                "Credential Access"
              ]
            },
            "id": "92026"
          },
          "decoder": {
            "name": "windows_eventchannel"
          },
          "input": {
            "type": "log"
          },
          "@timestamp": "2024-07-12T10:00:09.490Z",
          "location": "EventChannel",
          "id": "1720778409.103190913",
          "timestamp": "2024-07-12T12:00:09.490+0200"
        }
      },
      {
        "_index": "wazuh-alerts-4.x-2024.07.12",
        "_id": "yrNippABLu9BFc0Mxzyu",
        "_score": 2.0,
        "_source": {
          "agent": {
            "ip": "134.23.4.12",
            "name": "hqfile",
            "id": "011"
          },
          "manager": {
            "name": "wazuh"
          },
          "data": {
            "win": {
              "eventdata": {
                "image": "c:\\\\test\\\\l_test.exe",
                "processGuid": "{eeacf21c-fea7-6690-8604-000000000b00}",
                "processId": "1212",
                "utcTime": "2024-07-12 10:00:07.321",
                "targetFilename": "C:\\\\Windows\\\\Temp\\\\_MEI12122\\\\api-ms-win-core-errorhandling-l1-1-0.dll",
                "ruleName": "DLL",
                "creationUtcTime": "2024-07-12 10:00:07.321",
                "user": "NT AUTHORITY\\\\SYSTEM"
              },
              "system": {
                "eventID": "11",
                "keywords": "0x8000000000000000",
                "providerGuid": "{5770385f-c22a-43e0-bf4c-06f5698ffbd9}",
                "level": "4",
                "channel": "Microsoft-Windows-Sysmon/Operational",
                "opcode": "0",
                "message": "\"File created:\r\nRuleName: DLL\r\nUtcTime: 2024-07-12 10:00:07.321\r\nProcessGuid: {eeacf21c-fea7-6690-8604-000000000b00}\r\nProcessId: 1212\r\nImage: c:\\test\\l_test.exe\r\nTargetFilename: C:\\Windows\\Temp\\_MEI12122\\api-ms-win-core-errorhandling-l1-1-0.dll\r\nCreationUtcTime: 2024-07-12 10:00:07.321\r\nUser: NT AUTHORITY\\SYSTEM\"",
                "version": "2",
                "systemTime": "2024-07-12T10:00:07.326836300Z",
                "eventRecordID": "3079",
                "threadID": "3156",
                "computer": "hqfile.office.tyrdemo.se",
                "task": "11",
                "processID": "2584",
                "severityValue": "INFORMATION",
                "providerName": "Microsoft-Windows-Sysmon"
              }
            }
          },
          "rule": {
            "firedtimes": 8,
            "mail": true,
            "level": 13,
            "description": "Unsigned Binary Loaded From Suspicious Location",
            "groups": [
              "sigma"
            ],
            "id": "900228"
          },
          "decoder": {
            "name": "windows_eventchannel"
          },
          "input": {
            "type": "log"
          },
          "@timestamp": "2024-07-12T10:00:08.790Z",
          "location": "EventChannel",
          "id": "1720778408.103077341",
          "timestamp": "2024-07-12T12:00:08.790+0200"
        }
      },
