      {
        "_index": "wazuh-alerts-4.x-2024.07.12",
        "_id": "g7N2ppABLu9BFc0Mdk90",
        "_score": 2.0,
        "_source": {
          "agent": {
            "ip": "134.23.4.6",
            "name": "dc2",
            "id": "021"
          },
          "manager": {
            "name": "wazuh"
          },
          "data": {
            "win": {
              "eventdata": {
                "image": "c:\\\\temp\\\\l_test.exe",
                "processGuid": "{0d4c58ef-03b0-6691-a805-000000000c00}",
                "processId": "1200",
                "utcTime": "2024-07-12 10:21:36.204",
                "targetFilename": "C:\\\\Windows\\\\Temp\\\\_MEI12002\\\\VCRUNTIME140.dll",
                "ruleName": "DLL",
                "creationUtcTime": "2024-07-12 10:21:36.204",
                "user": "NT AUTHORITY\\\\SYSTEM"
              },
              "system": {
                "eventID": "11",
                "keywords": "0x8000000000000000",
                "providerGuid": "{5770385f-c22a-43e0-bf4c-06f5698ffbd9}",
                "level": "4",
                "channel": "Microsoft-Windows-Sysmon/Operational",
                "opcode": "0",
                "message": "\"File created:\r\nRuleName: DLL\r\nUtcTime: 2024-07-12 10:21:36.204\r\nProcessGuid: {0d4c58ef-03b0-6691-a805-000000000c00}\r\nProcessId: 1200\r\nImage: c:\\temp\\l_test.exe\r\nTargetFilename: C:\\Windows\\Temp\\_MEI12002\\VCRUNTIME140.dll\r\nCreationUtcTime: 2024-07-12 10:21:36.204\r\nUser: NT AUTHORITY\\SYSTEM\"",
                "version": "2",
                "systemTime": "2024-07-12T10:21:36.208096900Z",
                "eventRecordID": "3118",
                "threadID": "3852",
                "computer": "dc2.office.tyrdemo.se",
                "task": "11",
                "processID": "3336",
                "severityValue": "INFORMATION",
                "providerName": "Microsoft-Windows-Sysmon"
              }
            }
          },
          "rule": {
            "firedtimes": 386,
            "mail": true,
            "level": 13,
            "description": "Unsigned Binary Loaded From Suspicious Location",
            "groups": [
              "sigma"
            ],
            "id": "900228"
          },
          "decoder": {
            "name": "windows_eventchannel"
          },
          "input": {
            "type": "log"
          },
          "@timestamp": "2024-07-12T10:21:37.142Z",
          "location": "EventChannel",
          "id": "1720779697.111450004",
          "timestamp": "2024-07-12T12:21:37.142+0200"
        }
      },
      {
        "_index": "wazuh-alerts-4.x-2024.07.12",
        "_id": "hLN2ppABLu9BFc0Mdk90",
        "_score": 2.0,
        "_source": {
          "agent": {
            "ip": "134.23.4.6",
            "name": "dc2",
            "id": "021"
          },
          "manager": {
            "name": "wazuh"
          },
          "data": {
            "win": {
              "eventdata": {
                "image": "c:\\\\temp\\\\l_test.exe",
                "processGuid": "{0d4c58ef-03b0-6691-a805-000000000c00}",
                "processId": "1200",
                "utcTime": "2024-07-12 10:21:36.204",
                "targetFilename": "C:\\\\Windows\\\\Temp\\\\_MEI12002\\\\api-ms-win-core-console-l1-1-0.dll",
                "ruleName": "DLL",
                "creationUtcTime": "2024-07-12 10:21:36.204",
                "user": "NT AUTHORITY\\\\SYSTEM"
              },
              "system": {
                "eventID": "11",
                "keywords": "0x8000000000000000",
                "providerGuid": "{5770385f-c22a-43e0-bf4c-06f5698ffbd9}",
                "level": "4",
                "channel": "Microsoft-Windows-Sysmon/Operational",
                "opcode": "0",
                "message": "\"File created:\r\nRuleName: DLL\r\nUtcTime: 2024-07-12 10:21:36.204\r\nProcessGuid: {0d4c58ef-03b0-6691-a805-000000000c00}\r\nProcessId: 1200\r\nImage: c:\\temp\\l_test.exe\r\nTargetFilename: C:\\Windows\\Temp\\_MEI12002\\api-ms-win-core-console-l1-1-0.dll\r\nCreationUtcTime: 2024-07-12 10:21:36.204\r\nUser: NT AUTHORITY\\SYSTEM\"",
                "version": "2",
                "systemTime": "2024-07-12T10:21:36.217940600Z",
                "eventRecordID": "3119",
                "threadID": "3852",
                "computer": "dc2.office.tyrdemo.se",
                "task": "11",
                "processID": "3336",
                "severityValue": "INFORMATION",
                "providerName": "Microsoft-Windows-Sysmon"
              }
            }
          },
          "rule": {
            "firedtimes": 387,
            "mail": true,
            "level": 13,
            "description": "Unsigned Binary Loaded From Suspicious Location",
            "groups": [
              "sigma"
            ],
            "id": "900228"
          },
          "decoder": {
            "name": "windows_eventchannel"
          },
          "input": {
            "type": "log"
          },
          "@timestamp": "2024-07-12T10:21:37.149Z",
          "location": "EventChannel",
          "id": "1720779697.111452497",
          "timestamp": "2024-07-12T12:21:37.149+0200"
        }
      },
      {
        "_index": "wazuh-alerts-4.x-2024.07.12",
        "_id": "iLN2ppABLu9BFc0Mdk90",
        "_score": 2.0,
        "_source": {
          "agent": {
            "ip": "134.23.4.6",
            "name": "dc2",
            "id": "021"
          },
          "manager": {
            "name": "wazuh"
          },
          "data": {
            "win": {
              "eventdata": {
                "image": "c:\\\\temp\\\\l_test.exe",
                "processGuid": "{0d4c58ef-03b0-6691-a805-000000000c00}",
                "processId": "1200",
                "utcTime": "2024-07-12 10:21:36.204",
                "targetFilename": "C:\\\\Windows\\\\Temp\\\\_MEI12002\\\\api-ms-win-core-file-l1-1-0.dll",
                "ruleName": "DLL",
                "creationUtcTime": "2024-07-12 10:21:36.204",
                "user": "NT AUTHORITY\\\\SYSTEM"
              },
              "system": {
                "eventID": "11",
                "keywords": "0x8000000000000000",
                "providerGuid": "{5770385f-c22a-43e0-bf4c-06f5698ffbd9}",
                "level": "4",
                "channel": "Microsoft-Windows-Sysmon/Operational",
                "opcode": "0",
                "message": "\"File created:\r\nRuleName: DLL\r\nUtcTime: 2024-07-12 10:21:36.204\r\nProcessGuid: {0d4c58ef-03b0-6691-a805-000000000c00}\r\nProcessId: 1200\r\nImage: c:\\temp\\l_test.exe\r\nTargetFilename: C:\\Windows\\Temp\\_MEI12002\\api-ms-win-core-file-l1-1-0.dll\r\nCreationUtcTime: 2024-07-12 10:21:36.204\r\nUser: NT AUTHORITY\\SYSTEM\"",
                "version": "2",
                "systemTime": "2024-07-12T10:21:36.219238800Z",
                "eventRecordID": "3123",
                "threadID": "3852",
                "computer": "dc2.office.tyrdemo.se",
                "task": "11",
                "processID": "3336",
                "severityValue": "INFORMATION",
                "providerName": "Microsoft-Windows-Sysmon"
              }
            }
          },
          "rule": {
            "firedtimes": 391,
            "mail": true,
            "level": 13,
            "description": "Unsigned Binary Loaded From Suspicious Location",
            "groups": [
              "sigma"
            ],
            "id": "900228"
          },
          "decoder": {
            "name": "windows_eventchannel"
          },
          "input": {
            "type": "log"
          },
          "@timestamp": "2024-07-12T10:21:37.242Z",
          "location": "EventChannel",
          "id": "1720779697.111462777",
          "timestamp": "2024-07-12T12:21:37.242+0200"
        }
      },
      {
        "_index": "wazuh-alerts-4.x-2024.07.12",
        "_id": "ibN2ppABLu9BFc0Mdk90",
        "_score": 2.0,
        "_source": {
          "agent": {
            "ip": "134.23.4.6",
            "name": "dc2",
            "id": "021"
          },
          "manager": {
            "name": "wazuh"
          },
          "data": {
            "win": {
              "eventdata": {
                "image": "c:\\\\temp\\\\l_test.exe",
                "processGuid": "{0d4c58ef-03b0-6691-a805-000000000c00}",
                "processId": "1200",
                "utcTime": "2024-07-12 10:21:36.204",
                "targetFilename": "C:\\\\Windows\\\\Temp\\\\_MEI12002\\\\api-ms-win-core-file-l1-2-0.dll",
                "ruleName": "DLL",
                "creationUtcTime": "2024-07-12 10:21:36.204",
                "user": "NT AUTHORITY\\\\SYSTEM"
              },
              "system": {
                "eventID": "11",
                "keywords": "0x8000000000000000",
                "providerGuid": "{5770385f-c22a-43e0-bf4c-06f5698ffbd9}",
                "level": "4",
                "channel": "Microsoft-Windows-Sysmon/Operational",
                "opcode": "0",
                "message": "\"File created:\r\nRuleName: DLL\r\nUtcTime: 2024-07-12 10:21:36.204\r\nProcessGuid: {0d4c58ef-03b0-6691-a805-000000000c00}\r\nProcessId: 1200\r\nImage: c:\\temp\\l_test.exe\r\nTargetFilename: C:\\Windows\\Temp\\_MEI12002\\api-ms-win-core-file-l1-2-0.dll\r\nCreationUtcTime: 2024-07-12 10:21:36.204\r\nUser: NT AUTHORITY\\SYSTEM\"",
                "version": "2",
                "systemTime": "2024-07-12T10:21:36.219561700Z",
                "eventRecordID": "3124",
                "threadID": "3852",
                "computer": "dc2.office.tyrdemo.se",
                "task": "11",
                "processID": "3336",
                "severityValue": "INFORMATION",
                "providerName": "Microsoft-Windows-Sysmon"
              }
            }
          },
          "rule": {
            "firedtimes": 392,
            "mail": true,
            "level": 13,
            "description": "Unsigned Binary Loaded From Suspicious Location",
            "groups": [
              "sigma"
            ],
            "id": "900228"
          },
          "decoder": {
            "name": "windows_eventchannel"
          },
          "input": {
            "type": "log"
          },
          "@timestamp": "2024-07-12T10:21:37.258Z",
          "location": "EventChannel",
          "id": "1720779697.111465330",
          "timestamp": "2024-07-12T12:21:37.258+0200"
        }
      },
      {
        "_index": "wazuh-alerts-4.x-2024.07.12",
        "_id": "i7N2ppABLu9BFc0Mdk90",
        "_score": 2.0,
        "_source": {
          "agent": {
            "ip": "134.23.4.6",
            "name": "dc2",
            "id": "021"
          },
          "manager": {
            "name": "wazuh"
          },
          "data": {
            "win": {
              "eventdata": {
                "image": "c:\\\\temp\\\\l_test.exe",
                "processGuid": "{0d4c58ef-03b0-6691-a805-000000000c00}",
                "processId": "1200",
                "utcTime": "2024-07-12 10:21:36.219",
                "targetFilename": "C:\\\\Windows\\\\Temp\\\\_MEI12002\\\\api-ms-win-core-handle-l1-1-0.dll",
                "ruleName": "DLL",
                "creationUtcTime": "2024-07-12 10:21:36.219",
                "user": "NT AUTHORITY\\\\SYSTEM"
              },
              "system": {
                "eventID": "11",
                "keywords": "0x8000000000000000",
                "providerGuid": "{5770385f-c22a-43e0-bf4c-06f5698ffbd9}",
                "level": "4",
                "channel": "Microsoft-Windows-Sysmon/Operational",
                "opcode": "0",
                "message": "\"File created:\r\nRuleName: DLL\r\nUtcTime: 2024-07-12 10:21:36.219\r\nProcessGuid: {0d4c58ef-03b0-6691-a805-000000000c00}\r\nProcessId: 1200\r\nImage: c:\\temp\\l_test.exe\r\nTargetFilename: C:\\Windows\\Temp\\_MEI12002\\api-ms-win-core-handle-l1-1-0.dll\r\nCreationUtcTime: 2024-07-12 10:21:36.219\r\nUser: NT AUTHORITY\\SYSTEM\"",
                "version": "2",
                "systemTime": "2024-07-12T10:21:36.220430400Z",
                "eventRecordID": "3126",
                "threadID": "3852",
                "computer": "dc2.office.tyrdemo.se",
                "task": "11",
                "processID": "3336",
                "severityValue": "INFORMATION",
                "providerName": "Microsoft-Windows-Sysmon"
              }
            }
          },
          "rule": {
            "firedtimes": 394,
            "mail": true,
            "level": 13,
            "description": "Unsigned Binary Loaded From Suspicious Location",
            "groups": [
              "sigma"
            ],
            "id": "900228"
          },
          "decoder": {
            "name": "windows_eventchannel"
          },
          "input": {
            "type": "log"
          },
          "@timestamp": "2024-07-12T10:21:37.289Z",
          "location": "EventChannel",
          "id": "1720779697.111470436",
          "timestamp": "2024-07-12T12:21:37.289+0200"
        }
      },
      {
        "_index": "wazuh-alerts-4.x-2024.07.12",
        "_id": "jLN2ppABLu9BFc0Mdk90",
        "_score": 2.0,
        "_source": {
          "agent": {
            "ip": "134.23.4.6",
            "name": "dc2",
            "id": "021"
          },
          "manager": {
            "name": "wazuh"
          },
          "data": {
            "win": {
              "eventdata": {
                "image": "c:\\\\temp\\\\l_test.exe",
                "processGuid": "{0d4c58ef-03b0-6691-a805-000000000c00}",
                "processId": "1200",
                "utcTime": "2024-07-12 10:21:36.219",
                "targetFilename": "C:\\\\Windows\\\\Temp\\\\_MEI12002\\\\api-ms-win-core-heap-l1-1-0.dll",
                "ruleName": "DLL",
                "creationUtcTime": "2024-07-12 10:21:36.219",
                "user": "NT AUTHORITY\\\\SYSTEM"
              },
              "system": {
                "eventID": "11",
                "keywords": "0x8000000000000000",
                "providerGuid": "{5770385f-c22a-43e0-bf4c-06f5698ffbd9}",
                "level": "4",
                "channel": "Microsoft-Windows-Sysmon/Operational",
                "opcode": "0",
                "message": "\"File created:\r\nRuleName: DLL\r\nUtcTime: 2024-07-12 10:21:36.219\r\nProcessGuid: {0d4c58ef-03b0-6691-a805-000000000c00}\r\nProcessId: 1200\r\nImage: c:\\temp\\l_test.exe\r\nTargetFilename: C:\\Windows\\Temp\\_MEI12002\\api-ms-win-core-heap-l1-1-0.dll\r\nCreationUtcTime: 2024-07-12 10:21:36.219\r\nUser: NT AUTHORITY\\SYSTEM\"",
                "version": "2",
                "systemTime": "2024-07-12T10:21:36.220775500Z",
                "eventRecordID": "3127",
                "threadID": "3852",
                "computer": "dc2.office.tyrdemo.se",
                "task": "11",
                "processID": "3336",
                "severityValue": "INFORMATION",
                "providerName": "Microsoft-Windows-Sysmon"
              }
            }
          },
          "rule": {
            "firedtimes": 395,
            "mail": true,
            "level": 13,
            "description": "Unsigned Binary Loaded From Suspicious Location",
            "groups": [
              "sigma"
            ],
            "id": "900228"
          },
          "decoder": {
            "name": "windows_eventchannel"
          },
          "input": {
            "type": "log"
          },
          "@timestamp": "2024-07-12T10:21:37.321Z",
          "location": "EventChannel",
          "id": "1720779697.111472997",
          "timestamp": "2024-07-12T12:21:37.321+0200"
        }
      },
      {
        "_index": "wazuh-alerts-4.x-2024.07.12",
        "_id": "kbN2ppABLu9BFc0Mdk90",
        "_score": 2.0,
        "_source": {
          "agent": {
            "ip": "134.23.4.6",
            "name": "dc2",
            "id": "021"
          },
          "manager": {
            "name": "wazuh"
          },
          "data": {
            "win": {
              "eventdata": {
                "image": "c:\\\\temp\\\\l_test.exe",
                "processGuid": "{0d4c58ef-03b0-6691-a805-000000000c00}",
                "processId": "1200",
                "utcTime": "2024-07-12 10:21:36.219",
                "targetFilename": "C:\\\\Windows\\\\Temp\\\\_MEI12002\\\\api-ms-win-core-namedpipe-l1-1-0.dll",
                "ruleName": "DLL",
                "creationUtcTime": "2024-07-12 10:21:36.219",
                "user": "NT AUTHORITY\\\\SYSTEM"
              },
              "system": {
                "eventID": "11",
                "keywords": "0x8000000000000000",
                "providerGuid": "{5770385f-c22a-43e0-bf4c-06f5698ffbd9}",
                "level": "4",
                "channel": "Microsoft-Windows-Sysmon/Operational",
                "opcode": "0",
                "message": "\"File created:\r\nRuleName: DLL\r\nUtcTime: 2024-07-12 10:21:36.219\r\nProcessGuid: {0d4c58ef-03b0-6691-a805-000000000c00}\r\nProcessId: 1200\r\nImage: c:\\temp\\l_test.exe\r\nTargetFilename: C:\\Windows\\Temp\\_MEI12002\\api-ms-win-core-namedpipe-l1-1-0.dll\r\nCreationUtcTime: 2024-07-12 10:21:36.219\r\nUser: NT AUTHORITY\\SYSTEM\"",
                "version": "2",
                "systemTime": "2024-07-12T10:21:36.222421500Z",
                "eventRecordID": "3132",
                "threadID": "3852",
                "computer": "dc2.office.tyrdemo.se",
                "task": "11",
                "processID": "3336",
                "severityValue": "INFORMATION",
                "providerName": "Microsoft-Windows-Sysmon"
              }
            }
          },
          "rule": {
            "firedtimes": 400,
            "mail": true,
            "level": 13,
            "description": "Unsigned Binary Loaded From Suspicious Location",
            "groups": [
              "sigma"
            ],
            "id": "900228"
          },
          "decoder": {
            "name": "windows_eventchannel"
          },
          "input": {
            "type": "log"
          },
          "@timestamp": "2024-07-12T10:21:37.398Z",
          "location": "EventChannel",
          "id": "1720779697.111485866",
          "timestamp": "2024-07-12T12:21:37.398+0200"
        }
      },
      {
        "_index": "wazuh-alerts-4.x-2024.07.12",
        "_id": "k7N2ppABLu9BFc0Mdk90",
        "_score": 2.0,
        "_source": {
          "agent": {
            "ip": "134.23.4.6",
            "name": "dc2",
            "id": "021"
          },
          "manager": {
            "name": "wazuh"
          },
          "data": {
            "win": {
              "eventdata": {
                "image": "c:\\\\temp\\\\l_test.exe",
                "processGuid": "{0d4c58ef-03b0-6691-a805-000000000c00}",
                "processId": "1200",
                "utcTime": "2024-07-12 10:21:36.219",
                "targetFilename": "C:\\\\Windows\\\\Temp\\\\_MEI12002\\\\api-ms-win-core-processenvironment-l1-1-0.dll",
                "ruleName": "DLL",
                "creationUtcTime": "2024-07-12 10:21:36.219",
                "user": "NT AUTHORITY\\\\SYSTEM"
              },
              "system": {
                "eventID": "11",
                "keywords": "0x8000000000000000",
                "providerGuid": "{5770385f-c22a-43e0-bf4c-06f5698ffbd9}",
                "level": "4",
                "channel": "Microsoft-Windows-Sysmon/Operational",
                "opcode": "0",
                "message": "\"File created:\r\nRuleName: DLL\r\nUtcTime: 2024-07-12 10:21:36.219\r\nProcessGuid: {0d4c58ef-03b0-6691-a805-000000000c00}\r\nProcessId: 1200\r\nImage: c:\\temp\\l_test.exe\r\nTargetFilename: C:\\Windows\\Temp\\_MEI12002\\api-ms-win-core-processenvironment-l1-1-0.dll\r\nCreationUtcTime: 2024-07-12 10:21:36.219\r\nUser: NT AUTHORITY\\SYSTEM\"",
                "version": "2",
                "systemTime": "2024-07-12T10:21:36.222744100Z",
                "eventRecordID": "3133",
                "threadID": "3852",
                "computer": "dc2.office.tyrdemo.se",
                "task": "11",
                "processID": "3336",
                "severityValue": "INFORMATION",
                "providerName": "Microsoft-Windows-Sysmon"
              }
            }
          },
          "rule": {
            "firedtimes": 402,
            "mail": true,
            "level": 13,
            "description": "Unsigned Binary Loaded From Suspicious Location",
            "groups": [
              "sigma"
            ],
            "id": "900228"
          },
          "decoder": {
            "name": "windows_eventchannel"
          },
          "input": {
            "type": "log"
          },
          "@timestamp": "2024-07-12T10:21:37.413Z",
          "location": "EventChannel",
          "id": "1720779697.111491090",
          "timestamp": "2024-07-12T12:21:37.413+0200"
        }
      },
      {
        "_index": "wazuh-alerts-4.x-2024.07.12",
        "_id": "nLN2ppABLu9BFc0Mdk90",
        "_score": 2.0,
        "_source": {
          "agent": {
            "ip": "134.23.4.6",
            "name": "dc2",
            "id": "021"
          },
          "manager": {
            "name": "wazuh"
          },
          "data": {
            "win": {
              "eventdata": {
                "image": "c:\\\\temp\\\\l_test.exe",
                "processGuid": "{0d4c58ef-03b0-6691-a805-000000000c00}",
                "processId": "1200",
                "utcTime": "2024-07-12 10:21:36.219",
                "targetFilename": "C:\\\\Windows\\\\Temp\\\\_MEI12002\\\\api-ms-win-core-sysinfo-l1-1-0.dll",
                "ruleName": "DLL",
                "creationUtcTime": "2024-07-12 10:21:36.219",
                "user": "NT AUTHORITY\\\\SYSTEM"
              },
              "system": {
                "eventID": "11",
                "keywords": "0x8000000000000000",
                "providerGuid": "{5770385f-c22a-43e0-bf4c-06f5698ffbd9}",
                "level": "4",
                "channel": "Microsoft-Windows-Sysmon/Operational",
                "opcode": "0",
                "message": "\"File created:\r\nRuleName: DLL\r\nUtcTime: 2024-07-12 10:21:36.219\r\nProcessGuid: {0d4c58ef-03b0-6691-a805-000000000c00}\r\nProcessId: 1200\r\nImage: c:\\temp\\l_test.exe\r\nTargetFilename: C:\\Windows\\Temp\\_MEI12002\\api-ms-win-core-sysinfo-l1-1-0.dll\r\nCreationUtcTime: 2024-07-12 10:21:36.219\r\nUser: NT AUTHORITY\\SYSTEM\"",
                "version": "2",
                "systemTime": "2024-07-12T10:21:36.225401300Z",
                "eventRecordID": "3141",
                "threadID": "3852",
                "computer": "dc2.office.tyrdemo.se",
                "task": "11",
                "processID": "3336",
                "severityValue": "INFORMATION",
                "providerName": "Microsoft-Windows-Sysmon"
              }
            }
          },
          "rule": {
            "firedtimes": 411,
            "mail": true,
            "level": 13,
            "description": "Unsigned Binary Loaded From Suspicious Location",
            "groups": [
              "sigma"
            ],
            "id": "900228"
          },
          "decoder": {
            "name": "windows_eventchannel"
          },
          "input": {
            "type": "log"
          },
          "@timestamp": "2024-07-12T10:21:37.539Z",
          "location": "EventChannel",
          "id": "1720779697.111514353",
          "timestamp": "2024-07-12T12:21:37.539+0200"
        }
      },
      {
        "_index": "wazuh-alerts-4.x-2024.07.12",
        "_id": "nbN2ppABLu9BFc0Mdk90",
        "_score": 2.0,
        "_source": {
          "agent": {
            "ip": "134.23.4.6",
            "name": "dc2",
            "id": "021"
          },
          "manager": {
            "name": "wazuh"
          },
          "data": {
            "win": {
              "eventdata": {
                "image": "c:\\\\temp\\\\l_test.exe",
                "processGuid": "{0d4c58ef-03b0-6691-a805-000000000c00}",
                "processId": "1200",
                "utcTime": "2024-07-12 10:21:36.219",
                "targetFilename": "C:\\\\Windows\\\\Temp\\\\_MEI12002\\\\api-ms-win-core-timezone-l1-1-0.dll",
                "ruleName": "DLL",
                "creationUtcTime": "2024-07-12 10:21:36.219",
                "user": "NT AUTHORITY\\\\SYSTEM"
              },
              "system": {
                "eventID": "11",
                "keywords": "0x8000000000000000",
                "providerGuid": "{5770385f-c22a-43e0-bf4c-06f5698ffbd9}",
                "level": "4",
                "channel": "Microsoft-Windows-Sysmon/Operational",
                "opcode": "0",
                "message": "\"File created:\r\nRuleName: DLL\r\nUtcTime: 2024-07-12 10:21:36.219\r\nProcessGuid: {0d4c58ef-03b0-6691-a805-000000000c00}\r\nProcessId: 1200\r\nImage: c:\\temp\\l_test.exe\r\nTargetFilename: C:\\Windows\\Temp\\_MEI12002\\api-ms-win-core-timezone-l1-1-0.dll\r\nCreationUtcTime: 2024-07-12 10:21:36.219\r\nUser: NT AUTHORITY\\SYSTEM\"",
                "version": "2",
                "systemTime": "2024-07-12T10:21:36.225712000Z",
                "eventRecordID": "3142",
                "threadID": "3852",
                "computer": "dc2.office.tyrdemo.se",
                "task": "11",
                "processID": "3336",
                "severityValue": "INFORMATION",
                "providerName": "Microsoft-Windows-Sysmon"
              }
            }
          },
          "rule": {
            "firedtimes": 412,
            "mail": true,
            "level": 13,
            "description": "Unsigned Binary Loaded From Suspicious Location",
            "groups": [
              "sigma"
            ],
            "id": "900228"
          },
          "decoder": {
            "name": "windows_eventchannel"
          },
          "input": {
            "type": "log"
          },
          "@timestamp": "2024-07-12T10:21:37.555Z",
          "location": "EventChannel",
          "id": "1720779697.111516918",
          "timestamp": "2024-07-12T12:21:37.555+0200"
        }
      },
      {
        "_index": "wazuh-alerts-4.x-2024.07.12",
        "_id": "obN2ppABLu9BFc0Mdk90",
        "_score": 2.0,
        "_source": {
          "agent": {
            "ip": "134.23.4.6",
            "name": "dc2",
            "id": "021"
          },
          "manager": {
            "name": "wazuh"
          },
          "data": {
            "win": {
              "eventdata": {
                "image": "c:\\\\temp\\\\l_test.exe",
                "processGuid": "{0d4c58ef-03b0-6691-a805-000000000c00}",
                "processId": "1200",
                "utcTime": "2024-07-12 10:21:36.219",
                "targetFilename": "C:\\\\Windows\\\\Temp\\\\_MEI12002\\\\api-ms-win-crt-environment-l1-1-0.dll",
                "ruleName": "DLL",
                "creationUtcTime": "2024-07-12 10:21:36.219",
                "user": "NT AUTHORITY\\\\SYSTEM"
              },
              "system": {
                "eventID": "11",
                "keywords": "0x8000000000000000",
                "providerGuid": "{5770385f-c22a-43e0-bf4c-06f5698ffbd9}",
                "level": "4",
                "channel": "Microsoft-Windows-Sysmon/Operational",
                "opcode": "0",
                "message": "\"File created:\r\nRuleName: DLL\r\nUtcTime: 2024-07-12 10:21:36.219\r\nProcessGuid: {0d4c58ef-03b0-6691-a805-000000000c00}\r\nProcessId: 1200\r\nImage: c:\\temp\\l_test.exe\r\nTargetFilename: C:\\Windows\\Temp\\_MEI12002\\api-ms-win-crt-environment-l1-1-0.dll\r\nCreationUtcTime: 2024-07-12 10:21:36.219\r\nUser: NT AUTHORITY\\SYSTEM\"",
                "version": "2",
                "systemTime": "2024-07-12T10:21:36.226974900Z",
                "eventRecordID": "3146",
                "threadID": "3852",
                "computer": "dc2.office.tyrdemo.se",
                "task": "11",
                "processID": "3336",
                "severityValue": "INFORMATION",
                "providerName": "Microsoft-Windows-Sysmon"
              }
            }
          },
          "rule": {
            "firedtimes": 416,
            "mail": true,
            "level": 13,
            "description": "Unsigned Binary Loaded From Suspicious Location",
            "groups": [
              "sigma"
            ],
            "id": "900228"
          },
          "decoder": {
            "name": "windows_eventchannel"
          },
          "input": {
            "type": "log"
          },
          "@timestamp": "2024-07-12T10:21:37.633Z",
          "location": "EventChannel",
          "id": "1720779697.111527154",
          "timestamp": "2024-07-12T12:21:37.633+0200"
        }
      },
      {
        "_index": "wazuh-alerts-4.x-2024.07.12",
        "_id": "pbN2ppABLu9BFc0Mdk90",
        "_score": 2.0,
        "_source": {
          "agent": {
            "ip": "134.23.4.6",
            "name": "dc2",
            "id": "021"
          },
          "manager": {
            "name": "wazuh"
          },
          "data": {
            "win": {
              "eventdata": {
                "image": "c:\\\\temp\\\\l_test.exe",
                "processGuid": "{0d4c58ef-03b0-6691-a805-000000000c00}",
                "processId": "1200",
                "utcTime": "2024-07-12 10:21:36.219",
                "targetFilename": "C:\\\\Windows\\\\Temp\\\\_MEI12002\\\\api-ms-win-crt-math-l1-1-0.dll",
                "ruleName": "DLL",
                "creationUtcTime": "2024-07-12 10:21:36.219",
                "user": "NT AUTHORITY\\\\SYSTEM"
              },
              "system": {
                "eventID": "11",
                "keywords": "0x8000000000000000",
                "providerGuid": "{5770385f-c22a-43e0-bf4c-06f5698ffbd9}",
                "level": "4",
                "channel": "Microsoft-Windows-Sysmon/Operational",
                "opcode": "0",
                "message": "\"File created:\r\nRuleName: DLL\r\nUtcTime: 2024-07-12 10:21:36.219\r\nProcessGuid: {0d4c58ef-03b0-6691-a805-000000000c00}\r\nProcessId: 1200\r\nImage: c:\\temp\\l_test.exe\r\nTargetFilename: C:\\Windows\\Temp\\_MEI12002\\api-ms-win-crt-math-l1-1-0.dll\r\nCreationUtcTime: 2024-07-12 10:21:36.219\r\nUser: NT AUTHORITY\\SYSTEM\"",
                "version": "2",
                "systemTime": "2024-07-12T10:21:36.228359100Z",
                "eventRecordID": "3150",
                "threadID": "3852",
                "computer": "dc2.office.tyrdemo.se",
                "task": "11",
                "processID": "3336",
                "severityValue": "INFORMATION",
                "providerName": "Microsoft-Windows-Sysmon"
              }
            }
          },
          "rule": {
            "firedtimes": 420,
            "mail": true,
            "level": 13,
            "description": "Unsigned Binary Loaded From Suspicious Location",
            "groups": [
              "sigma"
            ],
            "id": "900228"
          },
          "decoder": {
            "name": "windows_eventchannel"
          },
          "input": {
            "type": "log"
          },
          "@timestamp": "2024-07-12T10:21:37.711Z",
          "location": "EventChannel",
          "id": "1720779697.111537410",
          "timestamp": "2024-07-12T12:21:37.711+0200"
        }
      },
      {
        "_index": "wazuh-alerts-4.x-2024.07.12",
        "_id": "qrN2ppABLu9BFc0Mdk90",
        "_score": 2.0,
        "_source": {
          "agent": {
            "ip": "134.23.4.6",
            "name": "dc2",
            "id": "021"
          },
          "manager": {
            "name": "wazuh"
          },
          "data": {
            "win": {
              "eventdata": {
                "image": "c:\\\\temp\\\\l_test.exe",
                "processGuid": "{0d4c58ef-03b0-6691-a805-000000000c00}",
                "processId": "1200",
                "utcTime": "2024-07-12 10:21:36.219",
                "targetFilename": "C:\\\\Windows\\\\Temp\\\\_MEI12002\\\\api-ms-win-crt-string-l1-1-0.dll",
                "ruleName": "DLL",
                "creationUtcTime": "2024-07-12 10:21:36.219",
                "user": "NT AUTHORITY\\\\SYSTEM"
              },
              "system": {
                "eventID": "11",
                "keywords": "0x8000000000000000",
                "providerGuid": "{5770385f-c22a-43e0-bf4c-06f5698ffbd9}",
                "level": "4",
                "channel": "Microsoft-Windows-Sysmon/Operational",
                "opcode": "0",
                "message": "\"File created:\r\nRuleName: DLL\r\nUtcTime: 2024-07-12 10:21:36.219\r\nProcessGuid: {0d4c58ef-03b0-6691-a805-000000000c00}\r\nProcessId: 1200\r\nImage: c:\\temp\\l_test.exe\r\nTargetFilename: C:\\Windows\\Temp\\_MEI12002\\api-ms-win-crt-string-l1-1-0.dll\r\nCreationUtcTime: 2024-07-12 10:21:36.219\r\nUser: NT AUTHORITY\\SYSTEM\"",
                "version": "2",
                "systemTime": "2024-07-12T10:21:36.229798000Z",
                "eventRecordID": "3154",
                "threadID": "3852",
                "computer": "dc2.office.tyrdemo.se",
                "task": "11",
                "processID": "3336",
                "severityValue": "INFORMATION",
                "providerName": "Microsoft-Windows-Sysmon"
              }
            }
          },
          "rule": {
            "firedtimes": 425,
            "mail": true,
            "level": 13,
            "description": "Unsigned Binary Loaded From Suspicious Location",
            "groups": [
              "sigma"
            ],
            "id": "900228"
          },
          "decoder": {
            "name": "windows_eventchannel"
          },
          "input": {
            "type": "log"
          },
          "@timestamp": "2024-07-12T10:21:37.805Z",
          "location": "EventChannel",
          "id": "1720779697.111550183",
          "timestamp": "2024-07-12T12:21:37.805+0200"
        }
      },
      {
        "_index": "wazuh-alerts-4.x-2024.07.12",
        "_id": "rLN2ppABLu9BFc0Mdk90",
        "_score": 2.0,
        "_source": {
          "agent": {
            "ip": "134.23.4.6",
            "name": "dc2",
            "id": "021"
          },
          "manager": {
            "name": "wazuh"
          },
          "data": {
            "win": {
              "eventdata": {
                "image": "c:\\\\temp\\\\l_test.exe",
                "processGuid": "{0d4c58ef-03b0-6691-a805-000000000c00}",
                "processId": "1200",
                "utcTime": "2024-07-12 10:21:36.235",
                "targetFilename": "C:\\\\Windows\\\\Temp\\\\_MEI12002\\\\libcrypto-1_1.dll",
                "ruleName": "DLL",
                "creationUtcTime": "2024-07-12 10:21:36.235",
                "user": "NT AUTHORITY\\\\SYSTEM"
              },
              "system": {
                "eventID": "11",
                "keywords": "0x8000000000000000",
                "providerGuid": "{5770385f-c22a-43e0-bf4c-06f5698ffbd9}",
                "level": "4",
                "channel": "Microsoft-Windows-Sysmon/Operational",
                "opcode": "0",
                "message": "\"File created:\r\nRuleName: DLL\r\nUtcTime: 2024-07-12 10:21:36.235\r\nProcessGuid: {0d4c58ef-03b0-6691-a805-000000000c00}\r\nProcessId: 1200\r\nImage: c:\\temp\\l_test.exe\r\nTargetFilename: C:\\Windows\\Temp\\_MEI12002\\libcrypto-1_1.dll\r\nCreationUtcTime: 2024-07-12 10:21:36.235\r\nUser: NT AUTHORITY\\SYSTEM\"",
                "version": "2",
                "systemTime": "2024-07-12T10:21:36.241002800Z",
                "eventRecordID": "3157",
                "threadID": "3852",
                "computer": "dc2.office.tyrdemo.se",
                "task": "11",
                "processID": "3336",
                "severityValue": "INFORMATION",
                "providerName": "Microsoft-Windows-Sysmon"
              }
            }
          },
          "rule": {
            "firedtimes": 427,
            "mail": true,
            "level": 13,
            "description": "Unsigned Binary Loaded From Suspicious Location",
            "groups": [
              "sigma"
            ],
            "id": "900228"
          },
          "decoder": {
            "name": "windows_eventchannel"
          },
          "input": {
            "type": "log"
          },
          "@timestamp": "2024-07-12T10:21:37.835Z",
          "location": "EventChannel",
          "id": "1720779697.111555301",
          "timestamp": "2024-07-12T12:21:37.835+0200"
        }
      },
      {
        "_index": "wazuh-alerts-4.x-2024.07.12",
        "_id": "rrN2ppABLu9BFc0Mdk90",
        "_score": 2.0,
        "_source": {
          "agent": {
            "ip": "134.23.4.6",
            "name": "dc2",
            "id": "021"
          },
          "manager": {
            "name": "wazuh"
          },
          "data": {
            "win": {
              "eventdata": {
                "image": "c:\\\\temp\\\\l_test.exe",
                "processGuid": "{0d4c58ef-03b0-6691-a805-000000000c00}",
                "processId": "1200",
                "utcTime": "2024-07-12 10:21:36.251",
                "targetFilename": "C:\\\\Windows\\\\Temp\\\\_MEI12002\\\\msvcp100.dll",
                "ruleName": "DLL",
                "creationUtcTime": "2024-07-12 10:21:36.251",
                "user": "NT AUTHORITY\\\\SYSTEM"
              },
              "system": {
                "eventID": "11",
                "keywords": "0x8000000000000000",
                "providerGuid": "{5770385f-c22a-43e0-bf4c-06f5698ffbd9}",
                "level": "4",
                "channel": "Microsoft-Windows-Sysmon/Operational",
                "opcode": "0",
                "message": "\"File created:\r\nRuleName: DLL\r\nUtcTime: 2024-07-12 10:21:36.251\r\nProcessGuid: {0d4c58ef-03b0-6691-a805-000000000c00}\r\nProcessId: 1200\r\nImage: c:\\temp\\l_test.exe\r\nTargetFilename: C:\\Windows\\Temp\\_MEI12002\\msvcp100.dll\r\nCreationUtcTime: 2024-07-12 10:21:36.251\r\nUser: NT AUTHORITY\\SYSTEM\"",
                "version": "2",
                "systemTime": "2024-07-12T10:21:36.252476900Z",
                "eventRecordID": "3159",
                "threadID": "3852",
                "computer": "dc2.office.tyrdemo.se",
                "task": "11",
                "processID": "3336",
                "severityValue": "INFORMATION",
                "providerName": "Microsoft-Windows-Sysmon"
              }
            }
          },
          "rule": {
            "firedtimes": 429,
            "mail": true,
            "level": 13,
            "description": "Unsigned Binary Loaded From Suspicious Location",
            "groups": [
              "sigma"
            ],
            "id": "900228"
          },
          "decoder": {
            "name": "windows_eventchannel"
          },
          "input": {
            "type": "log"
          },
          "@timestamp": "2024-07-12T10:21:37.893Z",
          "location": "EventChannel",
          "id": "1720779697.111560283",
          "timestamp": "2024-07-12T12:21:37.893+0200"
        }
      },
      {
        "_index": "wazuh-alerts-4.x-2024.07.12",
        "_id": "sLN2ppABLu9BFc0Mdk90",
        "_score": 2.0,
        "_source": {
          "agent": {
            "ip": "134.23.4.6",
            "name": "dc2",
            "id": "021"
          },
          "manager": {
            "name": "wazuh"
          },
          "data": {
            "win": {
              "eventdata": {
                "image": "c:\\\\temp\\\\l_test.exe",
                "processGuid": "{0d4c58ef-03b0-6691-a805-000000000c00}",
                "processId": "1200",
                "utcTime": "2024-07-12 10:21:36.266",
                "targetFilename": "C:\\\\Windows\\\\Temp\\\\_MEI12002\\\\python37.dll",
                "ruleName": "DLL",
                "creationUtcTime": "2024-07-12 10:21:36.266",
                "user": "NT AUTHORITY\\\\SYSTEM"
              },
              "system": {
                "eventID": "11",
                "keywords": "0x8000000000000000",
                "providerGuid": "{5770385f-c22a-43e0-bf4c-06f5698ffbd9}",
                "level": "4",
                "channel": "Microsoft-Windows-Sysmon/Operational",
                "opcode": "0",
                "message": "\"File created:\r\nRuleName: DLL\r\nUtcTime: 2024-07-12 10:21:36.266\r\nProcessGuid: {0d4c58ef-03b0-6691-a805-000000000c00}\r\nProcessId: 1200\r\nImage: c:\\temp\\l_test.exe\r\nTargetFilename: C:\\Windows\\Temp\\_MEI12002\\python37.dll\r\nCreationUtcTime: 2024-07-12 10:21:36.266\r\nUser: NT AUTHORITY\\SYSTEM\"",
                "version": "2",
                "systemTime": "2024-07-12T10:21:36.268279300Z",
                "eventRecordID": "3161",
                "threadID": "3852",
                "computer": "dc2.office.tyrdemo.se",
                "task": "11",
                "processID": "3336",
                "severityValue": "INFORMATION",
                "providerName": "Microsoft-Windows-Sysmon"
              }
            }
          },
          "rule": {
            "firedtimes": 431,
            "mail": true,
            "level": 13,
            "description": "Unsigned Binary Loaded From Suspicious Location",
            "groups": [
              "sigma"
            ],
            "id": "900228"
          },
          "decoder": {
            "name": "windows_eventchannel"
          },
          "input": {
            "type": "log"
          },
          "@timestamp": "2024-07-12T10:21:37.929Z",
          "location": "EventChannel",
          "id": "1720779697.111565237",
          "timestamp": "2024-07-12T12:21:37.929+0200"
        }
      },
      {
        "_index": "wazuh-alerts-4.x-2024.07.12",
        "_id": "srN2ppABLu9BFc0Mdk90",
        "_score": 2.0,
        "_source": {
          "agent": {
            "ip": "134.23.4.6",
            "name": "dc2",
            "id": "021"
          },
          "manager": {
            "name": "wazuh"
          },
          "data": {
            "win": {
              "eventdata": {
                "image": "c:\\\\temp\\\\l_test.exe",
                "processGuid": "{0d4c58ef-03b0-6691-a805-000000000c00}",
                "processId": "1200",
                "utcTime": "2024-07-12 10:21:36.266",
                "targetFilename": "C:\\\\Windows\\\\Temp\\\\_MEI12002\\\\sqlite3.dll",
                "ruleName": "DLL",
                "creationUtcTime": "2024-07-12 10:21:36.266",
                "user": "NT AUTHORITY\\\\SYSTEM"
              },
              "system": {
                "eventID": "11",
                "keywords": "0x8000000000000000",
                "providerGuid": "{5770385f-c22a-43e0-bf4c-06f5698ffbd9}",
                "level": "4",
                "channel": "Microsoft-Windows-Sysmon/Operational",
                "opcode": "0",
                "message": "\"File created:\r\nRuleName: DLL\r\nUtcTime: 2024-07-12 10:21:36.266\r\nProcessGuid: {0d4c58ef-03b0-6691-a805-000000000c00}\r\nProcessId: 1200\r\nImage: c:\\temp\\l_test.exe\r\nTargetFilename: C:\\Windows\\Temp\\_MEI12002\\sqlite3.dll\r\nCreationUtcTime: 2024-07-12 10:21:36.266\r\nUser: NT AUTHORITY\\SYSTEM\"",
                "version": "2",
                "systemTime": "2024-07-12T10:21:36.275630300Z",
                "eventRecordID": "3162",
                "threadID": "3852",
                "computer": "dc2.office.tyrdemo.se",
                "task": "11",
                "processID": "3336",
                "severityValue": "INFORMATION",
                "providerName": "Microsoft-Windows-Sysmon"
              }
            }
          },
          "rule": {
            "firedtimes": 433,
            "mail": true,
            "level": 13,
            "description": "Unsigned Binary Loaded From Suspicious Location",
            "groups": [
              "sigma"
            ],
            "id": "900228"
          },
          "decoder": {
            "name": "windows_eventchannel"
          },
          "input": {
            "type": "log"
          },
          "@timestamp": "2024-07-12T10:21:37.929Z",
          "location": "EventChannel",
          "id": "1720779697.111570191",
          "timestamp": "2024-07-12T12:21:37.929+0200"
        }
      },
      {
        "_index": "wazuh-alerts-4.x-2024.07.12",
        "_id": "h7N2ppABLu9BFc0Mdk90",
        "_score": 2.0,
        "_source": {
          "agent": {
            "ip": "134.23.4.6",
            "name": "dc2",
            "id": "021"
          },
          "manager": {
            "name": "wazuh"
          },
          "data": {
            "win": {
              "eventdata": {
                "image": "c:\\\\temp\\\\l_test.exe",
                "processGuid": "{0d4c58ef-03b0-6691-a805-000000000c00}",
                "processId": "1200",
                "utcTime": "2024-07-12 10:21:36.204",
                "targetFilename": "C:\\\\Windows\\\\Temp\\\\_MEI12002\\\\api-ms-win-core-errorhandling-l1-1-0.dll",
                "ruleName": "DLL",
                "creationUtcTime": "2024-07-12 10:21:36.204",
                "user": "NT AUTHORITY\\\\SYSTEM"
              },
              "system": {
                "eventID": "11",
                "keywords": "0x8000000000000000",
                "providerGuid": "{5770385f-c22a-43e0-bf4c-06f5698ffbd9}",
                "level": "4",
                "channel": "Microsoft-Windows-Sysmon/Operational",
                "opcode": "0",
                "message": "\"File created:\r\nRuleName: DLL\r\nUtcTime: 2024-07-12 10:21:36.204\r\nProcessGuid: {0d4c58ef-03b0-6691-a805-000000000c00}\r\nProcessId: 1200\r\nImage: c:\\temp\\l_test.exe\r\nTargetFilename: C:\\Windows\\Temp\\_MEI12002\\api-ms-win-core-errorhandling-l1-1-0.dll\r\nCreationUtcTime: 2024-07-12 10:21:36.204\r\nUser: NT AUTHORITY\\SYSTEM\"",
                "version": "2",
                "systemTime": "2024-07-12T10:21:36.218914200Z",
                "eventRecordID": "3122",
                "threadID": "3852",
                "computer": "dc2.office.tyrdemo.se",
                "task": "11",
                "processID": "3336",
                "severityValue": "INFORMATION",
                "providerName": "Microsoft-Windows-Sysmon"
              }
            }
          },
          "rule": {
            "firedtimes": 390,
            "mail": true,
            "level": 13,
            "description": "Unsigned Binary Loaded From Suspicious Location",
            "groups": [
              "sigma"
            ],
            "id": "900228"
          },
          "decoder": {
            "name": "windows_eventchannel"
          },
          "input": {
            "type": "log"
          },
          "@timestamp": "2024-07-12T10:21:37.227Z",
          "location": "EventChannel",
          "id": "1720779697.111460188",
          "timestamp": "2024-07-12T12:21:37.227+0200"
        }
      },
      {
        "_index": "wazuh-alerts-4.x-2024.07.12",
        "_id": "irN2ppABLu9BFc0Mdk90",
        "_score": 2.0,
        "_source": {
          "agent": {
            "ip": "134.23.4.6",
            "name": "dc2",
            "id": "021"
          },
          "manager": {
            "name": "wazuh"
          },
          "data": {
            "win": {
              "eventdata": {
                "image": "c:\\\\temp\\\\l_test.exe",
                "processGuid": "{0d4c58ef-03b0-6691-a805-000000000c00}",
                "processId": "1200",
                "utcTime": "2024-07-12 10:21:36.219",
                "targetFilename": "C:\\\\Windows\\\\Temp\\\\_MEI12002\\\\api-ms-win-core-file-l2-1-0.dll",
                "ruleName": "DLL",
                "creationUtcTime": "2024-07-12 10:21:36.219",
                "user": "NT AUTHORITY\\\\SYSTEM"
              },
              "system": {
                "eventID": "11",
                "keywords": "0x8000000000000000",
                "providerGuid": "{5770385f-c22a-43e0-bf4c-06f5698ffbd9}",
                "level": "4",
                "channel": "Microsoft-Windows-Sysmon/Operational",
                "opcode": "0",
                "message": "\"File created:\r\nRuleName: DLL\r\nUtcTime: 2024-07-12 10:21:36.219\r\nProcessGuid: {0d4c58ef-03b0-6691-a805-000000000c00}\r\nProcessId: 1200\r\nImage: c:\\temp\\l_test.exe\r\nTargetFilename: C:\\Windows\\Temp\\_MEI12002\\api-ms-win-core-file-l2-1-0.dll\r\nCreationUtcTime: 2024-07-12 10:21:36.219\r\nUser: NT AUTHORITY\\SYSTEM\"",
                "version": "2",
                "systemTime": "2024-07-12T10:21:36.219919700Z",
                "eventRecordID": "3125",
                "threadID": "3852",
                "computer": "dc2.office.tyrdemo.se",
                "task": "11",
                "processID": "3336",
                "severityValue": "INFORMATION",
                "providerName": "Microsoft-Windows-Sysmon"
              }
            }
          },
          "rule": {
            "firedtimes": 393,
            "mail": true,
            "level": 13,
            "description": "Unsigned Binary Loaded From Suspicious Location",
            "groups": [
              "sigma"
            ],
            "id": "900228"
          },
          "decoder": {
            "name": "windows_eventchannel"
          },
          "input": {
            "type": "log"
          },
          "@timestamp": "2024-07-12T10:21:37.273Z",
          "location": "EventChannel",
          "id": "1720779697.111467883",
          "timestamp": "2024-07-12T12:21:37.273+0200"
        }
      },
