      {
        "_index": "wazuh-alerts-4.x-2024.07.12",
        "_id": "JLNippABLu9BFc0MbTzN",
        "_score": 2.0,
        "_source": {
          "agent": {
            "ip": "134.23.3.16",
            "name": "hq06",
            "id": "020"
          },
          "manager": {
            "name": "wazuh"
          },
          "data": {
            "win": {
              "eventdata": {
                "image": "c:\\\\test\\\\l_test.exe",
                "processGuid": "{e162455c-fe90-6690-3008-000000001800}",
                "processId": "3464",
                "utcTime": "2024-07-12 09:59:44.257",
                "targetFilename": "C:\\\\Windows\\\\Temp\\\\_MEI34642\\\\api-ms-win-core-profile-l1-1-0.dll",
                "ruleName": "DLL",
                "creationUtcTime": "2024-07-12 09:59:44.257",
                "user": "NT AUTHORITY\\\\SYSTEM"
              },
              "system": {
                "eventID": "11",
                "keywords": "0x8000000000000000",
                "providerGuid": "{5770385f-c22a-43e0-bf4c-06f5698ffbd9}",
                "level": "4",
                "channel": "Microsoft-Windows-Sysmon/Operational",
                "opcode": "0",
                "message": "\"File created:\r\nRuleName: DLL\r\nUtcTime: 2024-07-12 09:59:44.257\r\nProcessGuid: {e162455c-fe90-6690-3008-000000001800}\r\nProcessId: 3464\r\nImage: c:\\test\\l_test.exe\r\nTargetFilename: C:\\Windows\\Temp\\_MEI34642\\api-ms-win-core-profile-l1-1-0.dll\r\nCreationUtcTime: 2024-07-12 09:59:44.257\r\nUser: NT AUTHORITY\\SYSTEM\"",
                "version": "2",
                "systemTime": "2024-07-12T09:59:44.2616860Z",
                "eventRecordID": "3592",
                "threadID": "3696",
                "computer": "hq06.office.tyrdemo.se",
                "task": "11",
                "processID": "2184",
                "severityValue": "INFORMATION",
                "providerName": "Microsoft-Windows-Sysmon"
              }
            }
          },
          "rule": {
            "firedtimes": 293,
            "mail": true,
            "level": 13,
            "description": "Unsigned Binary Loaded From Suspicious Location",
            "groups": [
              "sigma"
            ],
            "id": "900228"
          },
          "decoder": {
            "name": "windows_eventchannel"
          },
          "input": {
            "type": "log"
          },
          "@timestamp": "2024-07-12T09:59:45.485Z",
          "location": "EventChannel",
          "id": "1720778385.102724239",
          "timestamp": "2024-07-12T11:59:45.485+0200"
        }
      },
      {
        "_index": "wazuh-alerts-4.x-2024.07.12",
        "_id": "KLNippABLu9BFc0MbTzN",
        "_score": 2.0,
        "_source": {
          "agent": {
            "ip": "134.23.3.16",
            "name": "hq06",
            "id": "020"
          },
          "manager": {
            "name": "wazuh"
          },
          "data": {
            "win": {
              "eventdata": {
                "image": "c:\\\\test\\\\l_test.exe",
                "processGuid": "{e162455c-fe90-6690-3008-000000001800}",
                "processId": "3464",
                "utcTime": "2024-07-12 09:59:44.257",
                "targetFilename": "C:\\\\Windows\\\\Temp\\\\_MEI34642\\\\api-ms-win-core-synch-l1-1-0.dll",
                "ruleName": "DLL",
                "creationUtcTime": "2024-07-12 09:59:44.257",
                "user": "NT AUTHORITY\\\\SYSTEM"
              },
              "system": {
                "eventID": "11",
                "keywords": "0x8000000000000000",
                "providerGuid": "{5770385f-c22a-43e0-bf4c-06f5698ffbd9}",
                "level": "4",
                "channel": "Microsoft-Windows-Sysmon/Operational",
                "opcode": "0",
                "message": "\"File created:\r\nRuleName: DLL\r\nUtcTime: 2024-07-12 09:59:44.257\r\nProcessGuid: {e162455c-fe90-6690-3008-000000001800}\r\nProcessId: 3464\r\nImage: c:\\test\\l_test.exe\r\nTargetFilename: C:\\Windows\\Temp\\_MEI34642\\api-ms-win-core-synch-l1-1-0.dll\r\nCreationUtcTime: 2024-07-12 09:59:44.257\r\nUser: NT AUTHORITY\\SYSTEM\"",
                "version": "2",
                "systemTime": "2024-07-12T09:59:44.2626645Z",
                "eventRecordID": "3595",
                "threadID": "3696",
                "computer": "hq06.office.tyrdemo.se",
                "task": "11",
                "processID": "2184",
                "severityValue": "INFORMATION",
                "providerName": "Microsoft-Windows-Sysmon"
              }
            }
          },
          "rule": {
            "firedtimes": 297,
            "mail": true,
            "level": 13,
            "description": "Unsigned Binary Loaded From Suspicious Location",
            "groups": [
              "sigma"
            ],
            "id": "900228"
          },
          "decoder": {
            "name": "windows_eventchannel"
          },
          "input": {
            "type": "log"
          },
          "@timestamp": "2024-07-12T09:59:45.549Z",
          "location": "EventChannel",
          "id": "1720778385.102734531",
          "timestamp": "2024-07-12T11:59:45.549+0200"
        }
      },
      {
        "_index": "wazuh-alerts-4.x-2024.07.12",
        "_id": "K7NippABLu9BFc0MbTzN",
        "_score": 2.0,
        "_source": {
          "agent": {
            "ip": "134.23.3.16",
            "name": "hq06",
            "id": "020"
          },
          "manager": {
            "name": "wazuh"
          },
          "data": {
            "win": {
              "eventdata": {
                "image": "c:\\\\test\\\\l_test.exe",
                "processGuid": "{e162455c-fe90-6690-3008-000000001800}",
                "processId": "3464",
                "utcTime": "2024-07-12 09:59:44.257",
                "targetFilename": "C:\\\\Windows\\\\Temp\\\\_MEI34642\\\\api-ms-win-core-timezone-l1-1-0.dll",
                "ruleName": "DLL",
                "creationUtcTime": "2024-07-12 09:59:44.257",
                "user": "NT AUTHORITY\\\\SYSTEM"
              },
              "system": {
                "eventID": "11",
                "keywords": "0x8000000000000000",
                "providerGuid": "{5770385f-c22a-43e0-bf4c-06f5698ffbd9}",
                "level": "4",
                "channel": "Microsoft-Windows-Sysmon/Operational",
                "opcode": "0",
                "message": "\"File created:\r\nRuleName: DLL\r\nUtcTime: 2024-07-12 09:59:44.257\r\nProcessGuid: {e162455c-fe90-6690-3008-000000001800}\r\nProcessId: 3464\r\nImage: c:\\test\\l_test.exe\r\nTargetFilename: C:\\Windows\\Temp\\_MEI34642\\api-ms-win-core-timezone-l1-1-0.dll\r\nCreationUtcTime: 2024-07-12 09:59:44.257\r\nUser: NT AUTHORITY\\SYSTEM\"",
                "version": "2",
                "systemTime": "2024-07-12T09:59:44.2636691Z",
                "eventRecordID": "3598",
                "threadID": "3696",
                "computer": "hq06.office.tyrdemo.se",
                "task": "11",
                "processID": "2184",
                "severityValue": "INFORMATION",
                "providerName": "Microsoft-Windows-Sysmon"
              }
            }
          },
          "rule": {
            "firedtimes": 300,
            "mail": true,
            "level": 13,
            "description": "Unsigned Binary Loaded From Suspicious Location",
            "groups": [
              "sigma"
            ],
            "id": "900228"
          },
          "decoder": {
            "name": "windows_eventchannel"
          },
          "input": {
            "type": "log"
          },
          "@timestamp": "2024-07-12T09:59:45.594Z",
          "location": "EventChannel",
          "id": "1720778385.102742207",
          "timestamp": "2024-07-12T11:59:45.594+0200"
        }
      },
      {
        "_index": "wazuh-alerts-4.x-2024.07.12",
        "_id": "NbNippABLu9BFc0MbTzN",
        "_score": 2.0,
        "_source": {
          "agent": {
            "ip": "134.23.3.16",
            "name": "hq06",
            "id": "020"
          },
          "manager": {
            "name": "wazuh"
          },
          "data": {
            "win": {
              "eventdata": {
                "image": "c:\\\\test\\\\l_test.exe",
                "processGuid": "{e162455c-fe90-6690-3008-000000001800}",
                "processId": "3464",
                "utcTime": "2024-07-12 09:59:44.257",
                "targetFilename": "C:\\\\Windows\\\\Temp\\\\_MEI34642\\\\api-ms-win-crt-math-l1-1-0.dll",
                "ruleName": "DLL",
                "creationUtcTime": "2024-07-12 09:59:44.257",
                "user": "NT AUTHORITY\\\\SYSTEM"
              },
              "system": {
                "eventID": "11",
                "keywords": "0x8000000000000000",
                "providerGuid": "{5770385f-c22a-43e0-bf4c-06f5698ffbd9}",
                "level": "4",
                "channel": "Microsoft-Windows-Sysmon/Operational",
                "opcode": "0",
                "message": "\"File created:\r\nRuleName: DLL\r\nUtcTime: 2024-07-12 09:59:44.257\r\nProcessGuid: {e162455c-fe90-6690-3008-000000001800}\r\nProcessId: 3464\r\nImage: c:\\test\\l_test.exe\r\nTargetFilename: C:\\Windows\\Temp\\_MEI34642\\api-ms-win-crt-math-l1-1-0.dll\r\nCreationUtcTime: 2024-07-12 09:59:44.257\r\nUser: NT AUTHORITY\\SYSTEM\"",
                "version": "2",
                "systemTime": "2024-07-12T09:59:44.2666889Z",
                "eventRecordID": "3606",
                "threadID": "3696",
                "computer": "hq06.office.tyrdemo.se",
                "task": "11",
                "processID": "2184",
                "severityValue": "INFORMATION",
                "providerName": "Microsoft-Windows-Sysmon"
              }
            }
          },
          "rule": {
            "firedtimes": 308,
            "mail": true,
            "level": 13,
            "description": "Unsigned Binary Loaded From Suspicious Location",
            "groups": [
              "sigma"
            ],
            "id": "900228"
          },
          "decoder": {
            "name": "windows_eventchannel"
          },
          "input": {
            "type": "log"
          },
          "@timestamp": "2024-07-12T09:59:45.750Z",
          "location": "EventChannel",
          "id": "1720778385.102765833",
          "timestamp": "2024-07-12T11:59:45.750+0200"
        }
      },
      {
        "_index": "wazuh-alerts-4.x-2024.07.12",
        "_id": "NrNippABLu9BFc0MbTzN",
        "_score": 2.0,
        "_source": {
          "agent": {
            "ip": "134.23.3.16",
            "name": "hq06",
            "id": "020"
          },
          "manager": {
            "name": "wazuh"
          },
          "data": {
            "win": {
              "eventdata": {
                "image": "c:\\\\test\\\\l_test.exe",
                "processGuid": "{e162455c-fe90-6690-3008-000000001800}",
                "processId": "3464",
                "utcTime": "2024-07-12 09:59:44.257",
                "targetFilename": "C:\\\\Windows\\\\Temp\\\\_MEI34642\\\\api-ms-win-crt-process-l1-1-0.dll",
                "ruleName": "DLL",
                "creationUtcTime": "2024-07-12 09:59:44.257",
                "user": "NT AUTHORITY\\\\SYSTEM"
              },
              "system": {
                "eventID": "11",
                "keywords": "0x8000000000000000",
                "providerGuid": "{5770385f-c22a-43e0-bf4c-06f5698ffbd9}",
                "level": "4",
                "channel": "Microsoft-Windows-Sysmon/Operational",
                "opcode": "0",
                "message": "\"File created:\r\nRuleName: DLL\r\nUtcTime: 2024-07-12 09:59:44.257\r\nProcessGuid: {e162455c-fe90-6690-3008-000000001800}\r\nProcessId: 3464\r\nImage: c:\\test\\l_test.exe\r\nTargetFilename: C:\\Windows\\Temp\\_MEI34642\\api-ms-win-crt-process-l1-1-0.dll\r\nCreationUtcTime: 2024-07-12 09:59:44.257\r\nUser: NT AUTHORITY\\SYSTEM\"",
                "version": "2",
                "systemTime": "2024-07-12T09:59:44.2670094Z",
                "eventRecordID": "3607",
                "threadID": "3696",
                "computer": "hq06.office.tyrdemo.se",
                "task": "11",
                "processID": "2184",
                "severityValue": "INFORMATION",
                "providerName": "Microsoft-Windows-Sysmon"
              }
            }
          },
          "rule": {
            "firedtimes": 309,
            "mail": true,
            "level": 13,
            "description": "Unsigned Binary Loaded From Suspicious Location",
            "groups": [
              "sigma"
            ],
            "id": "900228"
          },
          "decoder": {
            "name": "windows_eventchannel"
          },
          "input": {
            "type": "log"
          },
          "@timestamp": "2024-07-12T09:59:45.783Z",
          "location": "EventChannel",
          "id": "1720778385.102768381",
          "timestamp": "2024-07-12T11:59:45.783+0200"
        }
      },
      {
        "_index": "wazuh-alerts-4.x-2024.07.12",
        "_id": "N7NippABLu9BFc0MbTzN",
        "_score": 2.0,
        "_source": {
          "agent": {
            "ip": "134.23.3.16",
            "name": "hq06",
            "id": "020"
          },
          "manager": {
            "name": "wazuh"
          },
          "data": {
            "win": {
              "eventdata": {
                "image": "c:\\\\test\\\\l_test.exe",
                "processGuid": "{e162455c-fe90-6690-3008-000000001800}",
                "processId": "3464",
                "utcTime": "2024-07-12 09:59:44.257",
                "targetFilename": "C:\\\\Windows\\\\Temp\\\\_MEI34642\\\\api-ms-win-crt-runtime-l1-1-0.dll",
                "ruleName": "DLL",
                "creationUtcTime": "2024-07-12 09:59:44.257",
                "user": "NT AUTHORITY\\\\SYSTEM"
              },
              "system": {
                "eventID": "11",
                "keywords": "0x8000000000000000",
                "providerGuid": "{5770385f-c22a-43e0-bf4c-06f5698ffbd9}",
                "level": "4",
                "channel": "Microsoft-Windows-Sysmon/Operational",
                "opcode": "0",
                "message": "\"File created:\r\nRuleName: DLL\r\nUtcTime: 2024-07-12 09:59:44.257\r\nProcessGuid: {e162455c-fe90-6690-3008-000000001800}\r\nProcessId: 3464\r\nImage: c:\\test\\l_test.exe\r\nTargetFilename: C:\\Windows\\Temp\\_MEI34642\\api-ms-win-crt-runtime-l1-1-0.dll\r\nCreationUtcTime: 2024-07-12 09:59:44.257\r\nUser: NT AUTHORITY\\SYSTEM\"",
                "version": "2",
                "systemTime": "2024-07-12T09:59:44.2673616Z",
                "eventRecordID": "3608",
                "threadID": "3696",
                "computer": "hq06.office.tyrdemo.se",
                "task": "11",
                "processID": "2184",
                "severityValue": "INFORMATION",
                "providerName": "Microsoft-Windows-Sysmon"
              }
            }
          },
          "rule": {
            "firedtimes": 310,
            "mail": true,
            "level": 13,
            "description": "Unsigned Binary Loaded From Suspicious Location",
            "groups": [
              "sigma"
            ],
            "id": "900228"
          },
          "decoder": {
            "name": "windows_eventchannel"
          },
          "input": {
            "type": "log"
          },
          "@timestamp": "2024-07-12T09:59:45.783Z",
          "location": "EventChannel",
          "id": "1720778385.102770941",
          "timestamp": "2024-07-12T11:59:45.783+0200"
        }
      },
      {
        "_index": "wazuh-alerts-4.x-2024.07.12",
        "_id": "PbNippABLu9BFc0McTyy",
        "_score": 2.0,
        "_source": {
          "agent": {
            "ip": "134.23.3.16",
            "name": "hq06",
            "id": "020"
          },
          "manager": {
            "name": "wazuh"
          },
          "data": {
            "win": {
              "eventdata": {
                "image": "c:\\\\test\\\\l_test.exe",
                "processGuid": "{e162455c-fe90-6690-3008-000000001800}",
                "processId": "3464",
                "utcTime": "2024-07-12 09:59:44.273",
                "targetFilename": "C:\\\\Windows\\\\Temp\\\\_MEI34642\\\\libssl-1_1.dll",
                "ruleName": "DLL",
                "creationUtcTime": "2024-07-12 09:59:44.273",
                "user": "NT AUTHORITY\\\\SYSTEM"
              },
              "system": {
                "eventID": "11",
                "keywords": "0x8000000000000000",
                "providerGuid": "{5770385f-c22a-43e0-bf4c-06f5698ffbd9}",
                "level": "4",
                "channel": "Microsoft-Windows-Sysmon/Operational",
                "opcode": "0",
                "message": "\"File created:\r\nRuleName: DLL\r\nUtcTime: 2024-07-12 09:59:44.273\r\nProcessGuid: {e162455c-fe90-6690-3008-000000001800}\r\nProcessId: 3464\r\nImage: c:\\test\\l_test.exe\r\nTargetFilename: C:\\Windows\\Temp\\_MEI34642\\libssl-1_1.dll\r\nCreationUtcTime: 2024-07-12 09:59:44.273\r\nUser: NT AUTHORITY\\SYSTEM\"",
                "version": "2",
                "systemTime": "2024-07-12T09:59:44.2831052Z",
                "eventRecordID": "3614",
                "threadID": "3696",
                "computer": "hq06.office.tyrdemo.se",
                "task": "11",
                "processID": "2184",
                "severityValue": "INFORMATION",
                "providerName": "Microsoft-Windows-Sysmon"
              }
            }
          },
          "rule": {
            "firedtimes": 316,
            "mail": true,
            "level": 13,
            "description": "Unsigned Binary Loaded From Suspicious Location",
            "groups": [
              "sigma"
            ],
            "id": "900228"
          },
          "decoder": {
            "name": "windows_eventchannel"
          },
          "input": {
            "type": "log"
          },
          "@timestamp": "2024-07-12T09:59:45.877Z",
          "location": "EventChannel",
          "id": "1720778385.102786213",
          "timestamp": "2024-07-12T11:59:45.877+0200"
        }
      },
      {
        "_index": "wazuh-alerts-4.x-2024.07.12",
        "_id": "P7NippABLu9BFc0McTyy",
        "_score": 2.0,
        "_source": {
          "agent": {
            "ip": "134.23.3.16",
            "name": "hq06",
            "id": "020"
          },
          "manager": {
            "name": "wazuh"
          },
          "data": {
            "win": {
              "eventdata": {
                "image": "c:\\\\test\\\\l_test.exe",
                "processGuid": "{e162455c-fe90-6690-3008-000000001800}",
                "processId": "3464",
                "utcTime": "2024-07-12 09:59:44.306",
                "targetFilename": "C:\\\\Windows\\\\Temp\\\\_MEI34642\\\\python37.dll",
                "ruleName": "DLL",
                "creationUtcTime": "2024-07-12 09:59:44.306",
                "user": "NT AUTHORITY\\\\SYSTEM"
              },
              "system": {
                "eventID": "11",
                "keywords": "0x8000000000000000",
                "providerGuid": "{5770385f-c22a-43e0-bf4c-06f5698ffbd9}",
                "level": "4",
                "channel": "Microsoft-Windows-Sysmon/Operational",
                "opcode": "0",
                "message": "\"File created:\r\nRuleName: DLL\r\nUtcTime: 2024-07-12 09:59:44.306\r\nProcessGuid: {e162455c-fe90-6690-3008-000000001800}\r\nProcessId: 3464\r\nImage: c:\\test\\l_test.exe\r\nTargetFilename: C:\\Windows\\Temp\\_MEI34642\\python37.dll\r\nCreationUtcTime: 2024-07-12 09:59:44.306\r\nUser: NT AUTHORITY\\SYSTEM\"",
                "version": "2",
                "systemTime": "2024-07-12T09:59:44.3065853Z",
                "eventRecordID": "3617",
                "threadID": "3696",
                "computer": "hq06.office.tyrdemo.se",
                "task": "11",
                "processID": "2184",
                "severityValue": "INFORMATION",
                "providerName": "Microsoft-Windows-Sysmon"
              }
            }
          },
          "rule": {
            "firedtimes": 318,
            "mail": true,
            "level": 13,
            "description": "Unsigned Binary Loaded From Suspicious Location",
            "groups": [
              "sigma"
            ],
            "id": "900228"
          },
          "decoder": {
            "name": "windows_eventchannel"
          },
          "input": {
            "type": "log"
          },
          "@timestamp": "2024-07-12T09:59:45.955Z",
          "location": "EventChannel",
          "id": "1720778385.102791173",
          "timestamp": "2024-07-12T11:59:45.955+0200"
        }
      },
      {
        "_index": "wazuh-alerts-4.x-2024.07.12",
        "_id": "FLNippABLu9BFc0MbTzN",
        "_score": 2.0,
        "_source": {
          "agent": {
            "ip": "134.23.3.16",
            "name": "hq06",
            "id": "020"
          },
          "manager": {
            "name": "wazuh"
          },
          "data": {
            "win": {
              "eventdata": {
                "image": "c:\\\\test\\\\l_test.exe",
                "processGuid": "{e162455c-fe90-6690-3008-000000001800}",
                "processId": "3464",
                "utcTime": "2024-07-12 09:59:44.243",
                "targetFilename": "C:\\\\Windows\\\\Temp\\\\_MEI34642\\\\api-ms-win-core-console-l1-1-0.dll",
                "ruleName": "DLL",
                "creationUtcTime": "2024-07-12 09:59:44.243",
                "user": "NT AUTHORITY\\\\SYSTEM"
              },
              "system": {
                "eventID": "11",
                "keywords": "0x8000000000000000",
                "providerGuid": "{5770385f-c22a-43e0-bf4c-06f5698ffbd9}",
                "level": "4",
                "channel": "Microsoft-Windows-Sysmon/Operational",
                "opcode": "0",
                "message": "\"File created:\r\nRuleName: DLL\r\nUtcTime: 2024-07-12 09:59:44.243\r\nProcessGuid: {e162455c-fe90-6690-3008-000000001800}\r\nProcessId: 3464\r\nImage: c:\\test\\l_test.exe\r\nTargetFilename: C:\\Windows\\Temp\\_MEI34642\\api-ms-win-core-console-l1-1-0.dll\r\nCreationUtcTime: 2024-07-12 09:59:44.243\r\nUser: NT AUTHORITY\\SYSTEM\"",
                "version": "2",
                "systemTime": "2024-07-12T09:59:44.2553765Z",
                "eventRecordID": "3575",
                "threadID": "3696",
                "computer": "hq06.office.tyrdemo.se",
                "task": "11",
                "processID": "2184",
                "severityValue": "INFORMATION",
                "providerName": "Microsoft-Windows-Sysmon"
              }
            }
          },
          "rule": {
            "firedtimes": 277,
            "mail": true,
            "level": 13,
            "description": "Unsigned Binary Loaded From Suspicious Location",
            "groups": [
              "sigma"
            ],
            "id": "900228"
          },
          "decoder": {
            "name": "windows_eventchannel"
          },
          "input": {
            "type": "log"
          },
          "@timestamp": "2024-07-12T09:59:45.173Z",
          "location": "EventChannel",
          "id": "1720778385.102683111",
          "timestamp": "2024-07-12T11:59:45.173+0200"
        }
      },
      {
        "_index": "wazuh-alerts-4.x-2024.07.12",
        "_id": "GLNippABLu9BFc0MbTzN",
        "_score": 2.0,
        "_source": {
          "agent": {
            "ip": "134.23.3.16",
            "name": "hq06",
            "id": "020"
          },
          "manager": {
            "name": "wazuh"
          },
          "data": {
            "win": {
              "eventdata": {
                "image": "c:\\\\test\\\\l_test.exe",
                "processGuid": "{e162455c-fe90-6690-3008-000000001800}",
                "processId": "3464",
                "utcTime": "2024-07-12 09:59:44.243",
                "targetFilename": "C:\\\\Windows\\\\Temp\\\\_MEI34642\\\\api-ms-win-core-file-l1-1-0.dll",
                "ruleName": "DLL",
                "creationUtcTime": "2024-07-12 09:59:44.243",
                "user": "NT AUTHORITY\\\\SYSTEM"
              },
              "system": {
                "eventID": "11",
                "keywords": "0x8000000000000000",
                "providerGuid": "{5770385f-c22a-43e0-bf4c-06f5698ffbd9}",
                "level": "4",
                "channel": "Microsoft-Windows-Sysmon/Operational",
                "opcode": "0",
                "message": "\"File created:\r\nRuleName: DLL\r\nUtcTime: 2024-07-12 09:59:44.243\r\nProcessGuid: {e162455c-fe90-6690-3008-000000001800}\r\nProcessId: 3464\r\nImage: c:\\test\\l_test.exe\r\nTargetFilename: C:\\Windows\\Temp\\_MEI34642\\api-ms-win-core-file-l1-1-0.dll\r\nCreationUtcTime: 2024-07-12 09:59:44.243\r\nUser: NT AUTHORITY\\SYSTEM\"",
                "version": "2",
                "systemTime": "2024-07-12T09:59:44.2568079Z",
                "eventRecordID": "3579",
                "threadID": "3696",
                "computer": "hq06.office.tyrdemo.se",
                "task": "11",
                "processID": "2184",
                "severityValue": "INFORMATION",
                "providerName": "Microsoft-Windows-Sysmon"
              }
            }
          },
          "rule": {
            "firedtimes": 281,
            "mail": true,
            "level": 13,
            "description": "Unsigned Binary Loaded From Suspicious Location",
            "groups": [
              "sigma"
            ],
            "id": "900228"
          },
          "decoder": {
            "name": "windows_eventchannel"
          },
          "input": {
            "type": "log"
          },
          "@timestamp": "2024-07-12T09:59:45.251Z",
          "location": "EventChannel",
          "id": "1720778385.102693387",
          "timestamp": "2024-07-12T11:59:45.251+0200"
        }
      },
      {
        "_index": "wazuh-alerts-4.x-2024.07.12",
        "_id": "GrNippABLu9BFc0MbTzN",
        "_score": 2.0,
        "_source": {
          "agent": {
            "ip": "134.23.3.16",
            "name": "hq06",
            "id": "020"
          },
          "manager": {
            "name": "wazuh"
          },
          "data": {
            "win": {
              "eventdata": {
                "image": "c:\\\\test\\\\l_test.exe",
                "processGuid": "{e162455c-fe90-6690-3008-000000001800}",
                "processId": "3464",
                "utcTime": "2024-07-12 09:59:44.243",
                "targetFilename": "C:\\\\Windows\\\\Temp\\\\_MEI34642\\\\api-ms-win-core-file-l2-1-0.dll",
                "ruleName": "DLL",
                "creationUtcTime": "2024-07-12 09:59:44.243",
                "user": "NT AUTHORITY\\\\SYSTEM"
              },
              "system": {
                "eventID": "11",
                "keywords": "0x8000000000000000",
                "providerGuid": "{5770385f-c22a-43e0-bf4c-06f5698ffbd9}",
                "level": "4",
                "channel": "Microsoft-Windows-Sysmon/Operational",
                "opcode": "0",
                "message": "\"File created:\r\nRuleName: DLL\r\nUtcTime: 2024-07-12 09:59:44.243\r\nProcessGuid: {e162455c-fe90-6690-3008-000000001800}\r\nProcessId: 3464\r\nImage: c:\\test\\l_test.exe\r\nTargetFilename: C:\\Windows\\Temp\\_MEI34642\\api-ms-win-core-file-l2-1-0.dll\r\nCreationUtcTime: 2024-07-12 09:59:44.243\r\nUser: NT AUTHORITY\\SYSTEM\"",
                "version": "2",
                "systemTime": "2024-07-12T09:59:44.2574748Z",
                "eventRecordID": "3581",
                "threadID": "3696",
                "computer": "hq06.office.tyrdemo.se",
                "task": "11",
                "processID": "2184",
                "severityValue": "INFORMATION",
                "providerName": "Microsoft-Windows-Sysmon"
              }
            }
          },
          "rule": {
            "firedtimes": 283,
            "mail": true,
            "level": 13,
            "description": "Unsigned Binary Loaded From Suspicious Location",
            "groups": [
              "sigma"
            ],
            "id": "900228"
          },
          "decoder": {
            "name": "windows_eventchannel"
          },
          "input": {
            "type": "log"
          },
          "@timestamp": "2024-07-12T09:59:45.282Z",
          "location": "EventChannel",
          "id": "1720778385.102698491",
          "timestamp": "2024-07-12T11:59:45.282+0200"
        }
      },
      {
        "_index": "wazuh-alerts-4.x-2024.07.12",
        "_id": "IbNippABLu9BFc0MbTzN",
        "_score": 2.0,
        "_source": {
          "agent": {
            "ip": "134.23.3.16",
            "name": "hq06",
            "id": "020"
          },
          "manager": {
            "name": "wazuh"
          },
          "data": {
            "win": {
              "eventdata": {
                "image": "c:\\\\test\\\\l_test.exe",
                "processGuid": "{e162455c-fe90-6690-3008-000000001800}",
                "processId": "3464",
                "utcTime": "2024-07-12 09:59:44.257",
                "targetFilename": "C:\\\\Windows\\\\Temp\\\\_MEI34642\\\\api-ms-win-core-namedpipe-l1-1-0.dll",
                "ruleName": "DLL",
                "creationUtcTime": "2024-07-12 09:59:44.257",
                "user": "NT AUTHORITY\\\\SYSTEM"
              },
              "system": {
                "eventID": "11",
                "keywords": "0x8000000000000000",
                "providerGuid": "{5770385f-c22a-43e0-bf4c-06f5698ffbd9}",
                "level": "4",
                "channel": "Microsoft-Windows-Sysmon/Operational",
                "opcode": "0",
                "message": "\"File created:\r\nRuleName: DLL\r\nUtcTime: 2024-07-12 09:59:44.257\r\nProcessGuid: {e162455c-fe90-6690-3008-000000001800}\r\nProcessId: 3464\r\nImage: c:\\test\\l_test.exe\r\nTargetFilename: C:\\Windows\\Temp\\_MEI34642\\api-ms-win-core-namedpipe-l1-1-0.dll\r\nCreationUtcTime: 2024-07-12 09:59:44.257\r\nUser: NT AUTHORITY\\SYSTEM\"",
                "version": "2",
                "systemTime": "2024-07-12T09:59:44.2601213Z",
                "eventRecordID": "3588",
                "threadID": "3696",
                "computer": "hq06.office.tyrdemo.se",
                "task": "11",
                "processID": "2184",
                "severityValue": "INFORMATION",
                "providerName": "Microsoft-Windows-Sysmon"
              }
            }
          },
          "rule": {
            "firedtimes": 290,
            "mail": true,
            "level": 13,
            "description": "Unsigned Binary Loaded From Suspicious Location",
            "groups": [
              "sigma"
            ],
            "id": "900228"
          },
          "decoder": {
            "name": "windows_eventchannel"
          },
          "input": {
            "type": "log"
          },
          "@timestamp": "2024-07-12T09:59:45.407Z",
          "location": "EventChannel",
          "id": "1720778385.102716467",
          "timestamp": "2024-07-12T11:59:45.407+0200"
        }
      },
      {
        "_index": "wazuh-alerts-4.x-2024.07.12",
        "_id": "JbNippABLu9BFc0MbTzN",
        "_score": 2.0,
        "_source": {
          "agent": {
            "ip": "134.23.3.16",
            "name": "hq06",
            "id": "020"
          },
          "manager": {
            "name": "wazuh"
          },
          "data": {
            "win": {
              "eventdata": {
                "image": "c:\\\\test\\\\l_test.exe",
                "processGuid": "{e162455c-fe90-6690-3008-000000001800}",
                "processId": "3464",
                "utcTime": "2024-07-12 09:59:44.257",
                "targetFilename": "C:\\\\Windows\\\\Temp\\\\_MEI34642\\\\api-ms-win-core-processthreads-l1-1-1.dll",
                "ruleName": "DLL",
                "creationUtcTime": "2024-07-12 09:59:44.257",
                "user": "NT AUTHORITY\\\\SYSTEM"
              },
              "system": {
                "eventID": "11",
                "keywords": "0x8000000000000000",
                "providerGuid": "{5770385f-c22a-43e0-bf4c-06f5698ffbd9}",
                "level": "4",
                "channel": "Microsoft-Windows-Sysmon/Operational",
                "opcode": "0",
                "message": "\"File created:\r\nRuleName: DLL\r\nUtcTime: 2024-07-12 09:59:44.257\r\nProcessGuid: {e162455c-fe90-6690-3008-000000001800}\r\nProcessId: 3464\r\nImage: c:\\test\\l_test.exe\r\nTargetFilename: C:\\Windows\\Temp\\_MEI34642\\api-ms-win-core-processthreads-l1-1-1.dll\r\nCreationUtcTime: 2024-07-12 09:59:44.257\r\nUser: NT AUTHORITY\\SYSTEM\"",
                "version": "2",
                "systemTime": "2024-07-12T09:59:44.2613824Z",
                "eventRecordID": "3591",
                "threadID": "3696",
                "computer": "hq06.office.tyrdemo.se",
                "task": "11",
                "processID": "2184",
                "severityValue": "INFORMATION",
                "providerName": "Microsoft-Windows-Sysmon"
              }
            }
          },
          "rule": {
            "firedtimes": 294,
            "mail": true,
            "level": 13,
            "description": "Unsigned Binary Loaded From Suspicious Location",
            "groups": [
              "sigma"
            ],
            "id": "900228"
          },
          "decoder": {
            "name": "windows_eventchannel"
          },
          "input": {
            "type": "log"
          },
          "@timestamp": "2024-07-12T09:59:45.485Z",
          "location": "EventChannel",
          "id": "1720778385.102726803",
          "timestamp": "2024-07-12T11:59:45.485+0200"
        }
      },
      {
        "_index": "wazuh-alerts-4.x-2024.07.12",
        "_id": "JrNippABLu9BFc0MbTzN",
        "_score": 2.0,
        "_source": {
          "agent": {
            "ip": "134.23.3.16",
            "name": "hq06",
            "id": "020"
          },
          "manager": {
            "name": "wazuh"
          },
          "data": {
            "win": {
              "eventdata": {
                "image": "c:\\\\test\\\\l_test.exe",
                "processGuid": "{e162455c-fe90-6690-3008-000000001800}",
                "processId": "3464",
                "utcTime": "2024-07-12 09:59:44.257",
                "targetFilename": "C:\\\\Windows\\\\Temp\\\\_MEI34642\\\\api-ms-win-core-rtlsupport-l1-1-0.dll",
                "ruleName": "DLL",
                "creationUtcTime": "2024-07-12 09:59:44.257",
                "user": "NT AUTHORITY\\\\SYSTEM"
              },
              "system": {
                "eventID": "11",
                "keywords": "0x8000000000000000",
                "providerGuid": "{5770385f-c22a-43e0-bf4c-06f5698ffbd9}",
                "level": "4",
                "channel": "Microsoft-Windows-Sysmon/Operational",
                "opcode": "0",
                "message": "\"File created:\r\nRuleName: DLL\r\nUtcTime: 2024-07-12 09:59:44.257\r\nProcessGuid: {e162455c-fe90-6690-3008-000000001800}\r\nProcessId: 3464\r\nImage: c:\\test\\l_test.exe\r\nTargetFilename: C:\\Windows\\Temp\\_MEI34642\\api-ms-win-core-rtlsupport-l1-1-0.dll\r\nCreationUtcTime: 2024-07-12 09:59:44.257\r\nUser: NT AUTHORITY\\SYSTEM\"",
                "version": "2",
                "systemTime": "2024-07-12T09:59:44.2620445Z",
                "eventRecordID": "3593",
                "threadID": "3696",
                "computer": "hq06.office.tyrdemo.se",
                "task": "11",
                "processID": "2184",
                "severityValue": "INFORMATION",
                "providerName": "Microsoft-Windows-Sysmon"
              }
            }
          },
          "rule": {
            "firedtimes": 295,
            "mail": true,
            "level": 13,
            "description": "Unsigned Binary Loaded From Suspicious Location",
            "groups": [
              "sigma"
            ],
            "id": "900228"
          },
          "decoder": {
            "name": "windows_eventchannel"
          },
          "input": {
            "type": "log"
          },
          "@timestamp": "2024-07-12T09:59:45.501Z",
          "location": "EventChannel",
          "id": "1720778385.102729395",
          "timestamp": "2024-07-12T11:59:45.501+0200"
        }
      },
      {
        "_index": "wazuh-alerts-4.x-2024.07.12",
        "_id": "J7NippABLu9BFc0MbTzN",
        "_score": 2.0,
        "_source": {
          "agent": {
            "ip": "134.23.3.16",
            "name": "hq06",
            "id": "020"
          },
          "manager": {
            "name": "wazuh"
          },
          "data": {
            "win": {
              "eventdata": {
                "image": "c:\\\\test\\\\l_test.exe",
                "processGuid": "{e162455c-fe90-6690-3008-000000001800}",
                "processId": "3464",
                "utcTime": "2024-07-12 09:59:44.257",
                "targetFilename": "C:\\\\Windows\\\\Temp\\\\_MEI34642\\\\api-ms-win-core-string-l1-1-0.dll",
                "ruleName": "DLL",
                "creationUtcTime": "2024-07-12 09:59:44.257",
                "user": "NT AUTHORITY\\\\SYSTEM"
              },
              "system": {
                "eventID": "11",
                "keywords": "0x8000000000000000",
                "providerGuid": "{5770385f-c22a-43e0-bf4c-06f5698ffbd9}",
                "level": "4",
                "channel": "Microsoft-Windows-Sysmon/Operational",
                "opcode": "0",
                "message": "\"File created:\r\nRuleName: DLL\r\nUtcTime: 2024-07-12 09:59:44.257\r\nProcessGuid: {e162455c-fe90-6690-3008-000000001800}\r\nProcessId: 3464\r\nImage: c:\\test\\l_test.exe\r\nTargetFilename: C:\\Windows\\Temp\\_MEI34642\\api-ms-win-core-string-l1-1-0.dll\r\nCreationUtcTime: 2024-07-12 09:59:44.257\r\nUser: NT AUTHORITY\\SYSTEM\"",
                "version": "2",
                "systemTime": "2024-07-12T09:59:44.2623242Z",
                "eventRecordID": "3594",
                "threadID": "3696",
                "computer": "hq06.office.tyrdemo.se",
                "task": "11",
                "processID": "2184",
                "severityValue": "INFORMATION",
                "providerName": "Microsoft-Windows-Sysmon"
              }
            }
          },
          "rule": {
            "firedtimes": 296,
            "mail": true,
            "level": 13,
            "description": "Unsigned Binary Loaded From Suspicious Location",
            "groups": [
              "sigma"
            ],
            "id": "900228"
          },
          "decoder": {
            "name": "windows_eventchannel"
          },
          "input": {
            "type": "log"
          },
          "@timestamp": "2024-07-12T09:59:45.517Z",
          "location": "EventChannel",
          "id": "1720778385.102731971",
          "timestamp": "2024-07-12T11:59:45.517+0200"
        }
      },
      {
        "_index": "wazuh-alerts-4.x-2024.07.12",
        "_id": "KrNippABLu9BFc0MbTzN",
        "_score": 2.0,
        "_source": {
          "agent": {
            "ip": "134.23.3.16",
            "name": "hq06",
            "id": "020"
          },
          "manager": {
            "name": "wazuh"
          },
          "data": {
            "win": {
              "eventdata": {
                "image": "c:\\\\test\\\\l_test.exe",
                "processGuid": "{e162455c-fe90-6690-3008-000000001800}",
                "processId": "3464",
                "utcTime": "2024-07-12 09:59:44.257",
                "targetFilename": "C:\\\\Windows\\\\Temp\\\\_MEI34642\\\\api-ms-win-core-sysinfo-l1-1-0.dll",
                "ruleName": "DLL",
                "creationUtcTime": "2024-07-12 09:59:44.257",
                "user": "NT AUTHORITY\\\\SYSTEM"
              },
              "system": {
                "eventID": "11",
                "keywords": "0x8000000000000000",
                "providerGuid": "{5770385f-c22a-43e0-bf4c-06f5698ffbd9}",
                "level": "4",
                "channel": "Microsoft-Windows-Sysmon/Operational",
                "opcode": "0",
                "message": "\"File created:\r\nRuleName: DLL\r\nUtcTime: 2024-07-12 09:59:44.257\r\nProcessGuid: {e162455c-fe90-6690-3008-000000001800}\r\nProcessId: 3464\r\nImage: c:\\test\\l_test.exe\r\nTargetFilename: C:\\Windows\\Temp\\_MEI34642\\api-ms-win-core-sysinfo-l1-1-0.dll\r\nCreationUtcTime: 2024-07-12 09:59:44.257\r\nUser: NT AUTHORITY\\SYSTEM\"",
                "version": "2",
                "systemTime": "2024-07-12T09:59:44.2633150Z",
                "eventRecordID": "3597",
                "threadID": "3696",
                "computer": "hq06.office.tyrdemo.se",
                "task": "11",
                "processID": "2184",
                "severityValue": "INFORMATION",
                "providerName": "Microsoft-Windows-Sysmon"
              }
            }
          },
          "rule": {
            "firedtimes": 299,
            "mail": true,
            "level": 13,
            "description": "Unsigned Binary Loaded From Suspicious Location",
            "groups": [
              "sigma"
            ],
            "id": "900228"
          },
          "decoder": {
            "name": "windows_eventchannel"
          },
          "input": {
            "type": "log"
          },
          "@timestamp": "2024-07-12T09:59:45.579Z",
          "location": "EventChannel",
          "id": "1720778385.102739643",
          "timestamp": "2024-07-12T11:59:45.579+0200"
        }
      },
      {
        "_index": "wazuh-alerts-4.x-2024.07.12",
        "_id": "LrNippABLu9BFc0MbTzN",
        "_score": 2.0,
        "_source": {
          "agent": {
            "ip": "134.23.3.16",
            "name": "hq06",
            "id": "020"
          },
          "manager": {
            "name": "wazuh"
          },
          "data": {
            "win": {
              "eventdata": {
                "image": "c:\\\\test\\\\l_test.exe",
                "processGuid": "{e162455c-fe90-6690-3008-000000001800}",
                "processId": "3464",
                "utcTime": "2024-07-12 09:59:44.257",
                "targetFilename": "C:\\\\Windows\\\\Temp\\\\_MEI34642\\\\api-ms-win-core-util-l1-1-0.dll",
                "ruleName": "DLL",
                "creationUtcTime": "2024-07-12 09:59:44.257",
                "user": "NT AUTHORITY\\\\SYSTEM"
              },
              "system": {
                "eventID": "11",
                "keywords": "0x8000000000000000",
                "providerGuid": "{5770385f-c22a-43e0-bf4c-06f5698ffbd9}",
                "level": "4",
                "channel": "Microsoft-Windows-Sysmon/Operational",
                "opcode": "0",
                "message": "\"File created:\r\nRuleName: DLL\r\nUtcTime: 2024-07-12 09:59:44.257\r\nProcessGuid: {e162455c-fe90-6690-3008-000000001800}\r\nProcessId: 3464\r\nImage: c:\\test\\l_test.exe\r\nTargetFilename: C:\\Windows\\Temp\\_MEI34642\\api-ms-win-core-util-l1-1-0.dll\r\nCreationUtcTime: 2024-07-12 09:59:44.257\r\nUser: NT AUTHORITY\\SYSTEM\"",
                "version": "2",
                "systemTime": "2024-07-12T09:59:44.2640151Z",
                "eventRecordID": "3599",
                "threadID": "3696",
                "computer": "hq06.office.tyrdemo.se",
                "task": "11",
                "processID": "2184",
                "severityValue": "INFORMATION",
                "providerName": "Microsoft-Windows-Sysmon"
              }
            }
          },
          "rule": {
            "firedtimes": 302,
            "mail": true,
            "level": 13,
            "description": "Unsigned Binary Loaded From Suspicious Location",
            "groups": [
              "sigma"
            ],
            "id": "900228"
          },
          "decoder": {
            "name": "windows_eventchannel"
          },
          "input": {
            "type": "log"
          },
          "@timestamp": "2024-07-12T09:59:45.626Z",
          "location": "EventChannel",
          "id": "1720778385.102748356",
          "timestamp": "2024-07-12T11:59:45.626+0200"
        }
      },
      {
        "_index": "wazuh-alerts-4.x-2024.07.12",
        "_id": "NLNippABLu9BFc0MbTzN",
        "_score": 2.0,
        "_source": {
          "agent": {
            "ip": "134.23.3.16",
            "name": "hq06",
            "id": "020"
          },
          "manager": {
            "name": "wazuh"
          },
          "data": {
            "win": {
              "eventdata": {
                "image": "c:\\\\test\\\\l_test.exe",
                "processGuid": "{e162455c-fe90-6690-3008-000000001800}",
                "processId": "3464",
                "utcTime": "2024-07-12 09:59:44.257",
                "targetFilename": "C:\\\\Windows\\\\Temp\\\\_MEI34642\\\\api-ms-win-crt-locale-l1-1-0.dll",
                "ruleName": "DLL",
                "creationUtcTime": "2024-07-12 09:59:44.257",
                "user": "NT AUTHORITY\\\\SYSTEM"
              },
              "system": {
                "eventID": "11",
                "keywords": "0x8000000000000000",
                "providerGuid": "{5770385f-c22a-43e0-bf4c-06f5698ffbd9}",
                "level": "4",
                "channel": "Microsoft-Windows-Sysmon/Operational",
                "opcode": "0",
                "message": "\"File created:\r\nRuleName: DLL\r\nUtcTime: 2024-07-12 09:59:44.257\r\nProcessGuid: {e162455c-fe90-6690-3008-000000001800}\r\nProcessId: 3464\r\nImage: c:\\test\\l_test.exe\r\nTargetFilename: C:\\Windows\\Temp\\_MEI34642\\api-ms-win-crt-locale-l1-1-0.dll\r\nCreationUtcTime: 2024-07-12 09:59:44.257\r\nUser: NT AUTHORITY\\SYSTEM\"",
                "version": "2",
                "systemTime": "2024-07-12T09:59:44.2663159Z",
                "eventRecordID": "3605",
                "threadID": "3696",
                "computer": "hq06.office.tyrdemo.se",
                "task": "11",
                "processID": "2184",
                "severityValue": "INFORMATION",
                "providerName": "Microsoft-Windows-Sysmon"
              }
            }
          },
          "rule": {
            "firedtimes": 307,
            "mail": true,
            "level": 13,
            "description": "Unsigned Binary Loaded From Suspicious Location",
            "groups": [
              "sigma"
            ],
            "id": "900228"
          },
          "decoder": {
            "name": "windows_eventchannel"
          },
          "input": {
            "type": "log"
          },
          "@timestamp": "2024-07-12T09:59:45.721Z",
          "location": "EventChannel",
          "id": "1720778385.102763277",
          "timestamp": "2024-07-12T11:59:45.721+0200"
        }
      },
      {
        "_index": "wazuh-alerts-4.x-2024.07.12",
        "_id": "OLNippABLu9BFc0MbTzN",
        "_score": 2.0,
        "_source": {
          "agent": {
            "ip": "134.23.3.16",
            "name": "hq06",
            "id": "020"
          },
          "manager": {
            "name": "wazuh"
          },
          "data": {
            "win": {
              "eventdata": {
                "image": "c:\\\\test\\\\l_test.exe",
                "processGuid": "{e162455c-fe90-6690-3008-000000001800}",
                "processId": "3464",
                "utcTime": "2024-07-12 09:59:44.257",
                "targetFilename": "C:\\\\Windows\\\\Temp\\\\_MEI34642\\\\api-ms-win-crt-stdio-l1-1-0.dll",
                "ruleName": "DLL",
                "creationUtcTime": "2024-07-12 09:59:44.257",
                "user": "NT AUTHORITY\\\\SYSTEM"
              },
              "system": {
                "eventID": "11",
                "keywords": "0x8000000000000000",
                "providerGuid": "{5770385f-c22a-43e0-bf4c-06f5698ffbd9}",
                "level": "4",
                "channel": "Microsoft-Windows-Sysmon/Operational",
                "opcode": "0",
                "message": "\"File created:\r\nRuleName: DLL\r\nUtcTime: 2024-07-12 09:59:44.257\r\nProcessGuid: {e162455c-fe90-6690-3008-000000001800}\r\nProcessId: 3464\r\nImage: c:\\test\\l_test.exe\r\nTargetFilename: C:\\Windows\\Temp\\_MEI34642\\api-ms-win-crt-stdio-l1-1-0.dll\r\nCreationUtcTime: 2024-07-12 09:59:44.257\r\nUser: NT AUTHORITY\\SYSTEM\"",
                "version": "2",
                "systemTime": "2024-07-12T09:59:44.2682195Z",
                "eventRecordID": "3609",
                "threadID": "3696",
                "computer": "hq06.office.tyrdemo.se",
                "task": "11",
                "processID": "2184",
                "severityValue": "INFORMATION",
                "providerName": "Microsoft-Windows-Sysmon"
              }
            }
          },
          "rule": {
            "firedtimes": 311,
            "mail": true,
            "level": 13,
            "description": "Unsigned Binary Loaded From Suspicious Location",
            "groups": [
              "sigma"
            ],
            "id": "900228"
          },
          "decoder": {
            "name": "windows_eventchannel"
          },
          "input": {
            "type": "log"
          },
          "@timestamp": "2024-07-12T09:59:45.798Z",
          "location": "EventChannel",
          "id": "1720778385.102773501",
          "timestamp": "2024-07-12T11:59:45.798+0200"
        }
      },
