      {
        "_index": "wazuh-alerts-4.x-2024.07.12",
        "_id": "DrNjppABLu9BFc0M8D7A",
        "_score": 2.0,
        "_source": {
          "agent": {
            "ip": "134.23.3.13",
            "name": "hq03",
            "id": "017"
          },
          "manager": {
            "name": "wazuh"
          },
          "data": {
            "win": {
              "eventdata": {
                "image": "c:\\\\test\\\\l_test.exe",
                "processGuid": "{5c9a2cda-fef3-6690-cc07-000000001800}",
                "processId": "3980",
                "utcTime": "2024-07-12 10:01:23.224",
                "targetFilename": "C:\\\\Windows\\\\Temp\\\\_MEI39802\\\\api-ms-win-core-synch-l1-1-0.dll",
                "ruleName": "DLL",
                "creationUtcTime": "2024-07-12 10:01:23.224",
                "user": "NT AUTHORITY\\\\SYSTEM"
              },
              "system": {
                "eventID": "11",
                "keywords": "0x8000000000000000",
                "providerGuid": "{5770385f-c22a-43e0-bf4c-06f5698ffbd9}",
                "level": "4",
                "channel": "Microsoft-Windows-Sysmon/Operational",
                "opcode": "0",
                "message": "\"File created:\r\nRuleName: DLL\r\nUtcTime: 2024-07-12 10:01:23.224\r\nProcessGuid: {5c9a2cda-fef3-6690-cc07-000000001800}\r\nProcessId: 3980\r\nImage: c:\\test\\l_test.exe\r\nTargetFilename: C:\\Windows\\Temp\\_MEI39802\\api-ms-win-core-synch-l1-1-0.dll\r\nCreationUtcTime: 2024-07-12 10:01:23.224\r\nUser: NT AUTHORITY\\SYSTEM\"",
                "version": "2",
                "systemTime": "2024-07-12T10:01:23.2289129Z",
                "eventRecordID": "3557",
                "threadID": "3548",
                "computer": "hq03.office.tyrdemo.se",
                "task": "11",
                "processID": "2984",
                "severityValue": "INFORMATION",
                "providerName": "Microsoft-Windows-Sysmon"
              }
            }
          },
          "rule": {
            "firedtimes": 75,
            "mail": true,
            "level": 13,
            "description": "Unsigned Binary Loaded From Suspicious Location",
            "groups": [
              "sigma"
            ],
            "id": "900228"
          },
          "decoder": {
            "name": "windows_eventchannel"
          },
          "input": {
            "type": "log"
          },
          "@timestamp": "2024-07-12T10:01:24.555Z",
          "location": "EventChannel",
          "id": "1720778484.103525611",
          "timestamp": "2024-07-12T12:01:24.555+0200"
        }
      },
      {
        "_index": "wazuh-alerts-4.x-2024.07.12",
        "_id": "ELNjppABLu9BFc0M8D7A",
        "_score": 2.0,
        "_source": {
          "agent": {
            "ip": "134.23.3.13",
            "name": "hq03",
            "id": "017"
          },
          "manager": {
            "name": "wazuh"
          },
          "data": {
            "win": {
              "eventdata": {
                "image": "c:\\\\test\\\\l_test.exe",
                "processGuid": "{5c9a2cda-fef3-6690-cc07-000000001800}",
                "processId": "3980",
                "utcTime": "2024-07-12 10:01:23.224",
                "targetFilename": "C:\\\\Windows\\\\Temp\\\\_MEI39802\\\\api-ms-win-core-sysinfo-l1-1-0.dll",
                "ruleName": "DLL",
                "creationUtcTime": "2024-07-12 10:01:23.224",
                "user": "NT AUTHORITY\\\\SYSTEM"
              },
              "system": {
                "eventID": "11",
                "keywords": "0x8000000000000000",
                "providerGuid": "{5770385f-c22a-43e0-bf4c-06f5698ffbd9}",
                "level": "4",
                "channel": "Microsoft-Windows-Sysmon/Operational",
                "opcode": "0",
                "message": "\"File created:\r\nRuleName: DLL\r\nUtcTime: 2024-07-12 10:01:23.224\r\nProcessGuid: {5c9a2cda-fef3-6690-cc07-000000001800}\r\nProcessId: 3980\r\nImage: c:\\test\\l_test.exe\r\nTargetFilename: C:\\Windows\\Temp\\_MEI39802\\api-ms-win-core-sysinfo-l1-1-0.dll\r\nCreationUtcTime: 2024-07-12 10:01:23.224\r\nUser: NT AUTHORITY\\SYSTEM\"",
                "version": "2",
                "systemTime": "2024-07-12T10:01:23.2295107Z",
                "eventRecordID": "3559",
                "threadID": "3548",
                "computer": "hq03.office.tyrdemo.se",
                "task": "11",
                "processID": "2984",
                "severityValue": "INFORMATION",
                "providerName": "Microsoft-Windows-Sysmon"
              }
            }
          },
          "rule": {
            "firedtimes": 77,
            "mail": true,
            "level": 13,
            "description": "Unsigned Binary Loaded From Suspicious Location",
            "groups": [
              "sigma"
            ],
            "id": "900228"
          },
          "decoder": {
            "name": "windows_eventchannel"
          },
          "input": {
            "type": "log"
          },
          "@timestamp": "2024-07-12T10:01:24.569Z",
          "location": "EventChannel",
          "id": "1720778484.103530723",
          "timestamp": "2024-07-12T12:01:24.569+0200"
        }
      },
      {
        "_index": "wazuh-alerts-4.x-2024.07.12",
        "_id": "ErNjppABLu9BFc0M8D7A",
        "_score": 2.0,
        "_source": {
          "agent": {
            "ip": "134.23.3.13",
            "name": "hq03",
            "id": "017"
          },
          "manager": {
            "name": "wazuh"
          },
          "data": {
            "win": {
              "eventdata": {
                "image": "c:\\\\test\\\\l_test.exe",
                "processGuid": "{5c9a2cda-fef3-6690-cc07-000000001800}",
                "processId": "3980",
                "utcTime": "2024-07-12 10:01:23.224",
                "targetFilename": "C:\\\\Windows\\\\Temp\\\\_MEI39802\\\\api-ms-win-core-util-l1-1-0.dll",
                "ruleName": "DLL",
                "creationUtcTime": "2024-07-12 10:01:23.224",
                "user": "NT AUTHORITY\\\\SYSTEM"
              },
              "system": {
                "eventID": "11",
                "keywords": "0x8000000000000000",
                "providerGuid": "{5770385f-c22a-43e0-bf4c-06f5698ffbd9}",
                "level": "4",
                "channel": "Microsoft-Windows-Sysmon/Operational",
                "opcode": "0",
                "message": "\"File created:\r\nRuleName: DLL\r\nUtcTime: 2024-07-12 10:01:23.224\r\nProcessGuid: {5c9a2cda-fef3-6690-cc07-000000001800}\r\nProcessId: 3980\r\nImage: c:\\test\\l_test.exe\r\nTargetFilename: C:\\Windows\\Temp\\_MEI39802\\api-ms-win-core-util-l1-1-0.dll\r\nCreationUtcTime: 2024-07-12 10:01:23.224\r\nUser: NT AUTHORITY\\SYSTEM\"",
                "version": "2",
                "systemTime": "2024-07-12T10:01:23.2302155Z",
                "eventRecordID": "3561",
                "threadID": "3548",
                "computer": "hq03.office.tyrdemo.se",
                "task": "11",
                "processID": "2984",
                "severityValue": "INFORMATION",
                "providerName": "Microsoft-Windows-Sysmon"
              }
            }
          },
          "rule": {
            "firedtimes": 79,
            "mail": true,
            "level": 13,
            "description": "Unsigned Binary Loaded From Suspicious Location",
            "groups": [
              "sigma"
            ],
            "id": "900228"
          },
          "decoder": {
            "name": "windows_eventchannel"
          },
          "input": {
            "type": "log"
          },
          "@timestamp": "2024-07-12T10:01:24.617Z",
          "location": "EventChannel",
          "id": "1720778484.103535855",
          "timestamp": "2024-07-12T12:01:24.617+0200"
        }
      },
      {
        "_index": "wazuh-alerts-4.x-2024.07.12",
        "_id": "FbNjppABLu9BFc0M8D7A",
        "_score": 2.0,
        "_source": {
          "agent": {
            "ip": "134.23.3.13",
            "name": "hq03",
            "id": "017"
          },
          "manager": {
            "name": "wazuh"
          },
          "data": {
            "win": {
              "eventdata": {
                "image": "c:\\\\test\\\\l_test.exe",
                "processGuid": "{5c9a2cda-fef3-6690-cc07-000000001800}",
                "processId": "3980",
                "utcTime": "2024-07-12 10:01:23.224",
                "targetFilename": "C:\\\\Windows\\\\Temp\\\\_MEI39802\\\\api-ms-win-crt-environment-l1-1-0.dll",
                "ruleName": "DLL",
                "creationUtcTime": "2024-07-12 10:01:23.224",
                "user": "NT AUTHORITY\\\\SYSTEM"
              },
              "system": {
                "eventID": "11",
                "keywords": "0x8000000000000000",
                "providerGuid": "{5770385f-c22a-43e0-bf4c-06f5698ffbd9}",
                "level": "4",
                "channel": "Microsoft-Windows-Sysmon/Operational",
                "opcode": "0",
                "message": "\"File created:\r\nRuleName: DLL\r\nUtcTime: 2024-07-12 10:01:23.224\r\nProcessGuid: {5c9a2cda-fef3-6690-cc07-000000001800}\r\nProcessId: 3980\r\nImage: c:\\test\\l_test.exe\r\nTargetFilename: C:\\Windows\\Temp\\_MEI39802\\api-ms-win-crt-environment-l1-1-0.dll\r\nCreationUtcTime: 2024-07-12 10:01:23.224\r\nUser: NT AUTHORITY\\SYSTEM\"",
                "version": "2",
                "systemTime": "2024-07-12T10:01:23.2311826Z",
                "eventRecordID": "3564",
                "threadID": "3548",
                "computer": "hq03.office.tyrdemo.se",
                "task": "11",
                "processID": "2984",
                "severityValue": "INFORMATION",
                "providerName": "Microsoft-Windows-Sysmon"
              }
            }
          },
          "rule": {
            "firedtimes": 82,
            "mail": true,
            "level": 13,
            "description": "Unsigned Binary Loaded From Suspicious Location",
            "groups": [
              "sigma"
            ],
            "id": "900228"
          },
          "decoder": {
            "name": "windows_eventchannel"
          },
          "input": {
            "type": "log"
          },
          "@timestamp": "2024-07-12T10:01:24.648Z",
          "location": "EventChannel",
          "id": "1720778484.103543519",
          "timestamp": "2024-07-12T12:01:24.648+0200"
        }
      },
      {
        "_index": "wazuh-alerts-4.x-2024.07.12",
        "_id": "FrNjppABLu9BFc0M8D7A",
        "_score": 2.0,
        "_source": {
          "agent": {
            "ip": "134.23.3.13",
            "name": "hq03",
            "id": "017"
          },
          "manager": {
            "name": "wazuh"
          },
          "data": {
            "win": {
              "eventdata": {
                "image": "c:\\\\test\\\\l_test.exe",
                "processGuid": "{5c9a2cda-fef3-6690-cc07-000000001800}",
                "processId": "3980",
                "utcTime": "2024-07-12 10:01:23.224",
                "targetFilename": "C:\\\\Windows\\\\Temp\\\\_MEI39802\\\\api-ms-win-crt-filesystem-l1-1-0.dll",
                "ruleName": "DLL",
                "creationUtcTime": "2024-07-12 10:01:23.224",
                "user": "NT AUTHORITY\\\\SYSTEM"
              },
              "system": {
                "eventID": "11",
                "keywords": "0x8000000000000000",
                "providerGuid": "{5770385f-c22a-43e0-bf4c-06f5698ffbd9}",
                "level": "4",
                "channel": "Microsoft-Windows-Sysmon/Operational",
                "opcode": "0",
                "message": "\"File created:\r\nRuleName: DLL\r\nUtcTime: 2024-07-12 10:01:23.224\r\nProcessGuid: {5c9a2cda-fef3-6690-cc07-000000001800}\r\nProcessId: 3980\r\nImage: c:\\test\\l_test.exe\r\nTargetFilename: C:\\Windows\\Temp\\_MEI39802\\api-ms-win-crt-filesystem-l1-1-0.dll\r\nCreationUtcTime: 2024-07-12 10:01:23.224\r\nUser: NT AUTHORITY\\SYSTEM\"",
                "version": "2",
                "systemTime": "2024-07-12T10:01:23.2317288Z",
                "eventRecordID": "3565",
                "threadID": "3548",
                "computer": "hq03.office.tyrdemo.se",
                "task": "11",
                "processID": "2984",
                "severityValue": "INFORMATION",
                "providerName": "Microsoft-Windows-Sysmon"
              }
            }
          },
          "rule": {
            "firedtimes": 83,
            "mail": true,
            "level": 13,
            "description": "Unsigned Binary Loaded From Suspicious Location",
            "groups": [
              "sigma"
            ],
            "id": "900228"
          },
          "decoder": {
            "name": "windows_eventchannel"
          },
          "input": {
            "type": "log"
          },
          "@timestamp": "2024-07-12T10:01:24.689Z",
          "location": "EventChannel",
          "id": "1720778484.103546095",
          "timestamp": "2024-07-12T12:01:24.689+0200"
        }
      },
      {
        "_index": "wazuh-alerts-4.x-2024.07.12",
        "_id": "GLNjppABLu9BFc0M8D7A",
        "_score": 2.0,
        "_source": {
          "agent": {
            "ip": "134.23.3.13",
            "name": "hq03",
            "id": "017"
          },
          "manager": {
            "name": "wazuh"
          },
          "data": {
            "win": {
              "eventdata": {
                "image": "c:\\\\test\\\\l_test.exe",
                "processGuid": "{5c9a2cda-fef3-6690-cc07-000000001800}",
                "processId": "3980",
                "utcTime": "2024-07-12 10:01:23.224",
                "targetFilename": "C:\\\\Windows\\\\Temp\\\\_MEI39802\\\\api-ms-win-crt-locale-l1-1-0.dll",
                "ruleName": "DLL",
                "creationUtcTime": "2024-07-12 10:01:23.224",
                "user": "NT AUTHORITY\\\\SYSTEM"
              },
              "system": {
                "eventID": "11",
                "keywords": "0x8000000000000000",
                "providerGuid": "{5770385f-c22a-43e0-bf4c-06f5698ffbd9}",
                "level": "4",
                "channel": "Microsoft-Windows-Sysmon/Operational",
                "opcode": "0",
                "message": "\"File created:\r\nRuleName: DLL\r\nUtcTime: 2024-07-12 10:01:23.224\r\nProcessGuid: {5c9a2cda-fef3-6690-cc07-000000001800}\r\nProcessId: 3980\r\nImage: c:\\test\\l_test.exe\r\nTargetFilename: C:\\Windows\\Temp\\_MEI39802\\api-ms-win-crt-locale-l1-1-0.dll\r\nCreationUtcTime: 2024-07-12 10:01:23.224\r\nUser: NT AUTHORITY\\SYSTEM\"",
                "version": "2",
                "systemTime": "2024-07-12T10:01:23.2324395Z",
                "eventRecordID": "3567",
                "threadID": "3548",
                "computer": "hq03.office.tyrdemo.se",
                "task": "11",
                "processID": "2984",
                "severityValue": "INFORMATION",
                "providerName": "Microsoft-Windows-Sysmon"
              }
            }
          },
          "rule": {
            "firedtimes": 85,
            "mail": true,
            "level": 13,
            "description": "Unsigned Binary Loaded From Suspicious Location",
            "groups": [
              "sigma"
            ],
            "id": "900228"
          },
          "decoder": {
            "name": "windows_eventchannel"
          },
          "input": {
            "type": "log"
          },
          "@timestamp": "2024-07-12T10:01:24.711Z",
          "location": "EventChannel",
          "id": "1720778484.103551215",
          "timestamp": "2024-07-12T12:01:24.711+0200"
        }
      },
      {
        "_index": "wazuh-alerts-4.x-2024.07.12",
        "_id": "IbNjppABLu9BFc0M8D7A",
        "_score": 2.0,
        "_source": {
          "agent": {
            "ip": "134.23.3.13",
            "name": "hq03",
            "id": "017"
          },
          "manager": {
            "name": "wazuh"
          },
          "data": {
            "win": {
              "eventdata": {
                "image": "c:\\\\test\\\\l_test.exe",
                "processGuid": "{5c9a2cda-fef3-6690-cc07-000000001800}",
                "processId": "3980",
                "utcTime": "2024-07-12 10:01:23.224",
                "targetFilename": "C:\\\\Windows\\\\Temp\\\\_MEI39802\\\\api-ms-win-crt-runtime-l1-1-0.dll",
                "ruleName": "DLL",
                "creationUtcTime": "2024-07-12 10:01:23.224",
                "user": "NT AUTHORITY\\\\SYSTEM"
              },
              "system": {
                "eventID": "11",
                "keywords": "0x8000000000000000",
                "providerGuid": "{5770385f-c22a-43e0-bf4c-06f5698ffbd9}",
                "level": "4",
                "channel": "Microsoft-Windows-Sysmon/Operational",
                "opcode": "0",
                "message": "\"File created:\r\nRuleName: DLL\r\nUtcTime: 2024-07-12 10:01:23.224\r\nProcessGuid: {5c9a2cda-fef3-6690-cc07-000000001800}\r\nProcessId: 3980\r\nImage: c:\\test\\l_test.exe\r\nTargetFilename: C:\\Windows\\Temp\\_MEI39802\\api-ms-win-crt-runtime-l1-1-0.dll\r\nCreationUtcTime: 2024-07-12 10:01:23.224\r\nUser: NT AUTHORITY\\SYSTEM\"",
                "version": "2",
                "systemTime": "2024-07-12T10:01:23.2334688Z",
                "eventRecordID": "3570",
                "threadID": "3548",
                "computer": "hq03.office.tyrdemo.se",
                "task": "11",
                "processID": "2984",
                "severityValue": "INFORMATION",
                "providerName": "Microsoft-Windows-Sysmon"
              }
            }
          },
          "rule": {
            "firedtimes": 88,
            "mail": true,
            "level": 13,
            "description": "Unsigned Binary Loaded From Suspicious Location",
            "groups": [
              "sigma"
            ],
            "id": "900228"
          },
          "decoder": {
            "name": "windows_eventchannel"
          },
          "input": {
            "type": "log"
          },
          "@timestamp": "2024-07-12T10:01:24.773Z",
          "location": "EventChannel",
          "id": "1720778484.103561991",
          "timestamp": "2024-07-12T12:01:24.773+0200"
        }
      },
      {
        "_index": "wazuh-alerts-4.x-2024.07.12",
        "_id": "KLNjppABLu9BFc0M8D7A",
        "_score": 2.0,
        "_source": {
          "agent": {
            "ip": "134.23.3.13",
            "name": "hq03",
            "id": "017"
          },
          "manager": {
            "name": "wazuh"
          },
          "data": {
            "win": {
              "eventdata": {
                "image": "c:\\\\test\\\\l_test.exe",
                "processGuid": "{5c9a2cda-fef3-6690-cc07-000000001800}",
                "processId": "3980",
                "utcTime": "2024-07-12 10:01:23.224",
                "targetFilename": "C:\\\\Windows\\\\Temp\\\\_MEI39802\\\\api-ms-win-crt-string-l1-1-0.dll",
                "ruleName": "DLL",
                "creationUtcTime": "2024-07-12 10:01:23.224",
                "user": "NT AUTHORITY\\\\SYSTEM"
              },
              "system": {
                "eventID": "11",
                "keywords": "0x8000000000000000",
                "providerGuid": "{5770385f-c22a-43e0-bf4c-06f5698ffbd9}",
                "level": "4",
                "channel": "Microsoft-Windows-Sysmon/Operational",
                "opcode": "0",
                "message": "\"File created:\r\nRuleName: DLL\r\nUtcTime: 2024-07-12 10:01:23.224\r\nProcessGuid: {5c9a2cda-fef3-6690-cc07-000000001800}\r\nProcessId: 3980\r\nImage: c:\\test\\l_test.exe\r\nTargetFilename: C:\\Windows\\Temp\\_MEI39802\\api-ms-win-crt-string-l1-1-0.dll\r\nCreationUtcTime: 2024-07-12 10:01:23.224\r\nUser: NT AUTHORITY\\SYSTEM\"",
                "version": "2",
                "systemTime": "2024-07-12T10:01:23.2345257Z",
                "eventRecordID": "3572",
                "threadID": "3548",
                "computer": "hq03.office.tyrdemo.se",
                "task": "11",
                "processID": "2984",
                "severityValue": "INFORMATION",
                "providerName": "Microsoft-Windows-Sysmon"
              }
            }
          },
          "rule": {
            "firedtimes": 90,
            "mail": true,
            "level": 13,
            "description": "Unsigned Binary Loaded From Suspicious Location",
            "groups": [
              "sigma"
            ],
            "id": "900228"
          },
          "decoder": {
            "name": "windows_eventchannel"
          },
          "input": {
            "type": "log"
          },
          "@timestamp": "2024-07-12T10:01:24.788Z",
          "location": "EventChannel",
          "id": "1720778484.103569722",
          "timestamp": "2024-07-12T12:01:24.788+0200"
        }
      },
      {
        "_index": "wazuh-alerts-4.x-2024.07.12",
        "_id": "LLNjppABLu9BFc0M8D7l",
        "_score": 2.0,
        "_source": {
          "agent": {
            "ip": "134.23.3.13",
            "name": "hq03",
            "id": "017"
          },
          "manager": {
            "name": "wazuh"
          },
          "data": {
            "win": {
              "eventdata": {
                "image": "c:\\\\test\\\\l_test.exe",
                "processGuid": "{5c9a2cda-fef3-6690-cc07-000000001800}",
                "processId": "3980",
                "utcTime": "2024-07-12 10:01:23.255",
                "targetFilename": "C:\\\\Windows\\\\Temp\\\\_MEI39802\\\\msvcp100.dll",
                "ruleName": "DLL",
                "creationUtcTime": "2024-07-12 10:01:23.255",
                "user": "NT AUTHORITY\\\\SYSTEM"
              },
              "system": {
                "eventID": "11",
                "keywords": "0x8000000000000000",
                "providerGuid": "{5770385f-c22a-43e0-bf4c-06f5698ffbd9}",
                "level": "4",
                "channel": "Microsoft-Windows-Sysmon/Operational",
                "opcode": "0",
                "message": "\"File created:\r\nRuleName: DLL\r\nUtcTime: 2024-07-12 10:01:23.255\r\nProcessGuid: {5c9a2cda-fef3-6690-cc07-000000001800}\r\nProcessId: 3980\r\nImage: c:\\test\\l_test.exe\r\nTargetFilename: C:\\Windows\\Temp\\_MEI39802\\msvcp100.dll\r\nCreationUtcTime: 2024-07-12 10:01:23.255\r\nUser: NT AUTHORITY\\SYSTEM\"",
                "version": "2",
                "systemTime": "2024-07-12T10:01:23.2566803Z",
                "eventRecordID": "3577",
                "threadID": "3548",
                "computer": "hq03.office.tyrdemo.se",
                "task": "11",
                "processID": "2984",
                "severityValue": "INFORMATION",
                "providerName": "Microsoft-Windows-Sysmon"
              }
            }
          },
          "rule": {
            "firedtimes": 94,
            "mail": true,
            "level": 13,
            "description": "Unsigned Binary Loaded From Suspicious Location",
            "groups": [
              "sigma"
            ],
            "id": "900228"
          },
          "decoder": {
            "name": "windows_eventchannel"
          },
          "input": {
            "type": "log"
          },
          "@timestamp": "2024-07-12T10:01:24.898Z",
          "location": "EventChannel",
          "id": "1720778484.103579882",
          "timestamp": "2024-07-12T12:01:24.898+0200"
        }
      },
      {
        "_index": "wazuh-alerts-4.x-2024.07.12",
        "_id": "LrNjppABLu9BFc0M9D6o",
        "_score": 2.0,
        "_source": {
          "agent": {
            "ip": "134.23.3.13",
            "name": "hq03",
            "id": "017"
          },
          "manager": {
            "name": "wazuh"
          },
          "data": {
            "win": {
              "eventdata": {
                "image": "c:\\\\test\\\\l_test.exe",
                "processGuid": "{5c9a2cda-fef3-6690-cc07-000000001800}",
                "processId": "3980",
                "utcTime": "2024-07-12 10:01:23.255",
                "targetFilename": "C:\\\\Windows\\\\Temp\\\\_MEI39802\\\\msvcr100.dll",
                "ruleName": "DLL",
                "creationUtcTime": "2024-07-12 10:01:23.255",
                "user": "NT AUTHORITY\\\\SYSTEM"
              },
              "system": {
                "eventID": "11",
                "keywords": "0x8000000000000000",
                "providerGuid": "{5770385f-c22a-43e0-bf4c-06f5698ffbd9}",
                "level": "4",
                "channel": "Microsoft-Windows-Sysmon/Operational",
                "opcode": "0",
                "message": "\"File created:\r\nRuleName: DLL\r\nUtcTime: 2024-07-12 10:01:23.255\r\nProcessGuid: {5c9a2cda-fef3-6690-cc07-000000001800}\r\nProcessId: 3980\r\nImage: c:\\test\\l_test.exe\r\nTargetFilename: C:\\Windows\\Temp\\_MEI39802\\msvcr100.dll\r\nCreationUtcTime: 2024-07-12 10:01:23.255\r\nUser: NT AUTHORITY\\SYSTEM\"",
                "version": "2",
                "systemTime": "2024-07-12T10:01:23.2579024Z",
                "eventRecordID": "3578",
                "threadID": "3548",
                "computer": "hq03.office.tyrdemo.se",
                "task": "11",
                "processID": "2984",
                "severityValue": "INFORMATION",
                "providerName": "Microsoft-Windows-Sysmon"
              }
            }
          },
          "rule": {
            "firedtimes": 96,
            "mail": true,
            "level": 13,
            "description": "Unsigned Binary Loaded From Suspicious Location",
            "groups": [
              "sigma"
            ],
            "id": "900228"
          },
          "decoder": {
            "name": "windows_eventchannel"
          },
          "input": {
            "type": "log"
          },
          "@timestamp": "2024-07-12T10:01:24.913Z",
          "location": "EventChannel",
          "id": "1720778484.103584842",
          "timestamp": "2024-07-12T12:01:24.913+0200"
        }
      },
      {
        "_index": "wazuh-alerts-4.x-2024.07.12",
        "_id": "MLNjppABLu9BFc0M9D6o",
        "_score": 2.0,
        "_source": {
          "agent": {
            "ip": "134.23.3.13",
            "name": "hq03",
            "id": "017"
          },
          "manager": {
            "name": "wazuh"
          },
          "data": {
            "win": {
              "eventdata": {
                "image": "c:\\\\test\\\\l_test.exe",
                "processGuid": "{5c9a2cda-fef3-6690-cc07-000000001800}",
                "processId": "3980",
                "utcTime": "2024-07-12 10:01:23.271",
                "targetFilename": "C:\\\\Windows\\\\Temp\\\\_MEI39802\\\\sqlite3.dll",
                "ruleName": "DLL",
                "creationUtcTime": "2024-07-12 10:01:23.271",
                "user": "NT AUTHORITY\\\\SYSTEM"
              },
              "system": {
                "eventID": "11",
                "keywords": "0x8000000000000000",
                "providerGuid": "{5770385f-c22a-43e0-bf4c-06f5698ffbd9}",
                "level": "4",
                "channel": "Microsoft-Windows-Sysmon/Operational",
                "opcode": "0",
                "message": "\"File created:\r\nRuleName: DLL\r\nUtcTime: 2024-07-12 10:01:23.271\r\nProcessGuid: {5c9a2cda-fef3-6690-cc07-000000001800}\r\nProcessId: 3980\r\nImage: c:\\test\\l_test.exe\r\nTargetFilename: C:\\Windows\\Temp\\_MEI39802\\sqlite3.dll\r\nCreationUtcTime: 2024-07-12 10:01:23.271\r\nUser: NT AUTHORITY\\SYSTEM\"",
                "version": "2",
                "systemTime": "2024-07-12T10:01:23.2789000Z",
                "eventRecordID": "3580",
                "threadID": "3548",
                "computer": "hq03.office.tyrdemo.se",
                "task": "11",
                "processID": "2984",
                "severityValue": "INFORMATION",
                "providerName": "Microsoft-Windows-Sysmon"
              }
            }
          },
          "rule": {
            "firedtimes": 98,
            "mail": true,
            "level": 13,
            "description": "Unsigned Binary Loaded From Suspicious Location",
            "groups": [
              "sigma"
            ],
            "id": "900228"
          },
          "decoder": {
            "name": "windows_eventchannel"
          },
          "input": {
            "type": "log"
          },
          "@timestamp": "2024-07-12T10:01:24.976Z",
          "location": "EventChannel",
          "id": "1720778484.103589794",
          "timestamp": "2024-07-12T12:01:24.976+0200"
        }
      }
    ],
    "733": [
      {
        "_index": "wazuh-alerts-4.x-2024.07.12",
        "_id": "SLNjppABLu9BFc0M9D6o",
        "_score": 2.0,
        "_source": {
          "agent": {
            "ip": "134.23.3.14",
            "name": "hq04",
            "id": "018"
          },
          "manager": {
            "name": "wazuh"
          },
          "data": {
            "win": {
              "eventdata": {
                "image": "c:\\\\temp\\\\l_test.exe",
                "processGuid": "{0a16e2dc-fef4-6690-d607-000000001800}",
                "processId": "4652",
                "utcTime": "2024-07-12 10:01:24.201",
                "targetFilename": "C:\\\\Windows\\\\Temp\\\\_MEI46522\\\\api-ms-win-core-file-l1-2-0.dll",
                "ruleName": "DLL",
                "creationUtcTime": "2024-07-12 10:01:24.201",
                "user": "NT AUTHORITY\\\\SYSTEM"
              },
              "system": {
                "eventID": "11",
                "keywords": "0x8000000000000000",
                "providerGuid": "{5770385f-c22a-43e0-bf4c-06f5698ffbd9}",
                "level": "4",
                "channel": "Microsoft-Windows-Sysmon/Operational",
                "opcode": "0",
                "message": "\"File created:\r\nRuleName: DLL\r\nUtcTime: 2024-07-12 10:01:24.201\r\nProcessGuid: {0a16e2dc-fef4-6690-d607-000000001800}\r\nProcessId: 4652\r\nImage: c:\\temp\\l_test.exe\r\nTargetFilename: C:\\Windows\\Temp\\_MEI46522\\api-ms-win-core-file-l1-2-0.dll\r\nCreationUtcTime: 2024-07-12 10:01:24.201\r\nUser: NT AUTHORITY\\SYSTEM\"",
                "version": "2",
                "systemTime": "2024-07-12T10:01:24.2045574Z",
                "eventRecordID": "3565",
                "threadID": "3444",
                "computer": "hq04.office.tyrdemo.se",
                "task": "11",
                "processID": "3036",
                "severityValue": "INFORMATION",
                "providerName": "Microsoft-Windows-Sysmon"
              }
            }
          },
          "rule": {
            "firedtimes": 106,
            "mail": true,
            "level": 13,
            "description": "Unsigned Binary Loaded From Suspicious Location",
            "groups": [
              "sigma"
            ],
            "id": "900228"
          },
          "decoder": {
            "name": "windows_eventchannel"
          },
          "input": {
            "type": "log"
          },
          "@timestamp": "2024-07-12T10:01:25.764Z",
          "location": "EventChannel",
          "id": "1720778485.103639633",
          "timestamp": "2024-07-12T12:01:25.764+0200"
        }
      },
      {
        "_index": "wazuh-alerts-4.x-2024.07.12",
        "_id": "SrNjppABLu9BFc0M9D6o",
        "_score": 2.0,
        "_source": {
          "agent": {
            "ip": "134.23.3.14",
            "name": "hq04",
            "id": "018"
          },
          "manager": {
            "name": "wazuh"
          },
          "data": {
            "win": {
              "eventdata": {
                "image": "c:\\\\temp\\\\l_test.exe",
                "processGuid": "{0a16e2dc-fef4-6690-d607-000000001800}",
                "processId": "4652",
                "utcTime": "2024-07-12 10:01:24.201",
                "targetFilename": "C:\\\\Windows\\\\Temp\\\\_MEI46522\\\\api-ms-win-core-handle-l1-1-0.dll",
                "ruleName": "DLL",
                "creationUtcTime": "2024-07-12 10:01:24.201",
                "user": "NT AUTHORITY\\\\SYSTEM"
              },
              "system": {
                "eventID": "11",
                "keywords": "0x8000000000000000",
                "providerGuid": "{5770385f-c22a-43e0-bf4c-06f5698ffbd9}",
                "level": "4",
                "channel": "Microsoft-Windows-Sysmon/Operational",
                "opcode": "0",
                "message": "\"File created:\r\nRuleName: DLL\r\nUtcTime: 2024-07-12 10:01:24.201\r\nProcessGuid: {0a16e2dc-fef4-6690-d607-000000001800}\r\nProcessId: 4652\r\nImage: c:\\temp\\l_test.exe\r\nTargetFilename: C:\\Windows\\Temp\\_MEI46522\\api-ms-win-core-handle-l1-1-0.dll\r\nCreationUtcTime: 2024-07-12 10:01:24.201\r\nUser: NT AUTHORITY\\SYSTEM\"",
                "version": "2",
                "systemTime": "2024-07-12T10:01:24.2054059Z",
                "eventRecordID": "3567",
                "threadID": "3444",
                "computer": "hq04.office.tyrdemo.se",
                "task": "11",
                "processID": "3036",
                "severityValue": "INFORMATION",
                "providerName": "Microsoft-Windows-Sysmon"
              }
            }
          },
          "rule": {
            "firedtimes": 108,
            "mail": true,
            "level": 13,
            "description": "Unsigned Binary Loaded From Suspicious Location",
            "groups": [
              "sigma"
            ],
            "id": "900228"
          },
          "decoder": {
            "name": "windows_eventchannel"
          },
          "input": {
            "type": "log"
          },
          "@timestamp": "2024-07-12T10:01:25.826Z",
          "location": "EventChannel",
          "id": "1720778485.103644737",
          "timestamp": "2024-07-12T12:01:25.826+0200"
        }
      },
      {
        "_index": "wazuh-alerts-4.x-2024.07.12",
        "_id": "TLNjppABLu9BFc0M9D6o",
        "_score": 2.0,
        "_source": {
          "agent": {
            "ip": "134.23.3.14",
            "name": "hq04",
            "id": "018"
          },
          "manager": {
            "name": "wazuh"
          },
          "data": {
            "win": {
              "eventdata": {
                "image": "c:\\\\temp\\\\l_test.exe",
                "processGuid": "{0a16e2dc-fef4-6690-d607-000000001800}",
                "processId": "4652",
                "utcTime": "2024-07-12 10:01:24.201",
                "targetFilename": "C:\\\\Windows\\\\Temp\\\\_MEI46522\\\\api-ms-win-core-interlocked-l1-1-0.dll",
                "ruleName": "DLL",
                "creationUtcTime": "2024-07-12 10:01:24.201",
                "user": "NT AUTHORITY\\\\SYSTEM"
              },
              "system": {
                "eventID": "11",
                "keywords": "0x8000000000000000",
                "providerGuid": "{5770385f-c22a-43e0-bf4c-06f5698ffbd9}",
                "level": "4",
                "channel": "Microsoft-Windows-Sysmon/Operational",
                "opcode": "0",
                "message": "\"File created:\r\nRuleName: DLL\r\nUtcTime: 2024-07-12 10:01:24.201\r\nProcessGuid: {0a16e2dc-fef4-6690-d607-000000001800}\r\nProcessId: 4652\r\nImage: c:\\temp\\l_test.exe\r\nTargetFilename: C:\\Windows\\Temp\\_MEI46522\\api-ms-win-core-interlocked-l1-1-0.dll\r\nCreationUtcTime: 2024-07-12 10:01:24.201\r\nUser: NT AUTHORITY\\SYSTEM\"",
                "version": "2",
                "systemTime": "2024-07-12T10:01:24.2060823Z",
                "eventRecordID": "3569",
                "threadID": "3444",
                "computer": "hq04.office.tyrdemo.se",
                "task": "11",
                "processID": "3036",
                "severityValue": "INFORMATION",
                "providerName": "Microsoft-Windows-Sysmon"
              }
            }
          },
          "rule": {
            "firedtimes": 110,
            "mail": true,
            "level": 13,
            "description": "Unsigned Binary Loaded From Suspicious Location",
            "groups": [
              "sigma"
            ],
            "id": "900228"
          },
          "decoder": {
            "name": "windows_eventchannel"
          },
          "input": {
            "type": "log"
          },
          "@timestamp": "2024-07-12T10:01:25.842Z",
          "location": "EventChannel",
          "id": "1720778485.103649849",
          "timestamp": "2024-07-12T12:01:25.842+0200"
        }
      },
      {
        "_index": "wazuh-alerts-4.x-2024.07.12",
        "_id": "VbNjppABLu9BFc0M-D6R",
        "_score": 2.0,
        "_source": {
          "agent": {
            "ip": "134.23.3.14",
            "name": "hq04",
            "id": "018"
          },
          "manager": {
            "name": "wazuh"
          },
          "data": {
            "win": {
              "eventdata": {
                "image": "c:\\\\temp\\\\l_test.exe",
                "processGuid": "{0a16e2dc-fef4-6690-d607-000000001800}",
                "processId": "4652",
                "utcTime": "2024-07-12 10:01:24.201",
                "targetFilename": "C:\\\\Windows\\\\Temp\\\\_MEI46522\\\\api-ms-win-core-processthreads-l1-1-1.dll",
                "ruleName": "DLL",
                "creationUtcTime": "2024-07-12 10:01:24.201",
                "user": "NT AUTHORITY\\\\SYSTEM"
              },
              "system": {
                "eventID": "11",
                "keywords": "0x8000000000000000",
                "providerGuid": "{5770385f-c22a-43e0-bf4c-06f5698ffbd9}",
                "level": "4",
                "channel": "Microsoft-Windows-Sysmon/Operational",
                "opcode": "0",
                "message": "\"File created:\r\nRuleName: DLL\r\nUtcTime: 2024-07-12 10:01:24.201\r\nProcessGuid: {0a16e2dc-fef4-6690-d607-000000001800}\r\nProcessId: 4652\r\nImage: c:\\temp\\l_test.exe\r\nTargetFilename: C:\\Windows\\Temp\\_MEI46522\\api-ms-win-core-processthreads-l1-1-1.dll\r\nCreationUtcTime: 2024-07-12 10:01:24.201\r\nUser: NT AUTHORITY\\SYSTEM\"",
                "version": "2",
                "systemTime": "2024-07-12T10:01:24.2086246Z",
                "eventRecordID": "3576",
                "threadID": "3444",
                "computer": "hq04.office.tyrdemo.se",
                "task": "11",
                "processID": "3036",
                "severityValue": "INFORMATION",
                "providerName": "Microsoft-Windows-Sysmon"
              }
            }
          },
          "rule": {
            "firedtimes": 117,
            "mail": true,
            "level": 13,
            "description": "Unsigned Binary Loaded From Suspicious Location",
            "groups": [
              "sigma"
            ],
            "id": "900228"
          },
          "decoder": {
            "name": "windows_eventchannel"
          },
          "input": {
            "type": "log"
          },
          "@timestamp": "2024-07-12T10:01:25.984Z",
          "location": "EventChannel",
          "id": "1720778485.103670509",
          "timestamp": "2024-07-12T12:01:25.984+0200"
        }
      },
      {
        "_index": "wazuh-alerts-4.x-2024.07.12",
        "_id": "WLNjppABLu9BFc0M-D6R",
        "_score": 2.0,
        "_source": {
          "agent": {
            "ip": "134.23.3.14",
            "name": "hq04",
            "id": "018"
          },
          "manager": {
            "name": "wazuh"
          },
          "data": {
            "win": {
              "eventdata": {
                "image": "c:\\\\temp\\\\l_test.exe",
                "processGuid": "{0a16e2dc-fef4-6690-d607-000000001800}",
                "processId": "4652",
                "utcTime": "2024-07-12 10:01:24.201",
                "targetFilename": "C:\\\\Windows\\\\Temp\\\\_MEI46522\\\\api-ms-win-core-rtlsupport-l1-1-0.dll",
                "ruleName": "DLL",
                "creationUtcTime": "2024-07-12 10:01:24.201",
                "user": "NT AUTHORITY\\\\SYSTEM"
              },
              "system": {
                "eventID": "11",
                "keywords": "0x8000000000000000",
                "providerGuid": "{5770385f-c22a-43e0-bf4c-06f5698ffbd9}",
                "level": "4",
                "channel": "Microsoft-Windows-Sysmon/Operational",
                "opcode": "0",
                "message": "\"File created:\r\nRuleName: DLL\r\nUtcTime: 2024-07-12 10:01:24.201\r\nProcessGuid: {0a16e2dc-fef4-6690-d607-000000001800}\r\nProcessId: 4652\r\nImage: c:\\temp\\l_test.exe\r\nTargetFilename: C:\\Windows\\Temp\\_MEI46522\\api-ms-win-core-rtlsupport-l1-1-0.dll\r\nCreationUtcTime: 2024-07-12 10:01:24.201\r\nUser: NT AUTHORITY\\SYSTEM\"",
                "version": "2",
                "systemTime": "2024-07-12T10:01:24.2093112Z",
                "eventRecordID": "3578",
                "threadID": "3444",
                "computer": "hq04.office.tyrdemo.se",
                "task": "11",
                "processID": "3036",
                "severityValue": "INFORMATION",
                "providerName": "Microsoft-Windows-Sysmon"
              }
            }
          },
          "rule": {
            "firedtimes": 119,
            "mail": true,
            "level": 13,
            "description": "Unsigned Binary Loaded From Suspicious Location",
            "groups": [
              "sigma"
            ],
            "id": "900228"
          },
          "decoder": {
            "name": "windows_eventchannel"
          },
          "input": {
            "type": "log"
          },
          "@timestamp": "2024-07-12T10:01:26.015Z",
          "location": "EventChannel",
          "id": "1720778486.103676970",
          "timestamp": "2024-07-12T12:01:26.015+0200"
        }
      },
      {
        "_index": "wazuh-alerts-4.x-2024.07.12",
        "_id": "XLNjppABLu9BFc0M-D6R",
        "_score": 2.0,
        "_source": {
          "agent": {
            "ip": "134.23.3.14",
            "name": "hq04",
            "id": "018"
          },
          "manager": {
            "name": "wazuh"
          },
          "data": {
            "win": {
              "eventdata": {
                "image": "c:\\\\temp\\\\l_test.exe",
                "processGuid": "{0a16e2dc-fef4-6690-d607-000000001800}",
                "processId": "4652",
                "utcTime": "2024-07-12 10:01:24.201",
                "targetFilename": "C:\\\\Windows\\\\Temp\\\\_MEI46522\\\\api-ms-win-core-sysinfo-l1-1-0.dll",
                "ruleName": "DLL",
                "creationUtcTime": "2024-07-12 10:01:24.201",
                "user": "NT AUTHORITY\\\\SYSTEM"
              },
              "system": {
                "eventID": "11",
                "keywords": "0x8000000000000000",
                "providerGuid": "{5770385f-c22a-43e0-bf4c-06f5698ffbd9}",
                "level": "4",
                "channel": "Microsoft-Windows-Sysmon/Operational",
                "opcode": "0",
                "message": "\"File created:\r\nRuleName: DLL\r\nUtcTime: 2024-07-12 10:01:24.201\r\nProcessGuid: {0a16e2dc-fef4-6690-d607-000000001800}\r\nProcessId: 4652\r\nImage: c:\\temp\\l_test.exe\r\nTargetFilename: C:\\Windows\\Temp\\_MEI46522\\api-ms-win-core-sysinfo-l1-1-0.dll\r\nCreationUtcTime: 2024-07-12 10:01:24.201\r\nUser: NT AUTHORITY\\SYSTEM\"",
                "version": "2",
                "systemTime": "2024-07-12T10:01:24.2107288Z",
                "eventRecordID": "3582",
                "threadID": "3444",
                "computer": "hq04.office.tyrdemo.se",
                "task": "11",
                "processID": "3036",
                "severityValue": "INFORMATION",
                "providerName": "Microsoft-Windows-Sysmon"
              }
            }
          },
          "rule": {
            "firedtimes": 123,
            "mail": true,
            "level": 13,
            "description": "Unsigned Binary Loaded From Suspicious Location",
            "groups": [
              "sigma"
            ],
            "id": "900228"
          },
          "decoder": {
            "name": "windows_eventchannel"
          },
          "input": {
            "type": "log"
          },
          "@timestamp": "2024-07-12T10:01:26.108Z",
          "location": "EventChannel",
          "id": "1720778486.103687218",
          "timestamp": "2024-07-12T12:01:26.108+0200"
        }
      },
      {
        "_index": "wazuh-alerts-4.x-2024.07.12",
        "_id": "YLNjppABLu9BFc0M-D6R",
        "_score": 2.0,
        "_source": {
          "agent": {
            "ip": "134.23.3.14",
            "name": "hq04",
            "id": "018"
          },
          "manager": {
            "name": "wazuh"
          },
          "data": {
            "win": {
              "eventdata": {
                "image": "c:\\\\temp\\\\l_test.exe",
                "processGuid": "{0a16e2dc-fef4-6690-d607-000000001800}",
                "processId": "4652",
                "utcTime": "2024-07-12 10:01:24.201",
                "targetFilename": "C:\\\\Windows\\\\Temp\\\\_MEI46522\\\\api-ms-win-core-util-l1-1-0.dll",
                "ruleName": "DLL",
                "creationUtcTime": "2024-07-12 10:01:24.201",
                "user": "NT AUTHORITY\\\\SYSTEM"
              },
              "system": {
                "eventID": "11",
                "keywords": "0x8000000000000000",
                "providerGuid": "{5770385f-c22a-43e0-bf4c-06f5698ffbd9}",
                "level": "4",
                "channel": "Microsoft-Windows-Sysmon/Operational",
                "opcode": "0",
                "message": "\"File created:\r\nRuleName: DLL\r\nUtcTime: 2024-07-12 10:01:24.201\r\nProcessGuid: {0a16e2dc-fef4-6690-d607-000000001800}\r\nProcessId: 4652\r\nImage: c:\\temp\\l_test.exe\r\nTargetFilename: C:\\Windows\\Temp\\_MEI46522\\api-ms-win-core-util-l1-1-0.dll\r\nCreationUtcTime: 2024-07-12 10:01:24.201\r\nUser: NT AUTHORITY\\SYSTEM\"",
                "version": "2",
                "systemTime": "2024-07-12T10:01:24.2114214Z",
                "eventRecordID": "3584",
                "threadID": "3444",
                "computer": "hq04.office.tyrdemo.se",
                "task": "11",
                "processID": "3036",
                "severityValue": "INFORMATION",
                "providerName": "Microsoft-Windows-Sysmon"
              }
            }
          },
          "rule": {
            "firedtimes": 126,
            "mail": true,
            "level": 13,
            "description": "Unsigned Binary Loaded From Suspicious Location",
            "groups": [
              "sigma"
            ],
            "id": "900228"
          },
          "decoder": {
            "name": "windows_eventchannel"
          },
          "input": {
            "type": "log"
          },
          "@timestamp": "2024-07-12T10:01:26.155Z",
          "location": "EventChannel",
          "id": "1720778486.103696203",
          "timestamp": "2024-07-12T12:01:26.155+0200"
        }
      },
      {
        "_index": "wazuh-alerts-4.x-2024.07.12",
        "_id": "YrNjppABLu9BFc0M-D6R",
        "_score": 2.0,
        "_source": {
          "agent": {
            "ip": "134.23.3.14",
            "name": "hq04",
            "id": "018"
          },
          "manager": {
            "name": "wazuh"
          },
          "data": {
            "win": {
              "eventdata": {
                "image": "c:\\\\temp\\\\l_test.exe",
                "processGuid": "{0a16e2dc-fef4-6690-d607-000000001800}",
                "processId": "4652",
                "utcTime": "2024-07-12 10:01:24.201",
                "targetFilename": "C:\\\\Windows\\\\Temp\\\\_MEI46522\\\\api-ms-win-crt-environment-l1-1-0.dll",
                "ruleName": "DLL",
                "creationUtcTime": "2024-07-12 10:01:24.201",
                "user": "NT AUTHORITY\\\\SYSTEM"
              },
              "system": {
                "eventID": "11",
                "keywords": "0x8000000000000000",
                "providerGuid": "{5770385f-c22a-43e0-bf4c-06f5698ffbd9}",
                "level": "4",
                "channel": "Microsoft-Windows-Sysmon/Operational",
                "opcode": "0",
                "message": "\"File created:\r\nRuleName: DLL\r\nUtcTime: 2024-07-12 10:01:24.201\r\nProcessGuid: {0a16e2dc-fef4-6690-d607-000000001800}\r\nProcessId: 4652\r\nImage: c:\\temp\\l_test.exe\r\nTargetFilename: C:\\Windows\\Temp\\_MEI46522\\api-ms-win-crt-environment-l1-1-0.dll\r\nCreationUtcTime: 2024-07-12 10:01:24.201\r\nUser: NT AUTHORITY\\SYSTEM\"",
                "version": "2",
                "systemTime": "2024-07-12T10:01:24.2124411Z",
                "eventRecordID": "3587",
                "threadID": "3444",
                "computer": "hq04.office.tyrdemo.se",
                "task": "11",
                "processID": "3036",
                "severityValue": "INFORMATION",
                "providerName": "Microsoft-Windows-Sysmon"
              }
            }
          },
          "rule": {
            "firedtimes": 128,
            "mail": true,
            "level": 13,
            "description": "Unsigned Binary Loaded From Suspicious Location",
            "groups": [
              "sigma"
            ],
            "id": "900228"
          },
          "decoder": {
            "name": "windows_eventchannel"
          },
          "input": {
            "type": "log"
          },
          "@timestamp": "2024-07-12T10:01:26.186Z",
          "location": "EventChannel",
          "id": "1720778486.103701315",
          "timestamp": "2024-07-12T12:01:26.186+0200"
        }
      },
