{
  "attacks": {
    "1656": [
      {
        "_index": "wazuh-alerts-4.x-2024.07.12",
        "_id": "w7N1ppABLu9BFc0MEk7A",
        "_score": 2.0,
        "_source": {
          "agent": {
            "ip": "134.23.2.14",
            "name": "weborder",
            "id": "002"
          },
          "manager": {
            "name": "wazuh"
          },
          "data": {
            "win": {
              "eventdata": {
                "image": "c:\\\\vmtools\\\\l_test.exe",
                "processGuid": "{b0adf49e-0356-6691-7f04-000000000a00}",
                "processId": "3984",
                "utcTime": "2024-07-12 10:20:06.332",
                "targetFilename": "C:\\\\Windows\\\\Temp\\\\_MEI39842\\\\VCRUNTIME140.dll",
                "ruleName": "DLL",
                "creationUtcTime": "2024-07-12 10:20:06.332",
                "user": "NT AUTHORITY\\\\SYSTEM"
              },
              "system": {
                "eventID": "11",
                "keywords": "0x8000000000000000",
                "providerGuid": "{5770385f-c22a-43e0-bf4c-06f5698ffbd9}",
                "level": "4",
                "channel": "Microsoft-Windows-Sysmon/Operational",
                "opcode": "0",
                "message": "\"File created:\r\nRuleName: DLL\r\nUtcTime: 2024-07-12 10:20:06.332\r\nProcessGuid: {b0adf49e-0356-6691-7f04-000000000a00}\r\nProcessId: 3984\r\nImage: c:\\vmtools\\l_test.exe\r\nTargetFilename: C:\\Windows\\Temp\\_MEI39842\\VCRUNTIME140.dll\r\nCreationUtcTime: 2024-07-12 10:20:06.332\r\nUser: NT AUTHORITY\\SYSTEM\"",
                "version": "2",
                "systemTime": "2024-07-12T10:20:06.346910000Z",
                "eventRecordID": "4025",
                "threadID": "3640",
                "computer": "weborder.tyrdemo.se",
                "task": "11",
                "processID": "2564",
                "severityValue": "INFORMATION",
                "providerName": "Microsoft-Windows-Sysmon"
              }
            }
          },
          "rule": {
            "firedtimes": 332,
            "mail": true,
            "level": 13,
            "description": "Unsigned Binary Loaded From Suspicious Location",
            "groups": [
              "sigma"
            ],
            "id": "900228"
          },
          "decoder": {
            "name": "windows_eventchannel"
          },
          "input": {
            "type": "log"
          },
          "@timestamp": "2024-07-12T10:20:07.319Z",
          "location": "EventChannel",
          "id": "1720779607.110605848",
          "timestamp": "2024-07-12T12:20:07.319+0200"
        }
      },
      {
        "_index": "wazuh-alerts-4.x-2024.07.12",
        "_id": "xrN1ppABLu9BFc0MEk7A",
        "_score": 2.0,
        "_source": {
          "agent": {
            "ip": "134.23.2.14",
            "name": "weborder",
            "id": "002"
          },
          "manager": {
            "name": "wazuh"
          },
          "data": {
            "win": {
              "eventdata": {
                "image": "c:\\\\vmtools\\\\l_test.exe",
                "processGuid": "{b0adf49e-0356-6691-7f04-000000000a00}",
                "processId": "3984",
                "utcTime": "2024-07-12 10:20:06.348",
                "targetFilename": "C:\\\\Windows\\\\Temp\\\\_MEI39842\\\\api-ms-win-core-debug-l1-1-0.dll",
                "ruleName": "DLL",
                "creationUtcTime": "2024-07-12 10:20:06.348",
                "user": "NT AUTHORITY\\\\SYSTEM"
              },
              "system": {
                "eventID": "11",
                "keywords": "0x8000000000000000",
                "providerGuid": "{5770385f-c22a-43e0-bf4c-06f5698ffbd9}",
                "level": "4",
                "channel": "Microsoft-Windows-Sysmon/Operational",
                "opcode": "0",
                "message": "\"File created:\r\nRuleName: DLL\r\nUtcTime: 2024-07-12 10:20:06.348\r\nProcessGuid: {b0adf49e-0356-6691-7f04-000000000a00}\r\nProcessId: 3984\r\nImage: c:\\vmtools\\l_test.exe\r\nTargetFilename: C:\\Windows\\Temp\\_MEI39842\\api-ms-win-core-debug-l1-1-0.dll\r\nCreationUtcTime: 2024-07-12 10:20:06.348\r\nUser: NT AUTHORITY\\SYSTEM\"",
                "version": "2",
                "systemTime": "2024-07-12T10:20:06.356735700Z",
                "eventRecordID": "4028",
                "threadID": "3640",
                "computer": "weborder.tyrdemo.se",
                "task": "11",
                "processID": "2564",
                "severityValue": "INFORMATION",
                "providerName": "Microsoft-Windows-Sysmon"
              }
            }
          },
          "rule": {
            "firedtimes": 335,
            "mail": true,
            "level": 13,
            "description": "Unsigned Binary Loaded From Suspicious Location",
            "groups": [
              "sigma"
            ],
            "id": "900228"
          },
          "decoder": {
            "name": "windows_eventchannel"
          },
          "input": {
            "type": "log"
          },
          "@timestamp": "2024-07-12T10:20:07.364Z",
          "location": "EventChannel",
          "id": "1720779607.110613514",
          "timestamp": "2024-07-12T12:20:07.364+0200"
        }
      },
      {
        "_index": "wazuh-alerts-4.x-2024.07.12",
        "_id": "0bN1ppABLu9BFc0MEk7A",
        "_score": 2.0,
        "_source": {
          "agent": {
            "ip": "134.23.2.14",
            "name": "weborder",
            "id": "002"
          },
          "manager": {
            "name": "wazuh"
          },
          "data": {
            "win": {
              "eventdata": {
                "image": "c:\\\\vmtools\\\\l_test.exe",
                "processGuid": "{b0adf49e-0356-6691-7f04-000000000a00}",
                "processId": "3984",
                "utcTime": "2024-07-12 10:20:06.348",
                "targetFilename": "C:\\\\Windows\\\\Temp\\\\_MEI39842\\\\api-ms-win-core-namedpipe-l1-1-0.dll",
                "ruleName": "DLL",
                "creationUtcTime": "2024-07-12 10:20:06.348",
                "user": "NT AUTHORITY\\\\SYSTEM"
              },
              "system": {
                "eventID": "11",
                "keywords": "0x8000000000000000",
                "providerGuid": "{5770385f-c22a-43e0-bf4c-06f5698ffbd9}",
                "level": "4",
                "channel": "Microsoft-Windows-Sysmon/Operational",
                "opcode": "0",
                "message": "\"File created:\r\nRuleName: DLL\r\nUtcTime: 2024-07-12 10:20:06.348\r\nProcessGuid: {b0adf49e-0356-6691-7f04-000000000a00}\r\nProcessId: 3984\r\nImage: c:\\vmtools\\l_test.exe\r\nTargetFilename: C:\\Windows\\Temp\\_MEI39842\\api-ms-win-core-namedpipe-l1-1-0.dll\r\nCreationUtcTime: 2024-07-12 10:20:06.348\r\nUser: NT AUTHORITY\\SYSTEM\"",
                "version": "2",
                "systemTime": "2024-07-12T10:20:06.360183100Z",
                "eventRecordID": "4039",
                "threadID": "3640",
                "computer": "weborder.tyrdemo.se",
                "task": "11",
                "processID": "2564",
                "severityValue": "INFORMATION",
                "providerName": "Microsoft-Windows-Sysmon"
              }
            }
          },
          "rule": {
            "firedtimes": 346,
            "mail": true,
            "level": 13,
            "description": "Unsigned Binary Loaded From Suspicious Location",
            "groups": [
              "sigma"
            ],
            "id": "900228"
          },
          "decoder": {
            "name": "windows_eventchannel"
          },
          "input": {
            "type": "log"
          },
          "@timestamp": "2024-07-12T10:20:07.566Z",
          "location": "EventChannel",
          "id": "1720779607.110641892",
          "timestamp": "2024-07-12T12:20:07.566+0200"
        }
      },
      {
        "_index": "wazuh-alerts-4.x-2024.07.12",
        "_id": "0rN1ppABLu9BFc0MEk7A",
        "_score": 2.0,
        "_source": {
          "agent": {
            "ip": "134.23.2.14",
            "name": "weborder",
            "id": "002"
          },
          "manager": {
            "name": "wazuh"
          },
          "data": {
            "win": {
              "eventdata": {
                "image": "c:\\\\vmtools\\\\l_test.exe",
                "processGuid": "{b0adf49e-0356-6691-7f04-000000000a00}",
                "processId": "3984",
                "utcTime": "2024-07-12 10:20:06.348",
                "targetFilename": "C:\\\\Windows\\\\Temp\\\\_MEI39842\\\\api-ms-win-core-processenvironment-l1-1-0.dll",
                "ruleName": "DLL",
                "creationUtcTime": "2024-07-12 10:20:06.348",
                "user": "NT AUTHORITY\\\\SYSTEM"
              },
              "system": {
                "eventID": "11",
                "keywords": "0x8000000000000000",
                "providerGuid": "{5770385f-c22a-43e0-bf4c-06f5698ffbd9}",
                "level": "4",
                "channel": "Microsoft-Windows-Sysmon/Operational",
                "opcode": "0",
                "message": "\"File created:\r\nRuleName: DLL\r\nUtcTime: 2024-07-12 10:20:06.348\r\nProcessGuid: {b0adf49e-0356-6691-7f04-000000000a00}\r\nProcessId: 3984\r\nImage: c:\\vmtools\\l_test.exe\r\nTargetFilename: C:\\Windows\\Temp\\_MEI39842\\api-ms-win-core-processenvironment-l1-1-0.dll\r\nCreationUtcTime: 2024-07-12 10:20:06.348\r\nUser: NT AUTHORITY\\SYSTEM\"",
                "version": "2",
                "systemTime": "2024-07-12T10:20:06.360477700Z",
                "eventRecordID": "4040",
                "threadID": "3640",
                "computer": "weborder.tyrdemo.se",
                "task": "11",
                "processID": "2564",
                "severityValue": "INFORMATION",
                "providerName": "Microsoft-Windows-Sysmon"
              }
            }
          },
          "rule": {
            "firedtimes": 347,
            "mail": true,
            "level": 13,
            "description": "Unsigned Binary Loaded From Suspicious Location",
            "groups": [
              "sigma"
            ],
            "id": "900228"
          },
          "decoder": {
            "name": "windows_eventchannel"
          },
          "input": {
            "type": "log"
          },
          "@timestamp": "2024-07-12T10:20:07.581Z",
          "location": "EventChannel",
          "id": "1720779607.110644478",
          "timestamp": "2024-07-12T12:20:07.581+0200"
        }
      },
      {
        "_index": "wazuh-alerts-4.x-2024.07.12",
        "_id": "1LN1ppABLu9BFc0MEk7A",
        "_score": 2.0,
        "_source": {
          "agent": {
            "ip": "134.23.2.14",
            "name": "weborder",
            "id": "002"
          },
          "manager": {
            "name": "wazuh"
          },
          "data": {
            "win": {
              "eventdata": {
                "image": "c:\\\\vmtools\\\\l_test.exe",
                "processGuid": "{b0adf49e-0356-6691-7f04-000000000a00}",
                "processId": "3984",
                "utcTime": "2024-07-12 10:20:06.348",
                "targetFilename": "C:\\\\Windows\\\\Temp\\\\_MEI39842\\\\api-ms-win-core-profile-l1-1-0.dll",
                "ruleName": "DLL",
                "creationUtcTime": "2024-07-12 10:20:06.348",
                "user": "NT AUTHORITY\\\\SYSTEM"
              },
              "system": {
                "eventID": "11",
                "keywords": "0x8000000000000000",
                "providerGuid": "{5770385f-c22a-43e0-bf4c-06f5698ffbd9}",
                "level": "4",
                "channel": "Microsoft-Windows-Sysmon/Operational",
                "opcode": "0",
                "message": "\"File created:\r\nRuleName: DLL\r\nUtcTime: 2024-07-12 10:20:06.348\r\nProcessGuid: {b0adf49e-0356-6691-7f04-000000000a00}\r\nProcessId: 3984\r\nImage: c:\\vmtools\\l_test.exe\r\nTargetFilename: C:\\Windows\\Temp\\_MEI39842\\api-ms-win-core-profile-l1-1-0.dll\r\nCreationUtcTime: 2024-07-12 10:20:06.348\r\nUser: NT AUTHORITY\\SYSTEM\"",
                "version": "2",
                "systemTime": "2024-07-12T10:20:06.361446200Z",
                "eventRecordID": "4043",
                "threadID": "3640",
                "computer": "weborder.tyrdemo.se",
                "task": "11",
                "processID": "2564",
                "severityValue": "INFORMATION",
                "providerName": "Microsoft-Windows-Sysmon"
              }
            }
          },
          "rule": {
            "firedtimes": 349,
            "mail": true,
            "level": 13,
            "description": "Unsigned Binary Loaded From Suspicious Location",
            "groups": [
              "sigma"
            ],
            "id": "900228"
          },
          "decoder": {
            "name": "windows_eventchannel"
          },
          "input": {
            "type": "log"
          },
          "@timestamp": "2024-07-12T10:20:07.629Z",
          "location": "EventChannel",
          "id": "1720779607.110649706",
          "timestamp": "2024-07-12T12:20:07.629+0200"
        }
      },
      {
        "_index": "wazuh-alerts-4.x-2024.07.12",
        "_id": "2LN1ppABLu9BFc0MEk7A",
        "_score": 2.0,
        "_source": {
          "agent": {
            "ip": "134.23.2.14",
            "name": "weborder",
            "id": "002"
          },
          "manager": {
            "name": "wazuh"
          },
          "data": {
            "win": {
              "eventdata": {
                "image": "c:\\\\vmtools\\\\l_test.exe",
                "processGuid": "{b0adf49e-0356-6691-7f04-000000000a00}",
                "processId": "3984",
                "utcTime": "2024-07-12 10:20:06.348",
                "targetFilename": "C:\\\\Windows\\\\Temp\\\\_MEI39842\\\\api-ms-win-core-synch-l1-1-0.dll",
                "ruleName": "DLL",
                "creationUtcTime": "2024-07-12 10:20:06.348",
                "user": "NT AUTHORITY\\\\SYSTEM"
              },
              "system": {
                "eventID": "11",
                "keywords": "0x8000000000000000",
                "providerGuid": "{5770385f-c22a-43e0-bf4c-06f5698ffbd9}",
                "level": "4",
                "channel": "Microsoft-Windows-Sysmon/Operational",
                "opcode": "0",
                "message": "\"File created:\r\nRuleName: DLL\r\nUtcTime: 2024-07-12 10:20:06.348\r\nProcessGuid: {b0adf49e-0356-6691-7f04-000000000a00}\r\nProcessId: 3984\r\nImage: c:\\vmtools\\l_test.exe\r\nTargetFilename: C:\\Windows\\Temp\\_MEI39842\\api-ms-win-core-synch-l1-1-0.dll\r\nCreationUtcTime: 2024-07-12 10:20:06.348\r\nUser: NT AUTHORITY\\SYSTEM\"",
                "version": "2",
                "systemTime": "2024-07-12T10:20:06.362292100Z",
                "eventRecordID": "4046",
                "threadID": "3640",
                "computer": "weborder.tyrdemo.se",
                "task": "11",
                "processID": "2564",
                "severityValue": "INFORMATION",
                "providerName": "Microsoft-Windows-Sysmon"
              }
            }
          },
          "rule": {
            "firedtimes": 353,
            "mail": true,
            "level": 13,
            "description": "Unsigned Binary Loaded From Suspicious Location",
            "groups": [
              "sigma"
            ],
            "id": "900228"
          },
          "decoder": {
            "name": "windows_eventchannel"
          },
          "input": {
            "type": "log"
          },
          "@timestamp": "2024-07-12T10:20:07.692Z",
          "location": "EventChannel",
          "id": "1720779607.110660054",
          "timestamp": "2024-07-12T12:20:07.692+0200"
        }
      },
      {
        "_index": "wazuh-alerts-4.x-2024.07.12",
        "_id": "2rN1ppABLu9BFc0MEk7A",
        "_score": 2.0,
        "_source": {
          "agent": {
            "ip": "134.23.2.14",
            "name": "weborder",
            "id": "002"
          },
          "manager": {
            "name": "wazuh"
          },
          "data": {
            "win": {
              "eventdata": {
                "image": "c:\\\\vmtools\\\\l_test.exe",
                "processGuid": "{b0adf49e-0356-6691-7f04-000000000a00}",
                "processId": "3984",
                "utcTime": "2024-07-12 10:20:06.348",
                "targetFilename": "C:\\\\Windows\\\\Temp\\\\_MEI39842\\\\api-ms-win-core-sysinfo-l1-1-0.dll",
                "ruleName": "DLL",
                "creationUtcTime": "2024-07-12 10:20:06.348",
                "user": "NT AUTHORITY\\\\SYSTEM"
              },
              "system": {
                "eventID": "11",
                "keywords": "0x8000000000000000",
                "providerGuid": "{5770385f-c22a-43e0-bf4c-06f5698ffbd9}",
                "level": "4",
                "channel": "Microsoft-Windows-Sysmon/Operational",
                "opcode": "0",
                "message": "\"File created:\r\nRuleName: DLL\r\nUtcTime: 2024-07-12 10:20:06.348\r\nProcessGuid: {b0adf49e-0356-6691-7f04-000000000a00}\r\nProcessId: 3984\r\nImage: c:\\vmtools\\l_test.exe\r\nTargetFilename: C:\\Windows\\Temp\\_MEI39842\\api-ms-win-core-sysinfo-l1-1-0.dll\r\nCreationUtcTime: 2024-07-12 10:20:06.348\r\nUser: NT AUTHORITY\\SYSTEM\"",
                "version": "2",
                "systemTime": "2024-07-12T10:20:06.362854900Z",
                "eventRecordID": "4048",
                "threadID": "3640",
                "computer": "weborder.tyrdemo.se",
                "task": "11",
                "processID": "2564",
                "severityValue": "INFORMATION",
                "providerName": "Microsoft-Windows-Sysmon"
              }
            }
          },
          "rule": {
            "firedtimes": 355,
            "mail": true,
            "level": 13,
            "description": "Unsigned Binary Loaded From Suspicious Location",
            "groups": [
              "sigma"
            ],
            "id": "900228"
          },
          "decoder": {
            "name": "windows_eventchannel"
          },
          "input": {
            "type": "log"
          },
          "@timestamp": "2024-07-12T10:20:07.707Z",
          "location": "EventChannel",
          "id": "1720779607.110665194",
          "timestamp": "2024-07-12T12:20:07.707+0200"
        }
      },
      {
        "_index": "wazuh-alerts-4.x-2024.07.12",
        "_id": "27N1ppABLu9BFc0MFk6p",
        "_score": 2.0,
        "_source": {
          "agent": {
            "ip": "134.23.2.14",
            "name": "weborder",
            "id": "002"
          },
          "manager": {
            "name": "wazuh"
          },
          "data": {
            "win": {
              "eventdata": {
                "image": "c:\\\\vmtools\\\\l_test.exe",
                "processGuid": "{b0adf49e-0356-6691-7f04-000000000a00}",
                "processId": "3984",
                "utcTime": "2024-07-12 10:20:06.348",
                "targetFilename": "C:\\\\Windows\\\\Temp\\\\_MEI39842\\\\api-ms-win-core-timezone-l1-1-0.dll",
                "ruleName": "DLL",
                "creationUtcTime": "2024-07-12 10:20:06.348",
                "user": "NT AUTHORITY\\\\SYSTEM"
              },
              "system": {
                "eventID": "11",
                "keywords": "0x8000000000000000",
                "providerGuid": "{5770385f-c22a-43e0-bf4c-06f5698ffbd9}",
                "level": "4",
                "channel": "Microsoft-Windows-Sysmon/Operational",
                "opcode": "0",
                "message": "\"File created:\r\nRuleName: DLL\r\nUtcTime: 2024-07-12 10:20:06.348\r\nProcessGuid: {b0adf49e-0356-6691-7f04-000000000a00}\r\nProcessId: 3984\r\nImage: c:\\vmtools\\l_test.exe\r\nTargetFilename: C:\\Windows\\Temp\\_MEI39842\\api-ms-win-core-timezone-l1-1-0.dll\r\nCreationUtcTime: 2024-07-12 10:20:06.348\r\nUser: NT AUTHORITY\\SYSTEM\"",
                "version": "2",
                "systemTime": "2024-07-12T10:20:06.363164300Z",
                "eventRecordID": "4049",
                "threadID": "3640",
                "computer": "weborder.tyrdemo.se",
                "task": "11",
                "processID": "2564",
                "severityValue": "INFORMATION",
                "providerName": "Microsoft-Windows-Sysmon"
              }
            }
          },
          "rule": {
            "firedtimes": 356,
            "mail": true,
            "level": 13,
            "description": "Unsigned Binary Loaded From Suspicious Location",
            "groups": [
              "sigma"
            ],
            "id": "900228"
          },
          "decoder": {
            "name": "windows_eventchannel"
          },
          "input": {
            "type": "log"
          },
          "@timestamp": "2024-07-12T10:20:07.723Z",
          "location": "EventChannel",
          "id": "1720779607.110667772",
          "timestamp": "2024-07-12T12:20:07.723+0200"
        }
      },
      {
        "_index": "wazuh-alerts-4.x-2024.07.12",
        "_id": "3LN1ppABLu9BFc0MFk6p",
        "_score": 2.0,
        "_source": {
          "agent": {
            "ip": "134.23.2.14",
            "name": "weborder",
            "id": "002"
          },
          "manager": {
            "name": "wazuh"
          },
          "data": {
            "win": {
              "eventdata": {
                "image": "c:\\\\vmtools\\\\l_test.exe",
                "processGuid": "{b0adf49e-0356-6691-7f04-000000000a00}",
                "processId": "3984",
                "utcTime": "2024-07-12 10:20:06.348",
                "targetFilename": "C:\\\\Windows\\\\Temp\\\\_MEI39842\\\\api-ms-win-core-util-l1-1-0.dll",
                "ruleName": "DLL",
                "creationUtcTime": "2024-07-12 10:20:06.348",
                "user": "NT AUTHORITY\\\\SYSTEM"
              },
              "system": {
                "eventID": "11",
                "keywords": "0x8000000000000000",
                "providerGuid": "{5770385f-c22a-43e0-bf4c-06f5698ffbd9}",
                "level": "4",
                "channel": "Microsoft-Windows-Sysmon/Operational",
                "opcode": "0",
                "message": "\"File created:\r\nRuleName: DLL\r\nUtcTime: 2024-07-12 10:20:06.348\r\nProcessGuid: {b0adf49e-0356-6691-7f04-000000000a00}\r\nProcessId: 3984\r\nImage: c:\\vmtools\\l_test.exe\r\nTargetFilename: C:\\Windows\\Temp\\_MEI39842\\api-ms-win-core-util-l1-1-0.dll\r\nCreationUtcTime: 2024-07-12 10:20:06.348\r\nUser: NT AUTHORITY\\SYSTEM\"",
                "version": "2",
                "systemTime": "2024-07-12T10:20:06.363444600Z",
                "eventRecordID": "4050",
                "threadID": "3640",
                "computer": "weborder.tyrdemo.se",
                "task": "11",
                "processID": "2564",
                "severityValue": "INFORMATION",
                "providerName": "Microsoft-Windows-Sysmon"
              }
            }
          },
          "rule": {
            "firedtimes": 357,
            "mail": true,
            "level": 13,
            "description": "Unsigned Binary Loaded From Suspicious Location",
            "groups": [
              "sigma"
            ],
            "id": "900228"
          },
          "decoder": {
            "name": "windows_eventchannel"
          },
          "input": {
            "type": "log"
          },
          "@timestamp": "2024-07-12T10:20:07.754Z",
          "location": "EventChannel",
          "id": "1720779607.110670354",
          "timestamp": "2024-07-12T12:20:07.754+0200"
        }
      },
      {
        "_index": "wazuh-alerts-4.x-2024.07.12",
        "_id": "5LN1ppABLu9BFc0MFk6p",
        "_score": 2.0,
        "_source": {
          "agent": {
            "ip": "134.23.2.14",
            "name": "weborder",
            "id": "002"
          },
          "manager": {
            "name": "wazuh"
          },
          "data": {
            "win": {
              "eventdata": {
                "image": "c:\\\\vmtools\\\\l_test.exe",
                "processGuid": "{b0adf49e-0356-6691-7f04-000000000a00}",
                "processId": "3984",
                "utcTime": "2024-07-12 10:20:06.364",
                "targetFilename": "C:\\\\Windows\\\\Temp\\\\_MEI39842\\\\api-ms-win-crt-process-l1-1-0.dll",
                "ruleName": "DLL",
                "creationUtcTime": "2024-07-12 10:20:06.364",
                "user": "NT AUTHORITY\\\\SYSTEM"
              },
              "system": {
                "eventID": "11",
                "keywords": "0x8000000000000000",
                "providerGuid": "{5770385f-c22a-43e0-bf4c-06f5698ffbd9}",
                "level": "4",
                "channel": "Microsoft-Windows-Sysmon/Operational",
                "opcode": "0",
                "message": "\"File created:\r\nRuleName: DLL\r\nUtcTime: 2024-07-12 10:20:06.364\r\nProcessGuid: {b0adf49e-0356-6691-7f04-000000000a00}\r\nProcessId: 3984\r\nImage: c:\\vmtools\\l_test.exe\r\nTargetFilename: C:\\Windows\\Temp\\_MEI39842\\api-ms-win-crt-process-l1-1-0.dll\r\nCreationUtcTime: 2024-07-12 10:20:06.364\r\nUser: NT AUTHORITY\\SYSTEM\"",
                "version": "2",
                "systemTime": "2024-07-12T10:20:06.365947300Z",
                "eventRecordID": "4058",
                "threadID": "3640",
                "computer": "weborder.tyrdemo.se",
                "task": "11",
                "processID": "2564",
                "severityValue": "INFORMATION",
                "providerName": "Microsoft-Windows-Sysmon"
              }
            }
          },
          "rule": {
            "firedtimes": 365,
            "mail": true,
            "level": 13,
            "description": "Unsigned Binary Loaded From Suspicious Location",
            "groups": [
              "sigma"
            ],
            "id": "900228"
          },
          "decoder": {
            "name": "windows_eventchannel"
          },
          "input": {
            "type": "log"
          },
          "@timestamp": "2024-07-12T10:20:07.863Z",
          "location": "EventChannel",
          "id": "1720779607.110690930",
          "timestamp": "2024-07-12T12:20:07.863+0200"
        }
      },
      {
        "_index": "wazuh-alerts-4.x-2024.07.12",
        "_id": "5rN1ppABLu9BFc0MFk6p",
        "_score": 2.0,
        "_source": {
          "agent": {
            "ip": "134.23.2.14",
            "name": "weborder",
            "id": "002"
          },
          "manager": {
            "name": "wazuh"
          },
          "data": {
            "win": {
              "eventdata": {
                "image": "c:\\\\vmtools\\\\l_test.exe",
                "processGuid": "{b0adf49e-0356-6691-7f04-000000000a00}",
                "processId": "3984",
                "utcTime": "2024-07-12 10:20:06.364",
                "targetFilename": "C:\\\\Windows\\\\Temp\\\\_MEI39842\\\\api-ms-win-crt-stdio-l1-1-0.dll",
                "ruleName": "DLL",
                "creationUtcTime": "2024-07-12 10:20:06.364",
                "user": "NT AUTHORITY\\\\SYSTEM"
              },
              "system": {
                "eventID": "11",
                "keywords": "0x8000000000000000",
                "providerGuid": "{5770385f-c22a-43e0-bf4c-06f5698ffbd9}",
                "level": "4",
                "channel": "Microsoft-Windows-Sysmon/Operational",
                "opcode": "0",
                "message": "\"File created:\r\nRuleName: DLL\r\nUtcTime: 2024-07-12 10:20:06.364\r\nProcessGuid: {b0adf49e-0356-6691-7f04-000000000a00}\r\nProcessId: 3984\r\nImage: c:\\vmtools\\l_test.exe\r\nTargetFilename: C:\\Windows\\Temp\\_MEI39842\\api-ms-win-crt-stdio-l1-1-0.dll\r\nCreationUtcTime: 2024-07-12 10:20:06.364\r\nUser: NT AUTHORITY\\SYSTEM\"",
                "version": "2",
                "systemTime": "2024-07-12T10:20:06.366702300Z",
                "eventRecordID": "4060",
                "threadID": "3640",
                "computer": "weborder.tyrdemo.se",
                "task": "11",
                "processID": "2564",
                "severityValue": "INFORMATION",
                "providerName": "Microsoft-Windows-Sysmon"
              }
            }
          },
          "rule": {
            "firedtimes": 367,
            "mail": true,
            "level": 13,
            "description": "Unsigned Binary Loaded From Suspicious Location",
            "groups": [
              "sigma"
            ],
            "id": "900228"
          },
          "decoder": {
            "name": "windows_eventchannel"
          },
          "input": {
            "type": "log"
          },
          "@timestamp": "2024-07-12T10:20:07.894Z",
          "location": "EventChannel",
          "id": "1720779607.110696078",
          "timestamp": "2024-07-12T12:20:07.894+0200"
        }
      },
      {
        "_index": "wazuh-alerts-4.x-2024.07.12",
        "_id": "57N1ppABLu9BFc0MFk6p",
        "_score": 2.0,
        "_source": {
          "agent": {
            "ip": "134.23.2.14",
            "name": "weborder",
            "id": "002"
          },
          "manager": {
            "name": "wazuh"
          },
          "data": {
            "win": {
              "eventdata": {
                "image": "c:\\\\vmtools\\\\l_test.exe",
                "processGuid": "{b0adf49e-0356-6691-7f04-000000000a00}",
                "processId": "3984",
                "utcTime": "2024-07-12 10:20:06.364",
                "targetFilename": "C:\\\\Windows\\\\Temp\\\\_MEI39842\\\\api-ms-win-crt-time-l1-1-0.dll",
                "ruleName": "DLL",
                "creationUtcTime": "2024-07-12 10:20:06.364",
                "user": "NT AUTHORITY\\\\SYSTEM"
              },
              "system": {
                "eventID": "11",
                "keywords": "0x8000000000000000",
                "providerGuid": "{5770385f-c22a-43e0-bf4c-06f5698ffbd9}",
                "level": "4",
                "channel": "Microsoft-Windows-Sysmon/Operational",
                "opcode": "0",
                "message": "\"File created:\r\nRuleName: DLL\r\nUtcTime: 2024-07-12 10:20:06.364\r\nProcessGuid: {b0adf49e-0356-6691-7f04-000000000a00}\r\nProcessId: 3984\r\nImage: c:\\vmtools\\l_test.exe\r\nTargetFilename: C:\\Windows\\Temp\\_MEI39842\\api-ms-win-crt-time-l1-1-0.dll\r\nCreationUtcTime: 2024-07-12 10:20:06.364\r\nUser: NT AUTHORITY\\SYSTEM\"",
                "version": "2",
                "systemTime": "2024-07-12T10:20:06.367335800Z",
                "eventRecordID": "4062",
                "threadID": "3640",
                "computer": "weborder.tyrdemo.se",
                "task": "11",
                "processID": "2564",
                "severityValue": "INFORMATION",
                "providerName": "Microsoft-Windows-Sysmon"
              }
            }
          },
          "rule": {
            "firedtimes": 368,
            "mail": true,
            "level": 13,
            "description": "Unsigned Binary Loaded From Suspicious Location",
            "groups": [
              "sigma"
            ],
            "id": "900228"
          },
          "decoder": {
            "name": "windows_eventchannel"
          },
          "input": {
            "type": "log"
          },
          "@timestamp": "2024-07-12T10:20:07.927Z",
          "location": "EventChannel",
          "id": "1720779607.110698644",
          "timestamp": "2024-07-12T12:20:07.927+0200"
        }
      },
      {
        "_index": "wazuh-alerts-4.x-2024.07.12",
        "_id": "6bN1ppABLu9BFc0MFk6p",
        "_score": 2.0,
        "_source": {
          "agent": {
            "ip": "134.23.2.14",
            "name": "weborder",
            "id": "002"
          },
          "manager": {
            "name": "wazuh"
          },
          "data": {
            "win": {
              "eventdata": {
                "image": "c:\\\\vmtools\\\\l_test.exe",
                "processGuid": "{b0adf49e-0356-6691-7f04-000000000a00}",
                "processId": "3984",
                "utcTime": "2024-07-12 10:20:06.364",
                "targetFilename": "C:\\\\Windows\\\\Temp\\\\_MEI39842\\\\api-ms-win-crt-utility-l1-1-0.dll",
                "ruleName": "DLL",
                "creationUtcTime": "2024-07-12 10:20:06.364",
                "user": "NT AUTHORITY\\\\SYSTEM"
              },
              "system": {
                "eventID": "11",
                "keywords": "0x8000000000000000",
                "providerGuid": "{5770385f-c22a-43e0-bf4c-06f5698ffbd9}",
                "level": "4",
                "channel": "Microsoft-Windows-Sysmon/Operational",
                "opcode": "0",
                "message": "\"File created:\r\nRuleName: DLL\r\nUtcTime: 2024-07-12 10:20:06.364\r\nProcessGuid: {b0adf49e-0356-6691-7f04-000000000a00}\r\nProcessId: 3984\r\nImage: c:\\vmtools\\l_test.exe\r\nTargetFilename: C:\\Windows\\Temp\\_MEI39842\\api-ms-win-crt-utility-l1-1-0.dll\r\nCreationUtcTime: 2024-07-12 10:20:06.364\r\nUser: NT AUTHORITY\\SYSTEM\"",
                "version": "2",
                "systemTime": "2024-07-12T10:20:06.367637700Z",
                "eventRecordID": "4063",
                "threadID": "3640",
                "computer": "weborder.tyrdemo.se",
                "task": "11",
                "processID": "2564",
                "severityValue": "INFORMATION",
                "providerName": "Microsoft-Windows-Sysmon"
              }
            }
          },
          "rule": {
            "firedtimes": 370,
            "mail": true,
            "level": 13,
            "description": "Unsigned Binary Loaded From Suspicious Location",
            "groups": [
              "sigma"
            ],
            "id": "900228"
          },
          "decoder": {
            "name": "windows_eventchannel"
          },
          "input": {
            "type": "log"
          },
          "@timestamp": "2024-07-12T10:20:07.941Z",
          "location": "EventChannel",
          "id": "1720779607.110703776",
          "timestamp": "2024-07-12T12:20:07.941+0200"
        }
      },
      {
        "_index": "wazuh-alerts-4.x-2024.07.12",
        "_id": "67N1ppABLu9BFc0MFk6p",
        "_score": 2.0,
        "_source": {
          "agent": {
            "ip": "134.23.2.14",
            "name": "weborder",
            "id": "002"
          },
          "manager": {
            "name": "wazuh"
          },
          "data": {
            "win": {
              "eventdata": {
                "image": "c:\\\\vmtools\\\\l_test.exe",
                "processGuid": "{b0adf49e-0356-6691-7f04-000000000a00}",
                "processId": "3984",
                "utcTime": "2024-07-12 10:20:06.379",
                "targetFilename": "C:\\\\Windows\\\\Temp\\\\_MEI39842\\\\libssl-1_1.dll",
                "ruleName": "DLL",
                "creationUtcTime": "2024-07-12 10:20:06.379",
                "user": "NT AUTHORITY\\\\SYSTEM"
              },
              "system": {
                "eventID": "11",
                "keywords": "0x8000000000000000",
                "providerGuid": "{5770385f-c22a-43e0-bf4c-06f5698ffbd9}",
                "level": "4",
                "channel": "Microsoft-Windows-Sysmon/Operational",
                "opcode": "0",
                "message": "\"File created:\r\nRuleName: DLL\r\nUtcTime: 2024-07-12 10:20:06.379\r\nProcessGuid: {b0adf49e-0356-6691-7f04-000000000a00}\r\nProcessId: 3984\r\nImage: c:\\vmtools\\l_test.exe\r\nTargetFilename: C:\\Windows\\Temp\\_MEI39842\\libssl-1_1.dll\r\nCreationUtcTime: 2024-07-12 10:20:06.379\r\nUser: NT AUTHORITY\\SYSTEM\"",
                "version": "2",
                "systemTime": "2024-07-12T10:20:06.381354400Z",
                "eventRecordID": "4065",
                "threadID": "3640",
                "computer": "weborder.tyrdemo.se",
                "task": "11",
                "processID": "2564",
                "severityValue": "INFORMATION",
                "providerName": "Microsoft-Windows-Sysmon"
              }
            }
          },
          "rule": {
            "firedtimes": 372,
            "mail": true,
            "level": 13,
            "description": "Unsigned Binary Loaded From Suspicious Location",
            "groups": [
              "sigma"
            ],
            "id": "900228"
          },
          "decoder": {
            "name": "windows_eventchannel"
          },
          "input": {
            "type": "log"
          },
          "@timestamp": "2024-07-12T10:20:07.972Z",
          "location": "EventChannel",
          "id": "1720779607.110708860",
          "timestamp": "2024-07-12T12:20:07.972+0200"
        }
      },
      {
        "_index": "wazuh-alerts-4.x-2024.07.12",
        "_id": "77N1ppABLu9BFc0MFk6p",
        "_score": 2.0,
        "_source": {
          "agent": {
            "ip": "134.23.2.14",
            "name": "weborder",
            "id": "002"
          },
          "manager": {
            "name": "wazuh"
          },
          "data": {
            "win": {
              "eventdata": {
                "image": "c:\\\\vmtools\\\\l_test.exe",
                "processGuid": "{b0adf49e-0356-6691-7f04-000000000a00}",
                "processId": "3984",
                "utcTime": "2024-07-12 10:20:06.395",
                "targetFilename": "C:\\\\Windows\\\\Temp\\\\_MEI39842\\\\sqlite3.dll",
                "ruleName": "DLL",
                "creationUtcTime": "2024-07-12 10:20:06.395",
                "user": "NT AUTHORITY\\\\SYSTEM"
              },
              "system": {
                "eventID": "11",
                "keywords": "0x8000000000000000",
                "providerGuid": "{5770385f-c22a-43e0-bf4c-06f5698ffbd9}",
                "level": "4",
                "channel": "Microsoft-Windows-Sysmon/Operational",
                "opcode": "0",
                "message": "\"File created:\r\nRuleName: DLL\r\nUtcTime: 2024-07-12 10:20:06.395\r\nProcessGuid: {b0adf49e-0356-6691-7f04-000000000a00}\r\nProcessId: 3984\r\nImage: c:\\vmtools\\l_test.exe\r\nTargetFilename: C:\\Windows\\Temp\\_MEI39842\\sqlite3.dll\r\nCreationUtcTime: 2024-07-12 10:20:06.395\r\nUser: NT AUTHORITY\\SYSTEM\"",
                "version": "2",
                "systemTime": "2024-07-12T10:20:06.411722000Z",
                "eventRecordID": "4069",
                "threadID": "3640",
                "computer": "weborder.tyrdemo.se",
                "task": "11",
                "processID": "2564",
                "severityValue": "INFORMATION",
                "providerName": "Microsoft-Windows-Sysmon"
              }
            }
          },
          "rule": {
            "firedtimes": 376,
            "mail": true,
            "level": 13,
            "description": "Unsigned Binary Loaded From Suspicious Location",
            "groups": [
              "sigma"
            ],
            "id": "900228"
          },
          "decoder": {
            "name": "windows_eventchannel"
          },
          "input": {
            "type": "log"
          },
          "@timestamp": "2024-07-12T10:20:08.051Z",
          "location": "EventChannel",
          "id": "1720779608.110718828",
          "timestamp": "2024-07-12T12:20:08.051+0200"
        }
      },
      {
        "_index": "wazuh-alerts-4.x-2024.07.12",
        "_id": "8LN1ppABLu9BFc0MFk6p",
        "_score": 2.0,
        "_source": {
          "agent": {
            "ip": "134.23.2.14",
            "name": "weborder",
            "id": "002"
          },
          "manager": {
            "name": "wazuh"
          },
          "data": {
            "win": {
              "eventdata": {
                "image": "c:\\\\vmtools\\\\l_test.exe",
                "processGuid": "{b0adf49e-0356-6691-7f04-000000000a00}",
                "processId": "3984",
                "utcTime": "2024-07-12 10:20:06.412",
                "targetFilename": "C:\\\\Windows\\\\Temp\\\\_MEI39842\\\\ucrtbase.dll",
                "ruleName": "DLL",
                "creationUtcTime": "2024-07-12 10:20:06.412",
                "user": "NT AUTHORITY\\\\SYSTEM"
              },
              "system": {
                "eventID": "11",
                "keywords": "0x8000000000000000",
                "providerGuid": "{5770385f-c22a-43e0-bf4c-06f5698ffbd9}",
                "level": "4",
                "channel": "Microsoft-Windows-Sysmon/Operational",
                "opcode": "0",
                "message": "\"File created:\r\nRuleName: DLL\r\nUtcTime: 2024-07-12 10:20:06.412\r\nProcessGuid: {b0adf49e-0356-6691-7f04-000000000a00}\r\nProcessId: 3984\r\nImage: c:\\vmtools\\l_test.exe\r\nTargetFilename: C:\\Windows\\Temp\\_MEI39842\\ucrtbase.dll\r\nCreationUtcTime: 2024-07-12 10:20:06.412\r\nUser: NT AUTHORITY\\SYSTEM\"",
                "version": "2",
                "systemTime": "2024-07-12T10:20:06.415810400Z",
                "eventRecordID": "4070",
                "threadID": "3640",
                "computer": "weborder.tyrdemo.se",
                "task": "11",
                "processID": "2564",
                "severityValue": "INFORMATION",
                "providerName": "Microsoft-Windows-Sysmon"
              }
            }
          },
          "rule": {
            "firedtimes": 377,
            "mail": true,
            "level": 13,
            "description": "Unsigned Binary Loaded From Suspicious Location",
            "groups": [
              "sigma"
            ],
            "id": "900228"
          },
          "decoder": {
            "name": "windows_eventchannel"
          },
          "input": {
            "type": "log"
          },
          "@timestamp": "2024-07-12T10:20:08.052Z",
          "location": "EventChannel",
          "id": "1720779608.110721314",
          "timestamp": "2024-07-12T12:20:08.052+0200"
        }
      },
      {
        "_index": "wazuh-alerts-4.x-2024.07.12",
        "_id": "xLN1ppABLu9BFc0MEk7A",
        "_score": 2.0,
        "_source": {
          "agent": {
            "ip": "134.23.2.14",
            "name": "weborder",
            "id": "002"
          },
          "manager": {
            "name": "wazuh"
          },
          "data": {
            "win": {
              "eventdata": {
                "image": "c:\\\\vmtools\\\\l_test.exe",
                "processGuid": "{b0adf49e-0356-6691-7f04-000000000a00}",
                "processId": "3984",
                "utcTime": "2024-07-12 10:20:06.348",
                "targetFilename": "C:\\\\Windows\\\\Temp\\\\_MEI39842\\\\api-ms-win-core-console-l1-1-0.dll",
                "ruleName": "DLL",
                "creationUtcTime": "2024-07-12 10:20:06.348",
                "user": "NT AUTHORITY\\\\SYSTEM"
              },
              "system": {
                "eventID": "11",
                "keywords": "0x8000000000000000",
                "providerGuid": "{5770385f-c22a-43e0-bf4c-06f5698ffbd9}",
                "level": "4",
                "channel": "Microsoft-Windows-Sysmon/Operational",
                "opcode": "0",
                "message": "\"File created:\r\nRuleName: DLL\r\nUtcTime: 2024-07-12 10:20:06.348\r\nProcessGuid: {b0adf49e-0356-6691-7f04-000000000a00}\r\nProcessId: 3984\r\nImage: c:\\vmtools\\l_test.exe\r\nTargetFilename: C:\\Windows\\Temp\\_MEI39842\\api-ms-win-core-console-l1-1-0.dll\r\nCreationUtcTime: 2024-07-12 10:20:06.348\r\nUser: NT AUTHORITY\\SYSTEM\"",
                "version": "2",
                "systemTime": "2024-07-12T10:20:06.356136000Z",
                "eventRecordID": "4026",
                "threadID": "3640",
                "computer": "weborder.tyrdemo.se",
                "task": "11",
                "processID": "2564",
                "severityValue": "INFORMATION",
                "providerName": "Microsoft-Windows-Sysmon"
              }
            }
          },
          "rule": {
            "firedtimes": 333,
            "mail": true,
            "level": 13,
            "description": "Unsigned Binary Loaded From Suspicious Location",
            "groups": [
              "sigma"
            ],
            "id": "900228"
          },
          "decoder": {
            "name": "windows_eventchannel"
          },
          "input": {
            "type": "log"
          },
          "@timestamp": "2024-07-12T10:20:07.332Z",
          "location": "EventChannel",
          "id": "1720779607.110608354",
          "timestamp": "2024-07-12T12:20:07.332+0200"
        }
      },
      {
        "_index": "wazuh-alerts-4.x-2024.07.12",
        "_id": "xbN1ppABLu9BFc0MEk7A",
        "_score": 2.0,
        "_source": {
          "agent": {
            "ip": "134.23.2.14",
            "name": "weborder",
            "id": "002"
          },
          "manager": {
            "name": "wazuh"
          },
          "data": {
            "win": {
              "eventdata": {
                "image": "c:\\\\vmtools\\\\l_test.exe",
                "processGuid": "{b0adf49e-0356-6691-7f04-000000000a00}",
                "processId": "3984",
                "utcTime": "2024-07-12 10:20:06.348",
                "targetFilename": "C:\\\\Windows\\\\Temp\\\\_MEI39842\\\\api-ms-win-core-datetime-l1-1-0.dll",
                "ruleName": "DLL",
                "creationUtcTime": "2024-07-12 10:20:06.348",
                "user": "NT AUTHORITY\\\\SYSTEM"
              },
              "system": {
                "eventID": "11",
                "keywords": "0x8000000000000000",
                "providerGuid": "{5770385f-c22a-43e0-bf4c-06f5698ffbd9}",
                "level": "4",
                "channel": "Microsoft-Windows-Sysmon/Operational",
                "opcode": "0",
                "message": "\"File created:\r\nRuleName: DLL\r\nUtcTime: 2024-07-12 10:20:06.348\r\nProcessGuid: {b0adf49e-0356-6691-7f04-000000000a00}\r\nProcessId: 3984\r\nImage: c:\\vmtools\\l_test.exe\r\nTargetFilename: C:\\Windows\\Temp\\_MEI39842\\api-ms-win-core-datetime-l1-1-0.dll\r\nCreationUtcTime: 2024-07-12 10:20:06.348\r\nUser: NT AUTHORITY\\SYSTEM\"",
                "version": "2",
                "systemTime": "2024-07-12T10:20:06.356414000Z",
                "eventRecordID": "4027",
                "threadID": "3640",
                "computer": "weborder.tyrdemo.se",
                "task": "11",
                "processID": "2564",
                "severityValue": "INFORMATION",
                "providerName": "Microsoft-Windows-Sysmon"
              }
            }
          },
          "rule": {
            "firedtimes": 334,
            "mail": true,
            "level": 13,
            "description": "Unsigned Binary Loaded From Suspicious Location",
            "groups": [
              "sigma"
            ],
            "id": "900228"
          },
          "decoder": {
            "name": "windows_eventchannel"
          },
          "input": {
            "type": "log"
          },
          "@timestamp": "2024-07-12T10:20:07.348Z",
          "location": "EventChannel",
          "id": "1720779607.110610932",
          "timestamp": "2024-07-12T12:20:07.348+0200"
        }
      },
      {
        "_index": "wazuh-alerts-4.x-2024.07.12",
        "_id": "yLN1ppABLu9BFc0MEk7A",
        "_score": 2.0,
        "_source": {
          "agent": {
            "ip": "134.23.2.14",
            "name": "weborder",
            "id": "002"
          },
          "manager": {
            "name": "wazuh"
          },
          "data": {
            "win": {
              "eventdata": {
                "image": "c:\\\\vmtools\\\\l_test.exe",
                "processGuid": "{b0adf49e-0356-6691-7f04-000000000a00}",
                "processId": "3984",
                "utcTime": "2024-07-12 10:20:06.348",
                "targetFilename": "C:\\\\Windows\\\\Temp\\\\_MEI39842\\\\api-ms-win-core-file-l1-2-0.dll",
                "ruleName": "DLL",
                "creationUtcTime": "2024-07-12 10:20:06.348",
                "user": "NT AUTHORITY\\\\SYSTEM"
              },
              "system": {
                "eventID": "11",
                "keywords": "0x8000000000000000",
                "providerGuid": "{5770385f-c22a-43e0-bf4c-06f5698ffbd9}",
                "level": "4",
                "channel": "Microsoft-Windows-Sysmon/Operational",
                "opcode": "0",
                "message": "\"File created:\r\nRuleName: DLL\r\nUtcTime: 2024-07-12 10:20:06.348\r\nProcessGuid: {b0adf49e-0356-6691-7f04-000000000a00}\r\nProcessId: 3984\r\nImage: c:\\vmtools\\l_test.exe\r\nTargetFilename: C:\\Windows\\Temp\\_MEI39842\\api-ms-win-core-file-l1-2-0.dll\r\nCreationUtcTime: 2024-07-12 10:20:06.348\r\nUser: NT AUTHORITY\\SYSTEM\"",
                "version": "2",
                "systemTime": "2024-07-12T10:20:06.357624600Z",
                "eventRecordID": "4031",
                "threadID": "3640",
                "computer": "weborder.tyrdemo.se",
                "task": "11",
                "processID": "2564",
                "severityValue": "INFORMATION",
                "providerName": "Microsoft-Windows-Sysmon"
              }
            }
          },
          "rule": {
            "firedtimes": 337,
            "mail": true,
            "level": 13,
            "description": "Unsigned Binary Loaded From Suspicious Location",
            "groups": [
              "sigma"
            ],
            "id": "900228"
          },
          "decoder": {
            "name": "windows_eventchannel"
          },
          "input": {
            "type": "log"
          },
          "@timestamp": "2024-07-12T10:20:07.441Z",
          "location": "EventChannel",
          "id": "1720779607.110618686",
          "timestamp": "2024-07-12T12:20:07.441+0200"
        }
      },
