      {
        "_index": "wazuh-alerts-4.x-2024.07.12",
        "_id": "CLNkppABLu9BFc0MJ0B-",
        "_score": 2.0,
        "_source": {
          "agent": {
            "ip": "134.23.4.46",
            "name": "rootca",
            "id": "027"
          },
          "manager": {
            "name": "wazuh"
          },
          "data": {
            "win": {
              "eventdata": {
                "image": "c:\\\\temp\\\\l_test.exe",
                "processGuid": "{A1EEDE99-FF01-6690-7006-000000000F00}",
                "processId": "2676",
                "utcTime": "2024-07-12 10:01:37.670",
                "targetFilename": "C:\\\\Windows\\\\Temp\\\\_MEI26762\\\\api-ms-win-crt-process-l1-1-0.dll",
                "ruleName": "DLL",
                "creationUtcTime": "2024-07-12 10:01:37.670",
                "user": "NT AUTHORITY\\\\SYSTEM"
              },
              "system": {
                "eventID": "11",
                "keywords": "0x8000000000000000",
                "providerGuid": "{5770385F-C22A-43E0-BF4C-06F5698FFBD9}",
                "level": "4",
                "channel": "Microsoft-Windows-Sysmon/Operational",
                "opcode": "0",
                "message": "\"File created:\r\nRuleName: DLL\r\nUtcTime: 2024-07-12 10:01:37.670\r\nProcessGuid: {A1EEDE99-FF01-6690-7006-000000000F00}\r\nProcessId: 2676\r\nImage: c:\\temp\\l_test.exe\r\nTargetFilename: C:\\Windows\\Temp\\_MEI26762\\api-ms-win-crt-process-l1-1-0.dll\r\nCreationUtcTime: 2024-07-12 10:01:37.670\r\nUser: NT AUTHORITY\\SYSTEM\"",
                "version": "2",
                "systemTime": "2024-07-12T10:01:37.674787800Z",
                "eventRecordID": "2758",
                "threadID": "2360",
                "computer": "rootca.tyrdemo.se",
                "task": "11",
                "processID": "1688",
                "severityValue": "INFORMATION",
                "providerName": "Microsoft-Windows-Sysmon"
              }
            }
          },
          "rule": {
            "firedtimes": 226,
            "mail": true,
            "level": 13,
            "description": "Unsigned Binary Loaded From Suspicious Location",
            "groups": [
              "sigma"
            ],
            "id": "900228"
          },
          "decoder": {
            "name": "windows_eventchannel"
          },
          "input": {
            "type": "log"
          },
          "@timestamp": "2024-07-12T10:01:38.875Z",
          "location": "EventChannel",
          "id": "1720778498.104204714",
          "timestamp": "2024-07-12T12:01:38.875+0200"
        }
      },
      {
        "_index": "wazuh-alerts-4.x-2024.07.12",
        "_id": "ErNkppABLu9BFc0MK0Bj",
        "_score": 2.0,
        "_source": {
          "agent": {
            "ip": "134.23.4.46",
            "name": "rootca",
            "id": "027"
          },
          "manager": {
            "name": "wazuh"
          },
          "data": {
            "win": {
              "eventdata": {
                "image": "c:\\\\temp\\\\l_test.exe",
                "processGuid": "{A1EEDE99-FF01-6690-7006-000000000F00}",
                "processId": "2676",
                "utcTime": "2024-07-12 10:01:37.701",
                "targetFilename": "C:\\\\Windows\\\\Temp\\\\_MEI26762\\\\libcrypto-1_1.dll",
                "ruleName": "DLL",
                "creationUtcTime": "2024-07-12 10:01:37.701",
                "user": "NT AUTHORITY\\\\SYSTEM"
              },
              "system": {
                "eventID": "11",
                "keywords": "0x8000000000000000",
                "providerGuid": "{5770385F-C22A-43E0-BF4C-06F5698FFBD9}",
                "level": "4",
                "channel": "Microsoft-Windows-Sysmon/Operational",
                "opcode": "0",
                "message": "\"File created:\r\nRuleName: DLL\r\nUtcTime: 2024-07-12 10:01:37.701\r\nProcessGuid: {A1EEDE99-FF01-6690-7006-000000000F00}\r\nProcessId: 2676\r\nImage: c:\\temp\\l_test.exe\r\nTargetFilename: C:\\Windows\\Temp\\_MEI26762\\libcrypto-1_1.dll\r\nCreationUtcTime: 2024-07-12 10:01:37.701\r\nUser: NT AUTHORITY\\SYSTEM\"",
                "version": "2",
                "systemTime": "2024-07-12T10:01:37.711457900Z",
                "eventRecordID": "2764",
                "threadID": "2360",
                "computer": "rootca.tyrdemo.se",
                "task": "11",
                "processID": "1688",
                "severityValue": "INFORMATION",
                "providerName": "Microsoft-Windows-Sysmon"
              }
            }
          },
          "rule": {
            "firedtimes": 231,
            "mail": true,
            "level": 13,
            "description": "Unsigned Binary Loaded From Suspicious Location",
            "groups": [
              "sigma"
            ],
            "id": "900228"
          },
          "decoder": {
            "name": "windows_eventchannel"
          },
          "input": {
            "type": "log"
          },
          "@timestamp": "2024-07-12T10:01:38.972Z",
          "location": "EventChannel",
          "id": "1720778498.104220088",
          "timestamp": "2024-07-12T12:01:38.972+0200"
        }
      },
      {
        "_index": "wazuh-alerts-4.x-2024.07.12",
        "_id": "E7NkppABLu9BFc0MK0Bj",
        "_score": 2.0,
        "_source": {
          "agent": {
            "ip": "134.23.4.46",
            "name": "rootca",
            "id": "027"
          },
          "manager": {
            "name": "wazuh"
          },
          "data": {
            "win": {
              "eventdata": {
                "image": "c:\\\\temp\\\\l_test.exe",
                "processGuid": "{A1EEDE99-FF01-6690-7006-000000000F00}",
                "processId": "2676",
                "utcTime": "2024-07-12 10:01:37.717",
                "targetFilename": "C:\\\\Windows\\\\Temp\\\\_MEI26762\\\\libssl-1_1.dll",
                "ruleName": "DLL",
                "creationUtcTime": "2024-07-12 10:01:37.717",
                "user": "NT AUTHORITY\\\\SYSTEM"
              },
              "system": {
                "eventID": "11",
                "keywords": "0x8000000000000000",
                "providerGuid": "{5770385F-C22A-43E0-BF4C-06F5698FFBD9}",
                "level": "4",
                "channel": "Microsoft-Windows-Sysmon/Operational",
                "opcode": "0",
                "message": "\"File created:\r\nRuleName: DLL\r\nUtcTime: 2024-07-12 10:01:37.717\r\nProcessGuid: {A1EEDE99-FF01-6690-7006-000000000F00}\r\nProcessId: 2676\r\nImage: c:\\temp\\l_test.exe\r\nTargetFilename: C:\\Windows\\Temp\\_MEI26762\\libssl-1_1.dll\r\nCreationUtcTime: 2024-07-12 10:01:37.717\r\nUser: NT AUTHORITY\\SYSTEM\"",
                "version": "2",
                "systemTime": "2024-07-12T10:01:37.722359000Z",
                "eventRecordID": "2765",
                "threadID": "2360",
                "computer": "rootca.tyrdemo.se",
                "task": "11",
                "processID": "1688",
                "severityValue": "INFORMATION",
                "providerName": "Microsoft-Windows-Sysmon"
              }
            }
          },
          "rule": {
            "firedtimes": 232,
            "mail": true,
            "level": 13,
            "description": "Unsigned Binary Loaded From Suspicious Location",
            "groups": [
              "sigma"
            ],
            "id": "900228"
          },
          "decoder": {
            "name": "windows_eventchannel"
          },
          "input": {
            "type": "log"
          },
          "@timestamp": "2024-07-12T10:01:38.984Z",
          "location": "EventChannel",
          "id": "1720778498.104222580",
          "timestamp": "2024-07-12T12:01:38.984+0200"
        }
      },
      {
        "_index": "wazuh-alerts-4.x-2024.07.12",
        "_id": "FrNkppABLu9BFc0MK0Bj",
        "_score": 2.0,
        "_source": {
          "agent": {
            "ip": "134.23.4.46",
            "name": "rootca",
            "id": "027"
          },
          "manager": {
            "name": "wazuh"
          },
          "data": {
            "win": {
              "eventdata": {
                "image": "c:\\\\temp\\\\l_test.exe",
                "processGuid": "{A1EEDE99-FF01-6690-7006-000000000F00}",
                "processId": "2676",
                "utcTime": "2024-07-12 10:01:37.795",
                "targetFilename": "C:\\\\Windows\\\\Temp\\\\_MEI26762\\\\ucrtbase.dll",
                "ruleName": "DLL",
                "creationUtcTime": "2024-07-12 10:01:37.795",
                "user": "NT AUTHORITY\\\\SYSTEM"
              },
              "system": {
                "eventID": "11",
                "keywords": "0x8000000000000000",
                "providerGuid": "{5770385F-C22A-43E0-BF4C-06F5698FFBD9}",
                "level": "4",
                "channel": "Microsoft-Windows-Sysmon/Operational",
                "opcode": "0",
                "message": "\"File created:\r\nRuleName: DLL\r\nUtcTime: 2024-07-12 10:01:37.795\r\nProcessGuid: {A1EEDE99-FF01-6690-7006-000000000F00}\r\nProcessId: 2676\r\nImage: c:\\temp\\l_test.exe\r\nTargetFilename: C:\\Windows\\Temp\\_MEI26762\\ucrtbase.dll\r\nCreationUtcTime: 2024-07-12 10:01:37.795\r\nUser: NT AUTHORITY\\SYSTEM\"",
                "version": "2",
                "systemTime": "2024-07-12T10:01:37.800194200Z",
                "eventRecordID": "2770",
                "threadID": "2360",
                "computer": "rootca.tyrdemo.se",
                "task": "11",
                "processID": "1688",
                "severityValue": "INFORMATION",
                "providerName": "Microsoft-Windows-Sysmon"
              }
            }
          },
          "rule": {
            "firedtimes": 235,
            "mail": true,
            "level": 13,
            "description": "Unsigned Binary Loaded From Suspicious Location",
            "groups": [
              "sigma"
            ],
            "id": "900228"
          },
          "decoder": {
            "name": "windows_eventchannel"
          },
          "input": {
            "type": "log"
          },
          "@timestamp": "2024-07-12T10:01:39.062Z",
          "location": "EventChannel",
          "id": "1720778499.104230004",
          "timestamp": "2024-07-12T12:01:39.062+0200"
        }
      },
      {
        "_index": "wazuh-alerts-4.x-2024.07.12",
        "_id": "4LNkppABLu9BFc0MJz9-",
        "_score": 2.0,
        "_source": {
          "agent": {
            "ip": "134.23.4.46",
            "name": "rootca",
            "id": "027"
          },
          "manager": {
            "name": "wazuh"
          },
          "data": {
            "win": {
              "eventdata": {
                "image": "c:\\\\temp\\\\l_test.exe",
                "processGuid": "{A1EEDE99-FF01-6690-7006-000000000F00}",
                "processId": "2676",
                "utcTime": "2024-07-12 10:01:37.561",
                "targetFilename": "C:\\\\Windows\\\\Temp\\\\_MEI26762\\\\api-ms-win-core-handle-l1-1-0.dll",
                "ruleName": "DLL",
                "creationUtcTime": "2024-07-12 10:01:37.561",
                "user": "NT AUTHORITY\\\\SYSTEM"
              },
              "system": {
                "eventID": "11",
                "keywords": "0x8000000000000000",
                "providerGuid": "{5770385F-C22A-43E0-BF4C-06F5698FFBD9}",
                "level": "4",
                "channel": "Microsoft-Windows-Sysmon/Operational",
                "opcode": "0",
                "message": "\"File created:\r\nRuleName: DLL\r\nUtcTime: 2024-07-12 10:01:37.561\r\nProcessGuid: {A1EEDE99-FF01-6690-7006-000000000F00}\r\nProcessId: 2676\r\nImage: c:\\temp\\l_test.exe\r\nTargetFilename: C:\\Windows\\Temp\\_MEI26762\\api-ms-win-core-handle-l1-1-0.dll\r\nCreationUtcTime: 2024-07-12 10:01:37.561\r\nUser: NT AUTHORITY\\SYSTEM\"",
                "version": "2",
                "systemTime": "2024-07-12T10:01:37.570592000Z",
                "eventRecordID": "2733",
                "threadID": "2360",
                "computer": "rootca.tyrdemo.se",
                "task": "11",
                "processID": "1688",
                "severityValue": "INFORMATION",
                "providerName": "Microsoft-Windows-Sysmon"
              }
            }
          },
          "rule": {
            "firedtimes": 200,
            "mail": true,
            "level": 13,
            "description": "Unsigned Binary Loaded From Suspicious Location",
            "groups": [
              "sigma"
            ],
            "id": "900228"
          },
          "decoder": {
            "name": "windows_eventchannel"
          },
          "input": {
            "type": "log"
          },
          "@timestamp": "2024-07-12T10:01:38.391Z",
          "location": "EventChannel",
          "id": "1720778498.104129701",
          "timestamp": "2024-07-12T12:01:38.391+0200"
        }
      },
      {
        "_index": "wazuh-alerts-4.x-2024.07.12",
        "_id": "4bNkppABLu9BFc0MJz9-",
        "_score": 2.0,
        "_source": {
          "agent": {
            "ip": "134.23.4.46",
            "name": "rootca",
            "id": "027"
          },
          "manager": {
            "name": "wazuh"
          },
          "data": {
            "win": {
              "eventdata": {
                "image": "c:\\\\temp\\\\l_test.exe",
                "processGuid": "{A1EEDE99-FF01-6690-7006-000000000F00}",
                "processId": "2676",
                "utcTime": "2024-07-12 10:01:37.561",
                "targetFilename": "C:\\\\Windows\\\\Temp\\\\_MEI26762\\\\api-ms-win-core-heap-l1-1-0.dll",
                "ruleName": "DLL",
                "creationUtcTime": "2024-07-12 10:01:37.561",
                "user": "NT AUTHORITY\\\\SYSTEM"
              },
              "system": {
                "eventID": "11",
                "keywords": "0x8000000000000000",
                "providerGuid": "{5770385F-C22A-43E0-BF4C-06F5698FFBD9}",
                "level": "4",
                "channel": "Microsoft-Windows-Sysmon/Operational",
                "opcode": "0",
                "message": "\"File created:\r\nRuleName: DLL\r\nUtcTime: 2024-07-12 10:01:37.561\r\nProcessGuid: {A1EEDE99-FF01-6690-7006-000000000F00}\r\nProcessId: 2676\r\nImage: c:\\temp\\l_test.exe\r\nTargetFilename: C:\\Windows\\Temp\\_MEI26762\\api-ms-win-core-heap-l1-1-0.dll\r\nCreationUtcTime: 2024-07-12 10:01:37.561\r\nUser: NT AUTHORITY\\SYSTEM\"",
                "version": "2",
                "systemTime": "2024-07-12T10:01:37.574530800Z",
                "eventRecordID": "2734",
                "threadID": "2360",
                "computer": "rootca.tyrdemo.se",
                "task": "11",
                "processID": "1688",
                "severityValue": "INFORMATION",
                "providerName": "Microsoft-Windows-Sysmon"
              }
            }
          },
          "rule": {
            "firedtimes": 201,
            "mail": true,
            "level": 13,
            "description": "Unsigned Binary Loaded From Suspicious Location",
            "groups": [
              "sigma"
            ],
            "id": "900228"
          },
          "decoder": {
            "name": "windows_eventchannel"
          },
          "input": {
            "type": "log"
          },
          "@timestamp": "2024-07-12T10:01:38.407Z",
          "location": "EventChannel",
          "id": "1720778498.104132257",
          "timestamp": "2024-07-12T12:01:38.407+0200"
        }
      },
      {
        "_index": "wazuh-alerts-4.x-2024.07.12",
        "_id": "7LNkppABLu9BFc0MJz9-",
        "_score": 2.0,
        "_source": {
          "agent": {
            "ip": "134.23.4.46",
            "name": "rootca",
            "id": "027"
          },
          "manager": {
            "name": "wazuh"
          },
          "data": {
            "win": {
              "eventdata": {
                "image": "c:\\\\temp\\\\l_test.exe",
                "processGuid": "{A1EEDE99-FF01-6690-7006-000000000F00}",
                "processId": "2676",
                "utcTime": "2024-07-12 10:01:37.608",
                "targetFilename": "C:\\\\Windows\\\\Temp\\\\_MEI26762\\\\api-ms-win-core-string-l1-1-0.dll",
                "ruleName": "DLL",
                "creationUtcTime": "2024-07-12 10:01:37.608",
                "user": "NT AUTHORITY\\\\SYSTEM"
              },
              "system": {
                "eventID": "11",
                "keywords": "0x8000000000000000",
                "providerGuid": "{5770385F-C22A-43E0-BF4C-06F5698FFBD9}",
                "level": "4",
                "channel": "Microsoft-Windows-Sysmon/Operational",
                "opcode": "0",
                "message": "\"File created:\r\nRuleName: DLL\r\nUtcTime: 2024-07-12 10:01:37.608\r\nProcessGuid: {A1EEDE99-FF01-6690-7006-000000000F00}\r\nProcessId: 2676\r\nImage: c:\\temp\\l_test.exe\r\nTargetFilename: C:\\Windows\\Temp\\_MEI26762\\api-ms-win-core-string-l1-1-0.dll\r\nCreationUtcTime: 2024-07-12 10:01:37.608\r\nUser: NT AUTHORITY\\SYSTEM\"",
                "version": "2",
                "systemTime": "2024-07-12T10:01:37.620381000Z",
                "eventRecordID": "2745",
                "threadID": "2360",
                "computer": "rootca.tyrdemo.se",
                "task": "11",
                "processID": "1688",
                "severityValue": "INFORMATION",
                "providerName": "Microsoft-Windows-Sysmon"
              }
            }
          },
          "rule": {
            "firedtimes": 212,
            "mail": true,
            "level": 13,
            "description": "Unsigned Binary Loaded From Suspicious Location",
            "groups": [
              "sigma"
            ],
            "id": "900228"
          },
          "decoder": {
            "name": "windows_eventchannel"
          },
          "input": {
            "type": "log"
          },
          "@timestamp": "2024-07-12T10:01:38.610Z",
          "location": "EventChannel",
          "id": "1720778498.104160581",
          "timestamp": "2024-07-12T12:01:38.610+0200"
        }
      },
      {
        "_index": "wazuh-alerts-4.x-2024.07.12",
        "_id": "7bNkppABLu9BFc0MJz9-",
        "_score": 2.0,
        "_source": {
          "agent": {
            "ip": "134.23.4.46",
            "name": "rootca",
            "id": "027"
          },
          "manager": {
            "name": "wazuh"
          },
          "data": {
            "win": {
              "eventdata": {
                "image": "c:\\\\temp\\\\l_test.exe",
                "processGuid": "{A1EEDE99-FF01-6690-7006-000000000F00}",
                "processId": "2676",
                "utcTime": "2024-07-12 10:01:37.624",
                "targetFilename": "C:\\\\Windows\\\\Temp\\\\_MEI26762\\\\api-ms-win-core-synch-l1-1-0.dll",
                "ruleName": "DLL",
                "creationUtcTime": "2024-07-12 10:01:37.624",
                "user": "NT AUTHORITY\\\\SYSTEM"
              },
              "system": {
                "eventID": "11",
                "keywords": "0x8000000000000000",
                "providerGuid": "{5770385F-C22A-43E0-BF4C-06F5698FFBD9}",
                "level": "4",
                "channel": "Microsoft-Windows-Sysmon/Operational",
                "opcode": "0",
                "message": "\"File created:\r\nRuleName: DLL\r\nUtcTime: 2024-07-12 10:01:37.624\r\nProcessGuid: {A1EEDE99-FF01-6690-7006-000000000F00}\r\nProcessId: 2676\r\nImage: c:\\temp\\l_test.exe\r\nTargetFilename: C:\\Windows\\Temp\\_MEI26762\\api-ms-win-core-synch-l1-1-0.dll\r\nCreationUtcTime: 2024-07-12 10:01:37.624\r\nUser: NT AUTHORITY\\SYSTEM\"",
                "version": "2",
                "systemTime": "2024-07-12T10:01:37.624458400Z",
                "eventRecordID": "2746",
                "threadID": "2360",
                "computer": "rootca.tyrdemo.se",
                "task": "11",
                "processID": "1688",
                "severityValue": "INFORMATION",
                "providerName": "Microsoft-Windows-Sysmon"
              }
            }
          },
          "rule": {
            "firedtimes": 213,
            "mail": true,
            "level": 13,
            "description": "Unsigned Binary Loaded From Suspicious Location",
            "groups": [
              "sigma"
            ],
            "id": "900228"
          },
          "decoder": {
            "name": "windows_eventchannel"
          },
          "input": {
            "type": "log"
          },
          "@timestamp": "2024-07-12T10:01:38.610Z",
          "location": "EventChannel",
          "id": "1720778498.104163137",
          "timestamp": "2024-07-12T12:01:38.610+0200"
        }
      },
      {
        "_index": "wazuh-alerts-4.x-2024.07.12",
        "_id": "77NkppABLu9BFc0MJz9-",
        "_score": 2.0,
        "_source": {
          "agent": {
            "ip": "134.23.4.46",
            "name": "rootca",
            "id": "027"
          },
          "manager": {
            "name": "wazuh"
          },
          "data": {
            "win": {
              "eventdata": {
                "image": "c:\\\\temp\\\\l_test.exe",
                "processGuid": "{A1EEDE99-FF01-6690-7006-000000000F00}",
                "processId": "2676",
                "utcTime": "2024-07-12 10:01:37.624",
                "targetFilename": "C:\\\\Windows\\\\Temp\\\\_MEI26762\\\\api-ms-win-core-sysinfo-l1-1-0.dll",
                "ruleName": "DLL",
                "creationUtcTime": "2024-07-12 10:01:37.624",
                "user": "NT AUTHORITY\\\\SYSTEM"
              },
              "system": {
                "eventID": "11",
                "keywords": "0x8000000000000000",
                "providerGuid": "{5770385F-C22A-43E0-BF4C-06F5698FFBD9}",
                "level": "4",
                "channel": "Microsoft-Windows-Sysmon/Operational",
                "opcode": "0",
                "message": "\"File created:\r\nRuleName: DLL\r\nUtcTime: 2024-07-12 10:01:37.624\r\nProcessGuid: {A1EEDE99-FF01-6690-7006-000000000F00}\r\nProcessId: 2676\r\nImage: c:\\temp\\l_test.exe\r\nTargetFilename: C:\\Windows\\Temp\\_MEI26762\\api-ms-win-core-sysinfo-l1-1-0.dll\r\nCreationUtcTime: 2024-07-12 10:01:37.624\r\nUser: NT AUTHORITY\\SYSTEM\"",
                "version": "2",
                "systemTime": "2024-07-12T10:01:37.632742700Z",
                "eventRecordID": "2748",
                "threadID": "2360",
                "computer": "rootca.tyrdemo.se",
                "task": "11",
                "processID": "1688",
                "severityValue": "INFORMATION",
                "providerName": "Microsoft-Windows-Sysmon"
              }
            }
          },
          "rule": {
            "firedtimes": 215,
            "mail": true,
            "level": 13,
            "description": "Unsigned Binary Loaded From Suspicious Location",
            "groups": [
              "sigma"
            ],
            "id": "900228"
          },
          "decoder": {
            "name": "windows_eventchannel"
          },
          "input": {
            "type": "log"
          },
          "@timestamp": "2024-07-12T10:01:38.656Z",
          "location": "EventChannel",
          "id": "1720778498.104168241",
          "timestamp": "2024-07-12T12:01:38.656+0200"
        }
      },
      {
        "_index": "wazuh-alerts-4.x-2024.07.12",
        "_id": "8bNkppABLu9BFc0MJz9-",
        "_score": 2.0,
        "_source": {
          "agent": {
            "ip": "134.23.4.46",
            "name": "rootca",
            "id": "027"
          },
          "manager": {
            "name": "wazuh"
          },
          "data": {
            "win": {
              "eventdata": {
                "image": "c:\\\\temp\\\\l_test.exe",
                "processGuid": "{A1EEDE99-FF01-6690-7006-000000000F00}",
                "processId": "2676",
                "utcTime": "2024-07-12 10:01:37.639",
                "targetFilename": "C:\\\\Windows\\\\Temp\\\\_MEI26762\\\\api-ms-win-core-util-l1-1-0.dll",
                "ruleName": "DLL",
                "creationUtcTime": "2024-07-12 10:01:37.639",
                "user": "NT AUTHORITY\\\\SYSTEM"
              },
              "system": {
                "eventID": "11",
                "keywords": "0x8000000000000000",
                "providerGuid": "{5770385F-C22A-43E0-BF4C-06F5698FFBD9}",
                "level": "4",
                "channel": "Microsoft-Windows-Sysmon/Operational",
                "opcode": "0",
                "message": "\"File created:\r\nRuleName: DLL\r\nUtcTime: 2024-07-12 10:01:37.639\r\nProcessGuid: {A1EEDE99-FF01-6690-7006-000000000F00}\r\nProcessId: 2676\r\nImage: c:\\temp\\l_test.exe\r\nTargetFilename: C:\\Windows\\Temp\\_MEI26762\\api-ms-win-core-util-l1-1-0.dll\r\nCreationUtcTime: 2024-07-12 10:01:37.639\r\nUser: NT AUTHORITY\\SYSTEM\"",
                "version": "2",
                "systemTime": "2024-07-12T10:01:37.641340000Z",
                "eventRecordID": "2750",
                "threadID": "2360",
                "computer": "rootca.tyrdemo.se",
                "task": "11",
                "processID": "1688",
                "severityValue": "INFORMATION",
                "providerName": "Microsoft-Windows-Sysmon"
              }
            }
          },
          "rule": {
            "firedtimes": 217,
            "mail": true,
            "level": 13,
            "description": "Unsigned Binary Loaded From Suspicious Location",
            "groups": [
              "sigma"
            ],
            "id": "900228"
          },
          "decoder": {
            "name": "windows_eventchannel"
          },
          "input": {
            "type": "log"
          },
          "@timestamp": "2024-07-12T10:01:38.720Z",
          "location": "EventChannel",
          "id": "1720778498.104173365",
          "timestamp": "2024-07-12T12:01:38.720+0200"
        }
      },
      {
        "_index": "wazuh-alerts-4.x-2024.07.12",
        "_id": "AbNkppABLu9BFc0MJ0B-",
        "_score": 2.0,
        "_source": {
          "agent": {
            "ip": "134.23.4.46",
            "name": "rootca",
            "id": "027"
          },
          "manager": {
            "name": "wazuh"
          },
          "data": {
            "win": {
              "eventdata": {
                "image": "c:\\\\temp\\\\l_test.exe",
                "processGuid": "{A1EEDE99-FF01-6690-7006-000000000F00}",
                "processId": "2676",
                "utcTime": "2024-07-12 10:01:37.655",
                "targetFilename": "C:\\\\Windows\\\\Temp\\\\_MEI26762\\\\api-ms-win-crt-math-l1-1-0.dll",
                "ruleName": "DLL",
                "creationUtcTime": "2024-07-12 10:01:37.655",
                "user": "NT AUTHORITY\\\\SYSTEM"
              },
              "system": {
                "eventID": "11",
                "keywords": "0x8000000000000000",
                "providerGuid": "{5770385F-C22A-43E0-BF4C-06F5698FFBD9}",
                "level": "4",
                "channel": "Microsoft-Windows-Sysmon/Operational",
                "opcode": "0",
                "message": "\"File created:\r\nRuleName: DLL\r\nUtcTime: 2024-07-12 10:01:37.655\r\nProcessGuid: {A1EEDE99-FF01-6690-7006-000000000F00}\r\nProcessId: 2676\r\nImage: c:\\temp\\l_test.exe\r\nTargetFilename: C:\\Windows\\Temp\\_MEI26762\\api-ms-win-crt-math-l1-1-0.dll\r\nCreationUtcTime: 2024-07-12 10:01:37.655\r\nUser: NT AUTHORITY\\SYSTEM\"",
                "version": "2",
                "systemTime": "2024-07-12T10:01:37.670726600Z",
                "eventRecordID": "2757",
                "threadID": "2360",
                "computer": "rootca.tyrdemo.se",
                "task": "11",
                "processID": "1688",
                "severityValue": "INFORMATION",
                "providerName": "Microsoft-Windows-Sysmon"
              }
            }
          },
          "rule": {
            "firedtimes": 224,
            "mail": true,
            "level": 13,
            "description": "Unsigned Binary Loaded From Suspicious Location",
            "groups": [
              "sigma"
            ],
            "id": "900228"
          },
          "decoder": {
            "name": "windows_eventchannel"
          },
          "input": {
            "type": "log"
          },
          "@timestamp": "2024-07-12T10:01:38.844Z",
          "location": "EventChannel",
          "id": "1720778498.104196957",
          "timestamp": "2024-07-12T12:01:38.844+0200"
        }
      },
      {
        "_index": "wazuh-alerts-4.x-2024.07.12",
        "_id": "B7NkppABLu9BFc0MJ0B-",
        "_score": 2.0,
        "_source": {
          "agent": {
            "ip": "134.23.4.46",
            "name": "rootca",
            "id": "027"
          },
          "manager": {
            "name": "wazuh"
          },
          "data": {
            "win": {
              "eventdata": {
                "image": "c:\\\\temp\\\\l_test.exe",
                "processGuid": "{A1EEDE99-FF01-6690-7006-000000000F00}",
                "processId": "2676",
                "utcTime": "2024-07-12 10:01:37.670",
                "targetFilename": "C:\\\\Windows\\\\Temp\\\\_MEI26762\\\\api-ms-win-crt-runtime-l1-1-0.dll",
                "ruleName": "DLL",
                "creationUtcTime": "2024-07-12 10:01:37.670",
                "user": "NT AUTHORITY\\\\SYSTEM"
              },
              "system": {
                "eventID": "11",
                "keywords": "0x8000000000000000",
                "providerGuid": "{5770385F-C22A-43E0-BF4C-06F5698FFBD9}",
                "level": "4",
                "channel": "Microsoft-Windows-Sysmon/Operational",
                "opcode": "0",
                "message": "\"File created:\r\nRuleName: DLL\r\nUtcTime: 2024-07-12 10:01:37.670\r\nProcessGuid: {A1EEDE99-FF01-6690-7006-000000000F00}\r\nProcessId: 2676\r\nImage: c:\\temp\\l_test.exe\r\nTargetFilename: C:\\Windows\\Temp\\_MEI26762\\api-ms-win-crt-runtime-l1-1-0.dll\r\nCreationUtcTime: 2024-07-12 10:01:37.670\r\nUser: NT AUTHORITY\\SYSTEM\"",
                "version": "2",
                "systemTime": "2024-07-12T10:01:37.678862800Z",
                "eventRecordID": "2759",
                "threadID": "2360",
                "computer": "rootca.tyrdemo.se",
                "task": "11",
                "processID": "1688",
                "severityValue": "INFORMATION",
                "providerName": "Microsoft-Windows-Sysmon"
              }
            }
          },
          "rule": {
            "firedtimes": 225,
            "mail": true,
            "level": 13,
            "description": "Unsigned Binary Loaded From Suspicious Location",
            "groups": [
              "sigma"
            ],
            "id": "900228"
          },
          "decoder": {
            "name": "windows_eventchannel"
          },
          "input": {
            "type": "log"
          },
          "@timestamp": "2024-07-12T10:01:38.875Z",
          "location": "EventChannel",
          "id": "1720778498.104202158",
          "timestamp": "2024-07-12T12:01:38.875+0200"
        }
      },
      {
        "_index": "wazuh-alerts-4.x-2024.07.12",
        "_id": "DrNkppABLu9BFc0MK0Bj",
        "_score": 2.0,
        "_source": {
          "agent": {
            "ip": "134.23.4.46",
            "name": "rootca",
            "id": "027"
          },
          "manager": {
            "name": "wazuh"
          },
          "data": {
            "win": {
              "eventdata": {
                "image": "c:\\\\temp\\\\l_test.exe",
                "processGuid": "{A1EEDE99-FF01-6690-7006-000000000F00}",
                "processId": "2676",
                "utcTime": "2024-07-12 10:01:37.686",
                "targetFilename": "C:\\\\Windows\\\\Temp\\\\_MEI26762\\\\api-ms-win-crt-string-l1-1-0.dll",
                "ruleName": "DLL",
                "creationUtcTime": "2024-07-12 10:01:37.686",
                "user": "NT AUTHORITY\\\\SYSTEM"
              },
              "system": {
                "eventID": "11",
                "keywords": "0x8000000000000000",
                "providerGuid": "{5770385F-C22A-43E0-BF4C-06F5698FFBD9}",
                "level": "4",
                "channel": "Microsoft-Windows-Sysmon/Operational",
                "opcode": "0",
                "message": "\"File created:\r\nRuleName: DLL\r\nUtcTime: 2024-07-12 10:01:37.686\r\nProcessGuid: {A1EEDE99-FF01-6690-7006-000000000F00}\r\nProcessId: 2676\r\nImage: c:\\temp\\l_test.exe\r\nTargetFilename: C:\\Windows\\Temp\\_MEI26762\\api-ms-win-crt-string-l1-1-0.dll\r\nCreationUtcTime: 2024-07-12 10:01:37.686\r\nUser: NT AUTHORITY\\SYSTEM\"",
                "version": "2",
                "systemTime": "2024-07-12T10:01:37.687265000Z",
                "eventRecordID": "2761",
                "threadID": "2360",
                "computer": "rootca.tyrdemo.se",
                "task": "11",
                "processID": "1688",
                "severityValue": "INFORMATION",
                "providerName": "Microsoft-Windows-Sysmon"
              }
            }
          },
          "rule": {
            "firedtimes": 228,
            "mail": true,
            "level": 13,
            "description": "Unsigned Binary Loaded From Suspicious Location",
            "groups": [
              "sigma"
            ],
            "id": "900228"
          },
          "decoder": {
            "name": "windows_eventchannel"
          },
          "input": {
            "type": "log"
          },
          "@timestamp": "2024-07-12T10:01:38.922Z",
          "location": "EventChannel",
          "id": "1720778498.104211897",
          "timestamp": "2024-07-12T12:01:38.922+0200"
        }
      },
      {
        "_index": "wazuh-alerts-4.x-2024.07.12",
        "_id": "FbNkppABLu9BFc0MK0Bj",
        "_score": 2.0,
        "_source": {
          "agent": {
            "ip": "134.23.4.46",
            "name": "rootca",
            "id": "027"
          },
          "manager": {
            "name": "wazuh"
          },
          "data": {
            "win": {
              "eventdata": {
                "image": "c:\\\\temp\\\\l_test.exe",
                "processGuid": "{A1EEDE99-FF01-6690-7006-000000000F00}",
                "processId": "2676",
                "utcTime": "2024-07-12 10:01:37.732",
                "targetFilename": "C:\\\\Windows\\\\Temp\\\\_MEI26762\\\\msvcp100.dll",
                "ruleName": "DLL",
                "creationUtcTime": "2024-07-12 10:01:37.732",
                "user": "NT AUTHORITY\\\\SYSTEM"
              },
              "system": {
                "eventID": "11",
                "keywords": "0x8000000000000000",
                "providerGuid": "{5770385F-C22A-43E0-BF4C-06F5698FFBD9}",
                "level": "4",
                "channel": "Microsoft-Windows-Sysmon/Operational",
                "opcode": "0",
                "message": "\"File created:\r\nRuleName: DLL\r\nUtcTime: 2024-07-12 10:01:37.732\r\nProcessGuid: {A1EEDE99-FF01-6690-7006-000000000F00}\r\nProcessId: 2676\r\nImage: c:\\temp\\l_test.exe\r\nTargetFilename: C:\\Windows\\Temp\\_MEI26762\\msvcp100.dll\r\nCreationUtcTime: 2024-07-12 10:01:37.732\r\nUser: NT AUTHORITY\\SYSTEM\"",
                "version": "2",
                "systemTime": "2024-07-12T10:01:37.736429000Z",
                "eventRecordID": "2766",
                "threadID": "2360",
                "computer": "rootca.tyrdemo.se",
                "task": "11",
                "processID": "1688",
                "severityValue": "INFORMATION",
                "providerName": "Microsoft-Windows-Sysmon"
              }
            }
          },
          "rule": {
            "firedtimes": 234,
            "mail": true,
            "level": 13,
            "description": "Unsigned Binary Loaded From Suspicious Location",
            "groups": [
              "sigma"
            ],
            "id": "900228"
          },
          "decoder": {
            "name": "windows_eventchannel"
          },
          "input": {
            "type": "log"
          },
          "@timestamp": "2024-07-12T10:01:39.029Z",
          "location": "EventChannel",
          "id": "1720778499.104227532",
          "timestamp": "2024-07-12T12:01:39.029+0200"
        }
      },
      {
        "_index": "wazuh-alerts-4.x-2024.07.12",
        "_id": "F7NkppABLu9BFc0MK0Bj",
        "_score": 2.0,
        "_source": {
          "agent": {
            "ip": "134.23.4.46",
            "name": "rootca",
            "id": "027"
          },
          "manager": {
            "name": "wazuh"
          },
          "data": {
            "win": {
              "eventdata": {
                "image": "c:\\\\temp\\\\l_test.exe",
                "processGuid": "{A1EEDE99-FF01-6690-7006-000000000F00}",
                "processId": "2676",
                "utcTime": "2024-07-12 10:01:37.764",
                "targetFilename": "C:\\\\Windows\\\\Temp\\\\_MEI26762\\\\python37.dll",
                "ruleName": "DLL",
                "creationUtcTime": "2024-07-12 10:01:37.764",
                "user": "NT AUTHORITY\\\\SYSTEM"
              },
              "system": {
                "eventID": "11",
                "keywords": "0x8000000000000000",
                "providerGuid": "{5770385F-C22A-43E0-BF4C-06F5698FFBD9}",
                "level": "4",
                "channel": "Microsoft-Windows-Sysmon/Operational",
                "opcode": "0",
                "message": "\"File created:\r\nRuleName: DLL\r\nUtcTime: 2024-07-12 10:01:37.764\r\nProcessGuid: {A1EEDE99-FF01-6690-7006-000000000F00}\r\nProcessId: 2676\r\nImage: c:\\temp\\l_test.exe\r\nTargetFilename: C:\\Windows\\Temp\\_MEI26762\\python37.dll\r\nCreationUtcTime: 2024-07-12 10:01:37.764\r\nUser: NT AUTHORITY\\SYSTEM\"",
                "version": "2",
                "systemTime": "2024-07-12T10:01:37.768743100Z",
                "eventRecordID": "2768",
                "threadID": "2360",
                "computer": "rootca.tyrdemo.se",
                "task": "11",
                "processID": "1688",
                "severityValue": "INFORMATION",
                "providerName": "Microsoft-Windows-Sysmon"
              }
            }
          },
          "rule": {
            "firedtimes": 236,
            "mail": true,
            "level": 13,
            "description": "Unsigned Binary Loaded From Suspicious Location",
            "groups": [
              "sigma"
            ],
            "id": "900228"
          },
          "decoder": {
            "name": "windows_eventchannel"
          },
          "input": {
            "type": "log"
          },
          "@timestamp": "2024-07-12T10:01:39.062Z",
          "location": "EventChannel",
          "id": "1720778499.104232476",
          "timestamp": "2024-07-12T12:01:39.062+0200"
        }
      },
      {
        "_index": "wazuh-alerts-4.x-2024.07.12",
        "_id": "GbNkppABLu9BFc0MK0Bj",
        "_score": 2.0,
        "_source": {
          "agent": {
            "ip": "134.23.4.46",
            "name": "rootca",
            "id": "027"
          },
          "manager": {
            "name": "wazuh"
          },
          "data": {
            "win": {
              "eventdata": {
                "originalFileName": "reg.exe",
                "image": "C:\\\\Windows\\\\System32\\\\reg.exe",
                "product": "Microsoft\u00ae Windows\u00ae Operating System",
                "parentProcessGuid": "{A1EEDE99-FF02-6690-7306-000000000F00}",
                "description": "Registry Console Tool",
                "logonGuid": "{A1EEDE99-82F7-668F-E703-000000000000}",
                "parentCommandLine": "cmd.exe /c \\\"reg.exe save hklm\\\\sam C:\\\\Windows\\\\TEMP\\\\tehbpuxadc\\\"",
                "processGuid": "{A1EEDE99-FF02-6690-7406-000000000F00}",
                "logonId": "0x3e7",
                "parentProcessId": "2804",
                "processId": "3944",
                "currentDirectory": "C:\\\\Windows\\\\system32\\\\",
                "utcTime": "2024-07-12 10:01:38.089",
                "hashes": "MD5=59A22FA6CF85026BB6BC69A1ADD75C50,SHA256=9E28034CE3AEEA6951F790F8997DF44CFBF80BEFF9FB17413DBA317016A716AD,IMPHASH=EE7EB7FA7D163340753B7223ADA14352",
                "parentImage": "C:\\\\Windows\\\\System32\\\\cmd.exe",
                "company": "Microsoft Corporation",
                "commandLine": "reg.exe  save hklm\\\\sam C:\\\\Windows\\\\TEMP\\\\tehbpuxadc",
                "integrityLevel": "System",
                "fileVersion": "10.0.14393.0 (rs1_release.160715-1616)",
                "user": "NT AUTHORITY\\\\SYSTEM",
                "terminalSessionId": "0",
                "parentUser": "NT AUTHORITY\\\\SYSTEM"
              },
              "system": {
                "eventID": "1",
                "keywords": "0x8000000000000000",
                "providerGuid": "{5770385F-C22A-43E0-BF4C-06F5698FFBD9}",
                "level": "4",
                "channel": "Microsoft-Windows-Sysmon/Operational",
                "opcode": "0",
                "message": "\"Process Create:\r\nRuleName: -\r\nUtcTime: 2024-07-12 10:01:38.089\r\nProcessGuid: {A1EEDE99-FF02-6690-7406-000000000F00}\r\nProcessId: 3944\r\nImage: C:\\Windows\\System32\\reg.exe\r\nFileVersion: 10.0.14393.0 (rs1_release.160715-1616)\r\nDescription: Registry Console Tool\r\nProduct: Microsoft\u00ae Windows\u00ae Operating System\r\nCompany: Microsoft Corporation\r\nOriginalFileName: reg.exe\r\nCommandLine: reg.exe  save hklm\\sam C:\\Windows\\TEMP\\tehbpuxadc\r\nCurrentDirectory: C:\\Windows\\system32\\\r\nUser: NT AUTHORITY\\SYSTEM\r\nLogonGuid: {A1EEDE99-82F7-668F-E703-000000000000}\r\nLogonId: 0x3E7\r\nTerminalSessionId: 0\r\nIntegrityLevel: System\r\nHashes: MD5=59A22FA6CF85026BB6BC69A1ADD75C50,SHA256=9E28034CE3AEEA6951F790F8997DF44CFBF80BEFF9FB17413DBA317016A716AD,IMPHASH=EE7EB7FA7D163340753B7223ADA14352\r\nParentProcessGuid: {A1EEDE99-FF02-6690-7306-000000000F00}\r\nParentProcessId: 2804\r\nParentImage: C:\\Windows\\System32\\cmd.exe\r\nParentCommandLine: cmd.exe /c \"reg.exe save hklm\\sam C:\\Windows\\TEMP\\tehbpuxadc\"\r\nParentUser: NT AUTHORITY\\SYSTEM\"",
                "version": "5",
                "systemTime": "2024-07-12T10:01:38.089648800Z",
                "eventRecordID": "2773",
                "threadID": "2360",
                "computer": "rootca.tyrdemo.se",
                "task": "1",
                "processID": "1688",
                "severityValue": "INFORMATION",
                "providerName": "Microsoft-Windows-Sysmon"
              }
            }
          },
          "rule": {
            "firedtimes": 5,
            "mail": true,
            "level": 14,
            "description": "Reg.exe used to dump SAM hive",
            "groups": [
              "sysmon",
              "sysmon_eid1_detections",
              "windows"
            ],
            "mitre": {
              "technique": [
                "Security Account Manager"
              ],
              "id": [
                "T1003.002"
              ],
              "tactic": [
                "Credential Access"
              ]
            },
            "id": "92026"
          },
          "decoder": {
            "name": "windows_eventchannel"
          },
          "input": {
            "type": "log"
          },
          "@timestamp": "2024-07-12T10:01:39.109Z",
          "location": "EventChannel",
          "id": "1720778499.104237416",
          "timestamp": "2024-07-12T12:01:39.109+0200"
        }
      },
      {
        "_index": "wazuh-alerts-4.x-2024.07.12",
        "_id": "27NkppABLu9BFc0MJz9-",
        "_score": 2.0,
        "_source": {
          "agent": {
            "ip": "134.23.4.46",
            "name": "rootca",
            "id": "027"
          },
          "manager": {
            "name": "wazuh"
          },
          "data": {
            "win": {
              "eventdata": {
                "image": "c:\\\\temp\\\\l_test.exe",
                "processGuid": "{A1EEDE99-FF01-6690-7006-000000000F00}",
                "processId": "2676",
                "utcTime": "2024-07-12 10:01:37.545",
                "targetFilename": "C:\\\\Windows\\\\Temp\\\\_MEI26762\\\\api-ms-win-core-debug-l1-1-0.dll",
                "ruleName": "DLL",
                "creationUtcTime": "2024-07-12 10:01:37.545",
                "user": "NT AUTHORITY\\\\SYSTEM"
              },
              "system": {
                "eventID": "11",
                "keywords": "0x8000000000000000",
                "providerGuid": "{5770385F-C22A-43E0-BF4C-06F5698FFBD9}",
                "level": "4",
                "channel": "Microsoft-Windows-Sysmon/Operational",
                "opcode": "0",
                "message": "\"File created:\r\nRuleName: DLL\r\nUtcTime: 2024-07-12 10:01:37.545\r\nProcessGuid: {A1EEDE99-FF01-6690-7006-000000000F00}\r\nProcessId: 2676\r\nImage: c:\\temp\\l_test.exe\r\nTargetFilename: C:\\Windows\\Temp\\_MEI26762\\api-ms-win-core-debug-l1-1-0.dll\r\nCreationUtcTime: 2024-07-12 10:01:37.545\r\nUser: NT AUTHORITY\\SYSTEM\"",
                "version": "2",
                "systemTime": "2024-07-12T10:01:37.549129800Z",
                "eventRecordID": "2728",
                "threadID": "2360",
                "computer": "rootca.tyrdemo.se",
                "task": "11",
                "processID": "1688",
                "severityValue": "INFORMATION",
                "providerName": "Microsoft-Windows-Sysmon"
              }
            }
          },
          "rule": {
            "firedtimes": 195,
            "mail": true,
            "level": 13,
            "description": "Unsigned Binary Loaded From Suspicious Location",
            "groups": [
              "sigma"
            ],
            "id": "900228"
          },
          "decoder": {
            "name": "windows_eventchannel"
          },
          "input": {
            "type": "log"
          },
          "@timestamp": "2024-07-12T10:01:38.297Z",
          "location": "EventChannel",
          "id": "1720778498.104116921",
          "timestamp": "2024-07-12T12:01:38.297+0200"
        }
      },
      {
        "_index": "wazuh-alerts-4.x-2024.07.12",
        "_id": "3rNkppABLu9BFc0MJz9-",
        "_score": 2.0,
        "_source": {
          "agent": {
            "ip": "134.23.4.46",
            "name": "rootca",
            "id": "027"
          },
          "manager": {
            "name": "wazuh"
          },
          "data": {
            "win": {
              "eventdata": {
                "image": "c:\\\\temp\\\\l_test.exe",
                "processGuid": "{A1EEDE99-FF01-6690-7006-000000000F00}",
                "processId": "2676",
                "utcTime": "2024-07-12 10:01:37.561",
                "targetFilename": "C:\\\\Windows\\\\Temp\\\\_MEI26762\\\\api-ms-win-core-file-l1-2-0.dll",
                "ruleName": "DLL",
                "creationUtcTime": "2024-07-12 10:01:37.545",
                "user": "NT AUTHORITY\\\\SYSTEM"
              },
              "system": {
                "eventID": "11",
                "keywords": "0x8000000000000000",
                "providerGuid": "{5770385F-C22A-43E0-BF4C-06F5698FFBD9}",
                "level": "4",
                "channel": "Microsoft-Windows-Sysmon/Operational",
                "opcode": "0",
                "message": "\"File created:\r\nRuleName: DLL\r\nUtcTime: 2024-07-12 10:01:37.561\r\nProcessGuid: {A1EEDE99-FF01-6690-7006-000000000F00}\r\nProcessId: 2676\r\nImage: c:\\temp\\l_test.exe\r\nTargetFilename: C:\\Windows\\Temp\\_MEI26762\\api-ms-win-core-file-l1-2-0.dll\r\nCreationUtcTime: 2024-07-12 10:01:37.545\r\nUser: NT AUTHORITY\\SYSTEM\"",
                "version": "2",
                "systemTime": "2024-07-12T10:01:37.561640900Z",
                "eventRecordID": "2731",
                "threadID": "2360",
                "computer": "rootca.tyrdemo.se",
                "task": "11",
                "processID": "1688",
                "severityValue": "INFORMATION",
                "providerName": "Microsoft-Windows-Sysmon"
              }
            }
          },
          "rule": {
            "firedtimes": 198,
            "mail": true,
            "level": 13,
            "description": "Unsigned Binary Loaded From Suspicious Location",
            "groups": [
              "sigma"
            ],
            "id": "900228"
          },
          "decoder": {
            "name": "windows_eventchannel"
          },
          "input": {
            "type": "log"
          },
          "@timestamp": "2024-07-12T10:01:38.344Z",
          "location": "EventChannel",
          "id": "1720778498.104124605",
          "timestamp": "2024-07-12T12:01:38.344+0200"
        }
      },
