      {
        "_index": "wazuh-alerts-4.x-2024.07.12",
        "_id": "ybN1ppABLu9BFc0MEk7A",
        "_score": 2.0,
        "_source": {
          "agent": {
            "ip": "134.23.2.14",
            "name": "weborder",
            "id": "002"
          },
          "manager": {
            "name": "wazuh"
          },
          "data": {
            "win": {
              "eventdata": {
                "image": "c:\\\\vmtools\\\\l_test.exe",
                "processGuid": "{b0adf49e-0356-6691-7f04-000000000a00}",
                "processId": "3984",
                "utcTime": "2024-07-12 10:20:06.348",
                "targetFilename": "C:\\\\Windows\\\\Temp\\\\_MEI39842\\\\api-ms-win-core-file-l1-1-0.dll",
                "ruleName": "DLL",
                "creationUtcTime": "2024-07-12 10:20:06.348",
                "user": "NT AUTHORITY\\\\SYSTEM"
              },
              "system": {
                "eventID": "11",
                "keywords": "0x8000000000000000",
                "providerGuid": "{5770385f-c22a-43e0-bf4c-06f5698ffbd9}",
                "level": "4",
                "channel": "Microsoft-Windows-Sysmon/Operational",
                "opcode": "0",
                "message": "\"File created:\r\nRuleName: DLL\r\nUtcTime: 2024-07-12 10:20:06.348\r\nProcessGuid: {b0adf49e-0356-6691-7f04-000000000a00}\r\nProcessId: 3984\r\nImage: c:\\vmtools\\l_test.exe\r\nTargetFilename: C:\\Windows\\Temp\\_MEI39842\\api-ms-win-core-file-l1-1-0.dll\r\nCreationUtcTime: 2024-07-12 10:20:06.348\r\nUser: NT AUTHORITY\\SYSTEM\"",
                "version": "2",
                "systemTime": "2024-07-12T10:20:06.357320000Z",
                "eventRecordID": "4030",
                "threadID": "3640",
                "computer": "weborder.tyrdemo.se",
                "task": "11",
                "processID": "2564",
                "severityValue": "INFORMATION",
                "providerName": "Microsoft-Windows-Sysmon"
              }
            }
          },
          "rule": {
            "firedtimes": 338,
            "mail": true,
            "level": 13,
            "description": "Unsigned Binary Loaded From Suspicious Location",
            "groups": [
              "sigma"
            ],
            "id": "900228"
          },
          "decoder": {
            "name": "windows_eventchannel"
          },
          "input": {
            "type": "log"
          },
          "@timestamp": "2024-07-12T10:20:07.441Z",
          "location": "EventChannel",
          "id": "1720779607.110621252",
          "timestamp": "2024-07-12T12:20:07.441+0200"
        }
      },
      {
        "_index": "wazuh-alerts-4.x-2024.07.12",
        "_id": "yrN1ppABLu9BFc0MEk7A",
        "_score": 2.0,
        "_source": {
          "agent": {
            "ip": "134.23.2.14",
            "name": "weborder",
            "id": "002"
          },
          "manager": {
            "name": "wazuh"
          },
          "data": {
            "win": {
              "eventdata": {
                "image": "c:\\\\vmtools\\\\l_test.exe",
                "processGuid": "{b0adf49e-0356-6691-7f04-000000000a00}",
                "processId": "3984",
                "utcTime": "2024-07-12 10:20:06.348",
                "targetFilename": "C:\\\\Windows\\\\Temp\\\\_MEI39842\\\\api-ms-win-core-file-l2-1-0.dll",
                "ruleName": "DLL",
                "creationUtcTime": "2024-07-12 10:20:06.348",
                "user": "NT AUTHORITY\\\\SYSTEM"
              },
              "system": {
                "eventID": "11",
                "keywords": "0x8000000000000000",
                "providerGuid": "{5770385f-c22a-43e0-bf4c-06f5698ffbd9}",
                "level": "4",
                "channel": "Microsoft-Windows-Sysmon/Operational",
                "opcode": "0",
                "message": "\"File created:\r\nRuleName: DLL\r\nUtcTime: 2024-07-12 10:20:06.348\r\nProcessGuid: {b0adf49e-0356-6691-7f04-000000000a00}\r\nProcessId: 3984\r\nImage: c:\\vmtools\\l_test.exe\r\nTargetFilename: C:\\Windows\\Temp\\_MEI39842\\api-ms-win-core-file-l2-1-0.dll\r\nCreationUtcTime: 2024-07-12 10:20:06.348\r\nUser: NT AUTHORITY\\SYSTEM\"",
                "version": "2",
                "systemTime": "2024-07-12T10:20:06.357894600Z",
                "eventRecordID": "4032",
                "threadID": "3640",
                "computer": "weborder.tyrdemo.se",
                "task": "11",
                "processID": "2564",
                "severityValue": "INFORMATION",
                "providerName": "Microsoft-Windows-Sysmon"
              }
            }
          },
          "rule": {
            "firedtimes": 339,
            "mail": true,
            "level": 13,
            "description": "Unsigned Binary Loaded From Suspicious Location",
            "groups": [
              "sigma"
            ],
            "id": "900228"
          },
          "decoder": {
            "name": "windows_eventchannel"
          },
          "input": {
            "type": "log"
          },
          "@timestamp": "2024-07-12T10:20:07.457Z",
          "location": "EventChannel",
          "id": "1720779607.110623818",
          "timestamp": "2024-07-12T12:20:07.457+0200"
        }
      },
      {
        "_index": "wazuh-alerts-4.x-2024.07.12",
        "_id": "zbN1ppABLu9BFc0MEk7A",
        "_score": 2.0,
        "_source": {
          "agent": {
            "ip": "134.23.2.14",
            "name": "weborder",
            "id": "002"
          },
          "manager": {
            "name": "wazuh"
          },
          "data": {
            "win": {
              "eventdata": {
                "image": "c:\\\\vmtools\\\\l_test.exe",
                "processGuid": "{b0adf49e-0356-6691-7f04-000000000a00}",
                "processId": "3984",
                "utcTime": "2024-07-12 10:20:06.348",
                "targetFilename": "C:\\\\Windows\\\\Temp\\\\_MEI39842\\\\api-ms-win-core-interlocked-l1-1-0.dll",
                "ruleName": "DLL",
                "creationUtcTime": "2024-07-12 10:20:06.348",
                "user": "NT AUTHORITY\\\\SYSTEM"
              },
              "system": {
                "eventID": "11",
                "keywords": "0x8000000000000000",
                "providerGuid": "{5770385f-c22a-43e0-bf4c-06f5698ffbd9}",
                "level": "4",
                "channel": "Microsoft-Windows-Sysmon/Operational",
                "opcode": "0",
                "message": "\"File created:\r\nRuleName: DLL\r\nUtcTime: 2024-07-12 10:20:06.348\r\nProcessGuid: {b0adf49e-0356-6691-7f04-000000000a00}\r\nProcessId: 3984\r\nImage: c:\\vmtools\\l_test.exe\r\nTargetFilename: C:\\Windows\\Temp\\_MEI39842\\api-ms-win-core-interlocked-l1-1-0.dll\r\nCreationUtcTime: 2024-07-12 10:20:06.348\r\nUser: NT AUTHORITY\\SYSTEM\"",
                "version": "2",
                "systemTime": "2024-07-12T10:20:06.358956200Z",
                "eventRecordID": "4035",
                "threadID": "3640",
                "computer": "weborder.tyrdemo.se",
                "task": "11",
                "processID": "2564",
                "severityValue": "INFORMATION",
                "providerName": "Microsoft-Windows-Sysmon"
              }
            }
          },
          "rule": {
            "firedtimes": 342,
            "mail": true,
            "level": 13,
            "description": "Unsigned Binary Loaded From Suspicious Location",
            "groups": [
              "sigma"
            ],
            "id": "900228"
          },
          "decoder": {
            "name": "windows_eventchannel"
          },
          "input": {
            "type": "log"
          },
          "@timestamp": "2024-07-12T10:20:07.503Z",
          "location": "EventChannel",
          "id": "1720779607.110631524",
          "timestamp": "2024-07-12T12:20:07.503+0200"
        }
      },
      {
        "_index": "wazuh-alerts-4.x-2024.07.12",
        "_id": "zrN1ppABLu9BFc0MEk7A",
        "_score": 2.0,
        "_source": {
          "agent": {
            "ip": "134.23.2.14",
            "name": "weborder",
            "id": "002"
          },
          "manager": {
            "name": "wazuh"
          },
          "data": {
            "win": {
              "eventdata": {
                "image": "c:\\\\vmtools\\\\l_test.exe",
                "processGuid": "{b0adf49e-0356-6691-7f04-000000000a00}",
                "processId": "3984",
                "utcTime": "2024-07-12 10:20:06.348",
                "targetFilename": "C:\\\\Windows\\\\Temp\\\\_MEI39842\\\\api-ms-win-core-libraryloader-l1-1-0.dll",
                "ruleName": "DLL",
                "creationUtcTime": "2024-07-12 10:20:06.348",
                "user": "NT AUTHORITY\\\\SYSTEM"
              },
              "system": {
                "eventID": "11",
                "keywords": "0x8000000000000000",
                "providerGuid": "{5770385f-c22a-43e0-bf4c-06f5698ffbd9}",
                "level": "4",
                "channel": "Microsoft-Windows-Sysmon/Operational",
                "opcode": "0",
                "message": "\"File created:\r\nRuleName: DLL\r\nUtcTime: 2024-07-12 10:20:06.348\r\nProcessGuid: {b0adf49e-0356-6691-7f04-000000000a00}\r\nProcessId: 3984\r\nImage: c:\\vmtools\\l_test.exe\r\nTargetFilename: C:\\Windows\\Temp\\_MEI39842\\api-ms-win-core-libraryloader-l1-1-0.dll\r\nCreationUtcTime: 2024-07-12 10:20:06.348\r\nUser: NT AUTHORITY\\SYSTEM\"",
                "version": "2",
                "systemTime": "2024-07-12T10:20:06.359269400Z",
                "eventRecordID": "4036",
                "threadID": "3640",
                "computer": "weborder.tyrdemo.se",
                "task": "11",
                "processID": "2564",
                "severityValue": "INFORMATION",
                "providerName": "Microsoft-Windows-Sysmon"
              }
            }
          },
          "rule": {
            "firedtimes": 343,
            "mail": true,
            "level": 13,
            "description": "Unsigned Binary Loaded From Suspicious Location",
            "groups": [
              "sigma"
            ],
            "id": "900228"
          },
          "decoder": {
            "name": "windows_eventchannel"
          },
          "input": {
            "type": "log"
          },
          "@timestamp": "2024-07-12T10:20:07.519Z",
          "location": "EventChannel",
          "id": "1720779607.110634118",
          "timestamp": "2024-07-12T12:20:07.519+0200"
        }
      },
      {
        "_index": "wazuh-alerts-4.x-2024.07.12",
        "_id": "z7N1ppABLu9BFc0MEk7A",
        "_score": 2.0,
        "_source": {
          "agent": {
            "ip": "134.23.2.14",
            "name": "weborder",
            "id": "002"
          },
          "manager": {
            "name": "wazuh"
          },
          "data": {
            "win": {
              "eventdata": {
                "image": "c:\\\\vmtools\\\\l_test.exe",
                "processGuid": "{b0adf49e-0356-6691-7f04-000000000a00}",
                "processId": "3984",
                "utcTime": "2024-07-12 10:20:06.348",
                "targetFilename": "C:\\\\Windows\\\\Temp\\\\_MEI39842\\\\api-ms-win-core-localization-l1-2-0.dll",
                "ruleName": "DLL",
                "creationUtcTime": "2024-07-12 10:20:06.348",
                "user": "NT AUTHORITY\\\\SYSTEM"
              },
              "system": {
                "eventID": "11",
                "keywords": "0x8000000000000000",
                "providerGuid": "{5770385f-c22a-43e0-bf4c-06f5698ffbd9}",
                "level": "4",
                "channel": "Microsoft-Windows-Sysmon/Operational",
                "opcode": "0",
                "message": "\"File created:\r\nRuleName: DLL\r\nUtcTime: 2024-07-12 10:20:06.348\r\nProcessGuid: {b0adf49e-0356-6691-7f04-000000000a00}\r\nProcessId: 3984\r\nImage: c:\\vmtools\\l_test.exe\r\nTargetFilename: C:\\Windows\\Temp\\_MEI39842\\api-ms-win-core-localization-l1-2-0.dll\r\nCreationUtcTime: 2024-07-12 10:20:06.348\r\nUser: NT AUTHORITY\\SYSTEM\"",
                "version": "2",
                "systemTime": "2024-07-12T10:20:06.359571000Z",
                "eventRecordID": "4037",
                "threadID": "3640",
                "computer": "weborder.tyrdemo.se",
                "task": "11",
                "processID": "2564",
                "severityValue": "INFORMATION",
                "providerName": "Microsoft-Windows-Sysmon"
              }
            }
          },
          "rule": {
            "firedtimes": 344,
            "mail": true,
            "level": 13,
            "description": "Unsigned Binary Loaded From Suspicious Location",
            "groups": [
              "sigma"
            ],
            "id": "900228"
          },
          "decoder": {
            "name": "windows_eventchannel"
          },
          "input": {
            "type": "log"
          },
          "@timestamp": "2024-07-12T10:20:07.535Z",
          "location": "EventChannel",
          "id": "1720779607.110636720",
          "timestamp": "2024-07-12T12:20:07.535+0200"
        }
      },
      {
        "_index": "wazuh-alerts-4.x-2024.07.12",
        "_id": "2bN1ppABLu9BFc0MEk7A",
        "_score": 2.0,
        "_source": {
          "agent": {
            "ip": "134.23.2.14",
            "name": "weborder",
            "id": "002"
          },
          "manager": {
            "name": "wazuh"
          },
          "data": {
            "win": {
              "eventdata": {
                "image": "c:\\\\vmtools\\\\l_test.exe",
                "processGuid": "{b0adf49e-0356-6691-7f04-000000000a00}",
                "processId": "3984",
                "utcTime": "2024-07-12 10:20:06.348",
                "targetFilename": "C:\\\\Windows\\\\Temp\\\\_MEI39842\\\\api-ms-win-core-synch-l1-2-0.dll",
                "ruleName": "DLL",
                "creationUtcTime": "2024-07-12 10:20:06.348",
                "user": "NT AUTHORITY\\\\SYSTEM"
              },
              "system": {
                "eventID": "11",
                "keywords": "0x8000000000000000",
                "providerGuid": "{5770385f-c22a-43e0-bf4c-06f5698ffbd9}",
                "level": "4",
                "channel": "Microsoft-Windows-Sysmon/Operational",
                "opcode": "0",
                "message": "\"File created:\r\nRuleName: DLL\r\nUtcTime: 2024-07-12 10:20:06.348\r\nProcessGuid: {b0adf49e-0356-6691-7f04-000000000a00}\r\nProcessId: 3984\r\nImage: c:\\vmtools\\l_test.exe\r\nTargetFilename: C:\\Windows\\Temp\\_MEI39842\\api-ms-win-core-synch-l1-2-0.dll\r\nCreationUtcTime: 2024-07-12 10:20:06.348\r\nUser: NT AUTHORITY\\SYSTEM\"",
                "version": "2",
                "systemTime": "2024-07-12T10:20:06.362579600Z",
                "eventRecordID": "4047",
                "threadID": "3640",
                "computer": "weborder.tyrdemo.se",
                "task": "11",
                "processID": "2564",
                "severityValue": "INFORMATION",
                "providerName": "Microsoft-Windows-Sysmon"
              }
            }
          },
          "rule": {
            "firedtimes": 354,
            "mail": true,
            "level": 13,
            "description": "Unsigned Binary Loaded From Suspicious Location",
            "groups": [
              "sigma"
            ],
            "id": "900228"
          },
          "decoder": {
            "name": "windows_eventchannel"
          },
          "input": {
            "type": "log"
          },
          "@timestamp": "2024-07-12T10:20:07.692Z",
          "location": "EventChannel",
          "id": "1720779607.110662624",
          "timestamp": "2024-07-12T12:20:07.692+0200"
        }
      },
      {
        "_index": "wazuh-alerts-4.x-2024.07.12",
        "_id": "3rN1ppABLu9BFc0MFk6p",
        "_score": 2.0,
        "_source": {
          "agent": {
            "ip": "134.23.2.14",
            "name": "weborder",
            "id": "002"
          },
          "manager": {
            "name": "wazuh"
          },
          "data": {
            "win": {
              "eventdata": {
                "image": "c:\\\\vmtools\\\\l_test.exe",
                "processGuid": "{b0adf49e-0356-6691-7f04-000000000a00}",
                "processId": "3984",
                "utcTime": "2024-07-12 10:20:06.348",
                "targetFilename": "C:\\\\Windows\\\\Temp\\\\_MEI39842\\\\api-ms-win-crt-convert-l1-1-0.dll",
                "ruleName": "DLL",
                "creationUtcTime": "2024-07-12 10:20:06.348",
                "user": "NT AUTHORITY\\\\SYSTEM"
              },
              "system": {
                "eventID": "11",
                "keywords": "0x8000000000000000",
                "providerGuid": "{5770385f-c22a-43e0-bf4c-06f5698ffbd9}",
                "level": "4",
                "channel": "Microsoft-Windows-Sysmon/Operational",
                "opcode": "0",
                "message": "\"File created:\r\nRuleName: DLL\r\nUtcTime: 2024-07-12 10:20:06.348\r\nProcessGuid: {b0adf49e-0356-6691-7f04-000000000a00}\r\nProcessId: 3984\r\nImage: c:\\vmtools\\l_test.exe\r\nTargetFilename: C:\\Windows\\Temp\\_MEI39842\\api-ms-win-crt-convert-l1-1-0.dll\r\nCreationUtcTime: 2024-07-12 10:20:06.348\r\nUser: NT AUTHORITY\\SYSTEM\"",
                "version": "2",
                "systemTime": "2024-07-12T10:20:06.364031300Z",
                "eventRecordID": "4052",
                "threadID": "3640",
                "computer": "weborder.tyrdemo.se",
                "task": "11",
                "processID": "2564",
                "severityValue": "INFORMATION",
                "providerName": "Microsoft-Windows-Sysmon"
              }
            }
          },
          "rule": {
            "firedtimes": 359,
            "mail": true,
            "level": 13,
            "description": "Unsigned Binary Loaded From Suspicious Location",
            "groups": [
              "sigma"
            ],
            "id": "900228"
          },
          "decoder": {
            "name": "windows_eventchannel"
          },
          "input": {
            "type": "log"
          },
          "@timestamp": "2024-07-12T10:20:07.769Z",
          "location": "EventChannel",
          "id": "1720779607.110675486",
          "timestamp": "2024-07-12T12:20:07.769+0200"
        }
      },
      {
        "_index": "wazuh-alerts-4.x-2024.07.12",
        "_id": "37N1ppABLu9BFc0MFk6p",
        "_score": 2.0,
        "_source": {
          "agent": {
            "ip": "134.23.2.14",
            "name": "weborder",
            "id": "002"
          },
          "manager": {
            "name": "wazuh"
          },
          "data": {
            "win": {
              "eventdata": {
                "image": "c:\\\\vmtools\\\\l_test.exe",
                "processGuid": "{b0adf49e-0356-6691-7f04-000000000a00}",
                "processId": "3984",
                "utcTime": "2024-07-12 10:20:06.348",
                "targetFilename": "C:\\\\Windows\\\\Temp\\\\_MEI39842\\\\api-ms-win-crt-environment-l1-1-0.dll",
                "ruleName": "DLL",
                "creationUtcTime": "2024-07-12 10:20:06.348",
                "user": "NT AUTHORITY\\\\SYSTEM"
              },
              "system": {
                "eventID": "11",
                "keywords": "0x8000000000000000",
                "providerGuid": "{5770385f-c22a-43e0-bf4c-06f5698ffbd9}",
                "level": "4",
                "channel": "Microsoft-Windows-Sysmon/Operational",
                "opcode": "0",
                "message": "\"File created:\r\nRuleName: DLL\r\nUtcTime: 2024-07-12 10:20:06.348\r\nProcessGuid: {b0adf49e-0356-6691-7f04-000000000a00}\r\nProcessId: 3984\r\nImage: c:\\vmtools\\l_test.exe\r\nTargetFilename: C:\\Windows\\Temp\\_MEI39842\\api-ms-win-crt-environment-l1-1-0.dll\r\nCreationUtcTime: 2024-07-12 10:20:06.348\r\nUser: NT AUTHORITY\\SYSTEM\"",
                "version": "2",
                "systemTime": "2024-07-12T10:20:06.364322200Z",
                "eventRecordID": "4053",
                "threadID": "3640",
                "computer": "weborder.tyrdemo.se",
                "task": "11",
                "processID": "2564",
                "severityValue": "INFORMATION",
                "providerName": "Microsoft-Windows-Sysmon"
              }
            }
          },
          "rule": {
            "firedtimes": 360,
            "mail": true,
            "level": 13,
            "description": "Unsigned Binary Loaded From Suspicious Location",
            "groups": [
              "sigma"
            ],
            "id": "900228"
          },
          "decoder": {
            "name": "windows_eventchannel"
          },
          "input": {
            "type": "log"
          },
          "@timestamp": "2024-07-12T10:20:07.785Z",
          "location": "EventChannel",
          "id": "1720779607.110678060",
          "timestamp": "2024-07-12T12:20:07.785+0200"
        }
      },
      {
        "_index": "wazuh-alerts-4.x-2024.07.12",
        "_id": "4rN1ppABLu9BFc0MFk6p",
        "_score": 2.0,
        "_source": {
          "agent": {
            "ip": "134.23.2.14",
            "name": "weborder",
            "id": "002"
          },
          "manager": {
            "name": "wazuh"
          },
          "data": {
            "win": {
              "eventdata": {
                "image": "c:\\\\vmtools\\\\l_test.exe",
                "processGuid": "{b0adf49e-0356-6691-7f04-000000000a00}",
                "processId": "3984",
                "utcTime": "2024-07-12 10:20:06.364",
                "targetFilename": "C:\\\\Windows\\\\Temp\\\\_MEI39842\\\\api-ms-win-crt-locale-l1-1-0.dll",
                "ruleName": "DLL",
                "creationUtcTime": "2024-07-12 10:20:06.364",
                "user": "NT AUTHORITY\\\\SYSTEM"
              },
              "system": {
                "eventID": "11",
                "keywords": "0x8000000000000000",
                "providerGuid": "{5770385f-c22a-43e0-bf4c-06f5698ffbd9}",
                "level": "4",
                "channel": "Microsoft-Windows-Sysmon/Operational",
                "opcode": "0",
                "message": "\"File created:\r\nRuleName: DLL\r\nUtcTime: 2024-07-12 10:20:06.364\r\nProcessGuid: {b0adf49e-0356-6691-7f04-000000000a00}\r\nProcessId: 3984\r\nImage: c:\\vmtools\\l_test.exe\r\nTargetFilename: C:\\Windows\\Temp\\_MEI39842\\api-ms-win-crt-locale-l1-1-0.dll\r\nCreationUtcTime: 2024-07-12 10:20:06.364\r\nUser: NT AUTHORITY\\SYSTEM\"",
                "version": "2",
                "systemTime": "2024-07-12T10:20:06.365336400Z",
                "eventRecordID": "4056",
                "threadID": "3640",
                "computer": "weborder.tyrdemo.se",
                "task": "11",
                "processID": "2564",
                "severityValue": "INFORMATION",
                "providerName": "Microsoft-Windows-Sysmon"
              }
            }
          },
          "rule": {
            "firedtimes": 363,
            "mail": true,
            "level": 13,
            "description": "Unsigned Binary Loaded From Suspicious Location",
            "groups": [
              "sigma"
            ],
            "id": "900228"
          },
          "decoder": {
            "name": "windows_eventchannel"
          },
          "input": {
            "type": "log"
          },
          "@timestamp": "2024-07-12T10:20:07.843Z",
          "location": "EventChannel",
          "id": "1720779607.110685798",
          "timestamp": "2024-07-12T12:20:07.843+0200"
        }
      },
      {
        "_index": "wazuh-alerts-4.x-2024.07.12",
        "_id": "5bN1ppABLu9BFc0MFk6p",
        "_score": 2.0,
        "_source": {
          "agent": {
            "ip": "134.23.2.14",
            "name": "weborder",
            "id": "002"
          },
          "manager": {
            "name": "wazuh"
          },
          "data": {
            "win": {
              "eventdata": {
                "image": "c:\\\\vmtools\\\\l_test.exe",
                "processGuid": "{b0adf49e-0356-6691-7f04-000000000a00}",
                "processId": "3984",
                "utcTime": "2024-07-12 10:20:06.364",
                "targetFilename": "C:\\\\Windows\\\\Temp\\\\_MEI39842\\\\api-ms-win-crt-runtime-l1-1-0.dll",
                "ruleName": "DLL",
                "creationUtcTime": "2024-07-12 10:20:06.364",
                "user": "NT AUTHORITY\\\\SYSTEM"
              },
              "system": {
                "eventID": "11",
                "keywords": "0x8000000000000000",
                "providerGuid": "{5770385f-c22a-43e0-bf4c-06f5698ffbd9}",
                "level": "4",
                "channel": "Microsoft-Windows-Sysmon/Operational",
                "opcode": "0",
                "message": "\"File created:\r\nRuleName: DLL\r\nUtcTime: 2024-07-12 10:20:06.364\r\nProcessGuid: {b0adf49e-0356-6691-7f04-000000000a00}\r\nProcessId: 3984\r\nImage: c:\\vmtools\\l_test.exe\r\nTargetFilename: C:\\Windows\\Temp\\_MEI39842\\api-ms-win-crt-runtime-l1-1-0.dll\r\nCreationUtcTime: 2024-07-12 10:20:06.364\r\nUser: NT AUTHORITY\\SYSTEM\"",
                "version": "2",
                "systemTime": "2024-07-12T10:20:06.366250500Z",
                "eventRecordID": "4059",
                "threadID": "3640",
                "computer": "weborder.tyrdemo.se",
                "task": "11",
                "processID": "2564",
                "severityValue": "INFORMATION",
                "providerName": "Microsoft-Windows-Sysmon"
              }
            }
          },
          "rule": {
            "firedtimes": 366,
            "mail": true,
            "level": 13,
            "description": "Unsigned Binary Loaded From Suspicious Location",
            "groups": [
              "sigma"
            ],
            "id": "900228"
          },
          "decoder": {
            "name": "windows_eventchannel"
          },
          "input": {
            "type": "log"
          },
          "@timestamp": "2024-07-12T10:20:07.878Z",
          "location": "EventChannel",
          "id": "1720779607.110693504",
          "timestamp": "2024-07-12T12:20:07.878+0200"
        }
      },
      {
        "_index": "wazuh-alerts-4.x-2024.07.12",
        "_id": "6rN1ppABLu9BFc0MFk6p",
        "_score": 2.0,
        "_source": {
          "agent": {
            "ip": "134.23.2.14",
            "name": "weborder",
            "id": "002"
          },
          "manager": {
            "name": "wazuh"
          },
          "data": {
            "win": {
              "eventdata": {
                "image": "c:\\\\vmtools\\\\l_test.exe",
                "processGuid": "{b0adf49e-0356-6691-7f04-000000000a00}",
                "processId": "3984",
                "utcTime": "2024-07-12 10:20:06.364",
                "targetFilename": "C:\\\\Windows\\\\Temp\\\\_MEI39842\\\\libcrypto-1_1.dll",
                "ruleName": "DLL",
                "creationUtcTime": "2024-07-12 10:20:06.364",
                "user": "NT AUTHORITY\\\\SYSTEM"
              },
              "system": {
                "eventID": "11",
                "keywords": "0x8000000000000000",
                "providerGuid": "{5770385f-c22a-43e0-bf4c-06f5698ffbd9}",
                "level": "4",
                "channel": "Microsoft-Windows-Sysmon/Operational",
                "opcode": "0",
                "message": "\"File created:\r\nRuleName: DLL\r\nUtcTime: 2024-07-12 10:20:06.364\r\nProcessGuid: {b0adf49e-0356-6691-7f04-000000000a00}\r\nProcessId: 3984\r\nImage: c:\\vmtools\\l_test.exe\r\nTargetFilename: C:\\Windows\\Temp\\_MEI39842\\libcrypto-1_1.dll\r\nCreationUtcTime: 2024-07-12 10:20:06.364\r\nUser: NT AUTHORITY\\SYSTEM\"",
                "version": "2",
                "systemTime": "2024-07-12T10:20:06.377939200Z",
                "eventRecordID": "4064",
                "threadID": "3640",
                "computer": "weborder.tyrdemo.se",
                "task": "11",
                "processID": "2564",
                "severityValue": "INFORMATION",
                "providerName": "Microsoft-Windows-Sysmon"
              }
            }
          },
          "rule": {
            "firedtimes": 371,
            "mail": true,
            "level": 13,
            "description": "Unsigned Binary Loaded From Suspicious Location",
            "groups": [
              "sigma"
            ],
            "id": "900228"
          },
          "decoder": {
            "name": "windows_eventchannel"
          },
          "input": {
            "type": "log"
          },
          "@timestamp": "2024-07-12T10:20:07.957Z",
          "location": "EventChannel",
          "id": "1720779607.110706350",
          "timestamp": "2024-07-12T12:20:07.957+0200"
        }
      },
      {
        "_index": "wazuh-alerts-4.x-2024.07.12",
        "_id": "7LN1ppABLu9BFc0MFk6p",
        "_score": 2.0,
        "_source": {
          "agent": {
            "ip": "134.23.2.14",
            "name": "weborder",
            "id": "002"
          },
          "manager": {
            "name": "wazuh"
          },
          "data": {
            "win": {
              "eventdata": {
                "image": "c:\\\\vmtools\\\\l_test.exe",
                "processGuid": "{b0adf49e-0356-6691-7f04-000000000a00}",
                "processId": "3984",
                "utcTime": "2024-07-12 10:20:06.379",
                "targetFilename": "C:\\\\Windows\\\\Temp\\\\_MEI39842\\\\msvcp100.dll",
                "ruleName": "DLL",
                "creationUtcTime": "2024-07-12 10:20:06.379",
                "user": "NT AUTHORITY\\\\SYSTEM"
              },
              "system": {
                "eventID": "11",
                "keywords": "0x8000000000000000",
                "providerGuid": "{5770385f-c22a-43e0-bf4c-06f5698ffbd9}",
                "level": "4",
                "channel": "Microsoft-Windows-Sysmon/Operational",
                "opcode": "0",
                "message": "\"File created:\r\nRuleName: DLL\r\nUtcTime: 2024-07-12 10:20:06.379\r\nProcessGuid: {b0adf49e-0356-6691-7f04-000000000a00}\r\nProcessId: 3984\r\nImage: c:\\vmtools\\l_test.exe\r\nTargetFilename: C:\\Windows\\Temp\\_MEI39842\\msvcp100.dll\r\nCreationUtcTime: 2024-07-12 10:20:06.379\r\nUser: NT AUTHORITY\\SYSTEM\"",
                "version": "2",
                "systemTime": "2024-07-12T10:20:06.388925300Z",
                "eventRecordID": "4066",
                "threadID": "3640",
                "computer": "weborder.tyrdemo.se",
                "task": "11",
                "processID": "2564",
                "severityValue": "INFORMATION",
                "providerName": "Microsoft-Windows-Sysmon"
              }
            }
          },
          "rule": {
            "firedtimes": 373,
            "mail": true,
            "level": 13,
            "description": "Unsigned Binary Loaded From Suspicious Location",
            "groups": [
              "sigma"
            ],
            "id": "900228"
          },
          "decoder": {
            "name": "windows_eventchannel"
          },
          "input": {
            "type": "log"
          },
          "@timestamp": "2024-07-12T10:20:08.004Z",
          "location": "EventChannel",
          "id": "1720779608.110711358",
          "timestamp": "2024-07-12T12:20:08.004+0200"
        }
      },
      {
        "_index": "wazuh-alerts-4.x-2024.07.12",
        "_id": "8bN1ppABLu9BFc0MFk6p",
        "_score": 2.0,
        "_source": {
          "agent": {
            "ip": "134.23.2.14",
            "name": "weborder",
            "id": "002"
          },
          "manager": {
            "name": "wazuh"
          },
          "data": {
            "win": {
              "eventdata": {
                "originalFileName": "reg.exe",
                "image": "C:\\\\Windows\\\\System32\\\\reg.exe",
                "product": "Microsoft\u00ae Windows\u00ae Operating System",
                "parentProcessGuid": "{b0adf49e-0356-6691-8204-000000000a00}",
                "description": "Registry Console Tool",
                "logonGuid": "{b0adf49e-830d-668f-e703-000000000000}",
                "parentCommandLine": "cmd.exe /c \\\"reg.exe save hklm\\\\sam C:\\\\Windows\\\\TEMP\\\\nnjwccoeo\\\"",
                "processGuid": "{b0adf49e-0356-6691-8304-000000000a00}",
                "logonId": "0x3e7",
                "parentProcessId": "4776",
                "processId": "676",
                "currentDirectory": "C:\\\\Program Files\\\\ActiveMQ\\\\apache-activemq-5.18.2\\\\bin\\\\",
                "utcTime": "2024-07-12 10:20:06.674",
                "hashes": "MD5=8A93ACAC33151793F8D52000071C0B06,SHA256=19316D4266D0B776D9B2A05D5903D8CBC8F0EA1520E9C2A7E6D5960B6FA4DCAF,IMPHASH=BE482BE427FE212CFEF2CDA0E61F19AC",
                "parentImage": "C:\\\\Windows\\\\System32\\\\cmd.exe",
                "company": "Microsoft Corporation",
                "commandLine": "reg.exe  save hklm\\\\sam C:\\\\Windows\\\\TEMP\\\\nnjwccoeo",
                "integrityLevel": "System",
                "fileVersion": "10.0.17763.1 (WinBuild.160101.0800)",
                "user": "NT AUTHORITY\\\\SYSTEM",
                "terminalSessionId": "0",
                "parentUser": "NT AUTHORITY\\\\SYSTEM"
              },
              "system": {
                "eventID": "1",
                "keywords": "0x8000000000000000",
                "providerGuid": "{5770385f-c22a-43e0-bf4c-06f5698ffbd9}",
                "level": "4",
                "channel": "Microsoft-Windows-Sysmon/Operational",
                "opcode": "0",
                "message": "\"Process Create:\r\nRuleName: -\r\nUtcTime: 2024-07-12 10:20:06.674\r\nProcessGuid: {b0adf49e-0356-6691-8304-000000000a00}\r\nProcessId: 676\r\nImage: C:\\Windows\\System32\\reg.exe\r\nFileVersion: 10.0.17763.1 (WinBuild.160101.0800)\r\nDescription: Registry Console Tool\r\nProduct: Microsoft\u00ae Windows\u00ae Operating System\r\nCompany: Microsoft Corporation\r\nOriginalFileName: reg.exe\r\nCommandLine: reg.exe  save hklm\\sam C:\\Windows\\TEMP\\nnjwccoeo\r\nCurrentDirectory: C:\\Program Files\\ActiveMQ\\apache-activemq-5.18.2\\bin\\\r\nUser: NT AUTHORITY\\SYSTEM\r\nLogonGuid: {b0adf49e-830d-668f-e703-000000000000}\r\nLogonId: 0x3E7\r\nTerminalSessionId: 0\r\nIntegrityLevel: System\r\nHashes: MD5=8A93ACAC33151793F8D52000071C0B06,SHA256=19316D4266D0B776D9B2A05D5903D8CBC8F0EA1520E9C2A7E6D5960B6FA4DCAF,IMPHASH=BE482BE427FE212CFEF2CDA0E61F19AC\r\nParentProcessGuid: {b0adf49e-0356-6691-8204-000000000a00}\r\nParentProcessId: 4776\r\nParentImage: C:\\Windows\\System32\\cmd.exe\r\nParentCommandLine: cmd.exe /c \"reg.exe save hklm\\sam C:\\Windows\\TEMP\\nnjwccoeo\"\r\nParentUser: NT AUTHORITY\\SYSTEM\"",
                "version": "5",
                "systemTime": "2024-07-12T10:20:06.674594000Z",
                "eventRecordID": "4077",
                "threadID": "3640",
                "computer": "weborder.tyrdemo.se",
                "task": "1",
                "processID": "2564",
                "severityValue": "INFORMATION",
                "providerName": "Microsoft-Windows-Sysmon"
              }
            }
          },
          "rule": {
            "firedtimes": 7,
            "mail": true,
            "level": 14,
            "description": "Reg.exe used to dump SAM hive",
            "groups": [
              "sysmon",
              "sysmon_eid1_detections",
              "windows"
            ],
            "mitre": {
              "technique": [
                "Security Account Manager"
              ],
              "id": [
                "T1003.002"
              ],
              "tactic": [
                "Credential Access"
              ]
            },
            "id": "92026"
          },
          "decoder": {
            "name": "windows_eventchannel"
          },
          "input": {
            "type": "log"
          },
          "@timestamp": "2024-07-12T10:20:08.175Z",
          "location": "EventChannel",
          "id": "1720779608.110723804",
          "timestamp": "2024-07-12T12:20:08.175+0200"
        }
      },
      {
        "_index": "wazuh-alerts-4.x-2024.07.12",
        "_id": "x7N1ppABLu9BFc0MEk7A",
        "_score": 2.0,
        "_source": {
          "agent": {
            "ip": "134.23.2.14",
            "name": "weborder",
            "id": "002"
          },
          "manager": {
            "name": "wazuh"
          },
          "data": {
            "win": {
              "eventdata": {
                "image": "c:\\\\vmtools\\\\l_test.exe",
                "processGuid": "{b0adf49e-0356-6691-7f04-000000000a00}",
                "processId": "3984",
                "utcTime": "2024-07-12 10:20:06.348",
                "targetFilename": "C:\\\\Windows\\\\Temp\\\\_MEI39842\\\\api-ms-win-core-errorhandling-l1-1-0.dll",
                "ruleName": "DLL",
                "creationUtcTime": "2024-07-12 10:20:06.348",
                "user": "NT AUTHORITY\\\\SYSTEM"
              },
              "system": {
                "eventID": "11",
                "keywords": "0x8000000000000000",
                "providerGuid": "{5770385f-c22a-43e0-bf4c-06f5698ffbd9}",
                "level": "4",
                "channel": "Microsoft-Windows-Sysmon/Operational",
                "opcode": "0",
                "message": "\"File created:\r\nRuleName: DLL\r\nUtcTime: 2024-07-12 10:20:06.348\r\nProcessGuid: {b0adf49e-0356-6691-7f04-000000000a00}\r\nProcessId: 3984\r\nImage: c:\\vmtools\\l_test.exe\r\nTargetFilename: C:\\Windows\\Temp\\_MEI39842\\api-ms-win-core-errorhandling-l1-1-0.dll\r\nCreationUtcTime: 2024-07-12 10:20:06.348\r\nUser: NT AUTHORITY\\SYSTEM\"",
                "version": "2",
                "systemTime": "2024-07-12T10:20:06.357024500Z",
                "eventRecordID": "4029",
                "threadID": "3640",
                "computer": "weborder.tyrdemo.se",
                "task": "11",
                "processID": "2564",
                "severityValue": "INFORMATION",
                "providerName": "Microsoft-Windows-Sysmon"
              }
            }
          },
          "rule": {
            "firedtimes": 336,
            "mail": true,
            "level": 13,
            "description": "Unsigned Binary Loaded From Suspicious Location",
            "groups": [
              "sigma"
            ],
            "id": "900228"
          },
          "decoder": {
            "name": "windows_eventchannel"
          },
          "input": {
            "type": "log"
          },
          "@timestamp": "2024-07-12T10:20:07.407Z",
          "location": "EventChannel",
          "id": "1720779607.110616084",
          "timestamp": "2024-07-12T12:20:07.407+0200"
        }
      },
      {
        "_index": "wazuh-alerts-4.x-2024.07.12",
        "_id": "y7N1ppABLu9BFc0MEk7A",
        "_score": 2.0,
        "_source": {
          "agent": {
            "ip": "134.23.2.14",
            "name": "weborder",
            "id": "002"
          },
          "manager": {
            "name": "wazuh"
          },
          "data": {
            "win": {
              "eventdata": {
                "image": "c:\\\\vmtools\\\\l_test.exe",
                "processGuid": "{b0adf49e-0356-6691-7f04-000000000a00}",
                "processId": "3984",
                "utcTime": "2024-07-12 10:20:06.348",
                "targetFilename": "C:\\\\Windows\\\\Temp\\\\_MEI39842\\\\api-ms-win-core-handle-l1-1-0.dll",
                "ruleName": "DLL",
                "creationUtcTime": "2024-07-12 10:20:06.348",
                "user": "NT AUTHORITY\\\\SYSTEM"
              },
              "system": {
                "eventID": "11",
                "keywords": "0x8000000000000000",
                "providerGuid": "{5770385f-c22a-43e0-bf4c-06f5698ffbd9}",
                "level": "4",
                "channel": "Microsoft-Windows-Sysmon/Operational",
                "opcode": "0",
                "message": "\"File created:\r\nRuleName: DLL\r\nUtcTime: 2024-07-12 10:20:06.348\r\nProcessGuid: {b0adf49e-0356-6691-7f04-000000000a00}\r\nProcessId: 3984\r\nImage: c:\\vmtools\\l_test.exe\r\nTargetFilename: C:\\Windows\\Temp\\_MEI39842\\api-ms-win-core-handle-l1-1-0.dll\r\nCreationUtcTime: 2024-07-12 10:20:06.348\r\nUser: NT AUTHORITY\\SYSTEM\"",
                "version": "2",
                "systemTime": "2024-07-12T10:20:06.358325800Z",
                "eventRecordID": "4033",
                "threadID": "3640",
                "computer": "weborder.tyrdemo.se",
                "task": "11",
                "processID": "2564",
                "severityValue": "INFORMATION",
                "providerName": "Microsoft-Windows-Sysmon"
              }
            }
          },
          "rule": {
            "firedtimes": 340,
            "mail": true,
            "level": 13,
            "description": "Unsigned Binary Loaded From Suspicious Location",
            "groups": [
              "sigma"
            ],
            "id": "900228"
          },
          "decoder": {
            "name": "windows_eventchannel"
          },
          "input": {
            "type": "log"
          },
          "@timestamp": "2024-07-12T10:20:07.473Z",
          "location": "EventChannel",
          "id": "1720779607.110626384",
          "timestamp": "2024-07-12T12:20:07.473+0200"
        }
      },
      {
        "_index": "wazuh-alerts-4.x-2024.07.12",
        "_id": "zLN1ppABLu9BFc0MEk7A",
        "_score": 2.0,
        "_source": {
          "agent": {
            "ip": "134.23.2.14",
            "name": "weborder",
            "id": "002"
          },
          "manager": {
            "name": "wazuh"
          },
          "data": {
            "win": {
              "eventdata": {
                "image": "c:\\\\vmtools\\\\l_test.exe",
                "processGuid": "{b0adf49e-0356-6691-7f04-000000000a00}",
                "processId": "3984",
                "utcTime": "2024-07-12 10:20:06.348",
                "targetFilename": "C:\\\\Windows\\\\Temp\\\\_MEI39842\\\\api-ms-win-core-heap-l1-1-0.dll",
                "ruleName": "DLL",
                "creationUtcTime": "2024-07-12 10:20:06.348",
                "user": "NT AUTHORITY\\\\SYSTEM"
              },
              "system": {
                "eventID": "11",
                "keywords": "0x8000000000000000",
                "providerGuid": "{5770385f-c22a-43e0-bf4c-06f5698ffbd9}",
                "level": "4",
                "channel": "Microsoft-Windows-Sysmon/Operational",
                "opcode": "0",
                "message": "\"File created:\r\nRuleName: DLL\r\nUtcTime: 2024-07-12 10:20:06.348\r\nProcessGuid: {b0adf49e-0356-6691-7f04-000000000a00}\r\nProcessId: 3984\r\nImage: c:\\vmtools\\l_test.exe\r\nTargetFilename: C:\\Windows\\Temp\\_MEI39842\\api-ms-win-core-heap-l1-1-0.dll\r\nCreationUtcTime: 2024-07-12 10:20:06.348\r\nUser: NT AUTHORITY\\SYSTEM\"",
                "version": "2",
                "systemTime": "2024-07-12T10:20:06.358644000Z",
                "eventRecordID": "4034",
                "threadID": "3640",
                "computer": "weborder.tyrdemo.se",
                "task": "11",
                "processID": "2564",
                "severityValue": "INFORMATION",
                "providerName": "Microsoft-Windows-Sysmon"
              }
            }
          },
          "rule": {
            "firedtimes": 341,
            "mail": true,
            "level": 13,
            "description": "Unsigned Binary Loaded From Suspicious Location",
            "groups": [
              "sigma"
            ],
            "id": "900228"
          },
          "decoder": {
            "name": "windows_eventchannel"
          },
          "input": {
            "type": "log"
          },
          "@timestamp": "2024-07-12T10:20:07.503Z",
          "location": "EventChannel",
          "id": "1720779607.110628958",
          "timestamp": "2024-07-12T12:20:07.503+0200"
        }
      },
      {
        "_index": "wazuh-alerts-4.x-2024.07.12",
        "_id": "0LN1ppABLu9BFc0MEk7A",
        "_score": 2.0,
        "_source": {
          "agent": {
            "ip": "134.23.2.14",
            "name": "weborder",
            "id": "002"
          },
          "manager": {
            "name": "wazuh"
          },
          "data": {
            "win": {
              "eventdata": {
                "image": "c:\\\\vmtools\\\\l_test.exe",
                "processGuid": "{b0adf49e-0356-6691-7f04-000000000a00}",
                "processId": "3984",
                "utcTime": "2024-07-12 10:20:06.348",
                "targetFilename": "C:\\\\Windows\\\\Temp\\\\_MEI39842\\\\api-ms-win-core-memory-l1-1-0.dll",
                "ruleName": "DLL",
                "creationUtcTime": "2024-07-12 10:20:06.348",
                "user": "NT AUTHORITY\\\\SYSTEM"
              },
              "system": {
                "eventID": "11",
                "keywords": "0x8000000000000000",
                "providerGuid": "{5770385f-c22a-43e0-bf4c-06f5698ffbd9}",
                "level": "4",
                "channel": "Microsoft-Windows-Sysmon/Operational",
                "opcode": "0",
                "message": "\"File created:\r\nRuleName: DLL\r\nUtcTime: 2024-07-12 10:20:06.348\r\nProcessGuid: {b0adf49e-0356-6691-7f04-000000000a00}\r\nProcessId: 3984\r\nImage: c:\\vmtools\\l_test.exe\r\nTargetFilename: C:\\Windows\\Temp\\_MEI39842\\api-ms-win-core-memory-l1-1-0.dll\r\nCreationUtcTime: 2024-07-12 10:20:06.348\r\nUser: NT AUTHORITY\\SYSTEM\"",
                "version": "2",
                "systemTime": "2024-07-12T10:20:06.359920600Z",
                "eventRecordID": "4038",
                "threadID": "3640",
                "computer": "weborder.tyrdemo.se",
                "task": "11",
                "processID": "2564",
                "severityValue": "INFORMATION",
                "providerName": "Microsoft-Windows-Sysmon"
              }
            }
          },
          "rule": {
            "firedtimes": 345,
            "mail": true,
            "level": 13,
            "description": "Unsigned Binary Loaded From Suspicious Location",
            "groups": [
              "sigma"
            ],
            "id": "900228"
          },
          "decoder": {
            "name": "windows_eventchannel"
          },
          "input": {
            "type": "log"
          },
          "@timestamp": "2024-07-12T10:20:07.566Z",
          "location": "EventChannel",
          "id": "1720779607.110639318",
          "timestamp": "2024-07-12T12:20:07.566+0200"
        }
      },
      {
        "_index": "wazuh-alerts-4.x-2024.07.12",
        "_id": "07N1ppABLu9BFc0MEk7A",
        "_score": 2.0,
        "_source": {
          "agent": {
            "ip": "134.23.2.14",
            "name": "weborder",
            "id": "002"
          },
          "manager": {
            "name": "wazuh"
          },
          "data": {
            "win": {
              "eventdata": {
                "image": "c:\\\\vmtools\\\\l_test.exe",
                "processGuid": "{b0adf49e-0356-6691-7f04-000000000a00}",
                "processId": "3984",
                "utcTime": "2024-07-12 10:20:06.348",
                "targetFilename": "C:\\\\Windows\\\\Temp\\\\_MEI39842\\\\api-ms-win-core-processthreads-l1-1-0.dll",
                "ruleName": "DLL",
                "creationUtcTime": "2024-07-12 10:20:06.348",
                "user": "NT AUTHORITY\\\\SYSTEM"
              },
              "system": {
                "eventID": "11",
                "keywords": "0x8000000000000000",
                "providerGuid": "{5770385f-c22a-43e0-bf4c-06f5698ffbd9}",
                "level": "4",
                "channel": "Microsoft-Windows-Sysmon/Operational",
                "opcode": "0",
                "message": "\"File created:\r\nRuleName: DLL\r\nUtcTime: 2024-07-12 10:20:06.348\r\nProcessGuid: {b0adf49e-0356-6691-7f04-000000000a00}\r\nProcessId: 3984\r\nImage: c:\\vmtools\\l_test.exe\r\nTargetFilename: C:\\Windows\\Temp\\_MEI39842\\api-ms-win-core-processthreads-l1-1-0.dll\r\nCreationUtcTime: 2024-07-12 10:20:06.348\r\nUser: NT AUTHORITY\\SYSTEM\"",
                "version": "2",
                "systemTime": "2024-07-12T10:20:06.360865800Z",
                "eventRecordID": "4041",
                "threadID": "3640",
                "computer": "weborder.tyrdemo.se",
                "task": "11",
                "processID": "2564",
                "severityValue": "INFORMATION",
                "providerName": "Microsoft-Windows-Sysmon"
              }
            }
          },
          "rule": {
            "firedtimes": 348,
            "mail": true,
            "level": 13,
            "description": "Unsigned Binary Loaded From Suspicious Location",
            "groups": [
              "sigma"
            ],
            "id": "900228"
          },
          "decoder": {
            "name": "windows_eventchannel"
          },
          "input": {
            "type": "log"
          },
          "@timestamp": "2024-07-12T10:20:07.597Z",
          "location": "EventChannel",
          "id": "1720779607.110647100",
          "timestamp": "2024-07-12T12:20:07.597+0200"
        }
      },
