      {
        "_index": "wazuh-alerts-4.x-2024.07.12",
        "_id": "y7NippABLu9BFc0Mxzyu",
        "_score": 2.0,
        "_source": {
          "agent": {
            "ip": "134.23.4.12",
            "name": "hqfile",
            "id": "011"
          },
          "manager": {
            "name": "wazuh"
          },
          "data": {
            "win": {
              "eventdata": {
                "image": "c:\\\\test\\\\l_test.exe",
                "processGuid": "{eeacf21c-fea7-6690-8604-000000000b00}",
                "processId": "1212",
                "utcTime": "2024-07-12 10:00:07.321",
                "targetFilename": "C:\\\\Windows\\\\Temp\\\\_MEI12122\\\\api-ms-win-core-file-l1-1-0.dll",
                "ruleName": "DLL",
                "creationUtcTime": "2024-07-12 10:00:07.321",
                "user": "NT AUTHORITY\\\\SYSTEM"
              },
              "system": {
                "eventID": "11",
                "keywords": "0x8000000000000000",
                "providerGuid": "{5770385f-c22a-43e0-bf4c-06f5698ffbd9}",
                "level": "4",
                "channel": "Microsoft-Windows-Sysmon/Operational",
                "opcode": "0",
                "message": "\"File created:\r\nRuleName: DLL\r\nUtcTime: 2024-07-12 10:00:07.321\r\nProcessGuid: {eeacf21c-fea7-6690-8604-000000000b00}\r\nProcessId: 1212\r\nImage: c:\\test\\l_test.exe\r\nTargetFilename: C:\\Windows\\Temp\\_MEI12122\\api-ms-win-core-file-l1-1-0.dll\r\nCreationUtcTime: 2024-07-12 10:00:07.321\r\nUser: NT AUTHORITY\\SYSTEM\"",
                "version": "2",
                "systemTime": "2024-07-12T10:00:07.327155000Z",
                "eventRecordID": "3080",
                "threadID": "3156",
                "computer": "hqfile.office.tyrdemo.se",
                "task": "11",
                "processID": "2584",
                "severityValue": "INFORMATION",
                "providerName": "Microsoft-Windows-Sysmon"
              }
            }
          },
          "rule": {
            "firedtimes": 9,
            "mail": true,
            "level": 13,
            "description": "Unsigned Binary Loaded From Suspicious Location",
            "groups": [
              "sigma"
            ],
            "id": "900228"
          },
          "decoder": {
            "name": "windows_eventchannel"
          },
          "input": {
            "type": "log"
          },
          "@timestamp": "2024-07-12T10:00:08.803Z",
          "location": "EventChannel",
          "id": "1720778408.103079939",
          "timestamp": "2024-07-12T12:00:08.803+0200"
        }
      },
      {
        "_index": "wazuh-alerts-4.x-2024.07.12",
        "_id": "zbNippABLu9BFc0Mxzyu",
        "_score": 2.0,
        "_source": {
          "agent": {
            "ip": "134.23.4.12",
            "name": "hqfile",
            "id": "011"
          },
          "manager": {
            "name": "wazuh"
          },
          "data": {
            "win": {
              "eventdata": {
                "image": "c:\\\\test\\\\l_test.exe",
                "processGuid": "{eeacf21c-fea7-6690-8604-000000000b00}",
                "processId": "1212",
                "utcTime": "2024-07-12 10:00:07.321",
                "targetFilename": "C:\\\\Windows\\\\Temp\\\\_MEI12122\\\\api-ms-win-core-file-l2-1-0.dll",
                "ruleName": "DLL",
                "creationUtcTime": "2024-07-12 10:00:07.321",
                "user": "NT AUTHORITY\\\\SYSTEM"
              },
              "system": {
                "eventID": "11",
                "keywords": "0x8000000000000000",
                "providerGuid": "{5770385f-c22a-43e0-bf4c-06f5698ffbd9}",
                "level": "4",
                "channel": "Microsoft-Windows-Sysmon/Operational",
                "opcode": "0",
                "message": "\"File created:\r\nRuleName: DLL\r\nUtcTime: 2024-07-12 10:00:07.321\r\nProcessGuid: {eeacf21c-fea7-6690-8604-000000000b00}\r\nProcessId: 1212\r\nImage: c:\\test\\l_test.exe\r\nTargetFilename: C:\\Windows\\Temp\\_MEI12122\\api-ms-win-core-file-l2-1-0.dll\r\nCreationUtcTime: 2024-07-12 10:00:07.321\r\nUser: NT AUTHORITY\\SYSTEM\"",
                "version": "2",
                "systemTime": "2024-07-12T10:00:07.327710500Z",
                "eventRecordID": "3082",
                "threadID": "3156",
                "computer": "hqfile.office.tyrdemo.se",
                "task": "11",
                "processID": "2584",
                "severityValue": "INFORMATION",
                "providerName": "Microsoft-Windows-Sysmon"
              }
            }
          },
          "rule": {
            "firedtimes": 11,
            "mail": true,
            "level": 13,
            "description": "Unsigned Binary Loaded From Suspicious Location",
            "groups": [
              "sigma"
            ],
            "id": "900228"
          },
          "decoder": {
            "name": "windows_eventchannel"
          },
          "input": {
            "type": "log"
          },
          "@timestamp": "2024-07-12T10:00:08.851Z",
          "location": "EventChannel",
          "id": "1720778408.103085063",
          "timestamp": "2024-07-12T12:00:08.851+0200"
        }
      },
      {
        "_index": "wazuh-alerts-4.x-2024.07.12",
        "_id": "zrNippABLu9BFc0Myzyb",
        "_score": 2.0,
        "_source": {
          "agent": {
            "ip": "134.23.4.12",
            "name": "hqfile",
            "id": "011"
          },
          "manager": {
            "name": "wazuh"
          },
          "data": {
            "win": {
              "eventdata": {
                "image": "c:\\\\test\\\\l_test.exe",
                "processGuid": "{eeacf21c-fea7-6690-8604-000000000b00}",
                "processId": "1212",
                "utcTime": "2024-07-12 10:00:07.321",
                "targetFilename": "C:\\\\Windows\\\\Temp\\\\_MEI12122\\\\api-ms-win-core-handle-l1-1-0.dll",
                "ruleName": "DLL",
                "creationUtcTime": "2024-07-12 10:00:07.321",
                "user": "NT AUTHORITY\\\\SYSTEM"
              },
              "system": {
                "eventID": "11",
                "keywords": "0x8000000000000000",
                "providerGuid": "{5770385f-c22a-43e0-bf4c-06f5698ffbd9}",
                "level": "4",
                "channel": "Microsoft-Windows-Sysmon/Operational",
                "opcode": "0",
                "message": "\"File created:\r\nRuleName: DLL\r\nUtcTime: 2024-07-12 10:00:07.321\r\nProcessGuid: {eeacf21c-fea7-6690-8604-000000000b00}\r\nProcessId: 1212\r\nImage: c:\\test\\l_test.exe\r\nTargetFilename: C:\\Windows\\Temp\\_MEI12122\\api-ms-win-core-handle-l1-1-0.dll\r\nCreationUtcTime: 2024-07-12 10:00:07.321\r\nUser: NT AUTHORITY\\SYSTEM\"",
                "version": "2",
                "systemTime": "2024-07-12T10:00:07.328187100Z",
                "eventRecordID": "3083",
                "threadID": "3156",
                "computer": "hqfile.office.tyrdemo.se",
                "task": "11",
                "processID": "2584",
                "severityValue": "INFORMATION",
                "providerName": "Microsoft-Windows-Sysmon"
              }
            }
          },
          "rule": {
            "firedtimes": 12,
            "mail": true,
            "level": 13,
            "description": "Unsigned Binary Loaded From Suspicious Location",
            "groups": [
              "sigma"
            ],
            "id": "900228"
          },
          "decoder": {
            "name": "windows_eventchannel"
          },
          "input": {
            "type": "log"
          },
          "@timestamp": "2024-07-12T10:00:08.852Z",
          "location": "EventChannel",
          "id": "1720778408.103087625",
          "timestamp": "2024-07-12T12:00:08.852+0200"
        }
      },
      {
        "_index": "wazuh-alerts-4.x-2024.07.12",
        "_id": "0LNippABLu9BFc0Myzyb",
        "_score": 2.0,
        "_source": {
          "agent": {
            "ip": "134.23.4.12",
            "name": "hqfile",
            "id": "011"
          },
          "manager": {
            "name": "wazuh"
          },
          "data": {
            "win": {
              "eventdata": {
                "image": "c:\\\\test\\\\l_test.exe",
                "processGuid": "{eeacf21c-fea7-6690-8604-000000000b00}",
                "processId": "1212",
                "utcTime": "2024-07-12 10:00:07.321",
                "targetFilename": "C:\\\\Windows\\\\Temp\\\\_MEI12122\\\\api-ms-win-core-interlocked-l1-1-0.dll",
                "ruleName": "DLL",
                "creationUtcTime": "2024-07-12 10:00:07.321",
                "user": "NT AUTHORITY\\\\SYSTEM"
              },
              "system": {
                "eventID": "11",
                "keywords": "0x8000000000000000",
                "providerGuid": "{5770385f-c22a-43e0-bf4c-06f5698ffbd9}",
                "level": "4",
                "channel": "Microsoft-Windows-Sysmon/Operational",
                "opcode": "0",
                "message": "\"File created:\r\nRuleName: DLL\r\nUtcTime: 2024-07-12 10:00:07.321\r\nProcessGuid: {eeacf21c-fea7-6690-8604-000000000b00}\r\nProcessId: 1212\r\nImage: c:\\test\\l_test.exe\r\nTargetFilename: C:\\Windows\\Temp\\_MEI12122\\api-ms-win-core-interlocked-l1-1-0.dll\r\nCreationUtcTime: 2024-07-12 10:00:07.321\r\nUser: NT AUTHORITY\\SYSTEM\"",
                "version": "2",
                "systemTime": "2024-07-12T10:00:07.328798100Z",
                "eventRecordID": "3085",
                "threadID": "3156",
                "computer": "hqfile.office.tyrdemo.se",
                "task": "11",
                "processID": "2584",
                "severityValue": "INFORMATION",
                "providerName": "Microsoft-Windows-Sysmon"
              }
            }
          },
          "rule": {
            "firedtimes": 14,
            "mail": true,
            "level": 13,
            "description": "Unsigned Binary Loaded From Suspicious Location",
            "groups": [
              "sigma"
            ],
            "id": "900228"
          },
          "decoder": {
            "name": "windows_eventchannel"
          },
          "input": {
            "type": "log"
          },
          "@timestamp": "2024-07-12T10:00:08.881Z",
          "location": "EventChannel",
          "id": "1720778408.103092757",
          "timestamp": "2024-07-12T12:00:08.881+0200"
        }
      },
      {
        "_index": "wazuh-alerts-4.x-2024.07.12",
        "_id": "0bNippABLu9BFc0Myzyb",
        "_score": 2.0,
        "_source": {
          "agent": {
            "ip": "134.23.4.12",
            "name": "hqfile",
            "id": "011"
          },
          "manager": {
            "name": "wazuh"
          },
          "data": {
            "win": {
              "eventdata": {
                "image": "c:\\\\test\\\\l_test.exe",
                "processGuid": "{eeacf21c-fea7-6690-8604-000000000b00}",
                "processId": "1212",
                "utcTime": "2024-07-12 10:00:07.321",
                "targetFilename": "C:\\\\Windows\\\\Temp\\\\_MEI12122\\\\api-ms-win-core-libraryloader-l1-1-0.dll",
                "ruleName": "DLL",
                "creationUtcTime": "2024-07-12 10:00:07.321",
                "user": "NT AUTHORITY\\\\SYSTEM"
              },
              "system": {
                "eventID": "11",
                "keywords": "0x8000000000000000",
                "providerGuid": "{5770385f-c22a-43e0-bf4c-06f5698ffbd9}",
                "level": "4",
                "channel": "Microsoft-Windows-Sysmon/Operational",
                "opcode": "0",
                "message": "\"File created:\r\nRuleName: DLL\r\nUtcTime: 2024-07-12 10:00:07.321\r\nProcessGuid: {eeacf21c-fea7-6690-8604-000000000b00}\r\nProcessId: 1212\r\nImage: c:\\test\\l_test.exe\r\nTargetFilename: C:\\Windows\\Temp\\_MEI12122\\api-ms-win-core-libraryloader-l1-1-0.dll\r\nCreationUtcTime: 2024-07-12 10:00:07.321\r\nUser: NT AUTHORITY\\SYSTEM\"",
                "version": "2",
                "systemTime": "2024-07-12T10:00:07.329095900Z",
                "eventRecordID": "3086",
                "threadID": "3156",
                "computer": "hqfile.office.tyrdemo.se",
                "task": "11",
                "processID": "2584",
                "severityValue": "INFORMATION",
                "providerName": "Microsoft-Windows-Sysmon"
              }
            }
          },
          "rule": {
            "firedtimes": 15,
            "mail": true,
            "level": 13,
            "description": "Unsigned Binary Loaded From Suspicious Location",
            "groups": [
              "sigma"
            ],
            "id": "900228"
          },
          "decoder": {
            "name": "windows_eventchannel"
          },
          "input": {
            "type": "log"
          },
          "@timestamp": "2024-07-12T10:00:08.926Z",
          "location": "EventChannel",
          "id": "1720778408.103095347",
          "timestamp": "2024-07-12T12:00:08.926+0200"
        }
      },
      {
        "_index": "wazuh-alerts-4.x-2024.07.12",
        "_id": "0rNippABLu9BFc0Myzyb",
        "_score": 2.0,
        "_source": {
          "agent": {
            "ip": "134.23.4.12",
            "name": "hqfile",
            "id": "011"
          },
          "manager": {
            "name": "wazuh"
          },
          "data": {
            "win": {
              "eventdata": {
                "image": "c:\\\\test\\\\l_test.exe",
                "processGuid": "{eeacf21c-fea7-6690-8604-000000000b00}",
                "processId": "1212",
                "utcTime": "2024-07-12 10:00:07.321",
                "targetFilename": "C:\\\\Windows\\\\Temp\\\\_MEI12122\\\\api-ms-win-core-localization-l1-2-0.dll",
                "ruleName": "DLL",
                "creationUtcTime": "2024-07-12 10:00:07.321",
                "user": "NT AUTHORITY\\\\SYSTEM"
              },
              "system": {
                "eventID": "11",
                "keywords": "0x8000000000000000",
                "providerGuid": "{5770385f-c22a-43e0-bf4c-06f5698ffbd9}",
                "level": "4",
                "channel": "Microsoft-Windows-Sysmon/Operational",
                "opcode": "0",
                "message": "\"File created:\r\nRuleName: DLL\r\nUtcTime: 2024-07-12 10:00:07.321\r\nProcessGuid: {eeacf21c-fea7-6690-8604-000000000b00}\r\nProcessId: 1212\r\nImage: c:\\test\\l_test.exe\r\nTargetFilename: C:\\Windows\\Temp\\_MEI12122\\api-ms-win-core-localization-l1-2-0.dll\r\nCreationUtcTime: 2024-07-12 10:00:07.321\r\nUser: NT AUTHORITY\\SYSTEM\"",
                "version": "2",
                "systemTime": "2024-07-12T10:00:07.329394200Z",
                "eventRecordID": "3087",
                "threadID": "3156",
                "computer": "hqfile.office.tyrdemo.se",
                "task": "11",
                "processID": "2584",
                "severityValue": "INFORMATION",
                "providerName": "Microsoft-Windows-Sysmon"
              }
            }
          },
          "rule": {
            "firedtimes": 16,
            "mail": true,
            "level": 13,
            "description": "Unsigned Binary Loaded From Suspicious Location",
            "groups": [
              "sigma"
            ],
            "id": "900228"
          },
          "decoder": {
            "name": "windows_eventchannel"
          },
          "input": {
            "type": "log"
          },
          "@timestamp": "2024-07-12T10:00:08.926Z",
          "location": "EventChannel",
          "id": "1720778408.103097945",
          "timestamp": "2024-07-12T12:00:08.926+0200"
        }
      },
      {
        "_index": "wazuh-alerts-4.x-2024.07.12",
        "_id": "1bNippABLu9BFc0Myzyb",
        "_score": 2.0,
        "_source": {
          "agent": {
            "ip": "134.23.4.12",
            "name": "hqfile",
            "id": "011"
          },
          "manager": {
            "name": "wazuh"
          },
          "data": {
            "win": {
              "eventdata": {
                "image": "c:\\\\test\\\\l_test.exe",
                "processGuid": "{eeacf21c-fea7-6690-8604-000000000b00}",
                "processId": "1212",
                "utcTime": "2024-07-12 10:00:07.321",
                "targetFilename": "C:\\\\Windows\\\\Temp\\\\_MEI12122\\\\api-ms-win-core-processthreads-l1-1-0.dll",
                "ruleName": "DLL",
                "creationUtcTime": "2024-07-12 10:00:07.321",
                "user": "NT AUTHORITY\\\\SYSTEM"
              },
              "system": {
                "eventID": "11",
                "keywords": "0x8000000000000000",
                "providerGuid": "{5770385f-c22a-43e0-bf4c-06f5698ffbd9}",
                "level": "4",
                "channel": "Microsoft-Windows-Sysmon/Operational",
                "opcode": "0",
                "message": "\"File created:\r\nRuleName: DLL\r\nUtcTime: 2024-07-12 10:00:07.321\r\nProcessGuid: {eeacf21c-fea7-6690-8604-000000000b00}\r\nProcessId: 1212\r\nImage: c:\\test\\l_test.exe\r\nTargetFilename: C:\\Windows\\Temp\\_MEI12122\\api-ms-win-core-processthreads-l1-1-0.dll\r\nCreationUtcTime: 2024-07-12 10:00:07.321\r\nUser: NT AUTHORITY\\SYSTEM\"",
                "version": "2",
                "systemTime": "2024-07-12T10:00:07.330785600Z",
                "eventRecordID": "3091",
                "threadID": "3156",
                "computer": "hqfile.office.tyrdemo.se",
                "task": "11",
                "processID": "2584",
                "severityValue": "INFORMATION",
                "providerName": "Microsoft-Windows-Sysmon"
              }
            }
          },
          "rule": {
            "firedtimes": 20,
            "mail": true,
            "level": 13,
            "description": "Unsigned Binary Loaded From Suspicious Location",
            "groups": [
              "sigma"
            ],
            "id": "900228"
          },
          "decoder": {
            "name": "windows_eventchannel"
          },
          "input": {
            "type": "log"
          },
          "@timestamp": "2024-07-12T10:00:08.975Z",
          "location": "EventChannel",
          "id": "1720778408.103105691",
          "timestamp": "2024-07-12T12:00:08.975+0200"
        }
      },
      {
        "_index": "wazuh-alerts-4.x-2024.07.12",
        "_id": "2bNippABLu9BFc0Myzyb",
        "_score": 2.0,
        "_source": {
          "agent": {
            "ip": "134.23.4.12",
            "name": "hqfile",
            "id": "011"
          },
          "manager": {
            "name": "wazuh"
          },
          "data": {
            "win": {
              "eventdata": {
                "image": "c:\\\\test\\\\l_test.exe",
                "processGuid": "{eeacf21c-fea7-6690-8604-000000000b00}",
                "processId": "1212",
                "utcTime": "2024-07-12 10:00:07.321",
                "targetFilename": "C:\\\\Windows\\\\Temp\\\\_MEI12122\\\\api-ms-win-core-rtlsupport-l1-1-0.dll",
                "ruleName": "DLL",
                "creationUtcTime": "2024-07-12 10:00:07.321",
                "user": "NT AUTHORITY\\\\SYSTEM"
              },
              "system": {
                "eventID": "11",
                "keywords": "0x8000000000000000",
                "providerGuid": "{5770385f-c22a-43e0-bf4c-06f5698ffbd9}",
                "level": "4",
                "channel": "Microsoft-Windows-Sysmon/Operational",
                "opcode": "0",
                "message": "\"File created:\r\nRuleName: DLL\r\nUtcTime: 2024-07-12 10:00:07.321\r\nProcessGuid: {eeacf21c-fea7-6690-8604-000000000b00}\r\nProcessId: 1212\r\nImage: c:\\test\\l_test.exe\r\nTargetFilename: C:\\Windows\\Temp\\_MEI12122\\api-ms-win-core-rtlsupport-l1-1-0.dll\r\nCreationUtcTime: 2024-07-12 10:00:07.321\r\nUser: NT AUTHORITY\\SYSTEM\"",
                "version": "2",
                "systemTime": "2024-07-12T10:00:07.331708300Z",
                "eventRecordID": "3094",
                "threadID": "3156",
                "computer": "hqfile.office.tyrdemo.se",
                "task": "11",
                "processID": "2584",
                "severityValue": "INFORMATION",
                "providerName": "Microsoft-Windows-Sysmon"
              }
            }
          },
          "rule": {
            "firedtimes": 23,
            "mail": true,
            "level": 13,
            "description": "Unsigned Binary Loaded From Suspicious Location",
            "groups": [
              "sigma"
            ],
            "id": "900228"
          },
          "decoder": {
            "name": "windows_eventchannel"
          },
          "input": {
            "type": "log"
          },
          "@timestamp": "2024-07-12T10:00:09.038Z",
          "location": "EventChannel",
          "id": "1720778409.103116087",
          "timestamp": "2024-07-12T12:00:09.038+0200"
        }
      },
      {
        "_index": "wazuh-alerts-4.x-2024.07.12",
        "_id": "3bNippABLu9BFc0Myzyb",
        "_score": 2.0,
        "_source": {
          "agent": {
            "ip": "134.23.4.12",
            "name": "hqfile",
            "id": "011"
          },
          "manager": {
            "name": "wazuh"
          },
          "data": {
            "win": {
              "eventdata": {
                "image": "c:\\\\test\\\\l_test.exe",
                "processGuid": "{eeacf21c-fea7-6690-8604-000000000b00}",
                "processId": "1212",
                "utcTime": "2024-07-12 10:00:07.321",
                "targetFilename": "C:\\\\Windows\\\\Temp\\\\_MEI12122\\\\api-ms-win-core-synch-l1-2-0.dll",
                "ruleName": "DLL",
                "creationUtcTime": "2024-07-12 10:00:07.321",
                "user": "NT AUTHORITY\\\\SYSTEM"
              },
              "system": {
                "eventID": "11",
                "keywords": "0x8000000000000000",
                "providerGuid": "{5770385f-c22a-43e0-bf4c-06f5698ffbd9}",
                "level": "4",
                "channel": "Microsoft-Windows-Sysmon/Operational",
                "opcode": "0",
                "message": "\"File created:\r\nRuleName: DLL\r\nUtcTime: 2024-07-12 10:00:07.321\r\nProcessGuid: {eeacf21c-fea7-6690-8604-000000000b00}\r\nProcessId: 1212\r\nImage: c:\\test\\l_test.exe\r\nTargetFilename: C:\\Windows\\Temp\\_MEI12122\\api-ms-win-core-synch-l1-2-0.dll\r\nCreationUtcTime: 2024-07-12 10:00:07.321\r\nUser: NT AUTHORITY\\SYSTEM\"",
                "version": "2",
                "systemTime": "2024-07-12T10:00:07.332568400Z",
                "eventRecordID": "3097",
                "threadID": "3156",
                "computer": "hqfile.office.tyrdemo.se",
                "task": "11",
                "processID": "2584",
                "severityValue": "INFORMATION",
                "providerName": "Microsoft-Windows-Sysmon"
              }
            }
          },
          "rule": {
            "firedtimes": 26,
            "mail": true,
            "level": 13,
            "description": "Unsigned Binary Loaded From Suspicious Location",
            "groups": [
              "sigma"
            ],
            "id": "900228"
          },
          "decoder": {
            "name": "windows_eventchannel"
          },
          "input": {
            "type": "log"
          },
          "@timestamp": "2024-07-12T10:00:09.069Z",
          "location": "EventChannel",
          "id": "1720778409.103124328",
          "timestamp": "2024-07-12T12:00:09.069+0200"
        }
      },
      {
        "_index": "wazuh-alerts-4.x-2024.07.12",
        "_id": "5rNippABLu9BFc0Myzyb",
        "_score": 2.0,
        "_source": {
          "agent": {
            "ip": "134.23.4.12",
            "name": "hqfile",
            "id": "011"
          },
          "manager": {
            "name": "wazuh"
          },
          "data": {
            "win": {
              "eventdata": {
                "image": "c:\\\\test\\\\l_test.exe",
                "processGuid": "{eeacf21c-fea7-6690-8604-000000000b00}",
                "processId": "1212",
                "utcTime": "2024-07-12 10:00:07.321",
                "targetFilename": "C:\\\\Windows\\\\Temp\\\\_MEI12122\\\\api-ms-win-crt-heap-l1-1-0.dll",
                "ruleName": "DLL",
                "creationUtcTime": "2024-07-12 10:00:07.321",
                "user": "NT AUTHORITY\\\\SYSTEM"
              },
              "system": {
                "eventID": "11",
                "keywords": "0x8000000000000000",
                "providerGuid": "{5770385f-c22a-43e0-bf4c-06f5698ffbd9}",
                "level": "4",
                "channel": "Microsoft-Windows-Sysmon/Operational",
                "opcode": "0",
                "message": "\"File created:\r\nRuleName: DLL\r\nUtcTime: 2024-07-12 10:00:07.321\r\nProcessGuid: {eeacf21c-fea7-6690-8604-000000000b00}\r\nProcessId: 1212\r\nImage: c:\\test\\l_test.exe\r\nTargetFilename: C:\\Windows\\Temp\\_MEI12122\\api-ms-win-crt-heap-l1-1-0.dll\r\nCreationUtcTime: 2024-07-12 10:00:07.321\r\nUser: NT AUTHORITY\\SYSTEM\"",
                "version": "2",
                "systemTime": "2024-07-12T10:00:07.335311300Z",
                "eventRecordID": "3105",
                "threadID": "3156",
                "computer": "hqfile.office.tyrdemo.se",
                "task": "11",
                "processID": "2584",
                "severityValue": "INFORMATION",
                "providerName": "Microsoft-Windows-Sysmon"
              }
            }
          },
          "rule": {
            "firedtimes": 34,
            "mail": true,
            "level": 13,
            "description": "Unsigned Binary Loaded From Suspicious Location",
            "groups": [
              "sigma"
            ],
            "id": "900228"
          },
          "decoder": {
            "name": "windows_eventchannel"
          },
          "input": {
            "type": "log"
          },
          "@timestamp": "2024-07-12T10:00:09.194Z",
          "location": "EventChannel",
          "id": "1720778409.103145430",
          "timestamp": "2024-07-12T12:00:09.194+0200"
        }
      },
      {
        "_index": "wazuh-alerts-4.x-2024.07.12",
        "_id": "67NippABLu9BFc0Myzyb",
        "_score": 2.0,
        "_source": {
          "agent": {
            "ip": "134.23.4.12",
            "name": "hqfile",
            "id": "011"
          },
          "manager": {
            "name": "wazuh"
          },
          "data": {
            "win": {
              "eventdata": {
                "image": "c:\\\\test\\\\l_test.exe",
                "processGuid": "{eeacf21c-fea7-6690-8604-000000000b00}",
                "processId": "1212",
                "utcTime": "2024-07-12 10:00:07.321",
                "targetFilename": "C:\\\\Windows\\\\Temp\\\\_MEI12122\\\\api-ms-win-crt-process-l1-1-0.dll",
                "ruleName": "DLL",
                "creationUtcTime": "2024-07-12 10:00:07.321",
                "user": "NT AUTHORITY\\\\SYSTEM"
              },
              "system": {
                "eventID": "11",
                "keywords": "0x8000000000000000",
                "providerGuid": "{5770385f-c22a-43e0-bf4c-06f5698ffbd9}",
                "level": "4",
                "channel": "Microsoft-Windows-Sysmon/Operational",
                "opcode": "0",
                "message": "\"File created:\r\nRuleName: DLL\r\nUtcTime: 2024-07-12 10:00:07.321\r\nProcessGuid: {eeacf21c-fea7-6690-8604-000000000b00}\r\nProcessId: 1212\r\nImage: c:\\test\\l_test.exe\r\nTargetFilename: C:\\Windows\\Temp\\_MEI12122\\api-ms-win-crt-process-l1-1-0.dll\r\nCreationUtcTime: 2024-07-12 10:00:07.321\r\nUser: NT AUTHORITY\\SYSTEM\"",
                "version": "2",
                "systemTime": "2024-07-12T10:00:07.336283700Z",
                "eventRecordID": "3108",
                "threadID": "3156",
                "computer": "hqfile.office.tyrdemo.se",
                "task": "11",
                "processID": "2584",
                "severityValue": "INFORMATION",
                "providerName": "Microsoft-Windows-Sysmon"
              }
            }
          },
          "rule": {
            "firedtimes": 37,
            "mail": true,
            "level": 13,
            "description": "Unsigned Binary Loaded From Suspicious Location",
            "groups": [
              "sigma"
            ],
            "id": "900228"
          },
          "decoder": {
            "name": "windows_eventchannel"
          },
          "input": {
            "type": "log"
          },
          "@timestamp": "2024-07-12T10:00:09.240Z",
          "location": "EventChannel",
          "id": "1720778409.103155943",
          "timestamp": "2024-07-12T12:00:09.240+0200"
        }
      },
      {
        "_index": "wazuh-alerts-4.x-2024.07.12",
        "_id": "7LNippABLu9BFc0Myzyb",
        "_score": 2.0,
        "_source": {
          "agent": {
            "ip": "134.23.4.12",
            "name": "hqfile",
            "id": "011"
          },
          "manager": {
            "name": "wazuh"
          },
          "data": {
            "win": {
              "eventdata": {
                "image": "c:\\\\test\\\\l_test.exe",
                "processGuid": "{eeacf21c-fea7-6690-8604-000000000b00}",
                "processId": "1212",
                "utcTime": "2024-07-12 10:00:07.321",
                "targetFilename": "C:\\\\Windows\\\\Temp\\\\_MEI12122\\\\api-ms-win-crt-runtime-l1-1-0.dll",
                "ruleName": "DLL",
                "creationUtcTime": "2024-07-12 10:00:07.321",
                "user": "NT AUTHORITY\\\\SYSTEM"
              },
              "system": {
                "eventID": "11",
                "keywords": "0x8000000000000000",
                "providerGuid": "{5770385f-c22a-43e0-bf4c-06f5698ffbd9}",
                "level": "4",
                "channel": "Microsoft-Windows-Sysmon/Operational",
                "opcode": "0",
                "message": "\"File created:\r\nRuleName: DLL\r\nUtcTime: 2024-07-12 10:00:07.321\r\nProcessGuid: {eeacf21c-fea7-6690-8604-000000000b00}\r\nProcessId: 1212\r\nImage: c:\\test\\l_test.exe\r\nTargetFilename: C:\\Windows\\Temp\\_MEI12122\\api-ms-win-crt-runtime-l1-1-0.dll\r\nCreationUtcTime: 2024-07-12 10:00:07.321\r\nUser: NT AUTHORITY\\SYSTEM\"",
                "version": "2",
                "systemTime": "2024-07-12T10:00:07.336588300Z",
                "eventRecordID": "3109",
                "threadID": "3156",
                "computer": "hqfile.office.tyrdemo.se",
                "task": "11",
                "processID": "2584",
                "severityValue": "INFORMATION",
                "providerName": "Microsoft-Windows-Sysmon"
              }
            }
          },
          "rule": {
            "firedtimes": 38,
            "mail": true,
            "level": 13,
            "description": "Unsigned Binary Loaded From Suspicious Location",
            "groups": [
              "sigma"
            ],
            "id": "900228"
          },
          "decoder": {
            "name": "windows_eventchannel"
          },
          "input": {
            "type": "log"
          },
          "@timestamp": "2024-07-12T10:00:09.258Z",
          "location": "EventChannel",
          "id": "1720778409.103158513",
          "timestamp": "2024-07-12T12:00:09.258+0200"
        }
      },
      {
        "_index": "wazuh-alerts-4.x-2024.07.12",
        "_id": "7bNippABLu9BFc0Myzyb",
        "_score": 2.0,
        "_source": {
          "agent": {
            "ip": "134.23.4.12",
            "name": "hqfile",
            "id": "011"
          },
          "manager": {
            "name": "wazuh"
          },
          "data": {
            "win": {
              "eventdata": {
                "image": "c:\\\\test\\\\l_test.exe",
                "processGuid": "{eeacf21c-fea7-6690-8604-000000000b00}",
                "processId": "1212",
                "utcTime": "2024-07-12 10:00:07.321",
                "targetFilename": "C:\\\\Windows\\\\Temp\\\\_MEI12122\\\\api-ms-win-crt-stdio-l1-1-0.dll",
                "ruleName": "DLL",
                "creationUtcTime": "2024-07-12 10:00:07.321",
                "user": "NT AUTHORITY\\\\SYSTEM"
              },
              "system": {
                "eventID": "11",
                "keywords": "0x8000000000000000",
                "providerGuid": "{5770385f-c22a-43e0-bf4c-06f5698ffbd9}",
                "level": "4",
                "channel": "Microsoft-Windows-Sysmon/Operational",
                "opcode": "0",
                "message": "\"File created:\r\nRuleName: DLL\r\nUtcTime: 2024-07-12 10:00:07.321\r\nProcessGuid: {eeacf21c-fea7-6690-8604-000000000b00}\r\nProcessId: 1212\r\nImage: c:\\test\\l_test.exe\r\nTargetFilename: C:\\Windows\\Temp\\_MEI12122\\api-ms-win-crt-stdio-l1-1-0.dll\r\nCreationUtcTime: 2024-07-12 10:00:07.321\r\nUser: NT AUTHORITY\\SYSTEM\"",
                "version": "2",
                "systemTime": "2024-07-12T10:00:07.337051000Z",
                "eventRecordID": "3110",
                "threadID": "3156",
                "computer": "hqfile.office.tyrdemo.se",
                "task": "11",
                "processID": "2584",
                "severityValue": "INFORMATION",
                "providerName": "Microsoft-Windows-Sysmon"
              }
            }
          },
          "rule": {
            "firedtimes": 39,
            "mail": true,
            "level": 13,
            "description": "Unsigned Binary Loaded From Suspicious Location",
            "groups": [
              "sigma"
            ],
            "id": "900228"
          },
          "decoder": {
            "name": "windows_eventchannel"
          },
          "input": {
            "type": "log"
          },
          "@timestamp": "2024-07-12T10:00:09.288Z",
          "location": "EventChannel",
          "id": "1720778409.103161083",
          "timestamp": "2024-07-12T12:00:09.288+0200"
        }
      },
      {
        "_index": "wazuh-alerts-4.x-2024.07.12",
        "_id": "7rNippABLu9BFc0Myzyb",
        "_score": 2.0,
        "_source": {
          "agent": {
            "ip": "134.23.4.12",
            "name": "hqfile",
            "id": "011"
          },
          "manager": {
            "name": "wazuh"
          },
          "data": {
            "win": {
              "eventdata": {
                "image": "c:\\\\test\\\\l_test.exe",
                "processGuid": "{eeacf21c-fea7-6690-8604-000000000b00}",
                "processId": "1212",
                "utcTime": "2024-07-12 10:00:07.337",
                "targetFilename": "C:\\\\Windows\\\\Temp\\\\_MEI12122\\\\api-ms-win-crt-string-l1-1-0.dll",
                "ruleName": "DLL",
                "creationUtcTime": "2024-07-12 10:00:07.337",
                "user": "NT AUTHORITY\\\\SYSTEM"
              },
              "system": {
                "eventID": "11",
                "keywords": "0x8000000000000000",
                "providerGuid": "{5770385f-c22a-43e0-bf4c-06f5698ffbd9}",
                "level": "4",
                "channel": "Microsoft-Windows-Sysmon/Operational",
                "opcode": "0",
                "message": "\"File created:\r\nRuleName: DLL\r\nUtcTime: 2024-07-12 10:00:07.337\r\nProcessGuid: {eeacf21c-fea7-6690-8604-000000000b00}\r\nProcessId: 1212\r\nImage: c:\\test\\l_test.exe\r\nTargetFilename: C:\\Windows\\Temp\\_MEI12122\\api-ms-win-crt-string-l1-1-0.dll\r\nCreationUtcTime: 2024-07-12 10:00:07.337\r\nUser: NT AUTHORITY\\SYSTEM\"",
                "version": "2",
                "systemTime": "2024-07-12T10:00:07.337814100Z",
                "eventRecordID": "3111",
                "threadID": "3156",
                "computer": "hqfile.office.tyrdemo.se",
                "task": "11",
                "processID": "2584",
                "severityValue": "INFORMATION",
                "providerName": "Microsoft-Windows-Sysmon"
              }
            }
          },
          "rule": {
            "firedtimes": 40,
            "mail": true,
            "level": 13,
            "description": "Unsigned Binary Loaded From Suspicious Location",
            "groups": [
              "sigma"
            ],
            "id": "900228"
          },
          "decoder": {
            "name": "windows_eventchannel"
          },
          "input": {
            "type": "log"
          },
          "@timestamp": "2024-07-12T10:00:09.288Z",
          "location": "EventChannel",
          "id": "1720778409.103163645",
          "timestamp": "2024-07-12T12:00:09.288+0200"
        }
      },
      {
        "_index": "wazuh-alerts-4.x-2024.07.12",
        "_id": "8rNippABLu9BFc0Myzyb",
        "_score": 2.0,
        "_source": {
          "agent": {
            "ip": "134.23.4.12",
            "name": "hqfile",
            "id": "011"
          },
          "manager": {
            "name": "wazuh"
          },
          "data": {
            "win": {
              "eventdata": {
                "image": "c:\\\\test\\\\l_test.exe",
                "processGuid": "{eeacf21c-fea7-6690-8604-000000000b00}",
                "processId": "1212",
                "utcTime": "2024-07-12 10:00:07.337",
                "targetFilename": "C:\\\\Windows\\\\Temp\\\\_MEI12122\\\\libssl-1_1.dll",
                "ruleName": "DLL",
                "creationUtcTime": "2024-07-12 10:00:07.337",
                "user": "NT AUTHORITY\\\\SYSTEM"
              },
              "system": {
                "eventID": "11",
                "keywords": "0x8000000000000000",
                "providerGuid": "{5770385f-c22a-43e0-bf4c-06f5698ffbd9}",
                "level": "4",
                "channel": "Microsoft-Windows-Sysmon/Operational",
                "opcode": "0",
                "message": "\"File created:\r\nRuleName: DLL\r\nUtcTime: 2024-07-12 10:00:07.337\r\nProcessGuid: {eeacf21c-fea7-6690-8604-000000000b00}\r\nProcessId: 1212\r\nImage: c:\\test\\l_test.exe\r\nTargetFilename: C:\\Windows\\Temp\\_MEI12122\\libssl-1_1.dll\r\nCreationUtcTime: 2024-07-12 10:00:07.337\r\nUser: NT AUTHORITY\\SYSTEM\"",
                "version": "2",
                "systemTime": "2024-07-12T10:00:07.352523400Z",
                "eventRecordID": "3115",
                "threadID": "3156",
                "computer": "hqfile.office.tyrdemo.se",
                "task": "11",
                "processID": "2584",
                "severityValue": "INFORMATION",
                "providerName": "Microsoft-Windows-Sysmon"
              }
            }
          },
          "rule": {
            "firedtimes": 44,
            "mail": true,
            "level": 13,
            "description": "Unsigned Binary Loaded From Suspicious Location",
            "groups": [
              "sigma"
            ],
            "id": "900228"
          },
          "decoder": {
            "name": "windows_eventchannel"
          },
          "input": {
            "type": "log"
          },
          "@timestamp": "2024-07-12T10:00:09.366Z",
          "location": "EventChannel",
          "id": "1720778409.103173845",
          "timestamp": "2024-07-12T12:00:09.366+0200"
        }
      },
      {
        "_index": "wazuh-alerts-4.x-2024.07.12",
        "_id": "9LNippABLu9BFc0Myzyb",
        "_score": 2.0,
        "_source": {
          "agent": {
            "ip": "134.23.4.12",
            "name": "hqfile",
            "id": "011"
          },
          "manager": {
            "name": "wazuh"
          },
          "data": {
            "win": {
              "eventdata": {
                "image": "c:\\\\test\\\\l_test.exe",
                "processGuid": "{eeacf21c-fea7-6690-8604-000000000b00}",
                "processId": "1212",
                "utcTime": "2024-07-12 10:00:07.352",
                "targetFilename": "C:\\\\Windows\\\\Temp\\\\_MEI12122\\\\msvcp100.dll",
                "ruleName": "DLL",
                "creationUtcTime": "2024-07-12 10:00:07.352",
                "user": "NT AUTHORITY\\\\SYSTEM"
              },
              "system": {
                "eventID": "11",
                "keywords": "0x8000000000000000",
                "providerGuid": "{5770385f-c22a-43e0-bf4c-06f5698ffbd9}",
                "level": "4",
                "channel": "Microsoft-Windows-Sysmon/Operational",
                "opcode": "0",
                "message": "\"File created:\r\nRuleName: DLL\r\nUtcTime: 2024-07-12 10:00:07.352\r\nProcessGuid: {eeacf21c-fea7-6690-8604-000000000b00}\r\nProcessId: 1212\r\nImage: c:\\test\\l_test.exe\r\nTargetFilename: C:\\Windows\\Temp\\_MEI12122\\msvcp100.dll\r\nCreationUtcTime: 2024-07-12 10:00:07.352\r\nUser: NT AUTHORITY\\SYSTEM\"",
                "version": "2",
                "systemTime": "2024-07-12T10:00:07.360085900Z",
                "eventRecordID": "3116",
                "threadID": "3156",
                "computer": "hqfile.office.tyrdemo.se",
                "task": "11",
                "processID": "2584",
                "severityValue": "INFORMATION",
                "providerName": "Microsoft-Windows-Sysmon"
              }
            }
          },
          "rule": {
            "firedtimes": 45,
            "mail": true,
            "level": 13,
            "description": "Unsigned Binary Loaded From Suspicious Location",
            "groups": [
              "sigma"
            ],
            "id": "900228"
          },
          "decoder": {
            "name": "windows_eventchannel"
          },
          "input": {
            "type": "log"
          },
          "@timestamp": "2024-07-12T10:00:09.381Z",
          "location": "EventChannel",
          "id": "1720778409.103177612",
          "timestamp": "2024-07-12T12:00:09.381+0200"
        }
      },
      {
        "_index": "wazuh-alerts-4.x-2024.07.12",
        "_id": "9rNippABLu9BFc0Myzyb",
        "_score": 2.0,
        "_source": {
          "agent": {
            "ip": "134.23.4.12",
            "name": "hqfile",
            "id": "011"
          },
          "manager": {
            "name": "wazuh"
          },
          "data": {
            "win": {
              "eventdata": {
                "image": "c:\\\\test\\\\l_test.exe",
                "processGuid": "{eeacf21c-fea7-6690-8604-000000000b00}",
                "processId": "1212",
                "utcTime": "2024-07-12 10:00:07.352",
                "targetFilename": "C:\\\\Windows\\\\Temp\\\\_MEI12122\\\\msvcr100.dll",
                "ruleName": "DLL",
                "creationUtcTime": "2024-07-12 10:00:07.352",
                "user": "NT AUTHORITY\\\\SYSTEM"
              },
              "system": {
                "eventID": "11",
                "keywords": "0x8000000000000000",
                "providerGuid": "{5770385f-c22a-43e0-bf4c-06f5698ffbd9}",
                "level": "4",
                "channel": "Microsoft-Windows-Sysmon/Operational",
                "opcode": "0",
                "message": "\"File created:\r\nRuleName: DLL\r\nUtcTime: 2024-07-12 10:00:07.352\r\nProcessGuid: {eeacf21c-fea7-6690-8604-000000000b00}\r\nProcessId: 1212\r\nImage: c:\\test\\l_test.exe\r\nTargetFilename: C:\\Windows\\Temp\\_MEI12122\\msvcr100.dll\r\nCreationUtcTime: 2024-07-12 10:00:07.352\r\nUser: NT AUTHORITY\\SYSTEM\"",
                "version": "2",
                "systemTime": "2024-07-12T10:00:07.361338100Z",
                "eventRecordID": "3117",
                "threadID": "3156",
                "computer": "hqfile.office.tyrdemo.se",
                "task": "11",
                "processID": "2584",
                "severityValue": "INFORMATION",
                "providerName": "Microsoft-Windows-Sysmon"
              }
            }
          },
          "rule": {
            "firedtimes": 46,
            "mail": true,
            "level": 13,
            "description": "Unsigned Binary Loaded From Suspicious Location",
            "groups": [
              "sigma"
            ],
            "id": "900228"
          },
          "decoder": {
            "name": "windows_eventchannel"
          },
          "input": {
            "type": "log"
          },
          "@timestamp": "2024-07-12T10:00:09.412Z",
          "location": "EventChannel",
          "id": "1720778409.103180973",
          "timestamp": "2024-07-12T12:00:09.412+0200"
        }
      },
      {
        "_index": "wazuh-alerts-4.x-2024.07.12",
        "_id": "xrNippABLu9BFc0Mxzyu",
        "_score": 2.0,
        "_source": {
          "agent": {
            "ip": "134.23.4.12",
            "name": "hqfile",
            "id": "011"
          },
          "manager": {
            "name": "wazuh"
          },
          "data": {
            "win": {
              "eventdata": {
                "image": "c:\\\\test\\\\l_test.exe",
                "processGuid": "{eeacf21c-fea7-6690-8604-000000000b00}",
                "processId": "1212",
                "utcTime": "2024-07-12 10:00:07.305",
                "targetFilename": "C:\\\\Windows\\\\Temp\\\\_MEI12122\\\\VCRUNTIME140.dll",
                "ruleName": "DLL",
                "creationUtcTime": "2024-07-12 10:00:07.305",
                "user": "NT AUTHORITY\\\\SYSTEM"
              },
              "system": {
                "eventID": "11",
                "keywords": "0x8000000000000000",
                "providerGuid": "{5770385f-c22a-43e0-bf4c-06f5698ffbd9}",
                "level": "4",
                "channel": "Microsoft-Windows-Sysmon/Operational",
                "opcode": "0",
                "message": "\"File created:\r\nRuleName: DLL\r\nUtcTime: 2024-07-12 10:00:07.305\r\nProcessGuid: {eeacf21c-fea7-6690-8604-000000000b00}\r\nProcessId: 1212\r\nImage: c:\\test\\l_test.exe\r\nTargetFilename: C:\\Windows\\Temp\\_MEI12122\\VCRUNTIME140.dll\r\nCreationUtcTime: 2024-07-12 10:00:07.305\r\nUser: NT AUTHORITY\\SYSTEM\"",
                "version": "2",
                "systemTime": "2024-07-12T10:00:07.316761900Z",
                "eventRecordID": "3075",
                "threadID": "3156",
                "computer": "hqfile.office.tyrdemo.se",
                "task": "11",
                "processID": "2584",
                "severityValue": "INFORMATION",
                "providerName": "Microsoft-Windows-Sysmon"
              }
            }
          },
          "rule": {
            "firedtimes": 4,
            "mail": true,
            "level": 13,
            "description": "Unsigned Binary Loaded From Suspicious Location",
            "groups": [
              "sigma"
            ],
            "id": "900228"
          },
          "decoder": {
            "name": "windows_eventchannel"
          },
          "input": {
            "type": "log"
          },
          "@timestamp": "2024-07-12T10:00:08.726Z",
          "location": "EventChannel",
          "id": "1720778408.103067121",
          "timestamp": "2024-07-12T12:00:08.726+0200"
        }
      },
      {
        "_index": "wazuh-alerts-4.x-2024.07.12",
        "_id": "zLNippABLu9BFc0Mxzyu",
        "_score": 2.0,
        "_source": {
          "agent": {
            "ip": "134.23.4.12",
            "name": "hqfile",
            "id": "011"
          },
          "manager": {
            "name": "wazuh"
          },
          "data": {
            "win": {
              "eventdata": {
                "image": "c:\\\\test\\\\l_test.exe",
                "processGuid": "{eeacf21c-fea7-6690-8604-000000000b00}",
                "processId": "1212",
                "utcTime": "2024-07-12 10:00:07.321",
                "targetFilename": "C:\\\\Windows\\\\Temp\\\\_MEI12122\\\\api-ms-win-core-file-l1-2-0.dll",
                "ruleName": "DLL",
                "creationUtcTime": "2024-07-12 10:00:07.321",
                "user": "NT AUTHORITY\\\\SYSTEM"
              },
              "system": {
                "eventID": "11",
                "keywords": "0x8000000000000000",
                "providerGuid": "{5770385f-c22a-43e0-bf4c-06f5698ffbd9}",
                "level": "4",
                "channel": "Microsoft-Windows-Sysmon/Operational",
                "opcode": "0",
                "message": "\"File created:\r\nRuleName: DLL\r\nUtcTime: 2024-07-12 10:00:07.321\r\nProcessGuid: {eeacf21c-fea7-6690-8604-000000000b00}\r\nProcessId: 1212\r\nImage: c:\\test\\l_test.exe\r\nTargetFilename: C:\\Windows\\Temp\\_MEI12122\\api-ms-win-core-file-l1-2-0.dll\r\nCreationUtcTime: 2024-07-12 10:00:07.321\r\nUser: NT AUTHORITY\\SYSTEM\"",
                "version": "2",
                "systemTime": "2024-07-12T10:00:07.327410400Z",
                "eventRecordID": "3081",
                "threadID": "3156",
                "computer": "hqfile.office.tyrdemo.se",
                "task": "11",
                "processID": "2584",
                "severityValue": "INFORMATION",
                "providerName": "Microsoft-Windows-Sysmon"
              }
            }
          },
          "rule": {
            "firedtimes": 10,
            "mail": true,
            "level": 13,
            "description": "Unsigned Binary Loaded From Suspicious Location",
            "groups": [
              "sigma"
            ],
            "id": "900228"
          },
          "decoder": {
            "name": "windows_eventchannel"
          },
          "input": {
            "type": "log"
          },
          "@timestamp": "2024-07-12T10:00:08.818Z",
          "location": "EventChannel",
          "id": "1720778408.103082501",
          "timestamp": "2024-07-12T12:00:08.818+0200"
        }
      },
