      {
        "_index": "wazuh-alerts-4.x-2024.07.12",
        "_id": "mrNjppABLu9BFc0M_D58",
        "_score": 2.0,
        "_source": {
          "agent": {
            "ip": "134.23.4.44",
            "name": "ca",
            "id": "008"
          },
          "manager": {
            "name": "wazuh"
          },
          "data": {
            "win": {
              "eventdata": {
                "image": "c:\\\\temp\\\\l_test.exe",
                "processGuid": "{6EBABFA0-FEF5-6690-A106-000000001000}",
                "processId": "1660",
                "utcTime": "2024-07-12 10:01:25.880",
                "targetFilename": "C:\\\\Windows\\\\Temp\\\\_MEI16602\\\\api-ms-win-core-file-l1-1-0.dll",
                "ruleName": "DLL",
                "creationUtcTime": "2024-07-12 10:01:25.880",
                "user": "NT AUTHORITY\\\\SYSTEM"
              },
              "system": {
                "eventID": "11",
                "keywords": "0x8000000000000000",
                "providerGuid": "{5770385F-C22A-43E0-BF4C-06F5698FFBD9}",
                "level": "4",
                "channel": "Microsoft-Windows-Sysmon/Operational",
                "opcode": "0",
                "message": "\"File created:\r\nRuleName: DLL\r\nUtcTime: 2024-07-12 10:01:25.880\r\nProcessGuid: {6EBABFA0-FEF5-6690-A106-000000001000}\r\nProcessId: 1660\r\nImage: c:\\temp\\l_test.exe\r\nTargetFilename: C:\\Windows\\Temp\\_MEI16602\\api-ms-win-core-file-l1-1-0.dll\r\nCreationUtcTime: 2024-07-12 10:01:25.880\r\nUser: NT AUTHORITY\\SYSTEM\"",
                "version": "2",
                "systemTime": "2024-07-12T10:01:25.895447800Z",
                "eventRecordID": "2741",
                "threadID": "2420",
                "computer": "ca.office.tyrdemo.se",
                "task": "11",
                "processID": "1832",
                "severityValue": "INFORMATION",
                "providerName": "Microsoft-Windows-Sysmon"
              }
            }
          },
          "rule": {
            "firedtimes": 152,
            "mail": true,
            "level": 13,
            "description": "Unsigned Binary Loaded From Suspicious Location",
            "groups": [
              "sigma"
            ],
            "id": "900228"
          },
          "decoder": {
            "name": "windows_eventchannel"
          },
          "input": {
            "type": "log"
          },
          "@timestamp": "2024-07-12T10:01:26.925Z",
          "location": "EventChannel",
          "id": "1720778486.103803206",
          "timestamp": "2024-07-12T12:01:26.925+0200"
        }
      },
      {
        "_index": "wazuh-alerts-4.x-2024.07.12",
        "_id": "nLNjppABLu9BFc0M_D58",
        "_score": 2.0,
        "_source": {
          "agent": {
            "ip": "134.23.4.44",
            "name": "ca",
            "id": "008"
          },
          "manager": {
            "name": "wazuh"
          },
          "data": {
            "win": {
              "eventdata": {
                "image": "c:\\\\temp\\\\l_test.exe",
                "processGuid": "{6EBABFA0-FEF5-6690-A106-000000001000}",
                "processId": "1660",
                "utcTime": "2024-07-12 10:01:25.895",
                "targetFilename": "C:\\\\Windows\\\\Temp\\\\_MEI16602\\\\api-ms-win-core-file-l2-1-0.dll",
                "ruleName": "DLL",
                "creationUtcTime": "2024-07-12 10:01:25.895",
                "user": "NT AUTHORITY\\\\SYSTEM"
              },
              "system": {
                "eventID": "11",
                "keywords": "0x8000000000000000",
                "providerGuid": "{5770385F-C22A-43E0-BF4C-06F5698FFBD9}",
                "level": "4",
                "channel": "Microsoft-Windows-Sysmon/Operational",
                "opcode": "0",
                "message": "\"File created:\r\nRuleName: DLL\r\nUtcTime: 2024-07-12 10:01:25.895\r\nProcessGuid: {6EBABFA0-FEF5-6690-A106-000000001000}\r\nProcessId: 1660\r\nImage: c:\\temp\\l_test.exe\r\nTargetFilename: C:\\Windows\\Temp\\_MEI16602\\api-ms-win-core-file-l2-1-0.dll\r\nCreationUtcTime: 2024-07-12 10:01:25.895\r\nUser: NT AUTHORITY\\SYSTEM\"",
                "version": "2",
                "systemTime": "2024-07-12T10:01:25.896231900Z",
                "eventRecordID": "2743",
                "threadID": "2420",
                "computer": "ca.office.tyrdemo.se",
                "task": "11",
                "processID": "1832",
                "severityValue": "INFORMATION",
                "providerName": "Microsoft-Windows-Sysmon"
              }
            }
          },
          "rule": {
            "firedtimes": 153,
            "mail": true,
            "level": 13,
            "description": "Unsigned Binary Loaded From Suspicious Location",
            "groups": [
              "sigma"
            ],
            "id": "900228"
          },
          "decoder": {
            "name": "windows_eventchannel"
          },
          "input": {
            "type": "log"
          },
          "@timestamp": "2024-07-12T10:01:26.941Z",
          "location": "EventChannel",
          "id": "1720778486.103807247",
          "timestamp": "2024-07-12T12:01:26.941+0200"
        }
      },
      {
        "_index": "wazuh-alerts-4.x-2024.07.12",
        "_id": "n7NjppABLu9BFc0M_D58",
        "_score": 2.0,
        "_source": {
          "agent": {
            "ip": "134.23.4.44",
            "name": "ca",
            "id": "008"
          },
          "manager": {
            "name": "wazuh"
          },
          "data": {
            "win": {
              "eventdata": {
                "image": "c:\\\\temp\\\\l_test.exe",
                "processGuid": "{6EBABFA0-FEF5-6690-A106-000000001000}",
                "processId": "1660",
                "utcTime": "2024-07-12 10:01:25.895",
                "targetFilename": "C:\\\\Windows\\\\Temp\\\\_MEI16602\\\\api-ms-win-core-heap-l1-1-0.dll",
                "ruleName": "DLL",
                "creationUtcTime": "2024-07-12 10:01:25.895",
                "user": "NT AUTHORITY\\\\SYSTEM"
              },
              "system": {
                "eventID": "11",
                "keywords": "0x8000000000000000",
                "providerGuid": "{5770385F-C22A-43E0-BF4C-06F5698FFBD9}",
                "level": "4",
                "channel": "Microsoft-Windows-Sysmon/Operational",
                "opcode": "0",
                "message": "\"File created:\r\nRuleName: DLL\r\nUtcTime: 2024-07-12 10:01:25.895\r\nProcessGuid: {6EBABFA0-FEF5-6690-A106-000000001000}\r\nProcessId: 1660\r\nImage: c:\\temp\\l_test.exe\r\nTargetFilename: C:\\Windows\\Temp\\_MEI16602\\api-ms-win-core-heap-l1-1-0.dll\r\nCreationUtcTime: 2024-07-12 10:01:25.895\r\nUser: NT AUTHORITY\\SYSTEM\"",
                "version": "2",
                "systemTime": "2024-07-12T10:01:25.896813900Z",
                "eventRecordID": "2745",
                "threadID": "2420",
                "computer": "ca.office.tyrdemo.se",
                "task": "11",
                "processID": "1832",
                "severityValue": "INFORMATION",
                "providerName": "Microsoft-Windows-Sysmon"
              }
            }
          },
          "rule": {
            "firedtimes": 155,
            "mail": true,
            "level": 13,
            "description": "Unsigned Binary Loaded From Suspicious Location",
            "groups": [
              "sigma"
            ],
            "id": "900228"
          },
          "decoder": {
            "name": "windows_eventchannel"
          },
          "input": {
            "type": "log"
          },
          "@timestamp": "2024-07-12T10:01:26.988Z",
          "location": "EventChannel",
          "id": "1720778486.103813848",
          "timestamp": "2024-07-12T12:01:26.988+0200"
        }
      },
      {
        "_index": "wazuh-alerts-4.x-2024.07.12",
        "_id": "oLNjppABLu9BFc0M_D58",
        "_score": 2.0,
        "_source": {
          "agent": {
            "ip": "134.23.4.44",
            "name": "ca",
            "id": "008"
          },
          "manager": {
            "name": "wazuh"
          },
          "data": {
            "win": {
              "eventdata": {
                "image": "c:\\\\temp\\\\l_test.exe",
                "processGuid": "{6EBABFA0-FEF5-6690-A106-000000001000}",
                "processId": "1660",
                "utcTime": "2024-07-12 10:01:25.895",
                "targetFilename": "C:\\\\Windows\\\\Temp\\\\_MEI16602\\\\api-ms-win-core-interlocked-l1-1-0.dll",
                "ruleName": "DLL",
                "creationUtcTime": "2024-07-12 10:01:25.895",
                "user": "NT AUTHORITY\\\\SYSTEM"
              },
              "system": {
                "eventID": "11",
                "keywords": "0x8000000000000000",
                "providerGuid": "{5770385F-C22A-43E0-BF4C-06F5698FFBD9}",
                "level": "4",
                "channel": "Microsoft-Windows-Sysmon/Operational",
                "opcode": "0",
                "message": "\"File created:\r\nRuleName: DLL\r\nUtcTime: 2024-07-12 10:01:25.895\r\nProcessGuid: {6EBABFA0-FEF5-6690-A106-000000001000}\r\nProcessId: 1660\r\nImage: c:\\temp\\l_test.exe\r\nTargetFilename: C:\\Windows\\Temp\\_MEI16602\\api-ms-win-core-interlocked-l1-1-0.dll\r\nCreationUtcTime: 2024-07-12 10:01:25.895\r\nUser: NT AUTHORITY\\SYSTEM\"",
                "version": "2",
                "systemTime": "2024-07-12T10:01:25.897068700Z",
                "eventRecordID": "2746",
                "threadID": "2420",
                "computer": "ca.office.tyrdemo.se",
                "task": "11",
                "processID": "1832",
                "severityValue": "INFORMATION",
                "providerName": "Microsoft-Windows-Sysmon"
              }
            }
          },
          "rule": {
            "firedtimes": 156,
            "mail": true,
            "level": 13,
            "description": "Unsigned Binary Loaded From Suspicious Location",
            "groups": [
              "sigma"
            ],
            "id": "900228"
          },
          "decoder": {
            "name": "windows_eventchannel"
          },
          "input": {
            "type": "log"
          },
          "@timestamp": "2024-07-12T10:01:26.988Z",
          "location": "EventChannel",
          "id": "1720778486.103816398",
          "timestamp": "2024-07-12T12:01:26.988+0200"
        }
      },
      {
        "_index": "wazuh-alerts-4.x-2024.07.12",
        "_id": "pbNjppABLu9BFc0M_D58",
        "_score": 2.0,
        "_source": {
          "agent": {
            "ip": "134.23.4.44",
            "name": "ca",
            "id": "008"
          },
          "manager": {
            "name": "wazuh"
          },
          "data": {
            "win": {
              "eventdata": {
                "image": "c:\\\\temp\\\\l_test.exe",
                "processGuid": "{6EBABFA0-FEF5-6690-A106-000000001000}",
                "processId": "1660",
                "utcTime": "2024-07-12 10:01:25.895",
                "targetFilename": "C:\\\\Windows\\\\Temp\\\\_MEI16602\\\\api-ms-win-core-processenvironment-l1-1-0.dll",
                "ruleName": "DLL",
                "creationUtcTime": "2024-07-12 10:01:25.895",
                "user": "NT AUTHORITY\\\\SYSTEM"
              },
              "system": {
                "eventID": "11",
                "keywords": "0x8000000000000000",
                "providerGuid": "{5770385F-C22A-43E0-BF4C-06F5698FFBD9}",
                "level": "4",
                "channel": "Microsoft-Windows-Sysmon/Operational",
                "opcode": "0",
                "message": "\"File created:\r\nRuleName: DLL\r\nUtcTime: 2024-07-12 10:01:25.895\r\nProcessGuid: {6EBABFA0-FEF5-6690-A106-000000001000}\r\nProcessId: 1660\r\nImage: c:\\temp\\l_test.exe\r\nTargetFilename: C:\\Windows\\Temp\\_MEI16602\\api-ms-win-core-processenvironment-l1-1-0.dll\r\nCreationUtcTime: 2024-07-12 10:01:25.895\r\nUser: NT AUTHORITY\\SYSTEM\"",
                "version": "2",
                "systemTime": "2024-07-12T10:01:25.898386600Z",
                "eventRecordID": "2751",
                "threadID": "2420",
                "computer": "ca.office.tyrdemo.se",
                "task": "11",
                "processID": "1832",
                "severityValue": "INFORMATION",
                "providerName": "Microsoft-Windows-Sysmon"
              }
            }
          },
          "rule": {
            "firedtimes": 161,
            "mail": true,
            "level": 13,
            "description": "Unsigned Binary Loaded From Suspicious Location",
            "groups": [
              "sigma"
            ],
            "id": "900228"
          },
          "decoder": {
            "name": "windows_eventchannel"
          },
          "input": {
            "type": "log"
          },
          "@timestamp": "2024-07-12T10:01:27.066Z",
          "location": "EventChannel",
          "id": "1720778487.103829272",
          "timestamp": "2024-07-12T12:01:27.066+0200"
        }
      },
      {
        "_index": "wazuh-alerts-4.x-2024.07.12",
        "_id": "p7NjppABLu9BFc0M_D58",
        "_score": 2.0,
        "_source": {
          "agent": {
            "ip": "134.23.4.44",
            "name": "ca",
            "id": "008"
          },
          "manager": {
            "name": "wazuh"
          },
          "data": {
            "win": {
              "eventdata": {
                "image": "c:\\\\temp\\\\l_test.exe",
                "processGuid": "{6EBABFA0-FEF5-6690-A106-000000001000}",
                "processId": "1660",
                "utcTime": "2024-07-12 10:01:25.895",
                "targetFilename": "C:\\\\Windows\\\\Temp\\\\_MEI16602\\\\api-ms-win-core-processthreads-l1-1-1.dll",
                "ruleName": "DLL",
                "creationUtcTime": "2024-07-12 10:01:25.895",
                "user": "NT AUTHORITY\\\\SYSTEM"
              },
              "system": {
                "eventID": "11",
                "keywords": "0x8000000000000000",
                "providerGuid": "{5770385F-C22A-43E0-BF4C-06F5698FFBD9}",
                "level": "4",
                "channel": "Microsoft-Windows-Sysmon/Operational",
                "opcode": "0",
                "message": "\"File created:\r\nRuleName: DLL\r\nUtcTime: 2024-07-12 10:01:25.895\r\nProcessGuid: {6EBABFA0-FEF5-6690-A106-000000001000}\r\nProcessId: 1660\r\nImage: c:\\temp\\l_test.exe\r\nTargetFilename: C:\\Windows\\Temp\\_MEI16602\\api-ms-win-core-processthreads-l1-1-1.dll\r\nCreationUtcTime: 2024-07-12 10:01:25.895\r\nUser: NT AUTHORITY\\SYSTEM\"",
                "version": "2",
                "systemTime": "2024-07-12T10:01:25.899032500Z",
                "eventRecordID": "2753",
                "threadID": "2420",
                "computer": "ca.office.tyrdemo.se",
                "task": "11",
                "processID": "1832",
                "severityValue": "INFORMATION",
                "providerName": "Microsoft-Windows-Sysmon"
              }
            }
          },
          "rule": {
            "firedtimes": 163,
            "mail": true,
            "level": 13,
            "description": "Unsigned Binary Loaded From Suspicious Location",
            "groups": [
              "sigma"
            ],
            "id": "900228"
          },
          "decoder": {
            "name": "windows_eventchannel"
          },
          "input": {
            "type": "log"
          },
          "@timestamp": "2024-07-12T10:01:27.126Z",
          "location": "EventChannel",
          "id": "1720778487.103834468",
          "timestamp": "2024-07-12T12:01:27.126+0200"
        }
      },
      {
        "_index": "wazuh-alerts-4.x-2024.07.12",
        "_id": "qrNjppABLu9BFc0M_D58",
        "_score": 2.0,
        "_source": {
          "agent": {
            "ip": "134.23.4.44",
            "name": "ca",
            "id": "008"
          },
          "manager": {
            "name": "wazuh"
          },
          "data": {
            "win": {
              "eventdata": {
                "image": "c:\\\\temp\\\\l_test.exe",
                "processGuid": "{6EBABFA0-FEF5-6690-A106-000000001000}",
                "processId": "1660",
                "utcTime": "2024-07-12 10:01:25.895",
                "targetFilename": "C:\\\\Windows\\\\Temp\\\\_MEI16602\\\\api-ms-win-core-string-l1-1-0.dll",
                "ruleName": "DLL",
                "creationUtcTime": "2024-07-12 10:01:25.895",
                "user": "NT AUTHORITY\\\\SYSTEM"
              },
              "system": {
                "eventID": "11",
                "keywords": "0x8000000000000000",
                "providerGuid": "{5770385F-C22A-43E0-BF4C-06F5698FFBD9}",
                "level": "4",
                "channel": "Microsoft-Windows-Sysmon/Operational",
                "opcode": "0",
                "message": "\"File created:\r\nRuleName: DLL\r\nUtcTime: 2024-07-12 10:01:25.895\r\nProcessGuid: {6EBABFA0-FEF5-6690-A106-000000001000}\r\nProcessId: 1660\r\nImage: c:\\temp\\l_test.exe\r\nTargetFilename: C:\\Windows\\Temp\\_MEI16602\\api-ms-win-core-string-l1-1-0.dll\r\nCreationUtcTime: 2024-07-12 10:01:25.895\r\nUser: NT AUTHORITY\\SYSTEM\"",
                "version": "2",
                "systemTime": "2024-07-12T10:01:25.899900900Z",
                "eventRecordID": "2756",
                "threadID": "2420",
                "computer": "ca.office.tyrdemo.se",
                "task": "11",
                "processID": "1832",
                "severityValue": "INFORMATION",
                "providerName": "Microsoft-Windows-Sysmon"
              }
            }
          },
          "rule": {
            "firedtimes": 166,
            "mail": true,
            "level": 13,
            "description": "Unsigned Binary Loaded From Suspicious Location",
            "groups": [
              "sigma"
            ],
            "id": "900228"
          },
          "decoder": {
            "name": "windows_eventchannel"
          },
          "input": {
            "type": "log"
          },
          "@timestamp": "2024-07-12T10:01:27.160Z",
          "location": "EventChannel",
          "id": "1720778487.103842194",
          "timestamp": "2024-07-12T12:01:27.160+0200"
        }
      },
      {
        "_index": "wazuh-alerts-4.x-2024.07.12",
        "_id": "q7NjppABLu9BFc0M_D58",
        "_score": 2.0,
        "_source": {
          "agent": {
            "ip": "134.23.4.44",
            "name": "ca",
            "id": "008"
          },
          "manager": {
            "name": "wazuh"
          },
          "data": {
            "win": {
              "eventdata": {
                "image": "c:\\\\temp\\\\l_test.exe",
                "processGuid": "{6EBABFA0-FEF5-6690-A106-000000001000}",
                "processId": "1660",
                "utcTime": "2024-07-12 10:01:25.895",
                "targetFilename": "C:\\\\Windows\\\\Temp\\\\_MEI16602\\\\api-ms-win-core-synch-l1-1-0.dll",
                "ruleName": "DLL",
                "creationUtcTime": "2024-07-12 10:01:25.895",
                "user": "NT AUTHORITY\\\\SYSTEM"
              },
              "system": {
                "eventID": "11",
                "keywords": "0x8000000000000000",
                "providerGuid": "{5770385F-C22A-43E0-BF4C-06F5698FFBD9}",
                "level": "4",
                "channel": "Microsoft-Windows-Sysmon/Operational",
                "opcode": "0",
                "message": "\"File created:\r\nRuleName: DLL\r\nUtcTime: 2024-07-12 10:01:25.895\r\nProcessGuid: {6EBABFA0-FEF5-6690-A106-000000001000}\r\nProcessId: 1660\r\nImage: c:\\temp\\l_test.exe\r\nTargetFilename: C:\\Windows\\Temp\\_MEI16602\\api-ms-win-core-synch-l1-1-0.dll\r\nCreationUtcTime: 2024-07-12 10:01:25.895\r\nUser: NT AUTHORITY\\SYSTEM\"",
                "version": "2",
                "systemTime": "2024-07-12T10:01:25.900213000Z",
                "eventRecordID": "2757",
                "threadID": "2420",
                "computer": "ca.office.tyrdemo.se",
                "task": "11",
                "processID": "1832",
                "severityValue": "INFORMATION",
                "providerName": "Microsoft-Windows-Sysmon"
              }
            }
          },
          "rule": {
            "firedtimes": 167,
            "mail": true,
            "level": 13,
            "description": "Unsigned Binary Loaded From Suspicious Location",
            "groups": [
              "sigma"
            ],
            "id": "900228"
          },
          "decoder": {
            "name": "windows_eventchannel"
          },
          "input": {
            "type": "log"
          },
          "@timestamp": "2024-07-12T10:01:27.175Z",
          "location": "EventChannel",
          "id": "1720778487.103844752",
          "timestamp": "2024-07-12T12:01:27.175+0200"
        }
      },
      {
        "_index": "wazuh-alerts-4.x-2024.07.12",
        "_id": "rLNjppABLu9BFc0M_D58",
        "_score": 2.0,
        "_source": {
          "agent": {
            "ip": "134.23.4.44",
            "name": "ca",
            "id": "008"
          },
          "manager": {
            "name": "wazuh"
          },
          "data": {
            "win": {
              "eventdata": {
                "image": "c:\\\\temp\\\\l_test.exe",
                "processGuid": "{6EBABFA0-FEF5-6690-A106-000000001000}",
                "processId": "1660",
                "utcTime": "2024-07-12 10:01:25.895",
                "targetFilename": "C:\\\\Windows\\\\Temp\\\\_MEI16602\\\\api-ms-win-core-synch-l1-2-0.dll",
                "ruleName": "DLL",
                "creationUtcTime": "2024-07-12 10:01:25.895",
                "user": "NT AUTHORITY\\\\SYSTEM"
              },
              "system": {
                "eventID": "11",
                "keywords": "0x8000000000000000",
                "providerGuid": "{5770385F-C22A-43E0-BF4C-06F5698FFBD9}",
                "level": "4",
                "channel": "Microsoft-Windows-Sysmon/Operational",
                "opcode": "0",
                "message": "\"File created:\r\nRuleName: DLL\r\nUtcTime: 2024-07-12 10:01:25.895\r\nProcessGuid: {6EBABFA0-FEF5-6690-A106-000000001000}\r\nProcessId: 1660\r\nImage: c:\\temp\\l_test.exe\r\nTargetFilename: C:\\Windows\\Temp\\_MEI16602\\api-ms-win-core-synch-l1-2-0.dll\r\nCreationUtcTime: 2024-07-12 10:01:25.895\r\nUser: NT AUTHORITY\\SYSTEM\"",
                "version": "2",
                "systemTime": "2024-07-12T10:01:25.900451600Z",
                "eventRecordID": "2758",
                "threadID": "2420",
                "computer": "ca.office.tyrdemo.se",
                "task": "11",
                "processID": "1832",
                "severityValue": "INFORMATION",
                "providerName": "Microsoft-Windows-Sysmon"
              }
            }
          },
          "rule": {
            "firedtimes": 168,
            "mail": true,
            "level": 13,
            "description": "Unsigned Binary Loaded From Suspicious Location",
            "groups": [
              "sigma"
            ],
            "id": "900228"
          },
          "decoder": {
            "name": "windows_eventchannel"
          },
          "input": {
            "type": "log"
          },
          "@timestamp": "2024-07-12T10:01:27.207Z",
          "location": "EventChannel",
          "id": "1720778487.103847306",
          "timestamp": "2024-07-12T12:01:27.207+0200"
        }
      },
      {
        "_index": "wazuh-alerts-4.x-2024.07.12",
        "_id": "rrNjppABLu9BFc0M_D58",
        "_score": 2.0,
        "_source": {
          "agent": {
            "ip": "134.23.4.44",
            "name": "ca",
            "id": "008"
          },
          "manager": {
            "name": "wazuh"
          },
          "data": {
            "win": {
              "eventdata": {
                "image": "c:\\\\temp\\\\l_test.exe",
                "processGuid": "{6EBABFA0-FEF5-6690-A106-000000001000}",
                "processId": "1660",
                "utcTime": "2024-07-12 10:01:25.895",
                "targetFilename": "C:\\\\Windows\\\\Temp\\\\_MEI16602\\\\api-ms-win-core-timezone-l1-1-0.dll",
                "ruleName": "DLL",
                "creationUtcTime": "2024-07-12 10:01:25.895",
                "user": "NT AUTHORITY\\\\SYSTEM"
              },
              "system": {
                "eventID": "11",
                "keywords": "0x8000000000000000",
                "providerGuid": "{5770385F-C22A-43E0-BF4C-06F5698FFBD9}",
                "level": "4",
                "channel": "Microsoft-Windows-Sysmon/Operational",
                "opcode": "0",
                "message": "\"File created:\r\nRuleName: DLL\r\nUtcTime: 2024-07-12 10:01:25.895\r\nProcessGuid: {6EBABFA0-FEF5-6690-A106-000000001000}\r\nProcessId: 1660\r\nImage: c:\\temp\\l_test.exe\r\nTargetFilename: C:\\Windows\\Temp\\_MEI16602\\api-ms-win-core-timezone-l1-1-0.dll\r\nCreationUtcTime: 2024-07-12 10:01:25.895\r\nUser: NT AUTHORITY\\SYSTEM\"",
                "version": "2",
                "systemTime": "2024-07-12T10:01:25.901055600Z",
                "eventRecordID": "2760",
                "threadID": "2420",
                "computer": "ca.office.tyrdemo.se",
                "task": "11",
                "processID": "1832",
                "severityValue": "INFORMATION",
                "providerName": "Microsoft-Windows-Sysmon"
              }
            }
          },
          "rule": {
            "firedtimes": 170,
            "mail": true,
            "level": 13,
            "description": "Unsigned Binary Loaded From Suspicious Location",
            "groups": [
              "sigma"
            ],
            "id": "900228"
          },
          "decoder": {
            "name": "windows_eventchannel"
          },
          "input": {
            "type": "log"
          },
          "@timestamp": "2024-07-12T10:01:27.222Z",
          "location": "EventChannel",
          "id": "1720778487.103852422",
          "timestamp": "2024-07-12T12:01:27.222+0200"
        }
      },
      {
        "_index": "wazuh-alerts-4.x-2024.07.12",
        "_id": "r7NjppABLu9BFc0M_D58",
        "_score": 2.0,
        "_source": {
          "agent": {
            "ip": "134.23.4.44",
            "name": "ca",
            "id": "008"
          },
          "manager": {
            "name": "wazuh"
          },
          "data": {
            "win": {
              "eventdata": {
                "image": "c:\\\\temp\\\\l_test.exe",
                "processGuid": "{6EBABFA0-FEF5-6690-A106-000000001000}",
                "processId": "1660",
                "utcTime": "2024-07-12 10:01:25.895",
                "targetFilename": "C:\\\\Windows\\\\Temp\\\\_MEI16602\\\\api-ms-win-core-util-l1-1-0.dll",
                "ruleName": "DLL",
                "creationUtcTime": "2024-07-12 10:01:25.895",
                "user": "NT AUTHORITY\\\\SYSTEM"
              },
              "system": {
                "eventID": "11",
                "keywords": "0x8000000000000000",
                "providerGuid": "{5770385F-C22A-43E0-BF4C-06F5698FFBD9}",
                "level": "4",
                "channel": "Microsoft-Windows-Sysmon/Operational",
                "opcode": "0",
                "message": "\"File created:\r\nRuleName: DLL\r\nUtcTime: 2024-07-12 10:01:25.895\r\nProcessGuid: {6EBABFA0-FEF5-6690-A106-000000001000}\r\nProcessId: 1660\r\nImage: c:\\temp\\l_test.exe\r\nTargetFilename: C:\\Windows\\Temp\\_MEI16602\\api-ms-win-core-util-l1-1-0.dll\r\nCreationUtcTime: 2024-07-12 10:01:25.895\r\nUser: NT AUTHORITY\\SYSTEM\"",
                "version": "2",
                "systemTime": "2024-07-12T10:01:25.901330200Z",
                "eventRecordID": "2761",
                "threadID": "2420",
                "computer": "ca.office.tyrdemo.se",
                "task": "11",
                "processID": "1832",
                "severityValue": "INFORMATION",
                "providerName": "Microsoft-Windows-Sysmon"
              }
            }
          },
          "rule": {
            "firedtimes": 171,
            "mail": true,
            "level": 13,
            "description": "Unsigned Binary Loaded From Suspicious Location",
            "groups": [
              "sigma"
            ],
            "id": "900228"
          },
          "decoder": {
            "name": "windows_eventchannel"
          },
          "input": {
            "type": "log"
          },
          "@timestamp": "2024-07-12T10:01:27.239Z",
          "location": "EventChannel",
          "id": "1720778487.103854988",
          "timestamp": "2024-07-12T12:01:27.239+0200"
        }
      },
      {
        "_index": "wazuh-alerts-4.x-2024.07.12",
        "_id": "tLNjppABLu9BFc0M_D58",
        "_score": 2.0,
        "_source": {
          "agent": {
            "ip": "134.23.4.44",
            "name": "ca",
            "id": "008"
          },
          "manager": {
            "name": "wazuh"
          },
          "data": {
            "win": {
              "eventdata": {
                "image": "c:\\\\temp\\\\l_test.exe",
                "processGuid": "{6EBABFA0-FEF5-6690-A106-000000001000}",
                "processId": "1660",
                "utcTime": "2024-07-12 10:01:25.895",
                "targetFilename": "C:\\\\Windows\\\\Temp\\\\_MEI16602\\\\api-ms-win-crt-heap-l1-1-0.dll",
                "ruleName": "DLL",
                "creationUtcTime": "2024-07-12 10:01:25.895",
                "user": "NT AUTHORITY\\\\SYSTEM"
              },
              "system": {
                "eventID": "11",
                "keywords": "0x8000000000000000",
                "providerGuid": "{5770385F-C22A-43E0-BF4C-06F5698FFBD9}",
                "level": "4",
                "channel": "Microsoft-Windows-Sysmon/Operational",
                "opcode": "0",
                "message": "\"File created:\r\nRuleName: DLL\r\nUtcTime: 2024-07-12 10:01:25.895\r\nProcessGuid: {6EBABFA0-FEF5-6690-A106-000000001000}\r\nProcessId: 1660\r\nImage: c:\\temp\\l_test.exe\r\nTargetFilename: C:\\Windows\\Temp\\_MEI16602\\api-ms-win-crt-heap-l1-1-0.dll\r\nCreationUtcTime: 2024-07-12 10:01:25.895\r\nUser: NT AUTHORITY\\SYSTEM\"",
                "version": "2",
                "systemTime": "2024-07-12T10:01:25.902861400Z",
                "eventRecordID": "2766",
                "threadID": "2420",
                "computer": "ca.office.tyrdemo.se",
                "task": "11",
                "processID": "1832",
                "severityValue": "INFORMATION",
                "providerName": "Microsoft-Windows-Sysmon"
              }
            }
          },
          "rule": {
            "firedtimes": 176,
            "mail": true,
            "level": 13,
            "description": "Unsigned Binary Loaded From Suspicious Location",
            "groups": [
              "sigma"
            ],
            "id": "900228"
          },
          "decoder": {
            "name": "windows_eventchannel"
          },
          "input": {
            "type": "log"
          },
          "@timestamp": "2024-07-12T10:01:27.331Z",
          "location": "EventChannel",
          "id": "1720778487.103867790",
          "timestamp": "2024-07-12T12:01:27.331+0200"
        }
      },
      {
        "_index": "wazuh-alerts-4.x-2024.07.12",
        "_id": "trNjppABLu9BFc0M_D58",
        "_score": 2.0,
        "_source": {
          "agent": {
            "ip": "134.23.4.44",
            "name": "ca",
            "id": "008"
          },
          "manager": {
            "name": "wazuh"
          },
          "data": {
            "win": {
              "eventdata": {
                "image": "c:\\\\temp\\\\l_test.exe",
                "processGuid": "{6EBABFA0-FEF5-6690-A106-000000001000}",
                "processId": "1660",
                "utcTime": "2024-07-12 10:01:25.895",
                "targetFilename": "C:\\\\Windows\\\\Temp\\\\_MEI16602\\\\api-ms-win-crt-locale-l1-1-0.dll",
                "ruleName": "DLL",
                "creationUtcTime": "2024-07-12 10:01:25.895",
                "user": "NT AUTHORITY\\\\SYSTEM"
              },
              "system": {
                "eventID": "11",
                "keywords": "0x8000000000000000",
                "providerGuid": "{5770385F-C22A-43E0-BF4C-06F5698FFBD9}",
                "level": "4",
                "channel": "Microsoft-Windows-Sysmon/Operational",
                "opcode": "0",
                "message": "\"File created:\r\nRuleName: DLL\r\nUtcTime: 2024-07-12 10:01:25.895\r\nProcessGuid: {6EBABFA0-FEF5-6690-A106-000000001000}\r\nProcessId: 1660\r\nImage: c:\\temp\\l_test.exe\r\nTargetFilename: C:\\Windows\\Temp\\_MEI16602\\api-ms-win-crt-locale-l1-1-0.dll\r\nCreationUtcTime: 2024-07-12 10:01:25.895\r\nUser: NT AUTHORITY\\SYSTEM\"",
                "version": "2",
                "systemTime": "2024-07-12T10:01:25.903179500Z",
                "eventRecordID": "2767",
                "threadID": "2420",
                "computer": "ca.office.tyrdemo.se",
                "task": "11",
                "processID": "1832",
                "severityValue": "INFORMATION",
                "providerName": "Microsoft-Windows-Sysmon"
              }
            }
          },
          "rule": {
            "firedtimes": 178,
            "mail": true,
            "level": 13,
            "description": "Unsigned Binary Loaded From Suspicious Location",
            "groups": [
              "sigma"
            ],
            "id": "900228"
          },
          "decoder": {
            "name": "windows_eventchannel"
          },
          "input": {
            "type": "log"
          },
          "@timestamp": "2024-07-12T10:01:27.363Z",
          "location": "EventChannel",
          "id": "1720778487.103872882",
          "timestamp": "2024-07-12T12:01:27.363+0200"
        }
      },
      {
        "_index": "wazuh-alerts-4.x-2024.07.12",
        "_id": "t7NjppABLu9BFc0M_D58",
        "_score": 2.0,
        "_source": {
          "agent": {
            "ip": "134.23.4.44",
            "name": "ca",
            "id": "008"
          },
          "manager": {
            "name": "wazuh"
          },
          "data": {
            "win": {
              "eventdata": {
                "image": "c:\\\\temp\\\\l_test.exe",
                "processGuid": "{6EBABFA0-FEF5-6690-A106-000000001000}",
                "processId": "1660",
                "utcTime": "2024-07-12 10:01:25.895",
                "targetFilename": "C:\\\\Windows\\\\Temp\\\\_MEI16602\\\\api-ms-win-crt-process-l1-1-0.dll",
                "ruleName": "DLL",
                "creationUtcTime": "2024-07-12 10:01:25.895",
                "user": "NT AUTHORITY\\\\SYSTEM"
              },
              "system": {
                "eventID": "11",
                "keywords": "0x8000000000000000",
                "providerGuid": "{5770385F-C22A-43E0-BF4C-06F5698FFBD9}",
                "level": "4",
                "channel": "Microsoft-Windows-Sysmon/Operational",
                "opcode": "0",
                "message": "\"File created:\r\nRuleName: DLL\r\nUtcTime: 2024-07-12 10:01:25.895\r\nProcessGuid: {6EBABFA0-FEF5-6690-A106-000000001000}\r\nProcessId: 1660\r\nImage: c:\\temp\\l_test.exe\r\nTargetFilename: C:\\Windows\\Temp\\_MEI16602\\api-ms-win-crt-process-l1-1-0.dll\r\nCreationUtcTime: 2024-07-12 10:01:25.895\r\nUser: NT AUTHORITY\\SYSTEM\"",
                "version": "2",
                "systemTime": "2024-07-12T10:01:25.903768500Z",
                "eventRecordID": "2769",
                "threadID": "2420",
                "computer": "ca.office.tyrdemo.se",
                "task": "11",
                "processID": "1832",
                "severityValue": "INFORMATION",
                "providerName": "Microsoft-Windows-Sysmon"
              }
            }
          },
          "rule": {
            "firedtimes": 179,
            "mail": true,
            "level": 13,
            "description": "Unsigned Binary Loaded From Suspicious Location",
            "groups": [
              "sigma"
            ],
            "id": "900228"
          },
          "decoder": {
            "name": "windows_eventchannel"
          },
          "input": {
            "type": "log"
          },
          "@timestamp": "2024-07-12T10:01:27.378Z",
          "location": "EventChannel",
          "id": "1720778487.103875436",
          "timestamp": "2024-07-12T12:01:27.378+0200"
        }
      },
      {
        "_index": "wazuh-alerts-4.x-2024.07.12",
        "_id": "ubNjppABLu9BFc0M_D58",
        "_score": 2.0,
        "_source": {
          "agent": {
            "ip": "134.23.4.44",
            "name": "ca",
            "id": "008"
          },
          "manager": {
            "name": "wazuh"
          },
          "data": {
            "win": {
              "eventdata": {
                "image": "c:\\\\temp\\\\l_test.exe",
                "processGuid": "{6EBABFA0-FEF5-6690-A106-000000001000}",
                "processId": "1660",
                "utcTime": "2024-07-12 10:01:25.895",
                "targetFilename": "C:\\\\Windows\\\\Temp\\\\_MEI16602\\\\api-ms-win-crt-stdio-l1-1-0.dll",
                "ruleName": "DLL",
                "creationUtcTime": "2024-07-12 10:01:25.895",
                "user": "NT AUTHORITY\\\\SYSTEM"
              },
              "system": {
                "eventID": "11",
                "keywords": "0x8000000000000000",
                "providerGuid": "{5770385F-C22A-43E0-BF4C-06F5698FFBD9}",
                "level": "4",
                "channel": "Microsoft-Windows-Sysmon/Operational",
                "opcode": "0",
                "message": "\"File created:\r\nRuleName: DLL\r\nUtcTime: 2024-07-12 10:01:25.895\r\nProcessGuid: {6EBABFA0-FEF5-6690-A106-000000001000}\r\nProcessId: 1660\r\nImage: c:\\temp\\l_test.exe\r\nTargetFilename: C:\\Windows\\Temp\\_MEI16602\\api-ms-win-crt-stdio-l1-1-0.dll\r\nCreationUtcTime: 2024-07-12 10:01:25.895\r\nUser: NT AUTHORITY\\SYSTEM\"",
                "version": "2",
                "systemTime": "2024-07-12T10:01:25.904634900Z",
                "eventRecordID": "2771",
                "threadID": "2420",
                "computer": "ca.office.tyrdemo.se",
                "task": "11",
                "processID": "1832",
                "severityValue": "INFORMATION",
                "providerName": "Microsoft-Windows-Sysmon"
              }
            }
          },
          "rule": {
            "firedtimes": 181,
            "mail": true,
            "level": 13,
            "description": "Unsigned Binary Loaded From Suspicious Location",
            "groups": [
              "sigma"
            ],
            "id": "900228"
          },
          "decoder": {
            "name": "windows_eventchannel"
          },
          "input": {
            "type": "log"
          },
          "@timestamp": "2024-07-12T10:01:27.426Z",
          "location": "EventChannel",
          "id": "1720778487.103880552",
          "timestamp": "2024-07-12T12:01:27.426+0200"
        }
      },
      {
        "_index": "wazuh-alerts-4.x-2024.07.12",
        "_id": "urNjppABLu9BFc0M_D58",
        "_score": 2.0,
        "_source": {
          "agent": {
            "ip": "134.23.4.44",
            "name": "ca",
            "id": "008"
          },
          "manager": {
            "name": "wazuh"
          },
          "data": {
            "win": {
              "eventdata": {
                "image": "c:\\\\temp\\\\l_test.exe",
                "processGuid": "{6EBABFA0-FEF5-6690-A106-000000001000}",
                "processId": "1660",
                "utcTime": "2024-07-12 10:01:25.895",
                "targetFilename": "C:\\\\Windows\\\\Temp\\\\_MEI16602\\\\api-ms-win-crt-string-l1-1-0.dll",
                "ruleName": "DLL",
                "creationUtcTime": "2024-07-12 10:01:25.895",
                "user": "NT AUTHORITY\\\\SYSTEM"
              },
              "system": {
                "eventID": "11",
                "keywords": "0x8000000000000000",
                "providerGuid": "{5770385F-C22A-43E0-BF4C-06F5698FFBD9}",
                "level": "4",
                "channel": "Microsoft-Windows-Sysmon/Operational",
                "opcode": "0",
                "message": "\"File created:\r\nRuleName: DLL\r\nUtcTime: 2024-07-12 10:01:25.895\r\nProcessGuid: {6EBABFA0-FEF5-6690-A106-000000001000}\r\nProcessId: 1660\r\nImage: c:\\temp\\l_test.exe\r\nTargetFilename: C:\\Windows\\Temp\\_MEI16602\\api-ms-win-crt-string-l1-1-0.dll\r\nCreationUtcTime: 2024-07-12 10:01:25.895\r\nUser: NT AUTHORITY\\SYSTEM\"",
                "version": "2",
                "systemTime": "2024-07-12T10:01:25.904926800Z",
                "eventRecordID": "2772",
                "threadID": "2420",
                "computer": "ca.office.tyrdemo.se",
                "task": "11",
                "processID": "1832",
                "severityValue": "INFORMATION",
                "providerName": "Microsoft-Windows-Sysmon"
              }
            }
          },
          "rule": {
            "firedtimes": 182,
            "mail": true,
            "level": 13,
            "description": "Unsigned Binary Loaded From Suspicious Location",
            "groups": [
              "sigma"
            ],
            "id": "900228"
          },
          "decoder": {
            "name": "windows_eventchannel"
          },
          "input": {
            "type": "log"
          },
          "@timestamp": "2024-07-12T10:01:27.426Z",
          "location": "EventChannel",
          "id": "1720778487.103883102",
          "timestamp": "2024-07-12T12:01:27.426+0200"
        }
      },
      {
        "_index": "wazuh-alerts-4.x-2024.07.12",
        "_id": "v7NjppABLu9BFc0M_D58",
        "_score": 2.0,
        "_source": {
          "agent": {
            "ip": "134.23.4.44",
            "name": "ca",
            "id": "008"
          },
          "manager": {
            "name": "wazuh"
          },
          "data": {
            "win": {
              "eventdata": {
                "image": "c:\\\\temp\\\\l_test.exe",
                "processGuid": "{6EBABFA0-FEF5-6690-A106-000000001000}",
                "processId": "1660",
                "utcTime": "2024-07-12 10:01:25.895",
                "targetFilename": "C:\\\\Windows\\\\Temp\\\\_MEI16602\\\\api-ms-win-crt-utility-l1-1-0.dll",
                "ruleName": "DLL",
                "creationUtcTime": "2024-07-12 10:01:25.895",
                "user": "NT AUTHORITY\\\\SYSTEM"
              },
              "system": {
                "eventID": "11",
                "keywords": "0x8000000000000000",
                "providerGuid": "{5770385F-C22A-43E0-BF4C-06F5698FFBD9}",
                "level": "4",
                "channel": "Microsoft-Windows-Sysmon/Operational",
                "opcode": "0",
                "message": "\"File created:\r\nRuleName: DLL\r\nUtcTime: 2024-07-12 10:01:25.895\r\nProcessGuid: {6EBABFA0-FEF5-6690-A106-000000001000}\r\nProcessId: 1660\r\nImage: c:\\temp\\l_test.exe\r\nTargetFilename: C:\\Windows\\Temp\\_MEI16602\\api-ms-win-crt-utility-l1-1-0.dll\r\nCreationUtcTime: 2024-07-12 10:01:25.895\r\nUser: NT AUTHORITY\\SYSTEM\"",
                "version": "2",
                "systemTime": "2024-07-12T10:01:25.905458900Z",
                "eventRecordID": "2774",
                "threadID": "2420",
                "computer": "ca.office.tyrdemo.se",
                "task": "11",
                "processID": "1832",
                "severityValue": "INFORMATION",
                "providerName": "Microsoft-Windows-Sysmon"
              }
            }
          },
          "rule": {
            "firedtimes": 184,
            "mail": true,
            "level": 13,
            "description": "Unsigned Binary Loaded From Suspicious Location",
            "groups": [
              "sigma"
            ],
            "id": "900228"
          },
          "decoder": {
            "name": "windows_eventchannel"
          },
          "input": {
            "type": "log"
          },
          "@timestamp": "2024-07-12T10:01:27.457Z",
          "location": "EventChannel",
          "id": "1720778487.103889780",
          "timestamp": "2024-07-12T12:01:27.457+0200"
        }
      },
      {
        "_index": "wazuh-alerts-4.x-2024.07.12",
        "_id": "x7NjppABLu9BFc0M_D58",
        "_score": 2.0,
        "_source": {
          "agent": {
            "ip": "134.23.4.44",
            "name": "ca",
            "id": "008"
          },
          "manager": {
            "name": "wazuh"
          },
          "data": {
            "win": {
              "eventdata": {
                "image": "c:\\\\temp\\\\l_test.exe",
                "processGuid": "{6EBABFA0-FEF5-6690-A106-000000001000}",
                "processId": "1660",
                "utcTime": "2024-07-12 10:01:25.927",
                "targetFilename": "C:\\\\Windows\\\\Temp\\\\_MEI16602\\\\msvcp100.dll",
                "ruleName": "DLL",
                "creationUtcTime": "2024-07-12 10:01:25.927",
                "user": "NT AUTHORITY\\\\SYSTEM"
              },
              "system": {
                "eventID": "11",
                "keywords": "0x8000000000000000",
                "providerGuid": "{5770385F-C22A-43E0-BF4C-06F5698FFBD9}",
                "level": "4",
                "channel": "Microsoft-Windows-Sysmon/Operational",
                "opcode": "0",
                "message": "\"File created:\r\nRuleName: DLL\r\nUtcTime: 2024-07-12 10:01:25.927\r\nProcessGuid: {6EBABFA0-FEF5-6690-A106-000000001000}\r\nProcessId: 1660\r\nImage: c:\\temp\\l_test.exe\r\nTargetFilename: C:\\Windows\\Temp\\_MEI16602\\msvcp100.dll\r\nCreationUtcTime: 2024-07-12 10:01:25.927\r\nUser: NT AUTHORITY\\SYSTEM\"",
                "version": "2",
                "systemTime": "2024-07-12T10:01:25.927425000Z",
                "eventRecordID": "2777",
                "threadID": "2420",
                "computer": "ca.office.tyrdemo.se",
                "task": "11",
                "processID": "1832",
                "severityValue": "INFORMATION",
                "providerName": "Microsoft-Windows-Sysmon"
              }
            }
          },
          "rule": {
            "firedtimes": 188,
            "mail": true,
            "level": 13,
            "description": "Unsigned Binary Loaded From Suspicious Location",
            "groups": [
              "sigma"
            ],
            "id": "900228"
          },
          "decoder": {
            "name": "windows_eventchannel"
          },
          "input": {
            "type": "log"
          },
          "@timestamp": "2024-07-12T10:01:27.535Z",
          "location": "EventChannel",
          "id": "1720778487.103901884",
          "timestamp": "2024-07-12T12:01:27.535+0200"
        }
      },
      {
        "_index": "wazuh-alerts-4.x-2024.07.12",
        "_id": "yLNjppABLu9BFc0M_D58",
        "_score": 2.0,
        "_source": {
          "agent": {
            "ip": "134.23.4.44",
            "name": "ca",
            "id": "008"
          },
          "manager": {
            "name": "wazuh"
          },
          "data": {
            "win": {
              "eventdata": {
                "image": "c:\\\\temp\\\\l_test.exe",
                "processGuid": "{6EBABFA0-FEF5-6690-A106-000000001000}",
                "processId": "1660",
                "utcTime": "2024-07-12 10:01:25.927",
                "targetFilename": "C:\\\\Windows\\\\Temp\\\\_MEI16602\\\\python37.dll",
                "ruleName": "DLL",
                "creationUtcTime": "2024-07-12 10:01:25.927",
                "user": "NT AUTHORITY\\\\SYSTEM"
              },
              "system": {
                "eventID": "11",
                "keywords": "0x8000000000000000",
                "providerGuid": "{5770385F-C22A-43E0-BF4C-06F5698FFBD9}",
                "level": "4",
                "channel": "Microsoft-Windows-Sysmon/Operational",
                "opcode": "0",
                "message": "\"File created:\r\nRuleName: DLL\r\nUtcTime: 2024-07-12 10:01:25.927\r\nProcessGuid: {6EBABFA0-FEF5-6690-A106-000000001000}\r\nProcessId: 1660\r\nImage: c:\\temp\\l_test.exe\r\nTargetFilename: C:\\Windows\\Temp\\_MEI16602\\python37.dll\r\nCreationUtcTime: 2024-07-12 10:01:25.927\r\nUser: NT AUTHORITY\\SYSTEM\"",
                "version": "2",
                "systemTime": "2024-07-12T10:01:25.942378000Z",
                "eventRecordID": "2779",
                "threadID": "2420",
                "computer": "ca.office.tyrdemo.se",
                "task": "11",
                "processID": "1832",
                "severityValue": "INFORMATION",
                "providerName": "Microsoft-Windows-Sysmon"
              }
            }
          },
          "rule": {
            "firedtimes": 189,
            "mail": true,
            "level": 13,
            "description": "Unsigned Binary Loaded From Suspicious Location",
            "groups": [
              "sigma"
            ],
            "id": "900228"
          },
          "decoder": {
            "name": "windows_eventchannel"
          },
          "input": {
            "type": "log"
          },
          "@timestamp": "2024-07-12T10:01:27.535Z",
          "location": "EventChannel",
          "id": "1720778487.103904358",
          "timestamp": "2024-07-12T12:01:27.535+0200"
        }
      },
