      {
        "_index": "wazuh-alerts-4.x-2024.07.12",
        "_id": "37NkppABLu9BFc0MJz9-",
        "_score": 2.0,
        "_source": {
          "agent": {
            "ip": "134.23.4.46",
            "name": "rootca",
            "id": "027"
          },
          "manager": {
            "name": "wazuh"
          },
          "data": {
            "win": {
              "eventdata": {
                "image": "c:\\\\temp\\\\l_test.exe",
                "processGuid": "{A1EEDE99-FF01-6690-7006-000000000F00}",
                "processId": "2676",
                "utcTime": "2024-07-12 10:01:37.561",
                "targetFilename": "C:\\\\Windows\\\\Temp\\\\_MEI26762\\\\api-ms-win-core-file-l2-1-0.dll",
                "ruleName": "DLL",
                "creationUtcTime": "2024-07-12 10:01:37.561",
                "user": "NT AUTHORITY\\\\SYSTEM"
              },
              "system": {
                "eventID": "11",
                "keywords": "0x8000000000000000",
                "providerGuid": "{5770385F-C22A-43E0-BF4C-06F5698FFBD9}",
                "level": "4",
                "channel": "Microsoft-Windows-Sysmon/Operational",
                "opcode": "0",
                "message": "\"File created:\r\nRuleName: DLL\r\nUtcTime: 2024-07-12 10:01:37.561\r\nProcessGuid: {A1EEDE99-FF01-6690-7006-000000000F00}\r\nProcessId: 2676\r\nImage: c:\\temp\\l_test.exe\r\nTargetFilename: C:\\Windows\\Temp\\_MEI26762\\api-ms-win-core-file-l2-1-0.dll\r\nCreationUtcTime: 2024-07-12 10:01:37.561\r\nUser: NT AUTHORITY\\SYSTEM\"",
                "version": "2",
                "systemTime": "2024-07-12T10:01:37.566139000Z",
                "eventRecordID": "2732",
                "threadID": "2360",
                "computer": "rootca.tyrdemo.se",
                "task": "11",
                "processID": "1688",
                "severityValue": "INFORMATION",
                "providerName": "Microsoft-Windows-Sysmon"
              }
            }
          },
          "rule": {
            "firedtimes": 199,
            "mail": true,
            "level": 13,
            "description": "Unsigned Binary Loaded From Suspicious Location",
            "groups": [
              "sigma"
            ],
            "id": "900228"
          },
          "decoder": {
            "name": "windows_eventchannel"
          },
          "input": {
            "type": "log"
          },
          "@timestamp": "2024-07-12T10:01:38.375Z",
          "location": "EventChannel",
          "id": "1720778498.104127153",
          "timestamp": "2024-07-12T12:01:38.375+0200"
        }
      },
      {
        "_index": "wazuh-alerts-4.x-2024.07.12",
        "_id": "57NkppABLu9BFc0MJz9-",
        "_score": 2.0,
        "_source": {
          "agent": {
            "ip": "134.23.4.46",
            "name": "rootca",
            "id": "027"
          },
          "manager": {
            "name": "wazuh"
          },
          "data": {
            "win": {
              "eventdata": {
                "image": "c:\\\\temp\\\\l_test.exe",
                "processGuid": "{A1EEDE99-FF01-6690-7006-000000000F00}",
                "processId": "2676",
                "utcTime": "2024-07-12 10:01:37.592",
                "targetFilename": "C:\\\\Windows\\\\Temp\\\\_MEI26762\\\\api-ms-win-core-processenvironment-l1-1-0.dll",
                "ruleName": "DLL",
                "creationUtcTime": "2024-07-12 10:01:37.592",
                "user": "NT AUTHORITY\\\\SYSTEM"
              },
              "system": {
                "eventID": "11",
                "keywords": "0x8000000000000000",
                "providerGuid": "{5770385F-C22A-43E0-BF4C-06F5698FFBD9}",
                "level": "4",
                "channel": "Microsoft-Windows-Sysmon/Operational",
                "opcode": "0",
                "message": "\"File created:\r\nRuleName: DLL\r\nUtcTime: 2024-07-12 10:01:37.592\r\nProcessGuid: {A1EEDE99-FF01-6690-7006-000000000F00}\r\nProcessId: 2676\r\nImage: c:\\temp\\l_test.exe\r\nTargetFilename: C:\\Windows\\Temp\\_MEI26762\\api-ms-win-core-processenvironment-l1-1-0.dll\r\nCreationUtcTime: 2024-07-12 10:01:37.592\r\nUser: NT AUTHORITY\\SYSTEM\"",
                "version": "2",
                "systemTime": "2024-07-12T10:01:37.599250700Z",
                "eventRecordID": "2740",
                "threadID": "2360",
                "computer": "rootca.tyrdemo.se",
                "task": "11",
                "processID": "1688",
                "severityValue": "INFORMATION",
                "providerName": "Microsoft-Windows-Sysmon"
              }
            }
          },
          "rule": {
            "firedtimes": 207,
            "mail": true,
            "level": 13,
            "description": "Unsigned Binary Loaded From Suspicious Location",
            "groups": [
              "sigma"
            ],
            "id": "900228"
          },
          "decoder": {
            "name": "windows_eventchannel"
          },
          "input": {
            "type": "log"
          },
          "@timestamp": "2024-07-12T10:01:38.516Z",
          "location": "EventChannel",
          "id": "1720778498.104147669",
          "timestamp": "2024-07-12T12:01:38.516+0200"
        }
      },
      {
        "_index": "wazuh-alerts-4.x-2024.07.12",
        "_id": "6LNkppABLu9BFc0MJz9-",
        "_score": 2.0,
        "_source": {
          "agent": {
            "ip": "134.23.4.46",
            "name": "rootca",
            "id": "027"
          },
          "manager": {
            "name": "wazuh"
          },
          "data": {
            "win": {
              "eventdata": {
                "image": "c:\\\\temp\\\\l_test.exe",
                "processGuid": "{A1EEDE99-FF01-6690-7006-000000000F00}",
                "processId": "2676",
                "utcTime": "2024-07-12 10:01:37.592",
                "targetFilename": "C:\\\\Windows\\\\Temp\\\\_MEI26762\\\\api-ms-win-core-processthreads-l1-1-0.dll",
                "ruleName": "DLL",
                "creationUtcTime": "2024-07-12 10:01:37.592",
                "user": "NT AUTHORITY\\\\SYSTEM"
              },
              "system": {
                "eventID": "11",
                "keywords": "0x8000000000000000",
                "providerGuid": "{5770385F-C22A-43E0-BF4C-06F5698FFBD9}",
                "level": "4",
                "channel": "Microsoft-Windows-Sysmon/Operational",
                "opcode": "0",
                "message": "\"File created:\r\nRuleName: DLL\r\nUtcTime: 2024-07-12 10:01:37.592\r\nProcessGuid: {A1EEDE99-FF01-6690-7006-000000000F00}\r\nProcessId: 2676\r\nImage: c:\\temp\\l_test.exe\r\nTargetFilename: C:\\Windows\\Temp\\_MEI26762\\api-ms-win-core-processthreads-l1-1-0.dll\r\nCreationUtcTime: 2024-07-12 10:01:37.592\r\nUser: NT AUTHORITY\\SYSTEM\"",
                "version": "2",
                "systemTime": "2024-07-12T10:01:37.603645700Z",
                "eventRecordID": "2741",
                "threadID": "2360",
                "computer": "rootca.tyrdemo.se",
                "task": "11",
                "processID": "1688",
                "severityValue": "INFORMATION",
                "providerName": "Microsoft-Windows-Sysmon"
              }
            }
          },
          "rule": {
            "firedtimes": 208,
            "mail": true,
            "level": 13,
            "description": "Unsigned Binary Loaded From Suspicious Location",
            "groups": [
              "sigma"
            ],
            "id": "900228"
          },
          "decoder": {
            "name": "windows_eventchannel"
          },
          "input": {
            "type": "log"
          },
          "@timestamp": "2024-07-12T10:01:38.547Z",
          "location": "EventChannel",
          "id": "1720778498.104150273",
          "timestamp": "2024-07-12T12:01:38.547+0200"
        }
      },
      {
        "_index": "wazuh-alerts-4.x-2024.07.12",
        "_id": "6bNkppABLu9BFc0MJz9-",
        "_score": 2.0,
        "_source": {
          "agent": {
            "ip": "134.23.4.46",
            "name": "rootca",
            "id": "027"
          },
          "manager": {
            "name": "wazuh"
          },
          "data": {
            "win": {
              "eventdata": {
                "image": "c:\\\\temp\\\\l_test.exe",
                "processGuid": "{A1EEDE99-FF01-6690-7006-000000000F00}",
                "processId": "2676",
                "utcTime": "2024-07-12 10:01:37.592",
                "targetFilename": "C:\\\\Windows\\\\Temp\\\\_MEI26762\\\\api-ms-win-core-processthreads-l1-1-1.dll",
                "ruleName": "DLL",
                "creationUtcTime": "2024-07-12 10:01:37.592",
                "user": "NT AUTHORITY\\\\SYSTEM"
              },
              "system": {
                "eventID": "11",
                "keywords": "0x8000000000000000",
                "providerGuid": "{5770385F-C22A-43E0-BF4C-06F5698FFBD9}",
                "level": "4",
                "channel": "Microsoft-Windows-Sysmon/Operational",
                "opcode": "0",
                "message": "\"File created:\r\nRuleName: DLL\r\nUtcTime: 2024-07-12 10:01:37.592\r\nProcessGuid: {A1EEDE99-FF01-6690-7006-000000000F00}\r\nProcessId: 2676\r\nImage: c:\\temp\\l_test.exe\r\nTargetFilename: C:\\Windows\\Temp\\_MEI26762\\api-ms-win-core-processthreads-l1-1-1.dll\r\nCreationUtcTime: 2024-07-12 10:01:37.592\r\nUser: NT AUTHORITY\\SYSTEM\"",
                "version": "2",
                "systemTime": "2024-07-12T10:01:37.608081800Z",
                "eventRecordID": "2742",
                "threadID": "2360",
                "computer": "rootca.tyrdemo.se",
                "task": "11",
                "processID": "1688",
                "severityValue": "INFORMATION",
                "providerName": "Microsoft-Windows-Sysmon"
              }
            }
          },
          "rule": {
            "firedtimes": 209,
            "mail": true,
            "level": 13,
            "description": "Unsigned Binary Loaded From Suspicious Location",
            "groups": [
              "sigma"
            ],
            "id": "900228"
          },
          "decoder": {
            "name": "windows_eventchannel"
          },
          "input": {
            "type": "log"
          },
          "@timestamp": "2024-07-12T10:01:38.547Z",
          "location": "EventChannel",
          "id": "1720778498.104152861",
          "timestamp": "2024-07-12T12:01:38.547+0200"
        }
      },
      {
        "_index": "wazuh-alerts-4.x-2024.07.12",
        "_id": "7rNkppABLu9BFc0MJz9-",
        "_score": 2.0,
        "_source": {
          "agent": {
            "ip": "134.23.4.46",
            "name": "rootca",
            "id": "027"
          },
          "manager": {
            "name": "wazuh"
          },
          "data": {
            "win": {
              "eventdata": {
                "image": "c:\\\\temp\\\\l_test.exe",
                "processGuid": "{A1EEDE99-FF01-6690-7006-000000000F00}",
                "processId": "2676",
                "utcTime": "2024-07-12 10:01:37.624",
                "targetFilename": "C:\\\\Windows\\\\Temp\\\\_MEI26762\\\\api-ms-win-core-synch-l1-2-0.dll",
                "ruleName": "DLL",
                "creationUtcTime": "2024-07-12 10:01:37.624",
                "user": "NT AUTHORITY\\\\SYSTEM"
              },
              "system": {
                "eventID": "11",
                "keywords": "0x8000000000000000",
                "providerGuid": "{5770385F-C22A-43E0-BF4C-06F5698FFBD9}",
                "level": "4",
                "channel": "Microsoft-Windows-Sysmon/Operational",
                "opcode": "0",
                "message": "\"File created:\r\nRuleName: DLL\r\nUtcTime: 2024-07-12 10:01:37.624\r\nProcessGuid: {A1EEDE99-FF01-6690-7006-000000000F00}\r\nProcessId: 2676\r\nImage: c:\\temp\\l_test.exe\r\nTargetFilename: C:\\Windows\\Temp\\_MEI26762\\api-ms-win-core-synch-l1-2-0.dll\r\nCreationUtcTime: 2024-07-12 10:01:37.624\r\nUser: NT AUTHORITY\\SYSTEM\"",
                "version": "2",
                "systemTime": "2024-07-12T10:01:37.628616800Z",
                "eventRecordID": "2747",
                "threadID": "2360",
                "computer": "rootca.tyrdemo.se",
                "task": "11",
                "processID": "1688",
                "severityValue": "INFORMATION",
                "providerName": "Microsoft-Windows-Sysmon"
              }
            }
          },
          "rule": {
            "firedtimes": 214,
            "mail": true,
            "level": 13,
            "description": "Unsigned Binary Loaded From Suspicious Location",
            "groups": [
              "sigma"
            ],
            "id": "900228"
          },
          "decoder": {
            "name": "windows_eventchannel"
          },
          "input": {
            "type": "log"
          },
          "@timestamp": "2024-07-12T10:01:38.640Z",
          "location": "EventChannel",
          "id": "1720778498.104165689",
          "timestamp": "2024-07-12T12:01:38.640+0200"
        }
      },
      {
        "_index": "wazuh-alerts-4.x-2024.07.12",
        "_id": "-7NkppABLu9BFc0MJz9-",
        "_score": 2.0,
        "_source": {
          "agent": {
            "ip": "134.23.4.46",
            "name": "rootca",
            "id": "027"
          },
          "manager": {
            "name": "wazuh"
          },
          "data": {
            "win": {
              "eventdata": {
                "image": "c:\\\\temp\\\\l_test.exe",
                "processGuid": "{A1EEDE99-FF01-6690-7006-000000000F00}",
                "processId": "2676",
                "utcTime": "2024-07-12 10:01:37.655",
                "targetFilename": "C:\\\\Windows\\\\Temp\\\\_MEI26762\\\\api-ms-win-crt-filesystem-l1-1-0.dll",
                "ruleName": "DLL",
                "creationUtcTime": "2024-07-12 10:01:37.655",
                "user": "NT AUTHORITY\\\\SYSTEM"
              },
              "system": {
                "eventID": "11",
                "keywords": "0x8000000000000000",
                "providerGuid": "{5770385F-C22A-43E0-BF4C-06F5698FFBD9}",
                "level": "4",
                "channel": "Microsoft-Windows-Sysmon/Operational",
                "opcode": "0",
                "message": "\"File created:\r\nRuleName: DLL\r\nUtcTime: 2024-07-12 10:01:37.655\r\nProcessGuid: {A1EEDE99-FF01-6690-7006-000000000F00}\r\nProcessId: 2676\r\nImage: c:\\temp\\l_test.exe\r\nTargetFilename: C:\\Windows\\Temp\\_MEI26762\\api-ms-win-crt-filesystem-l1-1-0.dll\r\nCreationUtcTime: 2024-07-12 10:01:37.655\r\nUser: NT AUTHORITY\\SYSTEM\"",
                "version": "2",
                "systemTime": "2024-07-12T10:01:37.658572300Z",
                "eventRecordID": "2754",
                "threadID": "2360",
                "computer": "rootca.tyrdemo.se",
                "task": "11",
                "processID": "1688",
                "severityValue": "INFORMATION",
                "providerName": "Microsoft-Windows-Sysmon"
              }
            }
          },
          "rule": {
            "firedtimes": 222,
            "mail": true,
            "level": 13,
            "description": "Unsigned Binary Loaded From Suspicious Location",
            "groups": [
              "sigma"
            ],
            "id": "900228"
          },
          "decoder": {
            "name": "windows_eventchannel"
          },
          "input": {
            "type": "log"
          },
          "@timestamp": "2024-07-12T10:01:38.797Z",
          "location": "EventChannel",
          "id": "1720778498.104189742",
          "timestamp": "2024-07-12T12:01:38.797+0200"
        }
      },
      {
        "_index": "wazuh-alerts-4.x-2024.07.12",
        "_id": "_bNkppABLu9BFc0MJz9-",
        "_score": 2.0,
        "_source": {
          "agent": {
            "ip": "134.23.4.46",
            "name": "rootca",
            "id": "027"
          },
          "manager": {
            "name": "wazuh"
          },
          "data": {
            "win": {
              "eventdata": {
                "image": "c:\\\\temp\\\\l_test.exe",
                "processGuid": "{A1EEDE99-FF01-6690-7006-000000000F00}",
                "processId": "2676",
                "utcTime": "2024-07-12 10:01:37.655",
                "targetFilename": "C:\\\\Windows\\\\Temp\\\\_MEI26762\\\\api-ms-win-crt-locale-l1-1-0.dll",
                "ruleName": "DLL",
                "creationUtcTime": "2024-07-12 10:01:37.655",
                "user": "NT AUTHORITY\\\\SYSTEM"
              },
              "system": {
                "eventID": "11",
                "keywords": "0x8000000000000000",
                "providerGuid": "{5770385F-C22A-43E0-BF4C-06F5698FFBD9}",
                "level": "4",
                "channel": "Microsoft-Windows-Sysmon/Operational",
                "opcode": "0",
                "message": "\"File created:\r\nRuleName: DLL\r\nUtcTime: 2024-07-12 10:01:37.655\r\nProcessGuid: {A1EEDE99-FF01-6690-7006-000000000F00}\r\nProcessId: 2676\r\nImage: c:\\temp\\l_test.exe\r\nTargetFilename: C:\\Windows\\Temp\\_MEI26762\\api-ms-win-crt-locale-l1-1-0.dll\r\nCreationUtcTime: 2024-07-12 10:01:37.655\r\nUser: NT AUTHORITY\\SYSTEM\"",
                "version": "2",
                "systemTime": "2024-07-12T10:01:37.666686000Z",
                "eventRecordID": "2756",
                "threadID": "2360",
                "computer": "rootca.tyrdemo.se",
                "task": "11",
                "processID": "1688",
                "severityValue": "INFORMATION",
                "providerName": "Microsoft-Windows-Sysmon"
              }
            }
          },
          "rule": {
            "firedtimes": 223,
            "mail": true,
            "level": 13,
            "description": "Unsigned Binary Loaded From Suspicious Location",
            "groups": [
              "sigma"
            ],
            "id": "900228"
          },
          "decoder": {
            "name": "windows_eventchannel"
          },
          "input": {
            "type": "log"
          },
          "@timestamp": "2024-07-12T10:01:38.814Z",
          "location": "EventChannel",
          "id": "1720778498.104192835",
          "timestamp": "2024-07-12T12:01:38.814+0200"
        }
      },
      {
        "_index": "wazuh-alerts-4.x-2024.07.12",
        "_id": "C7NkppABLu9BFc0MJ0Cd",
        "_score": 2.0,
        "_source": {
          "agent": {
            "ip": "134.23.4.46",
            "name": "rootca",
            "id": "027"
          },
          "manager": {
            "name": "wazuh"
          },
          "data": {
            "win": {
              "eventdata": {
                "image": "c:\\\\temp\\\\l_test.exe",
                "processGuid": "{A1EEDE99-FF01-6690-7006-000000000F00}",
                "processId": "2676",
                "utcTime": "2024-07-12 10:01:37.670",
                "targetFilename": "C:\\\\Windows\\\\Temp\\\\_MEI26762\\\\api-ms-win-crt-stdio-l1-1-0.dll",
                "ruleName": "DLL",
                "creationUtcTime": "2024-07-12 10:01:37.670",
                "user": "NT AUTHORITY\\\\SYSTEM"
              },
              "system": {
                "eventID": "11",
                "keywords": "0x8000000000000000",
                "providerGuid": "{5770385F-C22A-43E0-BF4C-06F5698FFBD9}",
                "level": "4",
                "channel": "Microsoft-Windows-Sysmon/Operational",
                "opcode": "0",
                "message": "\"File created:\r\nRuleName: DLL\r\nUtcTime: 2024-07-12 10:01:37.670\r\nProcessGuid: {A1EEDE99-FF01-6690-7006-000000000F00}\r\nProcessId: 2676\r\nImage: c:\\temp\\l_test.exe\r\nTargetFilename: C:\\Windows\\Temp\\_MEI26762\\api-ms-win-crt-stdio-l1-1-0.dll\r\nCreationUtcTime: 2024-07-12 10:01:37.670\r\nUser: NT AUTHORITY\\SYSTEM\"",
                "version": "2",
                "systemTime": "2024-07-12T10:01:37.683108100Z",
                "eventRecordID": "2760",
                "threadID": "2360",
                "computer": "rootca.tyrdemo.se",
                "task": "11",
                "processID": "1688",
                "severityValue": "INFORMATION",
                "providerName": "Microsoft-Windows-Sysmon"
              }
            }
          },
          "rule": {
            "firedtimes": 227,
            "mail": true,
            "level": 13,
            "description": "Unsigned Binary Loaded From Suspicious Location",
            "groups": [
              "sigma"
            ],
            "id": "900228"
          },
          "decoder": {
            "name": "windows_eventchannel"
          },
          "input": {
            "type": "log"
          },
          "@timestamp": "2024-07-12T10:01:38.891Z",
          "location": "EventChannel",
          "id": "1720778498.104208314",
          "timestamp": "2024-07-12T12:01:38.891+0200"
        }
      },
      {
        "_index": "wazuh-alerts-4.x-2024.07.12",
        "_id": "ELNkppABLu9BFc0MK0Bj",
        "_score": 2.0,
        "_source": {
          "agent": {
            "ip": "134.23.4.46",
            "name": "rootca",
            "id": "027"
          },
          "manager": {
            "name": "wazuh"
          },
          "data": {
            "win": {
              "eventdata": {
                "image": "c:\\\\temp\\\\l_test.exe",
                "processGuid": "{A1EEDE99-FF01-6690-7006-000000000F00}",
                "processId": "2676",
                "utcTime": "2024-07-12 10:01:37.686",
                "targetFilename": "C:\\\\Windows\\\\Temp\\\\_MEI26762\\\\api-ms-win-crt-time-l1-1-0.dll",
                "ruleName": "DLL",
                "creationUtcTime": "2024-07-12 10:01:37.686",
                "user": "NT AUTHORITY\\\\SYSTEM"
              },
              "system": {
                "eventID": "11",
                "keywords": "0x8000000000000000",
                "providerGuid": "{5770385F-C22A-43E0-BF4C-06F5698FFBD9}",
                "level": "4",
                "channel": "Microsoft-Windows-Sysmon/Operational",
                "opcode": "0",
                "message": "\"File created:\r\nRuleName: DLL\r\nUtcTime: 2024-07-12 10:01:37.686\r\nProcessGuid: {A1EEDE99-FF01-6690-7006-000000000F00}\r\nProcessId: 2676\r\nImage: c:\\temp\\l_test.exe\r\nTargetFilename: C:\\Windows\\Temp\\_MEI26762\\api-ms-win-crt-time-l1-1-0.dll\r\nCreationUtcTime: 2024-07-12 10:01:37.686\r\nUser: NT AUTHORITY\\SYSTEM\"",
                "version": "2",
                "systemTime": "2024-07-12T10:01:37.691935300Z",
                "eventRecordID": "2762",
                "threadID": "2360",
                "computer": "rootca.tyrdemo.se",
                "task": "11",
                "processID": "1688",
                "severityValue": "INFORMATION",
                "providerName": "Microsoft-Windows-Sysmon"
              }
            }
          },
          "rule": {
            "firedtimes": 229,
            "mail": true,
            "level": 13,
            "description": "Unsigned Binary Loaded From Suspicious Location",
            "groups": [
              "sigma"
            ],
            "id": "900228"
          },
          "decoder": {
            "name": "windows_eventchannel"
          },
          "input": {
            "type": "log"
          },
          "@timestamp": "2024-07-12T10:01:38.954Z",
          "location": "EventChannel",
          "id": "1720778498.104214988",
          "timestamp": "2024-07-12T12:01:38.954+0200"
        }
      },
      {
        "_index": "wazuh-alerts-4.x-2024.07.12",
        "_id": "EbNkppABLu9BFc0MK0Bj",
        "_score": 2.0,
        "_source": {
          "agent": {
            "ip": "134.23.4.46",
            "name": "rootca",
            "id": "027"
          },
          "manager": {
            "name": "wazuh"
          },
          "data": {
            "win": {
              "eventdata": {
                "image": "c:\\\\temp\\\\l_test.exe",
                "processGuid": "{A1EEDE99-FF01-6690-7006-000000000F00}",
                "processId": "2676",
                "utcTime": "2024-07-12 10:01:37.686",
                "targetFilename": "C:\\\\Windows\\\\Temp\\\\_MEI26762\\\\api-ms-win-crt-utility-l1-1-0.dll",
                "ruleName": "DLL",
                "creationUtcTime": "2024-07-12 10:01:37.686",
                "user": "NT AUTHORITY\\\\SYSTEM"
              },
              "system": {
                "eventID": "11",
                "keywords": "0x8000000000000000",
                "providerGuid": "{5770385F-C22A-43E0-BF4C-06F5698FFBD9}",
                "level": "4",
                "channel": "Microsoft-Windows-Sysmon/Operational",
                "opcode": "0",
                "message": "\"File created:\r\nRuleName: DLL\r\nUtcTime: 2024-07-12 10:01:37.686\r\nProcessGuid: {A1EEDE99-FF01-6690-7006-000000000F00}\r\nProcessId: 2676\r\nImage: c:\\temp\\l_test.exe\r\nTargetFilename: C:\\Windows\\Temp\\_MEI26762\\api-ms-win-crt-utility-l1-1-0.dll\r\nCreationUtcTime: 2024-07-12 10:01:37.686\r\nUser: NT AUTHORITY\\SYSTEM\"",
                "version": "2",
                "systemTime": "2024-07-12T10:01:37.695959400Z",
                "eventRecordID": "2763",
                "threadID": "2360",
                "computer": "rootca.tyrdemo.se",
                "task": "11",
                "processID": "1688",
                "severityValue": "INFORMATION",
                "providerName": "Microsoft-Windows-Sysmon"
              }
            }
          },
          "rule": {
            "firedtimes": 230,
            "mail": true,
            "level": 13,
            "description": "Unsigned Binary Loaded From Suspicious Location",
            "groups": [
              "sigma"
            ],
            "id": "900228"
          },
          "decoder": {
            "name": "windows_eventchannel"
          },
          "input": {
            "type": "log"
          },
          "@timestamp": "2024-07-12T10:01:38.954Z",
          "location": "EventChannel",
          "id": "1720778498.104217532",
          "timestamp": "2024-07-12T12:01:38.954+0200"
        }
      },
      {
        "_index": "wazuh-alerts-4.x-2024.07.12",
        "_id": "FLNkppABLu9BFc0MK0Bj",
        "_score": 2.0,
        "_source": {
          "agent": {
            "ip": "134.23.4.46",
            "name": "rootca",
            "id": "027"
          },
          "manager": {
            "name": "wazuh"
          },
          "data": {
            "win": {
              "eventdata": {
                "image": "c:\\\\temp\\\\l_test.exe",
                "processGuid": "{A1EEDE99-FF01-6690-7006-000000000F00}",
                "processId": "2676",
                "utcTime": "2024-07-12 10:01:37.732",
                "targetFilename": "C:\\\\Windows\\\\Temp\\\\_MEI26762\\\\msvcr100.dll",
                "ruleName": "DLL",
                "creationUtcTime": "2024-07-12 10:01:37.732",
                "user": "NT AUTHORITY\\\\SYSTEM"
              },
              "system": {
                "eventID": "11",
                "keywords": "0x8000000000000000",
                "providerGuid": "{5770385F-C22A-43E0-BF4C-06F5698FFBD9}",
                "level": "4",
                "channel": "Microsoft-Windows-Sysmon/Operational",
                "opcode": "0",
                "message": "\"File created:\r\nRuleName: DLL\r\nUtcTime: 2024-07-12 10:01:37.732\r\nProcessGuid: {A1EEDE99-FF01-6690-7006-000000000F00}\r\nProcessId: 2676\r\nImage: c:\\temp\\l_test.exe\r\nTargetFilename: C:\\Windows\\Temp\\_MEI26762\\msvcr100.dll\r\nCreationUtcTime: 2024-07-12 10:01:37.732\r\nUser: NT AUTHORITY\\SYSTEM\"",
                "version": "2",
                "systemTime": "2024-07-12T10:01:37.743995100Z",
                "eventRecordID": "2767",
                "threadID": "2360",
                "computer": "rootca.tyrdemo.se",
                "task": "11",
                "processID": "1688",
                "severityValue": "INFORMATION",
                "providerName": "Microsoft-Windows-Sysmon"
              }
            }
          },
          "rule": {
            "firedtimes": 233,
            "mail": true,
            "level": 13,
            "description": "Unsigned Binary Loaded From Suspicious Location",
            "groups": [
              "sigma"
            ],
            "id": "900228"
          },
          "decoder": {
            "name": "windows_eventchannel"
          },
          "input": {
            "type": "log"
          },
          "@timestamp": "2024-07-12T10:01:39.029Z",
          "location": "EventChannel",
          "id": "1720778499.104225060",
          "timestamp": "2024-07-12T12:01:39.029+0200"
        }
      },
      {
        "_index": "wazuh-alerts-4.x-2024.07.12",
        "_id": "GLNkppABLu9BFc0MK0Bj",
        "_score": 2.0,
        "_source": {
          "agent": {
            "ip": "134.23.4.46",
            "name": "rootca",
            "id": "027"
          },
          "manager": {
            "name": "wazuh"
          },
          "data": {
            "win": {
              "eventdata": {
                "image": "c:\\\\temp\\\\l_test.exe",
                "processGuid": "{A1EEDE99-FF01-6690-7006-000000000F00}",
                "processId": "2676",
                "utcTime": "2024-07-12 10:01:37.779",
                "targetFilename": "C:\\\\Windows\\\\Temp\\\\_MEI26762\\\\sqlite3.dll",
                "ruleName": "DLL",
                "creationUtcTime": "2024-07-12 10:01:37.779",
                "user": "NT AUTHORITY\\\\SYSTEM"
              },
              "system": {
                "eventID": "11",
                "keywords": "0x8000000000000000",
                "providerGuid": "{5770385F-C22A-43E0-BF4C-06F5698FFBD9}",
                "level": "4",
                "channel": "Microsoft-Windows-Sysmon/Operational",
                "opcode": "0",
                "message": "\"File created:\r\nRuleName: DLL\r\nUtcTime: 2024-07-12 10:01:37.779\r\nProcessGuid: {A1EEDE99-FF01-6690-7006-000000000F00}\r\nProcessId: 2676\r\nImage: c:\\temp\\l_test.exe\r\nTargetFilename: C:\\Windows\\Temp\\_MEI26762\\sqlite3.dll\r\nCreationUtcTime: 2024-07-12 10:01:37.779\r\nUser: NT AUTHORITY\\SYSTEM\"",
                "version": "2",
                "systemTime": "2024-07-12T10:01:37.789816900Z",
                "eventRecordID": "2769",
                "threadID": "2360",
                "computer": "rootca.tyrdemo.se",
                "task": "11",
                "processID": "1688",
                "severityValue": "INFORMATION",
                "providerName": "Microsoft-Windows-Sysmon"
              }
            }
          },
          "rule": {
            "firedtimes": 237,
            "mail": true,
            "level": 13,
            "description": "Unsigned Binary Loaded From Suspicious Location",
            "groups": [
              "sigma"
            ],
            "id": "900228"
          },
          "decoder": {
            "name": "windows_eventchannel"
          },
          "input": {
            "type": "log"
          },
          "@timestamp": "2024-07-12T10:01:39.062Z",
          "location": "EventChannel",
          "id": "1720778499.104234948",
          "timestamp": "2024-07-12T12:01:39.062+0200"
        }
      }
    ]
  },
  "defenses": {
    "781": {
      "weight": 0.8474337369372327,
      "action": {
        "agents": [
          "019"
        ],
        "system": "hq05",
        "description": "Shutdown machine",
        "active_response_request": {
          "command": "shutdown_machine0",
          "custom": false
        }
      }
    },
    "852": {
      "weight": 0.763774618976614,
      "action": {
        "agents": [
          "020"
        ],
        "system": "hq06",
        "description": "Shutdown machine",
        "active_response_request": {
          "command": "shutdown_machine0",
          "custom": false
        }
      }
    },
    "568": {
      "weight": 0.2550690257394217,
      "action": {
        "agents": [
          "016"
        ],
        "system": "hq02",
        "description": "Shutdown machine",
        "active_response_request": {
          "command": "shutdown_machine0",
          "custom": false
        }
      }
    }
  }
}