      {
        "_index": "wazuh-alerts-4.x-2024.07.12",
        "_id": "jbN2ppABLu9BFc0Mdk90",
        "_score": 2.0,
        "_source": {
          "agent": {
            "ip": "134.23.4.6",
            "name": "dc2",
            "id": "021"
          },
          "manager": {
            "name": "wazuh"
          },
          "data": {
            "win": {
              "eventdata": {
                "image": "c:\\\\temp\\\\l_test.exe",
                "processGuid": "{0d4c58ef-03b0-6691-a805-000000000c00}",
                "processId": "1200",
                "utcTime": "2024-07-12 10:21:36.219",
                "targetFilename": "C:\\\\Windows\\\\Temp\\\\_MEI12002\\\\api-ms-win-core-interlocked-l1-1-0.dll",
                "ruleName": "DLL",
                "creationUtcTime": "2024-07-12 10:21:36.219",
                "user": "NT AUTHORITY\\\\SYSTEM"
              },
              "system": {
                "eventID": "11",
                "keywords": "0x8000000000000000",
                "providerGuid": "{5770385f-c22a-43e0-bf4c-06f5698ffbd9}",
                "level": "4",
                "channel": "Microsoft-Windows-Sysmon/Operational",
                "opcode": "0",
                "message": "\"File created:\r\nRuleName: DLL\r\nUtcTime: 2024-07-12 10:21:36.219\r\nProcessGuid: {0d4c58ef-03b0-6691-a805-000000000c00}\r\nProcessId: 1200\r\nImage: c:\\temp\\l_test.exe\r\nTargetFilename: C:\\Windows\\Temp\\_MEI12002\\api-ms-win-core-interlocked-l1-1-0.dll\r\nCreationUtcTime: 2024-07-12 10:21:36.219\r\nUser: NT AUTHORITY\\SYSTEM\"",
                "version": "2",
                "systemTime": "2024-07-12T10:21:36.221093200Z",
                "eventRecordID": "3128",
                "threadID": "3852",
                "computer": "dc2.office.tyrdemo.se",
                "task": "11",
                "processID": "3336",
                "severityValue": "INFORMATION",
                "providerName": "Microsoft-Windows-Sysmon"
              }
            }
          },
          "rule": {
            "firedtimes": 396,
            "mail": true,
            "level": 13,
            "description": "Unsigned Binary Loaded From Suspicious Location",
            "groups": [
              "sigma"
            ],
            "id": "900228"
          },
          "decoder": {
            "name": "windows_eventchannel"
          },
          "input": {
            "type": "log"
          },
          "@timestamp": "2024-07-12T10:21:37.336Z",
          "location": "EventChannel",
          "id": "1720779697.111475550",
          "timestamp": "2024-07-12T12:21:37.336+0200"
        }
      },
      {
        "_index": "wazuh-alerts-4.x-2024.07.12",
        "_id": "j7N2ppABLu9BFc0Mdk90",
        "_score": 2.0,
        "_source": {
          "agent": {
            "ip": "134.23.4.6",
            "name": "dc2",
            "id": "021"
          },
          "manager": {
            "name": "wazuh"
          },
          "data": {
            "win": {
              "eventdata": {
                "image": "c:\\\\temp\\\\l_test.exe",
                "processGuid": "{0d4c58ef-03b0-6691-a805-000000000c00}",
                "processId": "1200",
                "utcTime": "2024-07-12 10:21:36.219",
                "targetFilename": "C:\\\\Windows\\\\Temp\\\\_MEI12002\\\\api-ms-win-core-localization-l1-2-0.dll",
                "ruleName": "DLL",
                "creationUtcTime": "2024-07-12 10:21:36.219",
                "user": "NT AUTHORITY\\\\SYSTEM"
              },
              "system": {
                "eventID": "11",
                "keywords": "0x8000000000000000",
                "providerGuid": "{5770385f-c22a-43e0-bf4c-06f5698ffbd9}",
                "level": "4",
                "channel": "Microsoft-Windows-Sysmon/Operational",
                "opcode": "0",
                "message": "\"File created:\r\nRuleName: DLL\r\nUtcTime: 2024-07-12 10:21:36.219\r\nProcessGuid: {0d4c58ef-03b0-6691-a805-000000000c00}\r\nProcessId: 1200\r\nImage: c:\\temp\\l_test.exe\r\nTargetFilename: C:\\Windows\\Temp\\_MEI12002\\api-ms-win-core-localization-l1-2-0.dll\r\nCreationUtcTime: 2024-07-12 10:21:36.219\r\nUser: NT AUTHORITY\\SYSTEM\"",
                "version": "2",
                "systemTime": "2024-07-12T10:21:36.221750600Z",
                "eventRecordID": "3130",
                "threadID": "3852",
                "computer": "dc2.office.tyrdemo.se",
                "task": "11",
                "processID": "3336",
                "severityValue": "INFORMATION",
                "providerName": "Microsoft-Windows-Sysmon"
              }
            }
          },
          "rule": {
            "firedtimes": 398,
            "mail": true,
            "level": 13,
            "description": "Unsigned Binary Loaded From Suspicious Location",
            "groups": [
              "sigma"
            ],
            "id": "900228"
          },
          "decoder": {
            "name": "windows_eventchannel"
          },
          "input": {
            "type": "log"
          },
          "@timestamp": "2024-07-12T10:21:37.367Z",
          "location": "EventChannel",
          "id": "1720779697.111480720",
          "timestamp": "2024-07-12T12:21:37.367+0200"
        }
      },
      {
        "_index": "wazuh-alerts-4.x-2024.07.12",
        "_id": "lbN2ppABLu9BFc0Mdk90",
        "_score": 2.0,
        "_source": {
          "agent": {
            "ip": "134.23.4.6",
            "name": "dc2",
            "id": "021"
          },
          "manager": {
            "name": "wazuh"
          },
          "data": {
            "win": {
              "eventdata": {
                "image": "c:\\\\temp\\\\l_test.exe",
                "processGuid": "{0d4c58ef-03b0-6691-a805-000000000c00}",
                "processId": "1200",
                "utcTime": "2024-07-12 10:21:36.219",
                "targetFilename": "C:\\\\Windows\\\\Temp\\\\_MEI12002\\\\api-ms-win-core-processthreads-l1-1-1.dll",
                "ruleName": "DLL",
                "creationUtcTime": "2024-07-12 10:21:36.219",
                "user": "NT AUTHORITY\\\\SYSTEM"
              },
              "system": {
                "eventID": "11",
                "keywords": "0x8000000000000000",
                "providerGuid": "{5770385f-c22a-43e0-bf4c-06f5698ffbd9}",
                "level": "4",
                "channel": "Microsoft-Windows-Sysmon/Operational",
                "opcode": "0",
                "message": "\"File created:\r\nRuleName: DLL\r\nUtcTime: 2024-07-12 10:21:36.219\r\nProcessGuid: {0d4c58ef-03b0-6691-a805-000000000c00}\r\nProcessId: 1200\r\nImage: c:\\temp\\l_test.exe\r\nTargetFilename: C:\\Windows\\Temp\\_MEI12002\\api-ms-win-core-processthreads-l1-1-1.dll\r\nCreationUtcTime: 2024-07-12 10:21:36.219\r\nUser: NT AUTHORITY\\SYSTEM\"",
                "version": "2",
                "systemTime": "2024-07-12T10:21:36.223506400Z",
                "eventRecordID": "3135",
                "threadID": "3852",
                "computer": "dc2.office.tyrdemo.se",
                "task": "11",
                "processID": "3336",
                "severityValue": "INFORMATION",
                "providerName": "Microsoft-Windows-Sysmon"
              }
            }
          },
          "rule": {
            "firedtimes": 404,
            "mail": true,
            "level": 13,
            "description": "Unsigned Binary Loaded From Suspicious Location",
            "groups": [
              "sigma"
            ],
            "id": "900228"
          },
          "decoder": {
            "name": "windows_eventchannel"
          },
          "input": {
            "type": "log"
          },
          "@timestamp": "2024-07-12T10:21:37.461Z",
          "location": "EventChannel",
          "id": "1720779697.111496350",
          "timestamp": "2024-07-12T12:21:37.461+0200"
        }
      },
      {
        "_index": "wazuh-alerts-4.x-2024.07.12",
        "_id": "lrN2ppABLu9BFc0Mdk90",
        "_score": 2.0,
        "_source": {
          "agent": {
            "ip": "134.23.4.6",
            "name": "dc2",
            "id": "021"
          },
          "manager": {
            "name": "wazuh"
          },
          "data": {
            "win": {
              "eventdata": {
                "image": "c:\\\\temp\\\\l_test.exe",
                "processGuid": "{0d4c58ef-03b0-6691-a805-000000000c00}",
                "processId": "1200",
                "utcTime": "2024-07-12 10:21:36.219",
                "targetFilename": "C:\\\\Windows\\\\Temp\\\\_MEI12002\\\\api-ms-win-core-processthreads-l1-1-0.dll",
                "ruleName": "DLL",
                "creationUtcTime": "2024-07-12 10:21:36.219",
                "user": "NT AUTHORITY\\\\SYSTEM"
              },
              "system": {
                "eventID": "11",
                "keywords": "0x8000000000000000",
                "providerGuid": "{5770385f-c22a-43e0-bf4c-06f5698ffbd9}",
                "level": "4",
                "channel": "Microsoft-Windows-Sysmon/Operational",
                "opcode": "0",
                "message": "\"File created:\r\nRuleName: DLL\r\nUtcTime: 2024-07-12 10:21:36.219\r\nProcessGuid: {0d4c58ef-03b0-6691-a805-000000000c00}\r\nProcessId: 1200\r\nImage: c:\\temp\\l_test.exe\r\nTargetFilename: C:\\Windows\\Temp\\_MEI12002\\api-ms-win-core-processthreads-l1-1-0.dll\r\nCreationUtcTime: 2024-07-12 10:21:36.219\r\nUser: NT AUTHORITY\\SYSTEM\"",
                "version": "2",
                "systemTime": "2024-07-12T10:21:36.223171800Z",
                "eventRecordID": "3134",
                "threadID": "3852",
                "computer": "dc2.office.tyrdemo.se",
                "task": "11",
                "processID": "3336",
                "severityValue": "INFORMATION",
                "providerName": "Microsoft-Windows-Sysmon"
              }
            }
          },
          "rule": {
            "firedtimes": 405,
            "mail": true,
            "level": 13,
            "description": "Unsigned Binary Loaded From Suspicious Location",
            "groups": [
              "sigma"
            ],
            "id": "900228"
          },
          "decoder": {
            "name": "windows_eventchannel"
          },
          "input": {
            "type": "log"
          },
          "@timestamp": "2024-07-12T10:21:37.461Z",
          "location": "EventChannel",
          "id": "1720779697.111498943",
          "timestamp": "2024-07-12T12:21:37.461+0200"
        }
      },
      {
        "_index": "wazuh-alerts-4.x-2024.07.12",
        "_id": "mbN2ppABLu9BFc0Mdk90",
        "_score": 2.0,
        "_source": {
          "agent": {
            "ip": "134.23.4.6",
            "name": "dc2",
            "id": "021"
          },
          "manager": {
            "name": "wazuh"
          },
          "data": {
            "win": {
              "eventdata": {
                "image": "c:\\\\temp\\\\l_test.exe",
                "processGuid": "{0d4c58ef-03b0-6691-a805-000000000c00}",
                "processId": "1200",
                "utcTime": "2024-07-12 10:21:36.219",
                "targetFilename": "C:\\\\Windows\\\\Temp\\\\_MEI12002\\\\api-ms-win-core-string-l1-1-0.dll",
                "ruleName": "DLL",
                "creationUtcTime": "2024-07-12 10:21:36.219",
                "user": "NT AUTHORITY\\\\SYSTEM"
              },
              "system": {
                "eventID": "11",
                "keywords": "0x8000000000000000",
                "providerGuid": "{5770385f-c22a-43e0-bf4c-06f5698ffbd9}",
                "level": "4",
                "channel": "Microsoft-Windows-Sysmon/Operational",
                "opcode": "0",
                "message": "\"File created:\r\nRuleName: DLL\r\nUtcTime: 2024-07-12 10:21:36.219\r\nProcessGuid: {0d4c58ef-03b0-6691-a805-000000000c00}\r\nProcessId: 1200\r\nImage: c:\\temp\\l_test.exe\r\nTargetFilename: C:\\Windows\\Temp\\_MEI12002\\api-ms-win-core-string-l1-1-0.dll\r\nCreationUtcTime: 2024-07-12 10:21:36.219\r\nUser: NT AUTHORITY\\SYSTEM\"",
                "version": "2",
                "systemTime": "2024-07-12T10:21:36.224452500Z",
                "eventRecordID": "3138",
                "threadID": "3852",
                "computer": "dc2.office.tyrdemo.se",
                "task": "11",
                "processID": "3336",
                "severityValue": "INFORMATION",
                "providerName": "Microsoft-Windows-Sysmon"
              }
            }
          },
          "rule": {
            "firedtimes": 408,
            "mail": true,
            "level": 13,
            "description": "Unsigned Binary Loaded From Suspicious Location",
            "groups": [
              "sigma"
            ],
            "id": "900228"
          },
          "decoder": {
            "name": "windows_eventchannel"
          },
          "input": {
            "type": "log"
          },
          "@timestamp": "2024-07-12T10:21:37.491Z",
          "location": "EventChannel",
          "id": "1720779697.111506678",
          "timestamp": "2024-07-12T12:21:37.491+0200"
        }
      },
      {
        "_index": "wazuh-alerts-4.x-2024.07.12",
        "_id": "nrN2ppABLu9BFc0Mdk90",
        "_score": 2.0,
        "_source": {
          "agent": {
            "ip": "134.23.4.6",
            "name": "dc2",
            "id": "021"
          },
          "manager": {
            "name": "wazuh"
          },
          "data": {
            "win": {
              "eventdata": {
                "image": "c:\\\\temp\\\\l_test.exe",
                "processGuid": "{0d4c58ef-03b0-6691-a805-000000000c00}",
                "processId": "1200",
                "utcTime": "2024-07-12 10:21:36.219",
                "targetFilename": "C:\\\\Windows\\\\Temp\\\\_MEI12002\\\\api-ms-win-core-util-l1-1-0.dll",
                "ruleName": "DLL",
                "creationUtcTime": "2024-07-12 10:21:36.219",
                "user": "NT AUTHORITY\\\\SYSTEM"
              },
              "system": {
                "eventID": "11",
                "keywords": "0x8000000000000000",
                "providerGuid": "{5770385f-c22a-43e0-bf4c-06f5698ffbd9}",
                "level": "4",
                "channel": "Microsoft-Windows-Sysmon/Operational",
                "opcode": "0",
                "message": "\"File created:\r\nRuleName: DLL\r\nUtcTime: 2024-07-12 10:21:36.219\r\nProcessGuid: {0d4c58ef-03b0-6691-a805-000000000c00}\r\nProcessId: 1200\r\nImage: c:\\temp\\l_test.exe\r\nTargetFilename: C:\\Windows\\Temp\\_MEI12002\\api-ms-win-core-util-l1-1-0.dll\r\nCreationUtcTime: 2024-07-12 10:21:36.219\r\nUser: NT AUTHORITY\\SYSTEM\"",
                "version": "2",
                "systemTime": "2024-07-12T10:21:36.226009400Z",
                "eventRecordID": "3143",
                "threadID": "3852",
                "computer": "dc2.office.tyrdemo.se",
                "task": "11",
                "processID": "3336",
                "severityValue": "INFORMATION",
                "providerName": "Microsoft-Windows-Sysmon"
              }
            }
          },
          "rule": {
            "firedtimes": 413,
            "mail": true,
            "level": 13,
            "description": "Unsigned Binary Loaded From Suspicious Location",
            "groups": [
              "sigma"
            ],
            "id": "900228"
          },
          "decoder": {
            "name": "windows_eventchannel"
          },
          "input": {
            "type": "log"
          },
          "@timestamp": "2024-07-12T10:21:37.597Z",
          "location": "EventChannel",
          "id": "1720779697.111519487",
          "timestamp": "2024-07-12T12:21:37.597+0200"
        }
      },
      {
        "_index": "wazuh-alerts-4.x-2024.07.12",
        "_id": "o7N2ppABLu9BFc0Mdk90",
        "_score": 2.0,
        "_source": {
          "agent": {
            "ip": "134.23.4.6",
            "name": "dc2",
            "id": "021"
          },
          "manager": {
            "name": "wazuh"
          },
          "data": {
            "win": {
              "eventdata": {
                "image": "c:\\\\temp\\\\l_test.exe",
                "processGuid": "{0d4c58ef-03b0-6691-a805-000000000c00}",
                "processId": "1200",
                "utcTime": "2024-07-12 10:21:36.219",
                "targetFilename": "C:\\\\Windows\\\\Temp\\\\_MEI12002\\\\api-ms-win-crt-heap-l1-1-0.dll",
                "ruleName": "DLL",
                "creationUtcTime": "2024-07-12 10:21:36.219",
                "user": "NT AUTHORITY\\\\SYSTEM"
              },
              "system": {
                "eventID": "11",
                "keywords": "0x8000000000000000",
                "providerGuid": "{5770385f-c22a-43e0-bf4c-06f5698ffbd9}",
                "level": "4",
                "channel": "Microsoft-Windows-Sysmon/Operational",
                "opcode": "0",
                "message": "\"File created:\r\nRuleName: DLL\r\nUtcTime: 2024-07-12 10:21:36.219\r\nProcessGuid: {0d4c58ef-03b0-6691-a805-000000000c00}\r\nProcessId: 1200\r\nImage: c:\\temp\\l_test.exe\r\nTargetFilename: C:\\Windows\\Temp\\_MEI12002\\api-ms-win-crt-heap-l1-1-0.dll\r\nCreationUtcTime: 2024-07-12 10:21:36.219\r\nUser: NT AUTHORITY\\SYSTEM\"",
                "version": "2",
                "systemTime": "2024-07-12T10:21:36.227697000Z",
                "eventRecordID": "3148",
                "threadID": "3852",
                "computer": "dc2.office.tyrdemo.se",
                "task": "11",
                "processID": "3336",
                "severityValue": "INFORMATION",
                "providerName": "Microsoft-Windows-Sysmon"
              }
            }
          },
          "rule": {
            "firedtimes": 418,
            "mail": true,
            "level": 13,
            "description": "Unsigned Binary Loaded From Suspicious Location",
            "groups": [
              "sigma"
            ],
            "id": "900228"
          },
          "decoder": {
            "name": "windows_eventchannel"
          },
          "input": {
            "type": "log"
          },
          "@timestamp": "2024-07-12T10:21:37.693Z",
          "location": "EventChannel",
          "id": "1720779697.111532304",
          "timestamp": "2024-07-12T12:21:37.693+0200"
        }
      },
      {
        "_index": "wazuh-alerts-4.x-2024.07.12",
        "_id": "prN2ppABLu9BFc0Mdk90",
        "_score": 2.0,
        "_source": {
          "agent": {
            "ip": "134.23.4.6",
            "name": "dc2",
            "id": "021"
          },
          "manager": {
            "name": "wazuh"
          },
          "data": {
            "win": {
              "eventdata": {
                "image": "c:\\\\temp\\\\l_test.exe",
                "processGuid": "{0d4c58ef-03b0-6691-a805-000000000c00}",
                "processId": "1200",
                "utcTime": "2024-07-12 10:21:36.219",
                "targetFilename": "C:\\\\Windows\\\\Temp\\\\_MEI12002\\\\api-ms-win-crt-process-l1-1-0.dll",
                "ruleName": "DLL",
                "creationUtcTime": "2024-07-12 10:21:36.219",
                "user": "NT AUTHORITY\\\\SYSTEM"
              },
              "system": {
                "eventID": "11",
                "keywords": "0x8000000000000000",
                "providerGuid": "{5770385f-c22a-43e0-bf4c-06f5698ffbd9}",
                "level": "4",
                "channel": "Microsoft-Windows-Sysmon/Operational",
                "opcode": "0",
                "message": "\"File created:\r\nRuleName: DLL\r\nUtcTime: 2024-07-12 10:21:36.219\r\nProcessGuid: {0d4c58ef-03b0-6691-a805-000000000c00}\r\nProcessId: 1200\r\nImage: c:\\temp\\l_test.exe\r\nTargetFilename: C:\\Windows\\Temp\\_MEI12002\\api-ms-win-crt-process-l1-1-0.dll\r\nCreationUtcTime: 2024-07-12 10:21:36.219\r\nUser: NT AUTHORITY\\SYSTEM\"",
                "version": "2",
                "systemTime": "2024-07-12T10:21:36.228673700Z",
                "eventRecordID": "3151",
                "threadID": "3852",
                "computer": "dc2.office.tyrdemo.se",
                "task": "11",
                "processID": "3336",
                "severityValue": "INFORMATION",
                "providerName": "Microsoft-Windows-Sysmon"
              }
            }
          },
          "rule": {
            "firedtimes": 421,
            "mail": true,
            "level": 13,
            "description": "Unsigned Binary Loaded From Suspicious Location",
            "groups": [
              "sigma"
            ],
            "id": "900228"
          },
          "decoder": {
            "name": "windows_eventchannel"
          },
          "input": {
            "type": "log"
          },
          "@timestamp": "2024-07-12T10:21:37.726Z",
          "location": "EventChannel",
          "id": "1720779697.111539959",
          "timestamp": "2024-07-12T12:21:37.726+0200"
        }
      },
      {
        "_index": "wazuh-alerts-4.x-2024.07.12",
        "_id": "p7N2ppABLu9BFc0Mdk90",
        "_score": 2.0,
        "_source": {
          "agent": {
            "ip": "134.23.4.6",
            "name": "dc2",
            "id": "021"
          },
          "manager": {
            "name": "wazuh"
          },
          "data": {
            "win": {
              "eventdata": {
                "image": "c:\\\\temp\\\\l_test.exe",
                "processGuid": "{0d4c58ef-03b0-6691-a805-000000000c00}",
                "processId": "1200",
                "utcTime": "2024-07-12 10:21:36.219",
                "targetFilename": "C:\\\\Windows\\\\Temp\\\\_MEI12002\\\\api-ms-win-crt-runtime-l1-1-0.dll",
                "ruleName": "DLL",
                "creationUtcTime": "2024-07-12 10:21:36.219",
                "user": "NT AUTHORITY\\\\SYSTEM"
              },
              "system": {
                "eventID": "11",
                "keywords": "0x8000000000000000",
                "providerGuid": "{5770385f-c22a-43e0-bf4c-06f5698ffbd9}",
                "level": "4",
                "channel": "Microsoft-Windows-Sysmon/Operational",
                "opcode": "0",
                "message": "\"File created:\r\nRuleName: DLL\r\nUtcTime: 2024-07-12 10:21:36.219\r\nProcessGuid: {0d4c58ef-03b0-6691-a805-000000000c00}\r\nProcessId: 1200\r\nImage: c:\\temp\\l_test.exe\r\nTargetFilename: C:\\Windows\\Temp\\_MEI12002\\api-ms-win-crt-runtime-l1-1-0.dll\r\nCreationUtcTime: 2024-07-12 10:21:36.219\r\nUser: NT AUTHORITY\\SYSTEM\"",
                "version": "2",
                "systemTime": "2024-07-12T10:21:36.228982900Z",
                "eventRecordID": "3152",
                "threadID": "3852",
                "computer": "dc2.office.tyrdemo.se",
                "task": "11",
                "processID": "3336",
                "severityValue": "INFORMATION",
                "providerName": "Microsoft-Windows-Sysmon"
              }
            }
          },
          "rule": {
            "firedtimes": 422,
            "mail": true,
            "level": 13,
            "description": "Unsigned Binary Loaded From Suspicious Location",
            "groups": [
              "sigma"
            ],
            "id": "900228"
          },
          "decoder": {
            "name": "windows_eventchannel"
          },
          "input": {
            "type": "log"
          },
          "@timestamp": "2024-07-12T10:21:37.742Z",
          "location": "EventChannel",
          "id": "1720779697.111542520",
          "timestamp": "2024-07-12T12:21:37.742+0200"
        }
      },
      {
        "_index": "wazuh-alerts-4.x-2024.07.12",
        "_id": "q7N2ppABLu9BFc0Mdk90",
        "_score": 2.0,
        "_source": {
          "agent": {
            "ip": "134.23.4.6",
            "name": "dc2",
            "id": "021"
          },
          "manager": {
            "name": "wazuh"
          },
          "data": {
            "win": {
              "eventdata": {
                "image": "c:\\\\temp\\\\l_test.exe",
                "processGuid": "{0d4c58ef-03b0-6691-a805-000000000c00}",
                "processId": "1200",
                "utcTime": "2024-07-12 10:21:36.219",
                "targetFilename": "C:\\\\Windows\\\\Temp\\\\_MEI12002\\\\api-ms-win-crt-utility-l1-1-0.dll",
                "ruleName": "DLL",
                "creationUtcTime": "2024-07-12 10:21:36.219",
                "user": "NT AUTHORITY\\\\SYSTEM"
              },
              "system": {
                "eventID": "11",
                "keywords": "0x8000000000000000",
                "providerGuid": "{5770385f-c22a-43e0-bf4c-06f5698ffbd9}",
                "level": "4",
                "channel": "Microsoft-Windows-Sysmon/Operational",
                "opcode": "0",
                "message": "\"File created:\r\nRuleName: DLL\r\nUtcTime: 2024-07-12 10:21:36.219\r\nProcessGuid: {0d4c58ef-03b0-6691-a805-000000000c00}\r\nProcessId: 1200\r\nImage: c:\\temp\\l_test.exe\r\nTargetFilename: C:\\Windows\\Temp\\_MEI12002\\api-ms-win-crt-utility-l1-1-0.dll\r\nCreationUtcTime: 2024-07-12 10:21:36.219\r\nUser: NT AUTHORITY\\SYSTEM\"",
                "version": "2",
                "systemTime": "2024-07-12T10:21:36.230465100Z",
                "eventRecordID": "3156",
                "threadID": "3852",
                "computer": "dc2.office.tyrdemo.se",
                "task": "11",
                "processID": "3336",
                "severityValue": "INFORMATION",
                "providerName": "Microsoft-Windows-Sysmon"
              }
            }
          },
          "rule": {
            "firedtimes": 426,
            "mail": true,
            "level": 13,
            "description": "Unsigned Binary Loaded From Suspicious Location",
            "groups": [
              "sigma"
            ],
            "id": "900228"
          },
          "decoder": {
            "name": "windows_eventchannel"
          },
          "input": {
            "type": "log"
          },
          "@timestamp": "2024-07-12T10:21:37.820Z",
          "location": "EventChannel",
          "id": "1720779697.111552740",
          "timestamp": "2024-07-12T12:21:37.820+0200"
        }
      },
      {
        "_index": "wazuh-alerts-4.x-2024.07.12",
        "_id": "rbN2ppABLu9BFc0Mdk90",
        "_score": 2.0,
        "_source": {
          "agent": {
            "ip": "134.23.4.6",
            "name": "dc2",
            "id": "021"
          },
          "manager": {
            "name": "wazuh"
          },
          "data": {
            "win": {
              "eventdata": {
                "image": "c:\\\\temp\\\\l_test.exe",
                "processGuid": "{0d4c58ef-03b0-6691-a805-000000000c00}",
                "processId": "1200",
                "utcTime": "2024-07-12 10:21:36.235",
                "targetFilename": "C:\\\\Windows\\\\Temp\\\\_MEI12002\\\\libssl-1_1.dll",
                "ruleName": "DLL",
                "creationUtcTime": "2024-07-12 10:21:36.235",
                "user": "NT AUTHORITY\\\\SYSTEM"
              },
              "system": {
                "eventID": "11",
                "keywords": "0x8000000000000000",
                "providerGuid": "{5770385f-c22a-43e0-bf4c-06f5698ffbd9}",
                "level": "4",
                "channel": "Microsoft-Windows-Sysmon/Operational",
                "opcode": "0",
                "message": "\"File created:\r\nRuleName: DLL\r\nUtcTime: 2024-07-12 10:21:36.235\r\nProcessGuid: {0d4c58ef-03b0-6691-a805-000000000c00}\r\nProcessId: 1200\r\nImage: c:\\temp\\l_test.exe\r\nTargetFilename: C:\\Windows\\Temp\\_MEI12002\\libssl-1_1.dll\r\nCreationUtcTime: 2024-07-12 10:21:36.235\r\nUser: NT AUTHORITY\\SYSTEM\"",
                "version": "2",
                "systemTime": "2024-07-12T10:21:36.244530300Z",
                "eventRecordID": "3158",
                "threadID": "3852",
                "computer": "dc2.office.tyrdemo.se",
                "task": "11",
                "processID": "3336",
                "severityValue": "INFORMATION",
                "providerName": "Microsoft-Windows-Sysmon"
              }
            }
          },
          "rule": {
            "firedtimes": 428,
            "mail": true,
            "level": 13,
            "description": "Unsigned Binary Loaded From Suspicious Location",
            "groups": [
              "sigma"
            ],
            "id": "900228"
          },
          "decoder": {
            "name": "windows_eventchannel"
          },
          "input": {
            "type": "log"
          },
          "@timestamp": "2024-07-12T10:21:37.851Z",
          "location": "EventChannel",
          "id": "1720779697.111557798",
          "timestamp": "2024-07-12T12:21:37.851+0200"
        }
      },
      {
        "_index": "wazuh-alerts-4.x-2024.07.12",
        "_id": "r7N2ppABLu9BFc0Mdk90",
        "_score": 2.0,
        "_source": {
          "agent": {
            "ip": "134.23.4.6",
            "name": "dc2",
            "id": "021"
          },
          "manager": {
            "name": "wazuh"
          },
          "data": {
            "win": {
              "eventdata": {
                "image": "c:\\\\temp\\\\l_test.exe",
                "processGuid": "{0d4c58ef-03b0-6691-a805-000000000c00}",
                "processId": "1200",
                "utcTime": "2024-07-12 10:21:36.251",
                "targetFilename": "C:\\\\Windows\\\\Temp\\\\_MEI12002\\\\msvcr100.dll",
                "ruleName": "DLL",
                "creationUtcTime": "2024-07-12 10:21:36.251",
                "user": "NT AUTHORITY\\\\SYSTEM"
              },
              "system": {
                "eventID": "11",
                "keywords": "0x8000000000000000",
                "providerGuid": "{5770385f-c22a-43e0-bf4c-06f5698ffbd9}",
                "level": "4",
                "channel": "Microsoft-Windows-Sysmon/Operational",
                "opcode": "0",
                "message": "\"File created:\r\nRuleName: DLL\r\nUtcTime: 2024-07-12 10:21:36.251\r\nProcessGuid: {0d4c58ef-03b0-6691-a805-000000000c00}\r\nProcessId: 1200\r\nImage: c:\\temp\\l_test.exe\r\nTargetFilename: C:\\Windows\\Temp\\_MEI12002\\msvcr100.dll\r\nCreationUtcTime: 2024-07-12 10:21:36.251\r\nUser: NT AUTHORITY\\SYSTEM\"",
                "version": "2",
                "systemTime": "2024-07-12T10:21:36.253977800Z",
                "eventRecordID": "3160",
                "threadID": "3852",
                "computer": "dc2.office.tyrdemo.se",
                "task": "11",
                "processID": "3336",
                "severityValue": "INFORMATION",
                "providerName": "Microsoft-Windows-Sysmon"
              }
            }
          },
          "rule": {
            "firedtimes": 430,
            "mail": true,
            "level": 13,
            "description": "Unsigned Binary Loaded From Suspicious Location",
            "groups": [
              "sigma"
            ],
            "id": "900228"
          },
          "decoder": {
            "name": "windows_eventchannel"
          },
          "input": {
            "type": "log"
          },
          "@timestamp": "2024-07-12T10:21:37.893Z",
          "location": "EventChannel",
          "id": "1720779697.111562760",
          "timestamp": "2024-07-12T12:21:37.893+0200"
        }
      },
      {
        "_index": "wazuh-alerts-4.x-2024.07.12",
        "_id": "sbN2ppABLu9BFc0Mdk90",
        "_score": 2.0,
        "_source": {
          "agent": {
            "ip": "134.23.4.6",
            "name": "dc2",
            "id": "021"
          },
          "manager": {
            "name": "wazuh"
          },
          "data": {
            "win": {
              "eventdata": {
                "image": "c:\\\\temp\\\\l_test.exe",
                "processGuid": "{0d4c58ef-03b0-6691-a805-000000000c00}",
                "processId": "1200",
                "utcTime": "2024-07-12 10:21:36.266",
                "targetFilename": "C:\\\\Windows\\\\Temp\\\\_MEI12002\\\\ucrtbase.dll",
                "ruleName": "DLL",
                "creationUtcTime": "2024-07-12 10:21:36.266",
                "user": "NT AUTHORITY\\\\SYSTEM"
              },
              "system": {
                "eventID": "11",
                "keywords": "0x8000000000000000",
                "providerGuid": "{5770385f-c22a-43e0-bf4c-06f5698ffbd9}",
                "level": "4",
                "channel": "Microsoft-Windows-Sysmon/Operational",
                "opcode": "0",
                "message": "\"File created:\r\nRuleName: DLL\r\nUtcTime: 2024-07-12 10:21:36.266\r\nProcessGuid: {0d4c58ef-03b0-6691-a805-000000000c00}\r\nProcessId: 1200\r\nImage: c:\\temp\\l_test.exe\r\nTargetFilename: C:\\Windows\\Temp\\_MEI12002\\ucrtbase.dll\r\nCreationUtcTime: 2024-07-12 10:21:36.266\r\nUser: NT AUTHORITY\\SYSTEM\"",
                "version": "2",
                "systemTime": "2024-07-12T10:21:36.279797800Z",
                "eventRecordID": "3163",
                "threadID": "3852",
                "computer": "dc2.office.tyrdemo.se",
                "task": "11",
                "processID": "3336",
                "severityValue": "INFORMATION",
                "providerName": "Microsoft-Windows-Sysmon"
              }
            }
          },
          "rule": {
            "firedtimes": 432,
            "mail": true,
            "level": 13,
            "description": "Unsigned Binary Loaded From Suspicious Location",
            "groups": [
              "sigma"
            ],
            "id": "900228"
          },
          "decoder": {
            "name": "windows_eventchannel"
          },
          "input": {
            "type": "log"
          },
          "@timestamp": "2024-07-12T10:21:37.929Z",
          "location": "EventChannel",
          "id": "1720779697.111567714",
          "timestamp": "2024-07-12T12:21:37.929+0200"
        }
      },
      {
        "_index": "wazuh-alerts-4.x-2024.07.12",
        "_id": "s7N2ppABLu9BFc0Mdk90",
        "_score": 2.0,
        "_source": {
          "agent": {
            "ip": "134.23.4.6",
            "name": "dc2",
            "id": "021"
          },
          "manager": {
            "name": "wazuh"
          },
          "data": {
            "win": {
              "eventdata": {
                "originalFileName": "reg.exe",
                "image": "C:\\\\Windows\\\\System32\\\\reg.exe",
                "product": "Microsoft\u00ae Windows\u00ae Operating System",
                "parentProcessGuid": "{0d4c58ef-03b0-6691-ab05-000000000c00}",
                "description": "Registry Console Tool",
                "logonGuid": "{0d4c58ef-837a-668f-e703-000000000000}",
                "parentCommandLine": "cmd.exe /c \\\"reg.exe save hklm\\\\sam C:\\\\Windows\\\\TEMP\\\\ugqnmt\\\"",
                "processGuid": "{0d4c58ef-03b0-6691-ac05-000000000c00}",
                "logonId": "0x3e7",
                "parentProcessId": "1416",
                "processId": "2824",
                "currentDirectory": "C:\\\\Windows\\\\system32\\\\",
                "utcTime": "2024-07-12 10:21:36.544",
                "hashes": "MD5=8A93ACAC33151793F8D52000071C0B06,SHA256=19316D4266D0B776D9B2A05D5903D8CBC8F0EA1520E9C2A7E6D5960B6FA4DCAF,IMPHASH=BE482BE427FE212CFEF2CDA0E61F19AC",
                "parentImage": "C:\\\\Windows\\\\System32\\\\cmd.exe",
                "company": "Microsoft Corporation",
                "commandLine": "reg.exe  save hklm\\\\sam C:\\\\Windows\\\\TEMP\\\\ugqnmt",
                "integrityLevel": "System",
                "fileVersion": "10.0.17763.1 (WinBuild.160101.0800)",
                "user": "NT AUTHORITY\\\\SYSTEM",
                "terminalSessionId": "0",
                "parentUser": "NT AUTHORITY\\\\SYSTEM"
              },
              "system": {
                "eventID": "1",
                "keywords": "0x8000000000000000",
                "providerGuid": "{5770385f-c22a-43e0-bf4c-06f5698ffbd9}",
                "level": "4",
                "channel": "Microsoft-Windows-Sysmon/Operational",
                "opcode": "0",
                "message": "\"Process Create:\r\nRuleName: -\r\nUtcTime: 2024-07-12 10:21:36.544\r\nProcessGuid: {0d4c58ef-03b0-6691-ac05-000000000c00}\r\nProcessId: 2824\r\nImage: C:\\Windows\\System32\\reg.exe\r\nFileVersion: 10.0.17763.1 (WinBuild.160101.0800)\r\nDescription: Registry Console Tool\r\nProduct: Microsoft\u00ae Windows\u00ae Operating System\r\nCompany: Microsoft Corporation\r\nOriginalFileName: reg.exe\r\nCommandLine: reg.exe  save hklm\\sam C:\\Windows\\TEMP\\ugqnmt\r\nCurrentDirectory: C:\\Windows\\system32\\\r\nUser: NT AUTHORITY\\SYSTEM\r\nLogonGuid: {0d4c58ef-837a-668f-e703-000000000000}\r\nLogonId: 0x3E7\r\nTerminalSessionId: 0\r\nIntegrityLevel: System\r\nHashes: MD5=8A93ACAC33151793F8D52000071C0B06,SHA256=19316D4266D0B776D9B2A05D5903D8CBC8F0EA1520E9C2A7E6D5960B6FA4DCAF,IMPHASH=BE482BE427FE212CFEF2CDA0E61F19AC\r\nParentProcessGuid: {0d4c58ef-03b0-6691-ab05-000000000c00}\r\nParentProcessId: 1416\r\nParentImage: C:\\Windows\\System32\\cmd.exe\r\nParentCommandLine: cmd.exe /c \"reg.exe save hklm\\sam C:\\Windows\\TEMP\\ugqnmt\"\r\nParentUser: NT AUTHORITY\\SYSTEM\"",
                "version": "5",
                "systemTime": "2024-07-12T10:21:36.545134500Z",
                "eventRecordID": "3170",
                "threadID": "3852",
                "computer": "dc2.office.tyrdemo.se",
                "task": "1",
                "processID": "3336",
                "severityValue": "INFORMATION",
                "providerName": "Microsoft-Windows-Sysmon"
              }
            }
          },
          "rule": {
            "firedtimes": 8,
            "mail": true,
            "level": 14,
            "description": "Reg.exe used to dump SAM hive",
            "groups": [
              "sysmon",
              "sysmon_eid1_detections",
              "windows"
            ],
            "mitre": {
              "technique": [
                "Security Account Manager"
              ],
              "id": [
                "T1003.002"
              ],
              "tactic": [
                "Credential Access"
              ]
            },
            "id": "92026"
          },
          "decoder": {
            "name": "windows_eventchannel"
          },
          "input": {
            "type": "log"
          },
          "@timestamp": "2024-07-12T10:21:38.038Z",
          "location": "EventChannel",
          "id": "1720779698.111572664",
          "timestamp": "2024-07-12T12:21:38.038+0200"
        }
      },
      {
        "_index": "wazuh-alerts-4.x-2024.07.12",
        "_id": "hbN2ppABLu9BFc0Mdk90",
        "_score": 2.0,
        "_source": {
          "agent": {
            "ip": "134.23.4.6",
            "name": "dc2",
            "id": "021"
          },
          "manager": {
            "name": "wazuh"
          },
          "data": {
            "win": {
              "eventdata": {
                "image": "c:\\\\temp\\\\l_test.exe",
                "processGuid": "{0d4c58ef-03b0-6691-a805-000000000c00}",
                "processId": "1200",
                "utcTime": "2024-07-12 10:21:36.204",
                "targetFilename": "C:\\\\Windows\\\\Temp\\\\_MEI12002\\\\api-ms-win-core-datetime-l1-1-0.dll",
                "ruleName": "DLL",
                "creationUtcTime": "2024-07-12 10:21:36.204",
                "user": "NT AUTHORITY\\\\SYSTEM"
              },
              "system": {
                "eventID": "11",
                "keywords": "0x8000000000000000",
                "providerGuid": "{5770385f-c22a-43e0-bf4c-06f5698ffbd9}",
                "level": "4",
                "channel": "Microsoft-Windows-Sysmon/Operational",
                "opcode": "0",
                "message": "\"File created:\r\nRuleName: DLL\r\nUtcTime: 2024-07-12 10:21:36.204\r\nProcessGuid: {0d4c58ef-03b0-6691-a805-000000000c00}\r\nProcessId: 1200\r\nImage: c:\\temp\\l_test.exe\r\nTargetFilename: C:\\Windows\\Temp\\_MEI12002\\api-ms-win-core-datetime-l1-1-0.dll\r\nCreationUtcTime: 2024-07-12 10:21:36.204\r\nUser: NT AUTHORITY\\SYSTEM\"",
                "version": "2",
                "systemTime": "2024-07-12T10:21:36.218279800Z",
                "eventRecordID": "3120",
                "threadID": "3852",
                "computer": "dc2.office.tyrdemo.se",
                "task": "11",
                "processID": "3336",
                "severityValue": "INFORMATION",
                "providerName": "Microsoft-Windows-Sysmon"
              }
            }
          },
          "rule": {
            "firedtimes": 388,
            "mail": true,
            "level": 13,
            "description": "Unsigned Binary Loaded From Suspicious Location",
            "groups": [
              "sigma"
            ],
            "id": "900228"
          },
          "decoder": {
            "name": "windows_eventchannel"
          },
          "input": {
            "type": "log"
          },
          "@timestamp": "2024-07-12T10:21:37.181Z",
          "location": "EventChannel",
          "id": "1720779697.111455062",
          "timestamp": "2024-07-12T12:21:37.181+0200"
        }
      },
      {
        "_index": "wazuh-alerts-4.x-2024.07.12",
        "_id": "hrN2ppABLu9BFc0Mdk90",
        "_score": 2.0,
        "_source": {
          "agent": {
            "ip": "134.23.4.6",
            "name": "dc2",
            "id": "021"
          },
          "manager": {
            "name": "wazuh"
          },
          "data": {
            "win": {
              "eventdata": {
                "image": "c:\\\\temp\\\\l_test.exe",
                "processGuid": "{0d4c58ef-03b0-6691-a805-000000000c00}",
                "processId": "1200",
                "utcTime": "2024-07-12 10:21:36.204",
                "targetFilename": "C:\\\\Windows\\\\Temp\\\\_MEI12002\\\\api-ms-win-core-debug-l1-1-0.dll",
                "ruleName": "DLL",
                "creationUtcTime": "2024-07-12 10:21:36.204",
                "user": "NT AUTHORITY\\\\SYSTEM"
              },
              "system": {
                "eventID": "11",
                "keywords": "0x8000000000000000",
                "providerGuid": "{5770385f-c22a-43e0-bf4c-06f5698ffbd9}",
                "level": "4",
                "channel": "Microsoft-Windows-Sysmon/Operational",
                "opcode": "0",
                "message": "\"File created:\r\nRuleName: DLL\r\nUtcTime: 2024-07-12 10:21:36.204\r\nProcessGuid: {0d4c58ef-03b0-6691-a805-000000000c00}\r\nProcessId: 1200\r\nImage: c:\\temp\\l_test.exe\r\nTargetFilename: C:\\Windows\\Temp\\_MEI12002\\api-ms-win-core-debug-l1-1-0.dll\r\nCreationUtcTime: 2024-07-12 10:21:36.204\r\nUser: NT AUTHORITY\\SYSTEM\"",
                "version": "2",
                "systemTime": "2024-07-12T10:21:36.218590300Z",
                "eventRecordID": "3121",
                "threadID": "3852",
                "computer": "dc2.office.tyrdemo.se",
                "task": "11",
                "processID": "3336",
                "severityValue": "INFORMATION",
                "providerName": "Microsoft-Windows-Sysmon"
              }
            }
          },
          "rule": {
            "firedtimes": 389,
            "mail": true,
            "level": 13,
            "description": "Unsigned Binary Loaded From Suspicious Location",
            "groups": [
              "sigma"
            ],
            "id": "900228"
          },
          "decoder": {
            "name": "windows_eventchannel"
          },
          "input": {
            "type": "log"
          },
          "@timestamp": "2024-07-12T10:21:37.211Z",
          "location": "EventChannel",
          "id": "1720779697.111457631",
          "timestamp": "2024-07-12T12:21:37.211+0200"
        }
      },
      {
        "_index": "wazuh-alerts-4.x-2024.07.12",
        "_id": "jrN2ppABLu9BFc0Mdk90",
        "_score": 2.0,
        "_source": {
          "agent": {
            "ip": "134.23.4.6",
            "name": "dc2",
            "id": "021"
          },
          "manager": {
            "name": "wazuh"
          },
          "data": {
            "win": {
              "eventdata": {
                "image": "c:\\\\temp\\\\l_test.exe",
                "processGuid": "{0d4c58ef-03b0-6691-a805-000000000c00}",
                "processId": "1200",
                "utcTime": "2024-07-12 10:21:36.219",
                "targetFilename": "C:\\\\Windows\\\\Temp\\\\_MEI12002\\\\api-ms-win-core-libraryloader-l1-1-0.dll",
                "ruleName": "DLL",
                "creationUtcTime": "2024-07-12 10:21:36.219",
                "user": "NT AUTHORITY\\\\SYSTEM"
              },
              "system": {
                "eventID": "11",
                "keywords": "0x8000000000000000",
                "providerGuid": "{5770385f-c22a-43e0-bf4c-06f5698ffbd9}",
                "level": "4",
                "channel": "Microsoft-Windows-Sysmon/Operational",
                "opcode": "0",
                "message": "\"File created:\r\nRuleName: DLL\r\nUtcTime: 2024-07-12 10:21:36.219\r\nProcessGuid: {0d4c58ef-03b0-6691-a805-000000000c00}\r\nProcessId: 1200\r\nImage: c:\\temp\\l_test.exe\r\nTargetFilename: C:\\Windows\\Temp\\_MEI12002\\api-ms-win-core-libraryloader-l1-1-0.dll\r\nCreationUtcTime: 2024-07-12 10:21:36.219\r\nUser: NT AUTHORITY\\SYSTEM\"",
                "version": "2",
                "systemTime": "2024-07-12T10:21:36.221410500Z",
                "eventRecordID": "3129",
                "threadID": "3852",
                "computer": "dc2.office.tyrdemo.se",
                "task": "11",
                "processID": "3336",
                "severityValue": "INFORMATION",
                "providerName": "Microsoft-Windows-Sysmon"
              }
            }
          },
          "rule": {
            "firedtimes": 397,
            "mail": true,
            "level": 13,
            "description": "Unsigned Binary Loaded From Suspicious Location",
            "groups": [
              "sigma"
            ],
            "id": "900228"
          },
          "decoder": {
            "name": "windows_eventchannel"
          },
          "input": {
            "type": "log"
          },
          "@timestamp": "2024-07-12T10:21:37.351Z",
          "location": "EventChannel",
          "id": "1720779697.111478131",
          "timestamp": "2024-07-12T12:21:37.351+0200"
        }
      },
      {
        "_index": "wazuh-alerts-4.x-2024.07.12",
        "_id": "kLN2ppABLu9BFc0Mdk90",
        "_score": 2.0,
        "_source": {
          "agent": {
            "ip": "134.23.4.6",
            "name": "dc2",
            "id": "021"
          },
          "manager": {
            "name": "wazuh"
          },
          "data": {
            "win": {
              "eventdata": {
                "image": "c:\\\\temp\\\\l_test.exe",
                "processGuid": "{0d4c58ef-03b0-6691-a805-000000000c00}",
                "processId": "1200",
                "utcTime": "2024-07-12 10:21:36.219",
                "targetFilename": "C:\\\\Windows\\\\Temp\\\\_MEI12002\\\\api-ms-win-core-memory-l1-1-0.dll",
                "ruleName": "DLL",
                "creationUtcTime": "2024-07-12 10:21:36.219",
                "user": "NT AUTHORITY\\\\SYSTEM"
              },
              "system": {
                "eventID": "11",
                "keywords": "0x8000000000000000",
                "providerGuid": "{5770385f-c22a-43e0-bf4c-06f5698ffbd9}",
                "level": "4",
                "channel": "Microsoft-Windows-Sysmon/Operational",
                "opcode": "0",
                "message": "\"File created:\r\nRuleName: DLL\r\nUtcTime: 2024-07-12 10:21:36.219\r\nProcessGuid: {0d4c58ef-03b0-6691-a805-000000000c00}\r\nProcessId: 1200\r\nImage: c:\\temp\\l_test.exe\r\nTargetFilename: C:\\Windows\\Temp\\_MEI12002\\api-ms-win-core-memory-l1-1-0.dll\r\nCreationUtcTime: 2024-07-12 10:21:36.219\r\nUser: NT AUTHORITY\\SYSTEM\"",
                "version": "2",
                "systemTime": "2024-07-12T10:21:36.222080300Z",
                "eventRecordID": "3131",
                "threadID": "3852",
                "computer": "dc2.office.tyrdemo.se",
                "task": "11",
                "processID": "3336",
                "severityValue": "INFORMATION",
                "providerName": "Microsoft-Windows-Sysmon"
              }
            }
          },
          "rule": {
            "firedtimes": 399,
            "mail": true,
            "level": 13,
            "description": "Unsigned Binary Loaded From Suspicious Location",
            "groups": [
              "sigma"
            ],
            "id": "900228"
          },
          "decoder": {
            "name": "windows_eventchannel"
          },
          "input": {
            "type": "log"
          },
          "@timestamp": "2024-07-12T10:21:37.383Z",
          "location": "EventChannel",
          "id": "1720779697.111483305",
          "timestamp": "2024-07-12T12:21:37.383+0200"
        }
      },
