      {
        "_index": "wazuh-alerts-4.x-2024.07.12",
        "_id": "xrNjppABLu9BFc0M_D58",
        "_score": 2.0,
        "_source": {
          "agent": {
            "ip": "134.23.4.44",
            "name": "ca",
            "id": "008"
          },
          "manager": {
            "name": "wazuh"
          },
          "data": {
            "win": {
              "eventdata": {
                "image": "c:\\\\temp\\\\l_test.exe",
                "processGuid": "{6EBABFA0-FEF5-6690-A106-000000001000}",
                "processId": "1660",
                "utcTime": "2024-07-12 10:01:25.927",
                "targetFilename": "C:\\\\Windows\\\\Temp\\\\_MEI16602\\\\msvcr100.dll",
                "ruleName": "DLL",
                "creationUtcTime": "2024-07-12 10:01:25.927",
                "user": "NT AUTHORITY\\\\SYSTEM"
              },
              "system": {
                "eventID": "11",
                "keywords": "0x8000000000000000",
                "providerGuid": "{5770385F-C22A-43E0-BF4C-06F5698FFBD9}",
                "level": "4",
                "channel": "Microsoft-Windows-Sysmon/Operational",
                "opcode": "0",
                "message": "\"File created:\r\nRuleName: DLL\r\nUtcTime: 2024-07-12 10:01:25.927\r\nProcessGuid: {6EBABFA0-FEF5-6690-A106-000000001000}\r\nProcessId: 1660\r\nImage: c:\\temp\\l_test.exe\r\nTargetFilename: C:\\Windows\\Temp\\_MEI16602\\msvcr100.dll\r\nCreationUtcTime: 2024-07-12 10:01:25.927\r\nUser: NT AUTHORITY\\SYSTEM\"",
                "version": "2",
                "systemTime": "2024-07-12T10:01:25.928641400Z",
                "eventRecordID": "2778",
                "threadID": "2420",
                "computer": "ca.office.tyrdemo.se",
                "task": "11",
                "processID": "1832",
                "severityValue": "INFORMATION",
                "providerName": "Microsoft-Windows-Sysmon"
              }
            }
          },
          "rule": {
            "firedtimes": 187,
            "mail": true,
            "level": 13,
            "description": "Unsigned Binary Loaded From Suspicious Location",
            "groups": [
              "sigma"
            ],
            "id": "900228"
          },
          "decoder": {
            "name": "windows_eventchannel"
          },
          "input": {
            "type": "log"
          },
          "@timestamp": "2024-07-12T10:01:27.535Z",
          "location": "EventChannel",
          "id": "1720778487.103899410",
          "timestamp": "2024-07-12T12:01:27.535+0200"
        }
      },
      {
        "_index": "wazuh-alerts-4.x-2024.07.12",
        "_id": "0bNjppABLu9BFc0M_D6e",
        "_score": 2.0,
        "_source": {
          "agent": {
            "ip": "134.23.4.44",
            "name": "ca",
            "id": "008"
          },
          "manager": {
            "name": "wazuh"
          },
          "data": {
            "win": {
              "eventdata": {
                "originalFileName": "reg.exe",
                "image": "C:\\\\Windows\\\\System32\\\\reg.exe",
                "product": "Microsoft\u00ae Windows\u00ae Operating System",
                "parentProcessGuid": "{6EBABFA0-FEF6-6690-A406-000000001000}",
                "description": "Registry Console Tool",
                "logonGuid": "{6EBABFA0-832A-668F-E703-000000000000}",
                "parentCommandLine": "cmd.exe /c \\\"reg.exe save hklm\\\\sam C:\\\\Windows\\\\TEMP\\\\xlbbdeqqhqy\\\"",
                "processGuid": "{6EBABFA0-FEF6-6690-A506-000000001000}",
                "logonId": "0x3e7",
                "parentProcessId": "2800",
                "processId": "2108",
                "currentDirectory": "C:\\\\Windows\\\\system32\\\\",
                "utcTime": "2024-07-12 10:01:26.211",
                "hashes": "MD5=59A22FA6CF85026BB6BC69A1ADD75C50,SHA256=9E28034CE3AEEA6951F790F8997DF44CFBF80BEFF9FB17413DBA317016A716AD,IMPHASH=EE7EB7FA7D163340753B7223ADA14352",
                "parentImage": "C:\\\\Windows\\\\System32\\\\cmd.exe",
                "company": "Microsoft Corporation",
                "commandLine": "reg.exe  save hklm\\\\sam C:\\\\Windows\\\\TEMP\\\\xlbbdeqqhqy",
                "integrityLevel": "System",
                "fileVersion": "10.0.14393.0 (rs1_release.160715-1616)",
                "user": "NT AUTHORITY\\\\SYSTEM",
                "terminalSessionId": "0",
                "parentUser": "NT AUTHORITY\\\\SYSTEM"
              },
              "system": {
                "eventID": "1",
                "keywords": "0x8000000000000000",
                "providerGuid": "{5770385F-C22A-43E0-BF4C-06F5698FFBD9}",
                "level": "4",
                "channel": "Microsoft-Windows-Sysmon/Operational",
                "opcode": "0",
                "message": "\"Process Create:\r\nRuleName: -\r\nUtcTime: 2024-07-12 10:01:26.211\r\nProcessGuid: {6EBABFA0-FEF6-6690-A506-000000001000}\r\nProcessId: 2108\r\nImage: C:\\Windows\\System32\\reg.exe\r\nFileVersion: 10.0.14393.0 (rs1_release.160715-1616)\r\nDescription: Registry Console Tool\r\nProduct: Microsoft\u00ae Windows\u00ae Operating System\r\nCompany: Microsoft Corporation\r\nOriginalFileName: reg.exe\r\nCommandLine: reg.exe  save hklm\\sam C:\\Windows\\TEMP\\xlbbdeqqhqy\r\nCurrentDirectory: C:\\Windows\\system32\\\r\nUser: NT AUTHORITY\\SYSTEM\r\nLogonGuid: {6EBABFA0-832A-668F-E703-000000000000}\r\nLogonId: 0x3E7\r\nTerminalSessionId: 0\r\nIntegrityLevel: System\r\nHashes: MD5=59A22FA6CF85026BB6BC69A1ADD75C50,SHA256=9E28034CE3AEEA6951F790F8997DF44CFBF80BEFF9FB17413DBA317016A716AD,IMPHASH=EE7EB7FA7D163340753B7223ADA14352\r\nParentProcessGuid: {6EBABFA0-FEF6-6690-A406-000000001000}\r\nParentProcessId: 2800\r\nParentImage: C:\\Windows\\System32\\cmd.exe\r\nParentCommandLine: cmd.exe /c \"reg.exe save hklm\\sam C:\\Windows\\TEMP\\xlbbdeqqhqy\"\r\nParentUser: NT AUTHORITY\\SYSTEM\"",
                "version": "5",
                "systemTime": "2024-07-12T10:01:26.211975900Z",
                "eventRecordID": "2784",
                "threadID": "2420",
                "computer": "ca.office.tyrdemo.se",
                "task": "1",
                "processID": "1832",
                "severityValue": "INFORMATION",
                "providerName": "Microsoft-Windows-Sysmon"
              }
            }
          },
          "rule": {
            "firedtimes": 4,
            "mail": true,
            "level": 14,
            "description": "Reg.exe used to dump SAM hive",
            "groups": [
              "sysmon",
              "sysmon_eid1_detections",
              "windows"
            ],
            "mitre": {
              "technique": [
                "Security Account Manager"
              ],
              "id": [
                "T1003.002"
              ],
              "tactic": [
                "Credential Access"
              ]
            },
            "id": "92026"
          },
          "decoder": {
            "name": "windows_eventchannel"
          },
          "input": {
            "type": "log"
          },
          "@timestamp": "2024-07-12T10:01:27.613Z",
          "location": "EventChannel",
          "id": "1720778487.103914964",
          "timestamp": "2024-07-12T12:01:27.613+0200"
        }
      },
      {
        "_index": "wazuh-alerts-4.x-2024.07.12",
        "_id": "mLNjppABLu9BFc0M-D6v",
        "_score": 2.0,
        "_source": {
          "agent": {
            "ip": "134.23.4.44",
            "name": "ca",
            "id": "008"
          },
          "manager": {
            "name": "wazuh"
          },
          "data": {
            "win": {
              "eventdata": {
                "image": "c:\\\\temp\\\\l_test.exe",
                "processGuid": "{6EBABFA0-FEF5-6690-A106-000000001000}",
                "processId": "1660",
                "utcTime": "2024-07-12 10:01:25.880",
                "targetFilename": "C:\\\\Windows\\\\Temp\\\\_MEI16602\\\\api-ms-win-core-errorhandling-l1-1-0.dll",
                "ruleName": "DLL",
                "creationUtcTime": "2024-07-12 10:01:25.880",
                "user": "NT AUTHORITY\\\\SYSTEM"
              },
              "system": {
                "eventID": "11",
                "keywords": "0x8000000000000000",
                "providerGuid": "{5770385F-C22A-43E0-BF4C-06F5698FFBD9}",
                "level": "4",
                "channel": "Microsoft-Windows-Sysmon/Operational",
                "opcode": "0",
                "message": "\"File created:\r\nRuleName: DLL\r\nUtcTime: 2024-07-12 10:01:25.880\r\nProcessGuid: {6EBABFA0-FEF5-6690-A106-000000001000}\r\nProcessId: 1660\r\nImage: c:\\temp\\l_test.exe\r\nTargetFilename: C:\\Windows\\Temp\\_MEI16602\\api-ms-win-core-errorhandling-l1-1-0.dll\r\nCreationUtcTime: 2024-07-12 10:01:25.880\r\nUser: NT AUTHORITY\\SYSTEM\"",
                "version": "2",
                "systemTime": "2024-07-12T10:01:25.895180300Z",
                "eventRecordID": "2740",
                "threadID": "2420",
                "computer": "ca.office.tyrdemo.se",
                "task": "11",
                "processID": "1832",
                "severityValue": "INFORMATION",
                "providerName": "Microsoft-Windows-Sysmon"
              }
            }
          },
          "rule": {
            "firedtimes": 150,
            "mail": true,
            "level": 13,
            "description": "Unsigned Binary Loaded From Suspicious Location",
            "groups": [
              "sigma"
            ],
            "id": "900228"
          },
          "decoder": {
            "name": "windows_eventchannel"
          },
          "input": {
            "type": "log"
          },
          "@timestamp": "2024-07-12T10:01:26.905Z",
          "location": "EventChannel",
          "id": "1720778486.103798070",
          "timestamp": "2024-07-12T12:01:26.905+0200"
        }
      },
      {
        "_index": "wazuh-alerts-4.x-2024.07.12",
        "_id": "mbNjppABLu9BFc0M-D6v",
        "_score": 2.0,
        "_source": {
          "agent": {
            "ip": "134.23.4.44",
            "name": "ca",
            "id": "008"
          },
          "manager": {
            "name": "wazuh"
          },
          "data": {
            "win": {
              "eventdata": {
                "image": "c:\\\\temp\\\\l_test.exe",
                "processGuid": "{6EBABFA0-FEF5-6690-A106-000000001000}",
                "processId": "1660",
                "utcTime": "2024-07-12 10:01:25.880",
                "targetFilename": "C:\\\\Windows\\\\Temp\\\\_MEI16602\\\\api-ms-win-core-file-l1-2-0.dll",
                "ruleName": "DLL",
                "creationUtcTime": "2024-07-12 10:01:25.880",
                "user": "NT AUTHORITY\\\\SYSTEM"
              },
              "system": {
                "eventID": "11",
                "keywords": "0x8000000000000000",
                "providerGuid": "{5770385F-C22A-43E0-BF4C-06F5698FFBD9}",
                "level": "4",
                "channel": "Microsoft-Windows-Sysmon/Operational",
                "opcode": "0",
                "message": "\"File created:\r\nRuleName: DLL\r\nUtcTime: 2024-07-12 10:01:25.880\r\nProcessGuid: {6EBABFA0-FEF5-6690-A106-000000001000}\r\nProcessId: 1660\r\nImage: c:\\temp\\l_test.exe\r\nTargetFilename: C:\\Windows\\Temp\\_MEI16602\\api-ms-win-core-file-l1-2-0.dll\r\nCreationUtcTime: 2024-07-12 10:01:25.880\r\nUser: NT AUTHORITY\\SYSTEM\"",
                "version": "2",
                "systemTime": "2024-07-12T10:01:25.895730200Z",
                "eventRecordID": "2742",
                "threadID": "2420",
                "computer": "ca.office.tyrdemo.se",
                "task": "11",
                "processID": "1832",
                "severityValue": "INFORMATION",
                "providerName": "Microsoft-Windows-Sysmon"
              }
            }
          },
          "rule": {
            "firedtimes": 151,
            "mail": true,
            "level": 13,
            "description": "Unsigned Binary Loaded From Suspicious Location",
            "groups": [
              "sigma"
            ],
            "id": "900228"
          },
          "decoder": {
            "name": "windows_eventchannel"
          },
          "input": {
            "type": "log"
          },
          "@timestamp": "2024-07-12T10:01:26.926Z",
          "location": "EventChannel",
          "id": "1720778486.103800656",
          "timestamp": "2024-07-12T12:01:26.926+0200"
        }
      },
      {
        "_index": "wazuh-alerts-4.x-2024.07.12",
        "_id": "i7NjppABLu9BFc0M-D6v",
        "_score": 2.0,
        "_source": {
          "agent": {
            "ip": "134.23.4.44",
            "name": "ca",
            "id": "008"
          },
          "manager": {
            "name": "wazuh"
          },
          "data": {
            "win": {
              "eventdata": {
                "image": "c:\\\\temp\\\\l_test.exe",
                "processGuid": "{6EBABFA0-FEF5-6690-A106-000000001000}",
                "processId": "1660",
                "utcTime": "2024-07-12 10:01:25.880",
                "targetFilename": "C:\\\\Windows\\\\Temp\\\\_MEI16602\\\\VCRUNTIME140.dll",
                "ruleName": "DLL",
                "creationUtcTime": "2024-07-12 10:01:25.880",
                "user": "NT AUTHORITY\\\\SYSTEM"
              },
              "system": {
                "eventID": "11",
                "keywords": "0x8000000000000000",
                "providerGuid": "{5770385F-C22A-43E0-BF4C-06F5698FFBD9}",
                "level": "4",
                "channel": "Microsoft-Windows-Sysmon/Operational",
                "opcode": "0",
                "message": "\"File created:\r\nRuleName: DLL\r\nUtcTime: 2024-07-12 10:01:25.880\r\nProcessGuid: {6EBABFA0-FEF5-6690-A106-000000001000}\r\nProcessId: 1660\r\nImage: c:\\temp\\l_test.exe\r\nTargetFilename: C:\\Windows\\Temp\\_MEI16602\\VCRUNTIME140.dll\r\nCreationUtcTime: 2024-07-12 10:01:25.880\r\nUser: NT AUTHORITY\\SYSTEM\"",
                "version": "2",
                "systemTime": "2024-07-12T10:01:25.885414000Z",
                "eventRecordID": "2736",
                "threadID": "2420",
                "computer": "ca.office.tyrdemo.se",
                "task": "11",
                "processID": "1832",
                "severityValue": "INFORMATION",
                "providerName": "Microsoft-Windows-Sysmon"
              }
            }
          },
          "rule": {
            "firedtimes": 146,
            "mail": true,
            "level": 13,
            "description": "Unsigned Binary Loaded From Suspicious Location",
            "groups": [
              "sigma"
            ],
            "id": "900228"
          },
          "decoder": {
            "name": "windows_eventchannel"
          },
          "input": {
            "type": "log"
          },
          "@timestamp": "2024-07-12T10:01:26.804Z",
          "location": "EventChannel",
          "id": "1720778486.103783199",
          "timestamp": "2024-07-12T12:01:26.804+0200"
        }
      },
      {
        "_index": "wazuh-alerts-4.x-2024.07.12",
        "_id": "lLNjppABLu9BFc0M-D6v",
        "_score": 2.0,
        "_source": {
          "agent": {
            "ip": "134.23.4.44",
            "name": "ca",
            "id": "008"
          },
          "manager": {
            "name": "wazuh"
          },
          "data": {
            "win": {
              "eventdata": {
                "image": "c:\\\\temp\\\\l_test.exe",
                "processGuid": "{6EBABFA0-FEF5-6690-A106-000000001000}",
                "processId": "1660",
                "utcTime": "2024-07-12 10:01:25.880",
                "targetFilename": "C:\\\\Windows\\\\Temp\\\\_MEI16602\\\\api-ms-win-core-datetime-l1-1-0.dll",
                "ruleName": "DLL",
                "creationUtcTime": "2024-07-12 10:01:25.880",
                "user": "NT AUTHORITY\\\\SYSTEM"
              },
              "system": {
                "eventID": "11",
                "keywords": "0x8000000000000000",
                "providerGuid": "{5770385F-C22A-43E0-BF4C-06F5698FFBD9}",
                "level": "4",
                "channel": "Microsoft-Windows-Sysmon/Operational",
                "opcode": "0",
                "message": "\"File created:\r\nRuleName: DLL\r\nUtcTime: 2024-07-12 10:01:25.880\r\nProcessGuid: {6EBABFA0-FEF5-6690-A106-000000001000}\r\nProcessId: 1660\r\nImage: c:\\temp\\l_test.exe\r\nTargetFilename: C:\\Windows\\Temp\\_MEI16602\\api-ms-win-core-datetime-l1-1-0.dll\r\nCreationUtcTime: 2024-07-12 10:01:25.880\r\nUser: NT AUTHORITY\\SYSTEM\"",
                "version": "2",
                "systemTime": "2024-07-12T10:01:25.894635500Z",
                "eventRecordID": "2738",
                "threadID": "2420",
                "computer": "ca.office.tyrdemo.se",
                "task": "11",
                "processID": "1832",
                "severityValue": "INFORMATION",
                "providerName": "Microsoft-Windows-Sysmon"
              }
            }
          },
          "rule": {
            "firedtimes": 148,
            "mail": true,
            "level": 13,
            "description": "Unsigned Binary Loaded From Suspicious Location",
            "groups": [
              "sigma"
            ],
            "id": "900228"
          },
          "decoder": {
            "name": "windows_eventchannel"
          },
          "input": {
            "type": "log"
          },
          "@timestamp": "2024-07-12T10:01:26.848Z",
          "location": "EventChannel",
          "id": "1720778486.103791904",
          "timestamp": "2024-07-12T12:01:26.848+0200"
        }
      },
      {
        "_index": "wazuh-alerts-4.x-2024.07.12",
        "_id": "l7NjppABLu9BFc0M-D6v",
        "_score": 2.0,
        "_source": {
          "agent": {
            "ip": "134.23.4.44",
            "name": "ca",
            "id": "008"
          },
          "manager": {
            "name": "wazuh"
          },
          "data": {
            "win": {
              "eventdata": {
                "image": "c:\\\\temp\\\\l_test.exe",
                "processGuid": "{6EBABFA0-FEF5-6690-A106-000000001000}",
                "processId": "1660",
                "utcTime": "2024-07-12 10:01:25.880",
                "targetFilename": "C:\\\\Windows\\\\Temp\\\\_MEI16602\\\\api-ms-win-core-debug-l1-1-0.dll",
                "ruleName": "DLL",
                "creationUtcTime": "2024-07-12 10:01:25.880",
                "user": "NT AUTHORITY\\\\SYSTEM"
              },
              "system": {
                "eventID": "11",
                "keywords": "0x8000000000000000",
                "providerGuid": "{5770385F-C22A-43E0-BF4C-06F5698FFBD9}",
                "level": "4",
                "channel": "Microsoft-Windows-Sysmon/Operational",
                "opcode": "0",
                "message": "\"File created:\r\nRuleName: DLL\r\nUtcTime: 2024-07-12 10:01:25.880\r\nProcessGuid: {6EBABFA0-FEF5-6690-A106-000000001000}\r\nProcessId: 1660\r\nImage: c:\\temp\\l_test.exe\r\nTargetFilename: C:\\Windows\\Temp\\_MEI16602\\api-ms-win-core-debug-l1-1-0.dll\r\nCreationUtcTime: 2024-07-12 10:01:25.880\r\nUser: NT AUTHORITY\\SYSTEM\"",
                "version": "2",
                "systemTime": "2024-07-12T10:01:25.894913600Z",
                "eventRecordID": "2739",
                "threadID": "2420",
                "computer": "ca.office.tyrdemo.se",
                "task": "11",
                "processID": "1832",
                "severityValue": "INFORMATION",
                "providerName": "Microsoft-Windows-Sysmon"
              }
            }
          },
          "rule": {
            "firedtimes": 149,
            "mail": true,
            "level": 13,
            "description": "Unsigned Binary Loaded From Suspicious Location",
            "groups": [
              "sigma"
            ],
            "id": "900228"
          },
          "decoder": {
            "name": "windows_eventchannel"
          },
          "input": {
            "type": "log"
          },
          "@timestamp": "2024-07-12T10:01:26.864Z",
          "location": "EventChannel",
          "id": "1720778486.103795516",
          "timestamp": "2024-07-12T12:01:26.864+0200"
        }
      },
      {
        "_index": "wazuh-alerts-4.x-2024.07.12",
        "_id": "nbNjppABLu9BFc0M_D58",
        "_score": 2.0,
        "_source": {
          "agent": {
            "ip": "134.23.4.44",
            "name": "ca",
            "id": "008"
          },
          "manager": {
            "name": "wazuh"
          },
          "data": {
            "win": {
              "eventdata": {
                "image": "c:\\\\temp\\\\l_test.exe",
                "processGuid": "{6EBABFA0-FEF5-6690-A106-000000001000}",
                "processId": "1660",
                "utcTime": "2024-07-12 10:01:25.895",
                "targetFilename": "C:\\\\Windows\\\\Temp\\\\_MEI16602\\\\api-ms-win-core-handle-l1-1-0.dll",
                "ruleName": "DLL",
                "creationUtcTime": "2024-07-12 10:01:25.895",
                "user": "NT AUTHORITY\\\\SYSTEM"
              },
              "system": {
                "eventID": "11",
                "keywords": "0x8000000000000000",
                "providerGuid": "{5770385F-C22A-43E0-BF4C-06F5698FFBD9}",
                "level": "4",
                "channel": "Microsoft-Windows-Sysmon/Operational",
                "opcode": "0",
                "message": "\"File created:\r\nRuleName: DLL\r\nUtcTime: 2024-07-12 10:01:25.895\r\nProcessGuid: {6EBABFA0-FEF5-6690-A106-000000001000}\r\nProcessId: 1660\r\nImage: c:\\temp\\l_test.exe\r\nTargetFilename: C:\\Windows\\Temp\\_MEI16602\\api-ms-win-core-handle-l1-1-0.dll\r\nCreationUtcTime: 2024-07-12 10:01:25.895\r\nUser: NT AUTHORITY\\SYSTEM\"",
                "version": "2",
                "systemTime": "2024-07-12T10:01:25.896551900Z",
                "eventRecordID": "2744",
                "threadID": "2420",
                "computer": "ca.office.tyrdemo.se",
                "task": "11",
                "processID": "1832",
                "severityValue": "INFORMATION",
                "providerName": "Microsoft-Windows-Sysmon"
              }
            }
          },
          "rule": {
            "firedtimes": 154,
            "mail": true,
            "level": 13,
            "description": "Unsigned Binary Loaded From Suspicious Location",
            "groups": [
              "sigma"
            ],
            "id": "900228"
          },
          "decoder": {
            "name": "windows_eventchannel"
          },
          "input": {
            "type": "log"
          },
          "@timestamp": "2024-07-12T10:01:26.957Z",
          "location": "EventChannel",
          "id": "1720778486.103809797",
          "timestamp": "2024-07-12T12:01:26.957+0200"
        }
      },
      {
        "_index": "wazuh-alerts-4.x-2024.07.12",
        "_id": "o7NjppABLu9BFc0M_D58",
        "_score": 2.0,
        "_source": {
          "agent": {
            "ip": "134.23.4.44",
            "name": "ca",
            "id": "008"
          },
          "manager": {
            "name": "wazuh"
          },
          "data": {
            "win": {
              "eventdata": {
                "image": "c:\\\\temp\\\\l_test.exe",
                "processGuid": "{6EBABFA0-FEF5-6690-A106-000000001000}",
                "processId": "1660",
                "utcTime": "2024-07-12 10:01:25.895",
                "targetFilename": "C:\\\\Windows\\\\Temp\\\\_MEI16602\\\\api-ms-win-core-memory-l1-1-0.dll",
                "ruleName": "DLL",
                "creationUtcTime": "2024-07-12 10:01:25.895",
                "user": "NT AUTHORITY\\\\SYSTEM"
              },
              "system": {
                "eventID": "11",
                "keywords": "0x8000000000000000",
                "providerGuid": "{5770385F-C22A-43E0-BF4C-06F5698FFBD9}",
                "level": "4",
                "channel": "Microsoft-Windows-Sysmon/Operational",
                "opcode": "0",
                "message": "\"File created:\r\nRuleName: DLL\r\nUtcTime: 2024-07-12 10:01:25.895\r\nProcessGuid: {6EBABFA0-FEF5-6690-A106-000000001000}\r\nProcessId: 1660\r\nImage: c:\\temp\\l_test.exe\r\nTargetFilename: C:\\Windows\\Temp\\_MEI16602\\api-ms-win-core-memory-l1-1-0.dll\r\nCreationUtcTime: 2024-07-12 10:01:25.895\r\nUser: NT AUTHORITY\\SYSTEM\"",
                "version": "2",
                "systemTime": "2024-07-12T10:01:25.897877400Z",
                "eventRecordID": "2749",
                "threadID": "2420",
                "computer": "ca.office.tyrdemo.se",
                "task": "11",
                "processID": "1832",
                "severityValue": "INFORMATION",
                "providerName": "Microsoft-Windows-Sysmon"
              }
            }
          },
          "rule": {
            "firedtimes": 159,
            "mail": true,
            "level": 13,
            "description": "Unsigned Binary Loaded From Suspicious Location",
            "groups": [
              "sigma"
            ],
            "id": "900228"
          },
          "decoder": {
            "name": "windows_eventchannel"
          },
          "input": {
            "type": "log"
          },
          "@timestamp": "2024-07-12T10:01:27.051Z",
          "location": "EventChannel",
          "id": "1720778487.103824144",
          "timestamp": "2024-07-12T12:01:27.051+0200"
        }
      },
      {
        "_index": "wazuh-alerts-4.x-2024.07.12",
        "_id": "pLNjppABLu9BFc0M_D58",
        "_score": 2.0,
        "_source": {
          "agent": {
            "ip": "134.23.4.44",
            "name": "ca",
            "id": "008"
          },
          "manager": {
            "name": "wazuh"
          },
          "data": {
            "win": {
              "eventdata": {
                "image": "c:\\\\temp\\\\l_test.exe",
                "processGuid": "{6EBABFA0-FEF5-6690-A106-000000001000}",
                "processId": "1660",
                "utcTime": "2024-07-12 10:01:25.895",
                "targetFilename": "C:\\\\Windows\\\\Temp\\\\_MEI16602\\\\api-ms-win-core-namedpipe-l1-1-0.dll",
                "ruleName": "DLL",
                "creationUtcTime": "2024-07-12 10:01:25.895",
                "user": "NT AUTHORITY\\\\SYSTEM"
              },
              "system": {
                "eventID": "11",
                "keywords": "0x8000000000000000",
                "providerGuid": "{5770385F-C22A-43E0-BF4C-06F5698FFBD9}",
                "level": "4",
                "channel": "Microsoft-Windows-Sysmon/Operational",
                "opcode": "0",
                "message": "\"File created:\r\nRuleName: DLL\r\nUtcTime: 2024-07-12 10:01:25.895\r\nProcessGuid: {6EBABFA0-FEF5-6690-A106-000000001000}\r\nProcessId: 1660\r\nImage: c:\\temp\\l_test.exe\r\nTargetFilename: C:\\Windows\\Temp\\_MEI16602\\api-ms-win-core-namedpipe-l1-1-0.dll\r\nCreationUtcTime: 2024-07-12 10:01:25.895\r\nUser: NT AUTHORITY\\SYSTEM\"",
                "version": "2",
                "systemTime": "2024-07-12T10:01:25.898131800Z",
                "eventRecordID": "2750",
                "threadID": "2420",
                "computer": "ca.office.tyrdemo.se",
                "task": "11",
                "processID": "1832",
                "severityValue": "INFORMATION",
                "providerName": "Microsoft-Windows-Sysmon"
              }
            }
          },
          "rule": {
            "firedtimes": 160,
            "mail": true,
            "level": 13,
            "description": "Unsigned Binary Loaded From Suspicious Location",
            "groups": [
              "sigma"
            ],
            "id": "900228"
          },
          "decoder": {
            "name": "windows_eventchannel"
          },
          "input": {
            "type": "log"
          },
          "@timestamp": "2024-07-12T10:01:27.051Z",
          "location": "EventChannel",
          "id": "1720778487.103826702",
          "timestamp": "2024-07-12T12:01:27.051+0200"
        }
      },
      {
        "_index": "wazuh-alerts-4.x-2024.07.12",
        "_id": "prNjppABLu9BFc0M_D58",
        "_score": 2.0,
        "_source": {
          "agent": {
            "ip": "134.23.4.44",
            "name": "ca",
            "id": "008"
          },
          "manager": {
            "name": "wazuh"
          },
          "data": {
            "win": {
              "eventdata": {
                "image": "c:\\\\temp\\\\l_test.exe",
                "processGuid": "{6EBABFA0-FEF5-6690-A106-000000001000}",
                "processId": "1660",
                "utcTime": "2024-07-12 10:01:25.895",
                "targetFilename": "C:\\\\Windows\\\\Temp\\\\_MEI16602\\\\api-ms-win-core-processthreads-l1-1-0.dll",
                "ruleName": "DLL",
                "creationUtcTime": "2024-07-12 10:01:25.895",
                "user": "NT AUTHORITY\\\\SYSTEM"
              },
              "system": {
                "eventID": "11",
                "keywords": "0x8000000000000000",
                "providerGuid": "{5770385F-C22A-43E0-BF4C-06F5698FFBD9}",
                "level": "4",
                "channel": "Microsoft-Windows-Sysmon/Operational",
                "opcode": "0",
                "message": "\"File created:\r\nRuleName: DLL\r\nUtcTime: 2024-07-12 10:01:25.895\r\nProcessGuid: {6EBABFA0-FEF5-6690-A106-000000001000}\r\nProcessId: 1660\r\nImage: c:\\temp\\l_test.exe\r\nTargetFilename: C:\\Windows\\Temp\\_MEI16602\\api-ms-win-core-processthreads-l1-1-0.dll\r\nCreationUtcTime: 2024-07-12 10:01:25.895\r\nUser: NT AUTHORITY\\SYSTEM\"",
                "version": "2",
                "systemTime": "2024-07-12T10:01:25.898767000Z",
                "eventRecordID": "2752",
                "threadID": "2420",
                "computer": "ca.office.tyrdemo.se",
                "task": "11",
                "processID": "1832",
                "severityValue": "INFORMATION",
                "providerName": "Microsoft-Windows-Sysmon"
              }
            }
          },
          "rule": {
            "firedtimes": 162,
            "mail": true,
            "level": 13,
            "description": "Unsigned Binary Loaded From Suspicious Location",
            "groups": [
              "sigma"
            ],
            "id": "900228"
          },
          "decoder": {
            "name": "windows_eventchannel"
          },
          "input": {
            "type": "log"
          },
          "@timestamp": "2024-07-12T10:01:27.082Z",
          "location": "EventChannel",
          "id": "1720778487.103831878",
          "timestamp": "2024-07-12T12:01:27.082+0200"
        }
      },
      {
        "_index": "wazuh-alerts-4.x-2024.07.12",
        "_id": "qLNjppABLu9BFc0M_D58",
        "_score": 2.0,
        "_source": {
          "agent": {
            "ip": "134.23.4.44",
            "name": "ca",
            "id": "008"
          },
          "manager": {
            "name": "wazuh"
          },
          "data": {
            "win": {
              "eventdata": {
                "image": "c:\\\\temp\\\\l_test.exe",
                "processGuid": "{6EBABFA0-FEF5-6690-A106-000000001000}",
                "processId": "1660",
                "utcTime": "2024-07-12 10:01:25.895",
                "targetFilename": "C:\\\\Windows\\\\Temp\\\\_MEI16602\\\\api-ms-win-core-profile-l1-1-0.dll",
                "ruleName": "DLL",
                "creationUtcTime": "2024-07-12 10:01:25.895",
                "user": "NT AUTHORITY\\\\SYSTEM"
              },
              "system": {
                "eventID": "11",
                "keywords": "0x8000000000000000",
                "providerGuid": "{5770385F-C22A-43E0-BF4C-06F5698FFBD9}",
                "level": "4",
                "channel": "Microsoft-Windows-Sysmon/Operational",
                "opcode": "0",
                "message": "\"File created:\r\nRuleName: DLL\r\nUtcTime: 2024-07-12 10:01:25.895\r\nProcessGuid: {6EBABFA0-FEF5-6690-A106-000000001000}\r\nProcessId: 1660\r\nImage: c:\\temp\\l_test.exe\r\nTargetFilename: C:\\Windows\\Temp\\_MEI16602\\api-ms-win-core-profile-l1-1-0.dll\r\nCreationUtcTime: 2024-07-12 10:01:25.895\r\nUser: NT AUTHORITY\\SYSTEM\"",
                "version": "2",
                "systemTime": "2024-07-12T10:01:25.899323700Z",
                "eventRecordID": "2754",
                "threadID": "2420",
                "computer": "ca.office.tyrdemo.se",
                "task": "11",
                "processID": "1832",
                "severityValue": "INFORMATION",
                "providerName": "Microsoft-Windows-Sysmon"
              }
            }
          },
          "rule": {
            "firedtimes": 164,
            "mail": true,
            "level": 13,
            "description": "Unsigned Binary Loaded From Suspicious Location",
            "groups": [
              "sigma"
            ],
            "id": "900228"
          },
          "decoder": {
            "name": "windows_eventchannel"
          },
          "input": {
            "type": "log"
          },
          "@timestamp": "2024-07-12T10:01:27.144Z",
          "location": "EventChannel",
          "id": "1720778487.103837058",
          "timestamp": "2024-07-12T12:01:27.144+0200"
        }
      },
      {
        "_index": "wazuh-alerts-4.x-2024.07.12",
        "_id": "srNjppABLu9BFc0M_D58",
        "_score": 2.0,
        "_source": {
          "agent": {
            "ip": "134.23.4.44",
            "name": "ca",
            "id": "008"
          },
          "manager": {
            "name": "wazuh"
          },
          "data": {
            "win": {
              "eventdata": {
                "image": "c:\\\\temp\\\\l_test.exe",
                "processGuid": "{6EBABFA0-FEF5-6690-A106-000000001000}",
                "processId": "1660",
                "utcTime": "2024-07-12 10:01:25.895",
                "targetFilename": "C:\\\\Windows\\\\Temp\\\\_MEI16602\\\\api-ms-win-crt-environment-l1-1-0.dll",
                "ruleName": "DLL",
                "creationUtcTime": "2024-07-12 10:01:25.895",
                "user": "NT AUTHORITY\\\\SYSTEM"
              },
              "system": {
                "eventID": "11",
                "keywords": "0x8000000000000000",
                "providerGuid": "{5770385F-C22A-43E0-BF4C-06F5698FFBD9}",
                "level": "4",
                "channel": "Microsoft-Windows-Sysmon/Operational",
                "opcode": "0",
                "message": "\"File created:\r\nRuleName: DLL\r\nUtcTime: 2024-07-12 10:01:25.895\r\nProcessGuid: {6EBABFA0-FEF5-6690-A106-000000001000}\r\nProcessId: 1660\r\nImage: c:\\temp\\l_test.exe\r\nTargetFilename: C:\\Windows\\Temp\\_MEI16602\\api-ms-win-crt-environment-l1-1-0.dll\r\nCreationUtcTime: 2024-07-12 10:01:25.895\r\nUser: NT AUTHORITY\\SYSTEM\"",
                "version": "2",
                "systemTime": "2024-07-12T10:01:25.902190600Z",
                "eventRecordID": "2764",
                "threadID": "2420",
                "computer": "ca.office.tyrdemo.se",
                "task": "11",
                "processID": "1832",
                "severityValue": "INFORMATION",
                "providerName": "Microsoft-Windows-Sysmon"
              }
            }
          },
          "rule": {
            "firedtimes": 174,
            "mail": true,
            "level": 13,
            "description": "Unsigned Binary Loaded From Suspicious Location",
            "groups": [
              "sigma"
            ],
            "id": "900228"
          },
          "decoder": {
            "name": "windows_eventchannel"
          },
          "input": {
            "type": "log"
          },
          "@timestamp": "2024-07-12T10:01:27.300Z",
          "location": "EventChannel",
          "id": "1720778487.103862646",
          "timestamp": "2024-07-12T12:01:27.300+0200"
        }
      },
      {
        "_index": "wazuh-alerts-4.x-2024.07.12",
        "_id": "s7NjppABLu9BFc0M_D58",
        "_score": 2.0,
        "_source": {
          "agent": {
            "ip": "134.23.4.44",
            "name": "ca",
            "id": "008"
          },
          "manager": {
            "name": "wazuh"
          },
          "data": {
            "win": {
              "eventdata": {
                "image": "c:\\\\temp\\\\l_test.exe",
                "processGuid": "{6EBABFA0-FEF5-6690-A106-000000001000}",
                "processId": "1660",
                "utcTime": "2024-07-12 10:01:25.895",
                "targetFilename": "C:\\\\Windows\\\\Temp\\\\_MEI16602\\\\api-ms-win-crt-filesystem-l1-1-0.dll",
                "ruleName": "DLL",
                "creationUtcTime": "2024-07-12 10:01:25.895",
                "user": "NT AUTHORITY\\\\SYSTEM"
              },
              "system": {
                "eventID": "11",
                "keywords": "0x8000000000000000",
                "providerGuid": "{5770385F-C22A-43E0-BF4C-06F5698FFBD9}",
                "level": "4",
                "channel": "Microsoft-Windows-Sysmon/Operational",
                "opcode": "0",
                "message": "\"File created:\r\nRuleName: DLL\r\nUtcTime: 2024-07-12 10:01:25.895\r\nProcessGuid: {6EBABFA0-FEF5-6690-A106-000000001000}\r\nProcessId: 1660\r\nImage: c:\\temp\\l_test.exe\r\nTargetFilename: C:\\Windows\\Temp\\_MEI16602\\api-ms-win-crt-filesystem-l1-1-0.dll\r\nCreationUtcTime: 2024-07-12 10:01:25.895\r\nUser: NT AUTHORITY\\SYSTEM\"",
                "version": "2",
                "systemTime": "2024-07-12T10:01:25.902599500Z",
                "eventRecordID": "2765",
                "threadID": "2420",
                "computer": "ca.office.tyrdemo.se",
                "task": "11",
                "processID": "1832",
                "severityValue": "INFORMATION",
                "providerName": "Microsoft-Windows-Sysmon"
              }
            }
          },
          "rule": {
            "firedtimes": 175,
            "mail": true,
            "level": 13,
            "description": "Unsigned Binary Loaded From Suspicious Location",
            "groups": [
              "sigma"
            ],
            "id": "900228"
          },
          "decoder": {
            "name": "windows_eventchannel"
          },
          "input": {
            "type": "log"
          },
          "@timestamp": "2024-07-12T10:01:27.316Z",
          "location": "EventChannel",
          "id": "1720778487.103865220",
          "timestamp": "2024-07-12T12:01:27.316+0200"
        }
      },
      {
        "_index": "wazuh-alerts-4.x-2024.07.12",
        "_id": "uLNjppABLu9BFc0M_D58",
        "_score": 2.0,
        "_source": {
          "agent": {
            "ip": "134.23.4.44",
            "name": "ca",
            "id": "008"
          },
          "manager": {
            "name": "wazuh"
          },
          "data": {
            "win": {
              "eventdata": {
                "image": "c:\\\\temp\\\\l_test.exe",
                "processGuid": "{6EBABFA0-FEF5-6690-A106-000000001000}",
                "processId": "1660",
                "utcTime": "2024-07-12 10:01:25.895",
                "targetFilename": "C:\\\\Windows\\\\Temp\\\\_MEI16602\\\\api-ms-win-crt-runtime-l1-1-0.dll",
                "ruleName": "DLL",
                "creationUtcTime": "2024-07-12 10:01:25.895",
                "user": "NT AUTHORITY\\\\SYSTEM"
              },
              "system": {
                "eventID": "11",
                "keywords": "0x8000000000000000",
                "providerGuid": "{5770385F-C22A-43E0-BF4C-06F5698FFBD9}",
                "level": "4",
                "channel": "Microsoft-Windows-Sysmon/Operational",
                "opcode": "0",
                "message": "\"File created:\r\nRuleName: DLL\r\nUtcTime: 2024-07-12 10:01:25.895\r\nProcessGuid: {6EBABFA0-FEF5-6690-A106-000000001000}\r\nProcessId: 1660\r\nImage: c:\\temp\\l_test.exe\r\nTargetFilename: C:\\Windows\\Temp\\_MEI16602\\api-ms-win-crt-runtime-l1-1-0.dll\r\nCreationUtcTime: 2024-07-12 10:01:25.895\r\nUser: NT AUTHORITY\\SYSTEM\"",
                "version": "2",
                "systemTime": "2024-07-12T10:01:25.904070300Z",
                "eventRecordID": "2770",
                "threadID": "2420",
                "computer": "ca.office.tyrdemo.se",
                "task": "11",
                "processID": "1832",
                "severityValue": "INFORMATION",
                "providerName": "Microsoft-Windows-Sysmon"
              }
            }
          },
          "rule": {
            "firedtimes": 180,
            "mail": true,
            "level": 13,
            "description": "Unsigned Binary Loaded From Suspicious Location",
            "groups": [
              "sigma"
            ],
            "id": "900228"
          },
          "decoder": {
            "name": "windows_eventchannel"
          },
          "input": {
            "type": "log"
          },
          "@timestamp": "2024-07-12T10:01:27.394Z",
          "location": "EventChannel",
          "id": "1720778487.103877994",
          "timestamp": "2024-07-12T12:01:27.394+0200"
        }
      },
      {
        "_index": "wazuh-alerts-4.x-2024.07.12",
        "_id": "xbNjppABLu9BFc0M_D58",
        "_score": 2.0,
        "_source": {
          "agent": {
            "ip": "134.23.4.44",
            "name": "ca",
            "id": "008"
          },
          "manager": {
            "name": "wazuh"
          },
          "data": {
            "win": {
              "eventdata": {
                "image": "c:\\\\temp\\\\l_test.exe",
                "processGuid": "{6EBABFA0-FEF5-6690-A106-000000001000}",
                "processId": "1660",
                "utcTime": "2024-07-12 10:01:25.911",
                "targetFilename": "C:\\\\Windows\\\\Temp\\\\_MEI16602\\\\libcrypto-1_1.dll",
                "ruleName": "DLL",
                "creationUtcTime": "2024-07-12 10:01:25.911",
                "user": "NT AUTHORITY\\\\SYSTEM"
              },
              "system": {
                "eventID": "11",
                "keywords": "0x8000000000000000",
                "providerGuid": "{5770385F-C22A-43E0-BF4C-06F5698FFBD9}",
                "level": "4",
                "channel": "Microsoft-Windows-Sysmon/Operational",
                "opcode": "0",
                "message": "\"File created:\r\nRuleName: DLL\r\nUtcTime: 2024-07-12 10:01:25.911\r\nProcessGuid: {6EBABFA0-FEF5-6690-A106-000000001000}\r\nProcessId: 1660\r\nImage: c:\\temp\\l_test.exe\r\nTargetFilename: C:\\Windows\\Temp\\_MEI16602\\libcrypto-1_1.dll\r\nCreationUtcTime: 2024-07-12 10:01:25.911\r\nUser: NT AUTHORITY\\SYSTEM\"",
                "version": "2",
                "systemTime": "2024-07-12T10:01:25.915996300Z",
                "eventRecordID": "2775",
                "threadID": "2420",
                "computer": "ca.office.tyrdemo.se",
                "task": "11",
                "processID": "1832",
                "severityValue": "INFORMATION",
                "providerName": "Microsoft-Windows-Sysmon"
              }
            }
          },
          "rule": {
            "firedtimes": 186,
            "mail": true,
            "level": 13,
            "description": "Unsigned Binary Loaded From Suspicious Location",
            "groups": [
              "sigma"
            ],
            "id": "900228"
          },
          "decoder": {
            "name": "windows_eventchannel"
          },
          "input": {
            "type": "log"
          },
          "@timestamp": "2024-07-12T10:01:27.502Z",
          "location": "EventChannel",
          "id": "1720778487.103896916",
          "timestamp": "2024-07-12T12:01:27.502+0200"
        }
      },
      {
        "_index": "wazuh-alerts-4.x-2024.07.12",
        "_id": "ybNjppABLu9BFc0M_D58",
        "_score": 2.0,
        "_source": {
          "agent": {
            "ip": "134.23.4.44",
            "name": "ca",
            "id": "008"
          },
          "manager": {
            "name": "wazuh"
          },
          "data": {
            "win": {
              "eventdata": {
                "image": "c:\\\\temp\\\\l_test.exe",
                "processGuid": "{6EBABFA0-FEF5-6690-A106-000000001000}",
                "processId": "1660",
                "utcTime": "2024-07-12 10:01:25.942",
                "targetFilename": "C:\\\\Windows\\\\Temp\\\\_MEI16602\\\\sqlite3.dll",
                "ruleName": "DLL",
                "creationUtcTime": "2024-07-12 10:01:25.942",
                "user": "NT AUTHORITY\\\\SYSTEM"
              },
              "system": {
                "eventID": "11",
                "keywords": "0x8000000000000000",
                "providerGuid": "{5770385F-C22A-43E0-BF4C-06F5698FFBD9}",
                "level": "4",
                "channel": "Microsoft-Windows-Sysmon/Operational",
                "opcode": "0",
                "message": "\"File created:\r\nRuleName: DLL\r\nUtcTime: 2024-07-12 10:01:25.942\r\nProcessGuid: {6EBABFA0-FEF5-6690-A106-000000001000}\r\nProcessId: 1660\r\nImage: c:\\temp\\l_test.exe\r\nTargetFilename: C:\\Windows\\Temp\\_MEI16602\\sqlite3.dll\r\nCreationUtcTime: 2024-07-12 10:01:25.942\r\nUser: NT AUTHORITY\\SYSTEM\"",
                "version": "2",
                "systemTime": "2024-07-12T10:01:25.949516000Z",
                "eventRecordID": "2780",
                "threadID": "2420",
                "computer": "ca.office.tyrdemo.se",
                "task": "11",
                "processID": "1832",
                "severityValue": "INFORMATION",
                "providerName": "Microsoft-Windows-Sysmon"
              }
            }
          },
          "rule": {
            "firedtimes": 190,
            "mail": true,
            "level": 13,
            "description": "Unsigned Binary Loaded From Suspicious Location",
            "groups": [
              "sigma"
            ],
            "id": "900228"
          },
          "decoder": {
            "name": "windows_eventchannel"
          },
          "input": {
            "type": "log"
          },
          "@timestamp": "2024-07-12T10:01:27.551Z",
          "location": "EventChannel",
          "id": "1720778487.103906832",
          "timestamp": "2024-07-12T12:01:27.551+0200"
        }
      },
      {
        "_index": "wazuh-alerts-4.x-2024.07.12",
        "_id": "kbNjppABLu9BFc0M-D6v",
        "_score": 2.0,
        "_source": {
          "agent": {
            "ip": "134.23.4.44",
            "name": "ca",
            "id": "008"
          },
          "manager": {
            "name": "wazuh"
          },
          "data": {
            "win": {
              "eventdata": {
                "image": "c:\\\\temp\\\\l_test.exe",
                "processGuid": "{6EBABFA0-FEF5-6690-A106-000000001000}",
                "processId": "1660",
                "utcTime": "2024-07-12 10:01:25.880",
                "targetFilename": "C:\\\\Windows\\\\Temp\\\\_MEI16602\\\\api-ms-win-core-console-l1-1-0.dll",
                "ruleName": "DLL",
                "creationUtcTime": "2024-07-12 10:01:25.880",
                "user": "NT AUTHORITY\\\\SYSTEM"
              },
              "system": {
                "eventID": "11",
                "keywords": "0x8000000000000000",
                "providerGuid": "{5770385F-C22A-43E0-BF4C-06F5698FFBD9}",
                "level": "4",
                "channel": "Microsoft-Windows-Sysmon/Operational",
                "opcode": "0",
                "message": "\"File created:\r\nRuleName: DLL\r\nUtcTime: 2024-07-12 10:01:25.880\r\nProcessGuid: {6EBABFA0-FEF5-6690-A106-000000001000}\r\nProcessId: 1660\r\nImage: c:\\temp\\l_test.exe\r\nTargetFilename: C:\\Windows\\Temp\\_MEI16602\\api-ms-win-core-console-l1-1-0.dll\r\nCreationUtcTime: 2024-07-12 10:01:25.880\r\nUser: NT AUTHORITY\\SYSTEM\"",
                "version": "2",
                "systemTime": "2024-07-12T10:01:25.894359800Z",
                "eventRecordID": "2737",
                "threadID": "2420",
                "computer": "ca.office.tyrdemo.se",
                "task": "11",
                "processID": "1832",
                "severityValue": "INFORMATION",
                "providerName": "Microsoft-Windows-Sysmon"
              }
            }
          },
          "rule": {
            "firedtimes": 147,
            "mail": true,
            "level": 13,
            "description": "Unsigned Binary Loaded From Suspicious Location",
            "groups": [
              "sigma"
            ],
            "id": "900228"
          },
          "decoder": {
            "name": "windows_eventchannel"
          },
          "input": {
            "type": "log"
          },
          "@timestamp": "2024-07-12T10:01:26.832Z",
          "location": "EventChannel",
          "id": "1720778486.103788279",
          "timestamp": "2024-07-12T12:01:26.832+0200"
        }
      },
