      {
        "_index": "wazuh-alerts-4.x-2024.07.12",
        "_id": "f7NippABLu9BFc0MlDzh",
        "_score": 2.0,
        "_source": {
          "agent": {
            "ip": "134.23.3.12",
            "name": "hq02",
            "id": "016"
          },
          "manager": {
            "name": "wazuh"
          },
          "data": {
            "win": {
              "eventdata": {
                "originalFileName": "reg.exe",
                "image": "C:\\\\Windows\\\\System32\\\\reg.exe",
                "product": "Microsoft\u00ae Windows\u00ae Operating System",
                "parentProcessGuid": "{d566a9ae-fe98-6690-be07-000000001800}",
                "description": "Registry Console Tool",
                "logonGuid": "{d566a9ae-8360-668f-e703-000000000000}",
                "parentCommandLine": "cmd.exe /c \\\"reg.exe save hklm\\\\sam C:\\\\Windows\\\\TEMP\\\\qgtcgcve\\\"",
                "processGuid": "{d566a9ae-fe98-6690-bf07-000000001800}",
                "logonId": "0x3e7",
                "parentProcessId": "4940",
                "processId": "4732",
                "currentDirectory": "C:\\\\Windows\\\\system32\\\\",
                "utcTime": "2024-07-12 09:59:52.702",
                "hashes": "MD5=227F63E1D9008B36BDBCC4B397780BE4,SHA256=C0E25B1F9B22DE445298C1E96DDFCEAD265CA030FA6626F61A4A4786CC4A3B7D,IMPHASH=BE482BE427FE212CFEF2CDA0E61F19AC",
                "parentImage": "C:\\\\Windows\\\\System32\\\\cmd.exe",
                "company": "Microsoft Corporation",
                "commandLine": "reg.exe  save hklm\\\\sam C:\\\\Windows\\\\TEMP\\\\qgtcgcve",
                "integrityLevel": "System",
                "fileVersion": "10.0.19041.1 (WinBuild.160101.0800)",
                "user": "NT AUTHORITY\\\\SYSTEM",
                "terminalSessionId": "0",
                "parentUser": "NT AUTHORITY\\\\SYSTEM"
              },
              "system": {
                "eventID": "1",
                "keywords": "0x8000000000000000",
                "providerGuid": "{5770385f-c22a-43e0-bf4c-06f5698ffbd9}",
                "level": "4",
                "channel": "Microsoft-Windows-Sysmon/Operational",
                "opcode": "0",
                "message": "\"Process Create:\r\nRuleName: -\r\nUtcTime: 2024-07-12 09:59:52.702\r\nProcessGuid: {d566a9ae-fe98-6690-bf07-000000001800}\r\nProcessId: 4732\r\nImage: C:\\Windows\\System32\\reg.exe\r\nFileVersion: 10.0.19041.1 (WinBuild.160101.0800)\r\nDescription: Registry Console Tool\r\nProduct: Microsoft\u00ae Windows\u00ae Operating System\r\nCompany: Microsoft Corporation\r\nOriginalFileName: reg.exe\r\nCommandLine: reg.exe  save hklm\\sam C:\\Windows\\TEMP\\qgtcgcve\r\nCurrentDirectory: C:\\Windows\\system32\\\r\nUser: NT AUTHORITY\\SYSTEM\r\nLogonGuid: {d566a9ae-8360-668f-e703-000000000000}\r\nLogonId: 0x3E7\r\nTerminalSessionId: 0\r\nIntegrityLevel: System\r\nHashes: MD5=227F63E1D9008B36BDBCC4B397780BE4,SHA256=C0E25B1F9B22DE445298C1E96DDFCEAD265CA030FA6626F61A4A4786CC4A3B7D,IMPHASH=BE482BE427FE212CFEF2CDA0E61F19AC\r\nParentProcessGuid: {d566a9ae-fe98-6690-be07-000000001800}\r\nParentProcessId: 4940\r\nParentImage: C:\\Windows\\System32\\cmd.exe\r\nParentCommandLine: cmd.exe /c \"reg.exe save hklm\\sam C:\\Windows\\TEMP\\qgtcgcve\"\r\nParentUser: NT AUTHORITY\\SYSTEM\"",
                "version": "5",
                "systemTime": "2024-07-12T09:59:52.7040086Z",
                "eventRecordID": "3608",
                "threadID": "3696",
                "computer": "hq02.office.tyrdemo.se",
                "task": "1",
                "processID": "2224",
                "severityValue": "INFORMATION",
                "providerName": "Microsoft-Windows-Sysmon"
              }
            }
          },
          "rule": {
            "firedtimes": 6,
            "mail": true,
            "level": 14,
            "description": "Reg.exe used to dump SAM hive",
            "groups": [
              "sysmon",
              "sysmon_eid1_detections",
              "windows"
            ],
            "mitre": {
              "technique": [
                "Security Account Manager"
              ],
              "id": [
                "T1003.002"
              ],
              "tactic": [
                "Credential Access"
              ]
            },
            "id": "92026"
          },
          "decoder": {
            "name": "windows_eventchannel"
          },
          "input": {
            "type": "log"
          },
          "@timestamp": "2024-07-12T09:59:54.274Z",
          "location": "EventChannel",
          "id": "1720778394.102956839",
          "timestamp": "2024-07-12T11:59:54.274+0200"
        }
      },
      {
        "_index": "wazuh-alerts-4.x-2024.07.12",
        "_id": "UbNippABLu9BFc0MlDzh",
        "_score": 2.0,
        "_source": {
          "agent": {
            "ip": "134.23.3.12",
            "name": "hq02",
            "id": "016"
          },
          "manager": {
            "name": "wazuh"
          },
          "data": {
            "win": {
              "eventdata": {
                "image": "c:\\\\vmtools\\\\l_test.exe",
                "processGuid": "{d566a9ae-fe98-6690-bb07-000000001800}",
                "processId": "252",
                "utcTime": "2024-07-12 09:59:52.338",
                "targetFilename": "C:\\\\Windows\\\\Temp\\\\_MEI2522\\\\VCRUNTIME140.dll",
                "ruleName": "DLL",
                "creationUtcTime": "2024-07-12 09:59:52.338",
                "user": "NT AUTHORITY\\\\SYSTEM"
              },
              "system": {
                "eventID": "11",
                "keywords": "0x8000000000000000",
                "providerGuid": "{5770385f-c22a-43e0-bf4c-06f5698ffbd9}",
                "level": "4",
                "channel": "Microsoft-Windows-Sysmon/Operational",
                "opcode": "0",
                "message": "\"File created:\r\nRuleName: DLL\r\nUtcTime: 2024-07-12 09:59:52.338\r\nProcessGuid: {d566a9ae-fe98-6690-bb07-000000001800}\r\nProcessId: 252\r\nImage: c:\\vmtools\\l_test.exe\r\nTargetFilename: C:\\Windows\\Temp\\_MEI2522\\VCRUNTIME140.dll\r\nCreationUtcTime: 2024-07-12 09:59:52.338\r\nUser: NT AUTHORITY\\SYSTEM\"",
                "version": "2",
                "systemTime": "2024-07-12T09:59:52.3488769Z",
                "eventRecordID": "3560",
                "threadID": "3696",
                "computer": "hq02.office.tyrdemo.se",
                "task": "11",
                "processID": "2224",
                "severityValue": "INFORMATION",
                "providerName": "Microsoft-Windows-Sysmon"
              }
            }
          },
          "rule": {
            "firedtimes": 322,
            "mail": true,
            "level": 13,
            "description": "Unsigned Binary Loaded From Suspicious Location",
            "groups": [
              "sigma"
            ],
            "id": "900228"
          },
          "decoder": {
            "name": "windows_eventchannel"
          },
          "input": {
            "type": "log"
          },
          "@timestamp": "2024-07-12T09:59:53.367Z",
          "location": "EventChannel",
          "id": "1720778393.102839343",
          "timestamp": "2024-07-12T11:59:53.367+0200"
        }
      },
      {
        "_index": "wazuh-alerts-4.x-2024.07.12",
        "_id": "UrNippABLu9BFc0MlDzh",
        "_score": 2.0,
        "_source": {
          "agent": {
            "ip": "134.23.3.12",
            "name": "hq02",
            "id": "016"
          },
          "manager": {
            "name": "wazuh"
          },
          "data": {
            "win": {
              "eventdata": {
                "image": "c:\\\\vmtools\\\\l_test.exe",
                "processGuid": "{d566a9ae-fe98-6690-bb07-000000001800}",
                "processId": "252",
                "utcTime": "2024-07-12 09:59:52.354",
                "targetFilename": "C:\\\\Windows\\\\Temp\\\\_MEI2522\\\\api-ms-win-core-console-l1-1-0.dll",
                "ruleName": "DLL",
                "creationUtcTime": "2024-07-12 09:59:52.354",
                "user": "NT AUTHORITY\\\\SYSTEM"
              },
              "system": {
                "eventID": "11",
                "keywords": "0x8000000000000000",
                "providerGuid": "{5770385f-c22a-43e0-bf4c-06f5698ffbd9}",
                "level": "4",
                "channel": "Microsoft-Windows-Sysmon/Operational",
                "opcode": "0",
                "message": "\"File created:\r\nRuleName: DLL\r\nUtcTime: 2024-07-12 09:59:52.354\r\nProcessGuid: {d566a9ae-fe98-6690-bb07-000000001800}\r\nProcessId: 252\r\nImage: c:\\vmtools\\l_test.exe\r\nTargetFilename: C:\\Windows\\Temp\\_MEI2522\\api-ms-win-core-console-l1-1-0.dll\r\nCreationUtcTime: 2024-07-12 09:59:52.354\r\nUser: NT AUTHORITY\\SYSTEM\"",
                "version": "2",
                "systemTime": "2024-07-12T09:59:52.3584408Z",
                "eventRecordID": "3561",
                "threadID": "3696",
                "computer": "hq02.office.tyrdemo.se",
                "task": "11",
                "processID": "2224",
                "severityValue": "INFORMATION",
                "providerName": "Microsoft-Windows-Sysmon"
              }
            }
          },
          "rule": {
            "firedtimes": 323,
            "mail": true,
            "level": 13,
            "description": "Unsigned Binary Loaded From Suspicious Location",
            "groups": [
              "sigma"
            ],
            "id": "900228"
          },
          "decoder": {
            "name": "windows_eventchannel"
          },
          "input": {
            "type": "log"
          },
          "@timestamp": "2024-07-12T09:59:53.383Z",
          "location": "EventChannel",
          "id": "1720778393.102841839",
          "timestamp": "2024-07-12T11:59:53.383+0200"
        }
      },
      {
        "_index": "wazuh-alerts-4.x-2024.07.12",
        "_id": "VLNippABLu9BFc0MlDzh",
        "_score": 2.0,
        "_source": {
          "agent": {
            "ip": "134.23.3.12",
            "name": "hq02",
            "id": "016"
          },
          "manager": {
            "name": "wazuh"
          },
          "data": {
            "win": {
              "eventdata": {
                "image": "c:\\\\vmtools\\\\l_test.exe",
                "processGuid": "{d566a9ae-fe98-6690-bb07-000000001800}",
                "processId": "252",
                "utcTime": "2024-07-12 09:59:52.354",
                "targetFilename": "C:\\\\Windows\\\\Temp\\\\_MEI2522\\\\api-ms-win-core-errorhandling-l1-1-0.dll",
                "ruleName": "DLL",
                "creationUtcTime": "2024-07-12 09:59:52.354",
                "user": "NT AUTHORITY\\\\SYSTEM"
              },
              "system": {
                "eventID": "11",
                "keywords": "0x8000000000000000",
                "providerGuid": "{5770385f-c22a-43e0-bf4c-06f5698ffbd9}",
                "level": "4",
                "channel": "Microsoft-Windows-Sysmon/Operational",
                "opcode": "0",
                "message": "\"File created:\r\nRuleName: DLL\r\nUtcTime: 2024-07-12 09:59:52.354\r\nProcessGuid: {d566a9ae-fe98-6690-bb07-000000001800}\r\nProcessId: 252\r\nImage: c:\\vmtools\\l_test.exe\r\nTargetFilename: C:\\Windows\\Temp\\_MEI2522\\api-ms-win-core-errorhandling-l1-1-0.dll\r\nCreationUtcTime: 2024-07-12 09:59:52.354\r\nUser: NT AUTHORITY\\SYSTEM\"",
                "version": "2",
                "systemTime": "2024-07-12T09:59:52.3594373Z",
                "eventRecordID": "3564",
                "threadID": "3696",
                "computer": "hq02.office.tyrdemo.se",
                "task": "11",
                "processID": "2224",
                "severityValue": "INFORMATION",
                "providerName": "Microsoft-Windows-Sysmon"
              }
            }
          },
          "rule": {
            "firedtimes": 325,
            "mail": true,
            "level": 13,
            "description": "Unsigned Binary Loaded From Suspicious Location",
            "groups": [
              "sigma"
            ],
            "id": "900228"
          },
          "decoder": {
            "name": "windows_eventchannel"
          },
          "input": {
            "type": "log"
          },
          "@timestamp": "2024-07-12T09:59:53.430Z",
          "location": "EventChannel",
          "id": "1720778393.102846979",
          "timestamp": "2024-07-12T11:59:53.430+0200"
        }
      },
      {
        "_index": "wazuh-alerts-4.x-2024.07.12",
        "_id": "VbNippABLu9BFc0MlDzh",
        "_score": 2.0,
        "_source": {
          "agent": {
            "ip": "134.23.3.12",
            "name": "hq02",
            "id": "016"
          },
          "manager": {
            "name": "wazuh"
          },
          "data": {
            "win": {
              "eventdata": {
                "image": "c:\\\\vmtools\\\\l_test.exe",
                "processGuid": "{d566a9ae-fe98-6690-bb07-000000001800}",
                "processId": "252",
                "utcTime": "2024-07-12 09:59:52.354",
                "targetFilename": "C:\\\\Windows\\\\Temp\\\\_MEI2522\\\\api-ms-win-core-debug-l1-1-0.dll",
                "ruleName": "DLL",
                "creationUtcTime": "2024-07-12 09:59:52.354",
                "user": "NT AUTHORITY\\\\SYSTEM"
              },
              "system": {
                "eventID": "11",
                "keywords": "0x8000000000000000",
                "providerGuid": "{5770385f-c22a-43e0-bf4c-06f5698ffbd9}",
                "level": "4",
                "channel": "Microsoft-Windows-Sysmon/Operational",
                "opcode": "0",
                "message": "\"File created:\r\nRuleName: DLL\r\nUtcTime: 2024-07-12 09:59:52.354\r\nProcessGuid: {d566a9ae-fe98-6690-bb07-000000001800}\r\nProcessId: 252\r\nImage: c:\\vmtools\\l_test.exe\r\nTargetFilename: C:\\Windows\\Temp\\_MEI2522\\api-ms-win-core-debug-l1-1-0.dll\r\nCreationUtcTime: 2024-07-12 09:59:52.354\r\nUser: NT AUTHORITY\\SYSTEM\"",
                "version": "2",
                "systemTime": "2024-07-12T09:59:52.3591401Z",
                "eventRecordID": "3563",
                "threadID": "3696",
                "computer": "hq02.office.tyrdemo.se",
                "task": "11",
                "processID": "2224",
                "severityValue": "INFORMATION",
                "providerName": "Microsoft-Windows-Sysmon"
              }
            }
          },
          "rule": {
            "firedtimes": 326,
            "mail": true,
            "level": 13,
            "description": "Unsigned Binary Loaded From Suspicious Location",
            "groups": [
              "sigma"
            ],
            "id": "900228"
          },
          "decoder": {
            "name": "windows_eventchannel"
          },
          "input": {
            "type": "log"
          },
          "@timestamp": "2024-07-12T09:59:53.430Z",
          "location": "EventChannel",
          "id": "1720778393.102849571",
          "timestamp": "2024-07-12T11:59:53.430+0200"
        }
      },
      {
        "_index": "wazuh-alerts-4.x-2024.07.12",
        "_id": "VrNippABLu9BFc0MlDzh",
        "_score": 2.0,
        "_source": {
          "agent": {
            "ip": "134.23.3.12",
            "name": "hq02",
            "id": "016"
          },
          "manager": {
            "name": "wazuh"
          },
          "data": {
            "win": {
              "eventdata": {
                "image": "c:\\\\vmtools\\\\l_test.exe",
                "processGuid": "{d566a9ae-fe98-6690-bb07-000000001800}",
                "processId": "252",
                "utcTime": "2024-07-12 09:59:52.354",
                "targetFilename": "C:\\\\Windows\\\\Temp\\\\_MEI2522\\\\api-ms-win-core-file-l1-1-0.dll",
                "ruleName": "DLL",
                "creationUtcTime": "2024-07-12 09:59:52.354",
                "user": "NT AUTHORITY\\\\SYSTEM"
              },
              "system": {
                "eventID": "11",
                "keywords": "0x8000000000000000",
                "providerGuid": "{5770385f-c22a-43e0-bf4c-06f5698ffbd9}",
                "level": "4",
                "channel": "Microsoft-Windows-Sysmon/Operational",
                "opcode": "0",
                "message": "\"File created:\r\nRuleName: DLL\r\nUtcTime: 2024-07-12 09:59:52.354\r\nProcessGuid: {d566a9ae-fe98-6690-bb07-000000001800}\r\nProcessId: 252\r\nImage: c:\\vmtools\\l_test.exe\r\nTargetFilename: C:\\Windows\\Temp\\_MEI2522\\api-ms-win-core-file-l1-1-0.dll\r\nCreationUtcTime: 2024-07-12 09:59:52.354\r\nUser: NT AUTHORITY\\SYSTEM\"",
                "version": "2",
                "systemTime": "2024-07-12T09:59:52.3597873Z",
                "eventRecordID": "3565",
                "threadID": "3696",
                "computer": "hq02.office.tyrdemo.se",
                "task": "11",
                "processID": "2224",
                "severityValue": "INFORMATION",
                "providerName": "Microsoft-Windows-Sysmon"
              }
            }
          },
          "rule": {
            "firedtimes": 327,
            "mail": true,
            "level": 13,
            "description": "Unsigned Binary Loaded From Suspicious Location",
            "groups": [
              "sigma"
            ],
            "id": "900228"
          },
          "decoder": {
            "name": "windows_eventchannel"
          },
          "input": {
            "type": "log"
          },
          "@timestamp": "2024-07-12T09:59:53.445Z",
          "location": "EventChannel",
          "id": "1720778393.102852131",
          "timestamp": "2024-07-12T11:59:53.445+0200"
        }
      },
      {
        "_index": "wazuh-alerts-4.x-2024.07.12",
        "_id": "XbNippABLu9BFc0MlDzh",
        "_score": 2.0,
        "_source": {
          "agent": {
            "ip": "134.23.3.12",
            "name": "hq02",
            "id": "016"
          },
          "manager": {
            "name": "wazuh"
          },
          "data": {
            "win": {
              "eventdata": {
                "image": "c:\\\\vmtools\\\\l_test.exe",
                "processGuid": "{d566a9ae-fe98-6690-bb07-000000001800}",
                "processId": "252",
                "utcTime": "2024-07-12 09:59:52.354",
                "targetFilename": "C:\\\\Windows\\\\Temp\\\\_MEI2522\\\\api-ms-win-core-libraryloader-l1-1-0.dll",
                "ruleName": "DLL",
                "creationUtcTime": "2024-07-12 09:59:52.354",
                "user": "NT AUTHORITY\\\\SYSTEM"
              },
              "system": {
                "eventID": "11",
                "keywords": "0x8000000000000000",
                "providerGuid": "{5770385f-c22a-43e0-bf4c-06f5698ffbd9}",
                "level": "4",
                "channel": "Microsoft-Windows-Sysmon/Operational",
                "opcode": "0",
                "message": "\"File created:\r\nRuleName: DLL\r\nUtcTime: 2024-07-12 09:59:52.354\r\nProcessGuid: {d566a9ae-fe98-6690-bb07-000000001800}\r\nProcessId: 252\r\nImage: c:\\vmtools\\l_test.exe\r\nTargetFilename: C:\\Windows\\Temp\\_MEI2522\\api-ms-win-core-libraryloader-l1-1-0.dll\r\nCreationUtcTime: 2024-07-12 09:59:52.354\r\nUser: NT AUTHORITY\\SYSTEM\"",
                "version": "2",
                "systemTime": "2024-07-12T09:59:52.3620049Z",
                "eventRecordID": "3571",
                "threadID": "3696",
                "computer": "hq02.office.tyrdemo.se",
                "task": "11",
                "processID": "2224",
                "severityValue": "INFORMATION",
                "providerName": "Microsoft-Windows-Sysmon"
              }
            }
          },
          "rule": {
            "firedtimes": 334,
            "mail": true,
            "level": 13,
            "description": "Unsigned Binary Loaded From Suspicious Location",
            "groups": [
              "sigma"
            ],
            "id": "900228"
          },
          "decoder": {
            "name": "windows_eventchannel"
          },
          "input": {
            "type": "log"
          },
          "@timestamp": "2024-07-12T09:59:53.555Z",
          "location": "EventChannel",
          "id": "1720778393.102870091",
          "timestamp": "2024-07-12T11:59:53.555+0200"
        }
      },
      {
        "_index": "wazuh-alerts-4.x-2024.07.12",
        "_id": "XrNippABLu9BFc0MlDzh",
        "_score": 2.0,
        "_source": {
          "agent": {
            "ip": "134.23.3.12",
            "name": "hq02",
            "id": "016"
          },
          "manager": {
            "name": "wazuh"
          },
          "data": {
            "win": {
              "eventdata": {
                "image": "c:\\\\vmtools\\\\l_test.exe",
                "processGuid": "{d566a9ae-fe98-6690-bb07-000000001800}",
                "processId": "252",
                "utcTime": "2024-07-12 09:59:52.354",
                "targetFilename": "C:\\\\Windows\\\\Temp\\\\_MEI2522\\\\api-ms-win-core-memory-l1-1-0.dll",
                "ruleName": "DLL",
                "creationUtcTime": "2024-07-12 09:59:52.354",
                "user": "NT AUTHORITY\\\\SYSTEM"
              },
              "system": {
                "eventID": "11",
                "keywords": "0x8000000000000000",
                "providerGuid": "{5770385f-c22a-43e0-bf4c-06f5698ffbd9}",
                "level": "4",
                "channel": "Microsoft-Windows-Sysmon/Operational",
                "opcode": "0",
                "message": "\"File created:\r\nRuleName: DLL\r\nUtcTime: 2024-07-12 09:59:52.354\r\nProcessGuid: {d566a9ae-fe98-6690-bb07-000000001800}\r\nProcessId: 252\r\nImage: c:\\vmtools\\l_test.exe\r\nTargetFilename: C:\\Windows\\Temp\\_MEI2522\\api-ms-win-core-memory-l1-1-0.dll\r\nCreationUtcTime: 2024-07-12 09:59:52.354\r\nUser: NT AUTHORITY\\SYSTEM\"",
                "version": "2",
                "systemTime": "2024-07-12T09:59:52.3626656Z",
                "eventRecordID": "3573",
                "threadID": "3696",
                "computer": "hq02.office.tyrdemo.se",
                "task": "11",
                "processID": "2224",
                "severityValue": "INFORMATION",
                "providerName": "Microsoft-Windows-Sysmon"
              }
            }
          },
          "rule": {
            "firedtimes": 335,
            "mail": true,
            "level": 13,
            "description": "Unsigned Binary Loaded From Suspicious Location",
            "groups": [
              "sigma"
            ],
            "id": "900228"
          },
          "decoder": {
            "name": "windows_eventchannel"
          },
          "input": {
            "type": "log"
          },
          "@timestamp": "2024-07-12T09:59:53.571Z",
          "location": "EventChannel",
          "id": "1720778393.102872683",
          "timestamp": "2024-07-12T11:59:53.571+0200"
        }
      },
      {
        "_index": "wazuh-alerts-4.x-2024.07.12",
        "_id": "X7NippABLu9BFc0MlDzh",
        "_score": 2.0,
        "_source": {
          "agent": {
            "ip": "134.23.3.12",
            "name": "hq02",
            "id": "016"
          },
          "manager": {
            "name": "wazuh"
          },
          "data": {
            "win": {
              "eventdata": {
                "image": "c:\\\\vmtools\\\\l_test.exe",
                "processGuid": "{d566a9ae-fe98-6690-bb07-000000001800}",
                "processId": "252",
                "utcTime": "2024-07-12 09:59:52.354",
                "targetFilename": "C:\\\\Windows\\\\Temp\\\\_MEI2522\\\\api-ms-win-core-namedpipe-l1-1-0.dll",
                "ruleName": "DLL",
                "creationUtcTime": "2024-07-12 09:59:52.354",
                "user": "NT AUTHORITY\\\\SYSTEM"
              },
              "system": {
                "eventID": "11",
                "keywords": "0x8000000000000000",
                "providerGuid": "{5770385f-c22a-43e0-bf4c-06f5698ffbd9}",
                "level": "4",
                "channel": "Microsoft-Windows-Sysmon/Operational",
                "opcode": "0",
                "message": "\"File created:\r\nRuleName: DLL\r\nUtcTime: 2024-07-12 09:59:52.354\r\nProcessGuid: {d566a9ae-fe98-6690-bb07-000000001800}\r\nProcessId: 252\r\nImage: c:\\vmtools\\l_test.exe\r\nTargetFilename: C:\\Windows\\Temp\\_MEI2522\\api-ms-win-core-namedpipe-l1-1-0.dll\r\nCreationUtcTime: 2024-07-12 09:59:52.354\r\nUser: NT AUTHORITY\\SYSTEM\"",
                "version": "2",
                "systemTime": "2024-07-12T09:59:52.3630261Z",
                "eventRecordID": "3574",
                "threadID": "3696",
                "computer": "hq02.office.tyrdemo.se",
                "task": "11",
                "processID": "2224",
                "severityValue": "INFORMATION",
                "providerName": "Microsoft-Windows-Sysmon"
              }
            }
          },
          "rule": {
            "firedtimes": 336,
            "mail": true,
            "level": 13,
            "description": "Unsigned Binary Loaded From Suspicious Location",
            "groups": [
              "sigma"
            ],
            "id": "900228"
          },
          "decoder": {
            "name": "windows_eventchannel"
          },
          "input": {
            "type": "log"
          },
          "@timestamp": "2024-07-12T09:59:53.588Z",
          "location": "EventChannel",
          "id": "1720778393.102875247",
          "timestamp": "2024-07-12T11:59:53.588+0200"
        }
      },
      {
        "_index": "wazuh-alerts-4.x-2024.07.12",
        "_id": "Y7NippABLu9BFc0MlDzh",
        "_score": 2.0,
        "_source": {
          "agent": {
            "ip": "134.23.3.12",
            "name": "hq02",
            "id": "016"
          },
          "manager": {
            "name": "wazuh"
          },
          "data": {
            "win": {
              "eventdata": {
                "image": "c:\\\\vmtools\\\\l_test.exe",
                "processGuid": "{d566a9ae-fe98-6690-bb07-000000001800}",
                "processId": "252",
                "utcTime": "2024-07-12 09:59:52.354",
                "targetFilename": "C:\\\\Windows\\\\Temp\\\\_MEI2522\\\\api-ms-win-core-profile-l1-1-0.dll",
                "ruleName": "DLL",
                "creationUtcTime": "2024-07-12 09:59:52.354",
                "user": "NT AUTHORITY\\\\SYSTEM"
              },
              "system": {
                "eventID": "11",
                "keywords": "0x8000000000000000",
                "providerGuid": "{5770385f-c22a-43e0-bf4c-06f5698ffbd9}",
                "level": "4",
                "channel": "Microsoft-Windows-Sysmon/Operational",
                "opcode": "0",
                "message": "\"File created:\r\nRuleName: DLL\r\nUtcTime: 2024-07-12 09:59:52.354\r\nProcessGuid: {d566a9ae-fe98-6690-bb07-000000001800}\r\nProcessId: 252\r\nImage: c:\\vmtools\\l_test.exe\r\nTargetFilename: C:\\Windows\\Temp\\_MEI2522\\api-ms-win-core-profile-l1-1-0.dll\r\nCreationUtcTime: 2024-07-12 09:59:52.354\r\nUser: NT AUTHORITY\\SYSTEM\"",
                "version": "2",
                "systemTime": "2024-07-12T09:59:52.3644861Z",
                "eventRecordID": "3578",
                "threadID": "3696",
                "computer": "hq02.office.tyrdemo.se",
                "task": "11",
                "processID": "2224",
                "severityValue": "INFORMATION",
                "providerName": "Microsoft-Windows-Sysmon"
              }
            }
          },
          "rule": {
            "firedtimes": 340,
            "mail": true,
            "level": 13,
            "description": "Unsigned Binary Loaded From Suspicious Location",
            "groups": [
              "sigma"
            ],
            "id": "900228"
          },
          "decoder": {
            "name": "windows_eventchannel"
          },
          "input": {
            "type": "log"
          },
          "@timestamp": "2024-07-12T09:59:53.665Z",
          "location": "EventChannel",
          "id": "1720778393.102885627",
          "timestamp": "2024-07-12T11:59:53.665+0200"
        }
      },
      {
        "_index": "wazuh-alerts-4.x-2024.07.12",
        "_id": "cbNippABLu9BFc0MlDzh",
        "_score": 2.0,
        "_source": {
          "agent": {
            "ip": "134.23.3.12",
            "name": "hq02",
            "id": "016"
          },
          "manager": {
            "name": "wazuh"
          },
          "data": {
            "win": {
              "eventdata": {
                "image": "c:\\\\vmtools\\\\l_test.exe",
                "processGuid": "{d566a9ae-fe98-6690-bb07-000000001800}",
                "processId": "252",
                "utcTime": "2024-07-12 09:59:52.354",
                "targetFilename": "C:\\\\Windows\\\\Temp\\\\_MEI2522\\\\api-ms-win-crt-math-l1-1-0.dll",
                "ruleName": "DLL",
                "creationUtcTime": "2024-07-12 09:59:52.354",
                "user": "NT AUTHORITY\\\\SYSTEM"
              },
              "system": {
                "eventID": "11",
                "keywords": "0x8000000000000000",
                "providerGuid": "{5770385f-c22a-43e0-bf4c-06f5698ffbd9}",
                "level": "4",
                "channel": "Microsoft-Windows-Sysmon/Operational",
                "opcode": "0",
                "message": "\"File created:\r\nRuleName: DLL\r\nUtcTime: 2024-07-12 09:59:52.354\r\nProcessGuid: {d566a9ae-fe98-6690-bb07-000000001800}\r\nProcessId: 252\r\nImage: c:\\vmtools\\l_test.exe\r\nTargetFilename: C:\\Windows\\Temp\\_MEI2522\\api-ms-win-crt-math-l1-1-0.dll\r\nCreationUtcTime: 2024-07-12 09:59:52.354\r\nUser: NT AUTHORITY\\SYSTEM\"",
                "version": "2",
                "systemTime": "2024-07-12T09:59:52.3692606Z",
                "eventRecordID": "3592",
                "threadID": "3696",
                "computer": "hq02.office.tyrdemo.se",
                "task": "11",
                "processID": "2224",
                "severityValue": "INFORMATION",
                "providerName": "Microsoft-Windows-Sysmon"
              }
            }
          },
          "rule": {
            "firedtimes": 354,
            "mail": true,
            "level": 13,
            "description": "Unsigned Binary Loaded From Suspicious Location",
            "groups": [
              "sigma"
            ],
            "id": "900228"
          },
          "decoder": {
            "name": "windows_eventchannel"
          },
          "input": {
            "type": "log"
          },
          "@timestamp": "2024-07-12T09:59:53.987Z",
          "location": "EventChannel",
          "id": "1720778393.102921543",
          "timestamp": "2024-07-12T11:59:53.987+0200"
        }
      },
      {
        "_index": "wazuh-alerts-4.x-2024.07.12",
        "_id": "d7NippABLu9BFc0MlDzh",
        "_score": 2.0,
        "_source": {
          "agent": {
            "ip": "134.23.3.12",
            "name": "hq02",
            "id": "016"
          },
          "manager": {
            "name": "wazuh"
          },
          "data": {
            "win": {
              "eventdata": {
                "image": "c:\\\\vmtools\\\\l_test.exe",
                "processGuid": "{d566a9ae-fe98-6690-bb07-000000001800}",
                "processId": "252",
                "utcTime": "2024-07-12 09:59:52.370",
                "targetFilename": "C:\\\\Windows\\\\Temp\\\\_MEI2522\\\\api-ms-win-crt-utility-l1-1-0.dll",
                "ruleName": "DLL",
                "creationUtcTime": "2024-07-12 09:59:52.370",
                "user": "NT AUTHORITY\\\\SYSTEM"
              },
              "system": {
                "eventID": "11",
                "keywords": "0x8000000000000000",
                "providerGuid": "{5770385f-c22a-43e0-bf4c-06f5698ffbd9}",
                "level": "4",
                "channel": "Microsoft-Windows-Sysmon/Operational",
                "opcode": "0",
                "message": "\"File created:\r\nRuleName: DLL\r\nUtcTime: 2024-07-12 09:59:52.370\r\nProcessGuid: {d566a9ae-fe98-6690-bb07-000000001800}\r\nProcessId: 252\r\nImage: c:\\vmtools\\l_test.exe\r\nTargetFilename: C:\\Windows\\Temp\\_MEI2522\\api-ms-win-crt-utility-l1-1-0.dll\r\nCreationUtcTime: 2024-07-12 09:59:52.370\r\nUser: NT AUTHORITY\\SYSTEM\"",
                "version": "2",
                "systemTime": "2024-07-12T09:59:52.3717760Z",
                "eventRecordID": "3598",
                "threadID": "3696",
                "computer": "hq02.office.tyrdemo.se",
                "task": "11",
                "processID": "2224",
                "severityValue": "INFORMATION",
                "providerName": "Microsoft-Windows-Sysmon"
              }
            }
          },
          "rule": {
            "firedtimes": 360,
            "mail": true,
            "level": 13,
            "description": "Unsigned Binary Loaded From Suspicious Location",
            "groups": [
              "sigma"
            ],
            "id": "900228"
          },
          "decoder": {
            "name": "windows_eventchannel"
          },
          "input": {
            "type": "log"
          },
          "@timestamp": "2024-07-12T09:59:54.087Z",
          "location": "EventChannel",
          "id": "1720778394.102936891",
          "timestamp": "2024-07-12T11:59:54.087+0200"
        }
      },
      {
        "_index": "wazuh-alerts-4.x-2024.07.12",
        "_id": "ebNippABLu9BFc0MlDzh",
        "_score": 2.0,
        "_source": {
          "agent": {
            "ip": "134.23.3.12",
            "name": "hq02",
            "id": "016"
          },
          "manager": {
            "name": "wazuh"
          },
          "data": {
            "win": {
              "eventdata": {
                "image": "c:\\\\vmtools\\\\l_test.exe",
                "processGuid": "{d566a9ae-fe98-6690-bb07-000000001800}",
                "processId": "252",
                "utcTime": "2024-07-12 09:59:52.385",
                "targetFilename": "C:\\\\Windows\\\\Temp\\\\_MEI2522\\\\libssl-1_1.dll",
                "ruleName": "DLL",
                "creationUtcTime": "2024-07-12 09:59:52.385",
                "user": "NT AUTHORITY\\\\SYSTEM"
              },
              "system": {
                "eventID": "11",
                "keywords": "0x8000000000000000",
                "providerGuid": "{5770385f-c22a-43e0-bf4c-06f5698ffbd9}",
                "level": "4",
                "channel": "Microsoft-Windows-Sysmon/Operational",
                "opcode": "0",
                "message": "\"File created:\r\nRuleName: DLL\r\nUtcTime: 2024-07-12 09:59:52.385\r\nProcessGuid: {d566a9ae-fe98-6690-bb07-000000001800}\r\nProcessId: 252\r\nImage: c:\\vmtools\\l_test.exe\r\nTargetFilename: C:\\Windows\\Temp\\_MEI2522\\libssl-1_1.dll\r\nCreationUtcTime: 2024-07-12 09:59:52.385\r\nUser: NT AUTHORITY\\SYSTEM\"",
                "version": "2",
                "systemTime": "2024-07-12T09:59:52.3854152Z",
                "eventRecordID": "3600",
                "threadID": "3696",
                "computer": "hq02.office.tyrdemo.se",
                "task": "11",
                "processID": "2224",
                "severityValue": "INFORMATION",
                "providerName": "Microsoft-Windows-Sysmon"
              }
            }
          },
          "rule": {
            "firedtimes": 362,
            "mail": true,
            "level": 13,
            "description": "Unsigned Binary Loaded From Suspicious Location",
            "groups": [
              "sigma"
            ],
            "id": "900228"
          },
          "decoder": {
            "name": "windows_eventchannel"
          },
          "input": {
            "type": "log"
          },
          "@timestamp": "2024-07-12T09:59:54.133Z",
          "location": "EventChannel",
          "id": "1720778394.102941955",
          "timestamp": "2024-07-12T11:59:54.133+0200"
        }
      },
      {
        "_index": "wazuh-alerts-4.x-2024.07.12",
        "_id": "U7NippABLu9BFc0MlDzh",
        "_score": 2.0,
        "_source": {
          "agent": {
            "ip": "134.23.3.12",
            "name": "hq02",
            "id": "016"
          },
          "manager": {
            "name": "wazuh"
          },
          "data": {
            "win": {
              "eventdata": {
                "image": "c:\\\\vmtools\\\\l_test.exe",
                "processGuid": "{d566a9ae-fe98-6690-bb07-000000001800}",
                "processId": "252",
                "utcTime": "2024-07-12 09:59:52.354",
                "targetFilename": "C:\\\\Windows\\\\Temp\\\\_MEI2522\\\\api-ms-win-core-datetime-l1-1-0.dll",
                "ruleName": "DLL",
                "creationUtcTime": "2024-07-12 09:59:52.354",
                "user": "NT AUTHORITY\\\\SYSTEM"
              },
              "system": {
                "eventID": "11",
                "keywords": "0x8000000000000000",
                "providerGuid": "{5770385f-c22a-43e0-bf4c-06f5698ffbd9}",
                "level": "4",
                "channel": "Microsoft-Windows-Sysmon/Operational",
                "opcode": "0",
                "message": "\"File created:\r\nRuleName: DLL\r\nUtcTime: 2024-07-12 09:59:52.354\r\nProcessGuid: {d566a9ae-fe98-6690-bb07-000000001800}\r\nProcessId: 252\r\nImage: c:\\vmtools\\l_test.exe\r\nTargetFilename: C:\\Windows\\Temp\\_MEI2522\\api-ms-win-core-datetime-l1-1-0.dll\r\nCreationUtcTime: 2024-07-12 09:59:52.354\r\nUser: NT AUTHORITY\\SYSTEM\"",
                "version": "2",
                "systemTime": "2024-07-12T09:59:52.3587873Z",
                "eventRecordID": "3562",
                "threadID": "3696",
                "computer": "hq02.office.tyrdemo.se",
                "task": "11",
                "processID": "2224",
                "severityValue": "INFORMATION",
                "providerName": "Microsoft-Windows-Sysmon"
              }
            }
          },
          "rule": {
            "firedtimes": 324,
            "mail": true,
            "level": 13,
            "description": "Unsigned Binary Loaded From Suspicious Location",
            "groups": [
              "sigma"
            ],
            "id": "900228"
          },
          "decoder": {
            "name": "windows_eventchannel"
          },
          "input": {
            "type": "log"
          },
          "@timestamp": "2024-07-12T09:59:53.399Z",
          "location": "EventChannel",
          "id": "1720778393.102844407",
          "timestamp": "2024-07-12T11:59:53.399+0200"
        }
      },
      {
        "_index": "wazuh-alerts-4.x-2024.07.12",
        "_id": "W7NippABLu9BFc0MlDzh",
        "_score": 2.0,
        "_source": {
          "agent": {
            "ip": "134.23.3.12",
            "name": "hq02",
            "id": "016"
          },
          "manager": {
            "name": "wazuh"
          },
          "data": {
            "win": {
              "eventdata": {
                "image": "c:\\\\vmtools\\\\l_test.exe",
                "processGuid": "{d566a9ae-fe98-6690-bb07-000000001800}",
                "processId": "252",
                "utcTime": "2024-07-12 09:59:52.354",
                "targetFilename": "C:\\\\Windows\\\\Temp\\\\_MEI2522\\\\api-ms-win-core-interlocked-l1-1-0.dll",
                "ruleName": "DLL",
                "creationUtcTime": "2024-07-12 09:59:52.354",
                "user": "NT AUTHORITY\\\\SYSTEM"
              },
              "system": {
                "eventID": "11",
                "keywords": "0x8000000000000000",
                "providerGuid": "{5770385f-c22a-43e0-bf4c-06f5698ffbd9}",
                "level": "4",
                "channel": "Microsoft-Windows-Sysmon/Operational",
                "opcode": "0",
                "message": "\"File created:\r\nRuleName: DLL\r\nUtcTime: 2024-07-12 09:59:52.354\r\nProcessGuid: {d566a9ae-fe98-6690-bb07-000000001800}\r\nProcessId: 252\r\nImage: c:\\vmtools\\l_test.exe\r\nTargetFilename: C:\\Windows\\Temp\\_MEI2522\\api-ms-win-core-interlocked-l1-1-0.dll\r\nCreationUtcTime: 2024-07-12 09:59:52.354\r\nUser: NT AUTHORITY\\SYSTEM\"",
                "version": "2",
                "systemTime": "2024-07-12T09:59:52.3616570Z",
                "eventRecordID": "3570",
                "threadID": "3696",
                "computer": "hq02.office.tyrdemo.se",
                "task": "11",
                "processID": "2224",
                "severityValue": "INFORMATION",
                "providerName": "Microsoft-Windows-Sysmon"
              }
            }
          },
          "rule": {
            "firedtimes": 332,
            "mail": true,
            "level": 13,
            "description": "Unsigned Binary Loaded From Suspicious Location",
            "groups": [
              "sigma"
            ],
            "id": "900228"
          },
          "decoder": {
            "name": "windows_eventchannel"
          },
          "input": {
            "type": "log"
          },
          "@timestamp": "2024-07-12T09:59:53.523Z",
          "location": "EventChannel",
          "id": "1720778393.102864919",
          "timestamp": "2024-07-12T11:59:53.523+0200"
        }
      },
      {
        "_index": "wazuh-alerts-4.x-2024.07.12",
        "_id": "XLNippABLu9BFc0MlDzh",
        "_score": 2.0,
        "_source": {
          "agent": {
            "ip": "134.23.3.12",
            "name": "hq02",
            "id": "016"
          },
          "manager": {
            "name": "wazuh"
          },
          "data": {
            "win": {
              "eventdata": {
                "image": "c:\\\\vmtools\\\\l_test.exe",
                "processGuid": "{d566a9ae-fe98-6690-bb07-000000001800}",
                "processId": "252",
                "utcTime": "2024-07-12 09:59:52.354",
                "targetFilename": "C:\\\\Windows\\\\Temp\\\\_MEI2522\\\\api-ms-win-core-localization-l1-2-0.dll",
                "ruleName": "DLL",
                "creationUtcTime": "2024-07-12 09:59:52.354",
                "user": "NT AUTHORITY\\\\SYSTEM"
              },
              "system": {
                "eventID": "11",
                "keywords": "0x8000000000000000",
                "providerGuid": "{5770385f-c22a-43e0-bf4c-06f5698ffbd9}",
                "level": "4",
                "channel": "Microsoft-Windows-Sysmon/Operational",
                "opcode": "0",
                "message": "\"File created:\r\nRuleName: DLL\r\nUtcTime: 2024-07-12 09:59:52.354\r\nProcessGuid: {d566a9ae-fe98-6690-bb07-000000001800}\r\nProcessId: 252\r\nImage: c:\\vmtools\\l_test.exe\r\nTargetFilename: C:\\Windows\\Temp\\_MEI2522\\api-ms-win-core-localization-l1-2-0.dll\r\nCreationUtcTime: 2024-07-12 09:59:52.354\r\nUser: NT AUTHORITY\\SYSTEM\"",
                "version": "2",
                "systemTime": "2024-07-12T09:59:52.3623271Z",
                "eventRecordID": "3572",
                "threadID": "3696",
                "computer": "hq02.office.tyrdemo.se",
                "task": "11",
                "processID": "2224",
                "severityValue": "INFORMATION",
                "providerName": "Microsoft-Windows-Sysmon"
              }
            }
          },
          "rule": {
            "firedtimes": 333,
            "mail": true,
            "level": 13,
            "description": "Unsigned Binary Loaded From Suspicious Location",
            "groups": [
              "sigma"
            ],
            "id": "900228"
          },
          "decoder": {
            "name": "windows_eventchannel"
          },
          "input": {
            "type": "log"
          },
          "@timestamp": "2024-07-12T09:59:53.555Z",
          "location": "EventChannel",
          "id": "1720778393.102867503",
          "timestamp": "2024-07-12T11:59:53.555+0200"
        }
      },
      {
        "_index": "wazuh-alerts-4.x-2024.07.12",
        "_id": "YbNippABLu9BFc0MlDzh",
        "_score": 2.0,
        "_source": {
          "agent": {
            "ip": "134.23.3.12",
            "name": "hq02",
            "id": "016"
          },
          "manager": {
            "name": "wazuh"
          },
          "data": {
            "win": {
              "eventdata": {
                "image": "c:\\\\vmtools\\\\l_test.exe",
                "processGuid": "{d566a9ae-fe98-6690-bb07-000000001800}",
                "processId": "252",
                "utcTime": "2024-07-12 09:59:52.354",
                "targetFilename": "C:\\\\Windows\\\\Temp\\\\_MEI2522\\\\api-ms-win-core-processthreads-l1-1-1.dll",
                "ruleName": "DLL",
                "creationUtcTime": "2024-07-12 09:59:52.354",
                "user": "NT AUTHORITY\\\\SYSTEM"
              },
              "system": {
                "eventID": "11",
                "keywords": "0x8000000000000000",
                "providerGuid": "{5770385f-c22a-43e0-bf4c-06f5698ffbd9}",
                "level": "4",
                "channel": "Microsoft-Windows-Sysmon/Operational",
                "opcode": "0",
                "message": "\"File created:\r\nRuleName: DLL\r\nUtcTime: 2024-07-12 09:59:52.354\r\nProcessGuid: {d566a9ae-fe98-6690-bb07-000000001800}\r\nProcessId: 252\r\nImage: c:\\vmtools\\l_test.exe\r\nTargetFilename: C:\\Windows\\Temp\\_MEI2522\\api-ms-win-core-processthreads-l1-1-1.dll\r\nCreationUtcTime: 2024-07-12 09:59:52.354\r\nUser: NT AUTHORITY\\SYSTEM\"",
                "version": "2",
                "systemTime": "2024-07-12T09:59:52.3641444Z",
                "eventRecordID": "3577",
                "threadID": "3696",
                "computer": "hq02.office.tyrdemo.se",
                "task": "11",
                "processID": "2224",
                "severityValue": "INFORMATION",
                "providerName": "Microsoft-Windows-Sysmon"
              }
            }
          },
          "rule": {
            "firedtimes": 338,
            "mail": true,
            "level": 13,
            "description": "Unsigned Binary Loaded From Suspicious Location",
            "groups": [
              "sigma"
            ],
            "id": "900228"
          },
          "decoder": {
            "name": "windows_eventchannel"
          },
          "input": {
            "type": "log"
          },
          "@timestamp": "2024-07-12T09:59:53.649Z",
          "location": "EventChannel",
          "id": "1720778393.102880435",
          "timestamp": "2024-07-12T11:59:53.649+0200"
        }
      },
      {
        "_index": "wazuh-alerts-4.x-2024.07.12",
        "_id": "YrNippABLu9BFc0MlDzh",
        "_score": 2.0,
        "_source": {
          "agent": {
            "ip": "134.23.3.12",
            "name": "hq02",
            "id": "016"
          },
          "manager": {
            "name": "wazuh"
          },
          "data": {
            "win": {
              "eventdata": {
                "image": "c:\\\\vmtools\\\\l_test.exe",
                "processGuid": "{d566a9ae-fe98-6690-bb07-000000001800}",
                "processId": "252",
                "utcTime": "2024-07-12 09:59:52.354",
                "targetFilename": "C:\\\\Windows\\\\Temp\\\\_MEI2522\\\\api-ms-win-core-processthreads-l1-1-0.dll",
                "ruleName": "DLL",
                "creationUtcTime": "2024-07-12 09:59:52.354",
                "user": "NT AUTHORITY\\\\SYSTEM"
              },
              "system": {
                "eventID": "11",
                "keywords": "0x8000000000000000",
                "providerGuid": "{5770385f-c22a-43e0-bf4c-06f5698ffbd9}",
                "level": "4",
                "channel": "Microsoft-Windows-Sysmon/Operational",
                "opcode": "0",
                "message": "\"File created:\r\nRuleName: DLL\r\nUtcTime: 2024-07-12 09:59:52.354\r\nProcessGuid: {d566a9ae-fe98-6690-bb07-000000001800}\r\nProcessId: 252\r\nImage: c:\\vmtools\\l_test.exe\r\nTargetFilename: C:\\Windows\\Temp\\_MEI2522\\api-ms-win-core-processthreads-l1-1-0.dll\r\nCreationUtcTime: 2024-07-12 09:59:52.354\r\nUser: NT AUTHORITY\\SYSTEM\"",
                "version": "2",
                "systemTime": "2024-07-12T09:59:52.3638183Z",
                "eventRecordID": "3576",
                "threadID": "3696",
                "computer": "hq02.office.tyrdemo.se",
                "task": "11",
                "processID": "2224",
                "severityValue": "INFORMATION",
                "providerName": "Microsoft-Windows-Sysmon"
              }
            }
          },
          "rule": {
            "firedtimes": 339,
            "mail": true,
            "level": 13,
            "description": "Unsigned Binary Loaded From Suspicious Location",
            "groups": [
              "sigma"
            ],
            "id": "900228"
          },
          "decoder": {
            "name": "windows_eventchannel"
          },
          "input": {
            "type": "log"
          },
          "@timestamp": "2024-07-12T09:59:53.649Z",
          "location": "EventChannel",
          "id": "1720778393.102883031",
          "timestamp": "2024-07-12T11:59:53.649+0200"
        }
      },
