{
  "attacks": {
    "804": [
      {
        "_index": "wazuh-alerts-4.x-2024.07.12",
        "_id": "wbNhppABLu9BFc0M1TtP",
        "_score": 2.0,
        "_source": {
          "agent": {
            "ip": "134.23.3.15",
            "name": "hq05",
            "id": "019"
          },
          "manager": {
            "name": "wazuh"
          },
          "data": {
            "win": {
              "eventdata": {
                "image": "c:\\\\temp\\\\l_test.exe",
                "processGuid": "{0d6bea7f-fe68-6690-cd07-000000001800}",
                "processId": "3472",
                "utcTime": "2024-07-12 09:59:04.336",
                "targetFilename": "C:\\\\Windows\\\\Temp\\\\_MEI34722\\\\python37.dll",
                "ruleName": "DLL",
                "creationUtcTime": "2024-07-12 09:59:04.336",
                "user": "NT AUTHORITY\\\\SYSTEM"
              },
              "system": {
                "eventID": "11",
                "keywords": "0x8000000000000000",
                "providerGuid": "{5770385f-c22a-43e0-bf4c-06f5698ffbd9}",
                "level": "4",
                "channel": "Microsoft-Windows-Sysmon/Operational",
                "opcode": "0",
                "message": "\"File created:\r\nRuleName: DLL\r\nUtcTime: 2024-07-12 09:59:04.336\r\nProcessGuid: {0d6bea7f-fe68-6690-cd07-000000001800}\r\nProcessId: 3472\r\nImage: c:\\temp\\l_test.exe\r\nTargetFilename: C:\\Windows\\Temp\\_MEI34722\\python37.dll\r\nCreationUtcTime: 2024-07-12 09:59:04.336\r\nUser: NT AUTHORITY\\SYSTEM\"",
                "version": "2",
                "systemTime": "2024-07-12T09:59:04.3469044Z",
                "eventRecordID": "3548",
                "threadID": "3536",
                "computer": "hq05.office.tyrdemo.se",
                "task": "11",
                "processID": "3088",
                "severityValue": "INFORMATION",
                "providerName": "Microsoft-Windows-Sysmon"
              }
            }
          },
          "rule": {
            "firedtimes": 273,
            "mail": true,
            "level": 13,
            "description": "Unsigned Binary Loaded From Suspicious Location",
            "groups": [
              "sigma"
            ],
            "id": "900228"
          },
          "decoder": {
            "name": "windows_eventchannel"
          },
          "input": {
            "type": "log"
          },
          "@timestamp": "2024-07-12T09:59:05.888Z",
          "location": "EventChannel",
          "id": "1720778345.102533257",
          "timestamp": "2024-07-12T11:59:05.888+0200"
        }
      },
      {
        "_index": "wazuh-alerts-4.x-2024.07.12",
        "_id": "w7NhppABLu9BFc0M1TtP",
        "_score": 2.0,
        "_source": {
          "agent": {
            "ip": "134.23.3.15",
            "name": "hq05",
            "id": "019"
          },
          "manager": {
            "name": "wazuh"
          },
          "data": {
            "win": {
              "eventdata": {
                "image": "c:\\\\temp\\\\l_test.exe",
                "processGuid": "{0d6bea7f-fe68-6690-cd07-000000001800}",
                "processId": "3472",
                "utcTime": "2024-07-12 09:59:04.352",
                "targetFilename": "C:\\\\Windows\\\\Temp\\\\_MEI34722\\\\ucrtbase.dll",
                "ruleName": "DLL",
                "creationUtcTime": "2024-07-12 09:59:04.352",
                "user": "NT AUTHORITY\\\\SYSTEM"
              },
              "system": {
                "eventID": "11",
                "keywords": "0x8000000000000000",
                "providerGuid": "{5770385f-c22a-43e0-bf4c-06f5698ffbd9}",
                "level": "4",
                "channel": "Microsoft-Windows-Sysmon/Operational",
                "opcode": "0",
                "message": "\"File created:\r\nRuleName: DLL\r\nUtcTime: 2024-07-12 09:59:04.352\r\nProcessGuid: {0d6bea7f-fe68-6690-cd07-000000001800}\r\nProcessId: 3472\r\nImage: c:\\temp\\l_test.exe\r\nTargetFilename: C:\\Windows\\Temp\\_MEI34722\\ucrtbase.dll\r\nCreationUtcTime: 2024-07-12 09:59:04.352\r\nUser: NT AUTHORITY\\SYSTEM\"",
                "version": "2",
                "systemTime": "2024-07-12T09:59:04.3583662Z",
                "eventRecordID": "3550",
                "threadID": "3536",
                "computer": "hq05.office.tyrdemo.se",
                "task": "11",
                "processID": "3088",
                "severityValue": "INFORMATION",
                "providerName": "Microsoft-Windows-Sysmon"
              }
            }
          },
          "rule": {
            "firedtimes": 275,
            "mail": true,
            "level": 13,
            "description": "Unsigned Binary Loaded From Suspicious Location",
            "groups": [
              "sigma"
            ],
            "id": "900228"
          },
          "decoder": {
            "name": "windows_eventchannel"
          },
          "input": {
            "type": "log"
          },
          "@timestamp": "2024-07-12T09:59:05.888Z",
          "location": "EventChannel",
          "id": "1720778345.102538205",
          "timestamp": "2024-07-12T11:59:05.888+0200"
        }
      },
      {
        "_index": "wazuh-alerts-4.x-2024.07.12",
        "_id": "lrNhppABLu9BFc0M0Ttk",
        "_score": 2.0,
        "_source": {
          "agent": {
            "ip": "134.23.3.15",
            "name": "hq05",
            "id": "019"
          },
          "manager": {
            "name": "wazuh"
          },
          "data": {
            "win": {
              "eventdata": {
                "image": "c:\\\\temp\\\\l_test.exe",
                "processGuid": "{0d6bea7f-fe68-6690-cd07-000000001800}",
                "processId": "3472",
                "utcTime": "2024-07-12 09:59:04.274",
                "targetFilename": "C:\\\\Windows\\\\Temp\\\\_MEI34722\\\\VCRUNTIME140.dll",
                "ruleName": "DLL",
                "creationUtcTime": "2024-07-12 09:59:04.274",
                "user": "NT AUTHORITY\\\\SYSTEM"
              },
              "system": {
                "eventID": "11",
                "keywords": "0x8000000000000000",
                "providerGuid": "{5770385f-c22a-43e0-bf4c-06f5698ffbd9}",
                "level": "4",
                "channel": "Microsoft-Windows-Sysmon/Operational",
                "opcode": "0",
                "message": "\"File created:\r\nRuleName: DLL\r\nUtcTime: 2024-07-12 09:59:04.274\r\nProcessGuid: {0d6bea7f-fe68-6690-cd07-000000001800}\r\nProcessId: 3472\r\nImage: c:\\temp\\l_test.exe\r\nTargetFilename: C:\\Windows\\Temp\\_MEI34722\\VCRUNTIME140.dll\r\nCreationUtcTime: 2024-07-12 09:59:04.274\r\nUser: NT AUTHORITY\\SYSTEM\"",
                "version": "2",
                "systemTime": "2024-07-12T09:59:04.2865246Z",
                "eventRecordID": "3505",
                "threadID": "3536",
                "computer": "hq05.office.tyrdemo.se",
                "task": "11",
                "processID": "3088",
                "severityValue": "INFORMATION",
                "providerName": "Microsoft-Windows-Sysmon"
              }
            }
          },
          "rule": {
            "firedtimes": 230,
            "mail": true,
            "level": 13,
            "description": "Unsigned Binary Loaded From Suspicious Location",
            "groups": [
              "sigma"
            ],
            "id": "900228"
          },
          "decoder": {
            "name": "windows_eventchannel"
          },
          "input": {
            "type": "log"
          },
          "@timestamp": "2024-07-12T09:59:05.087Z",
          "location": "EventChannel",
          "id": "1720778345.102423369",
          "timestamp": "2024-07-12T11:59:05.087+0200"
        }
      },
      {
        "_index": "wazuh-alerts-4.x-2024.07.12",
        "_id": "l7NhppABLu9BFc0M0Ttk",
        "_score": 2.0,
        "_source": {
          "agent": {
            "ip": "134.23.3.15",
            "name": "hq05",
            "id": "019"
          },
          "manager": {
            "name": "wazuh"
          },
          "data": {
            "win": {
              "eventdata": {
                "image": "c:\\\\temp\\\\l_test.exe",
                "processGuid": "{0d6bea7f-fe68-6690-cd07-000000001800}",
                "processId": "3472",
                "utcTime": "2024-07-12 09:59:04.290",
                "targetFilename": "C:\\\\Windows\\\\Temp\\\\_MEI34722\\\\api-ms-win-core-console-l1-1-0.dll",
                "ruleName": "DLL",
                "creationUtcTime": "2024-07-12 09:59:04.290",
                "user": "NT AUTHORITY\\\\SYSTEM"
              },
              "system": {
                "eventID": "11",
                "keywords": "0x8000000000000000",
                "providerGuid": "{5770385f-c22a-43e0-bf4c-06f5698ffbd9}",
                "level": "4",
                "channel": "Microsoft-Windows-Sysmon/Operational",
                "opcode": "0",
                "message": "\"File created:\r\nRuleName: DLL\r\nUtcTime: 2024-07-12 09:59:04.290\r\nProcessGuid: {0d6bea7f-fe68-6690-cd07-000000001800}\r\nProcessId: 3472\r\nImage: c:\\temp\\l_test.exe\r\nTargetFilename: C:\\Windows\\Temp\\_MEI34722\\api-ms-win-core-console-l1-1-0.dll\r\nCreationUtcTime: 2024-07-12 09:59:04.290\r\nUser: NT AUTHORITY\\SYSTEM\"",
                "version": "2",
                "systemTime": "2024-07-12T09:59:04.2961924Z",
                "eventRecordID": "3506",
                "threadID": "3536",
                "computer": "hq05.office.tyrdemo.se",
                "task": "11",
                "processID": "3088",
                "severityValue": "INFORMATION",
                "providerName": "Microsoft-Windows-Sysmon"
              }
            }
          },
          "rule": {
            "firedtimes": 231,
            "mail": true,
            "level": 13,
            "description": "Unsigned Binary Loaded From Suspicious Location",
            "groups": [
              "sigma"
            ],
            "id": "900228"
          },
          "decoder": {
            "name": "windows_eventchannel"
          },
          "input": {
            "type": "log"
          },
          "@timestamp": "2024-07-12T09:59:05.093Z",
          "location": "EventChannel",
          "id": "1720778345.102425861",
          "timestamp": "2024-07-12T11:59:05.093+0200"
        }
      },
      {
        "_index": "wazuh-alerts-4.x-2024.07.12",
        "_id": "mLNhppABLu9BFc0M0Ttk",
        "_score": 2.0,
        "_source": {
          "agent": {
            "ip": "134.23.3.15",
            "name": "hq05",
            "id": "019"
          },
          "manager": {
            "name": "wazuh"
          },
          "data": {
            "win": {
              "eventdata": {
                "image": "c:\\\\temp\\\\l_test.exe",
                "processGuid": "{0d6bea7f-fe68-6690-cd07-000000001800}",
                "processId": "3472",
                "utcTime": "2024-07-12 09:59:04.290",
                "targetFilename": "C:\\\\Windows\\\\Temp\\\\_MEI34722\\\\api-ms-win-core-datetime-l1-1-0.dll",
                "ruleName": "DLL",
                "creationUtcTime": "2024-07-12 09:59:04.290",
                "user": "NT AUTHORITY\\\\SYSTEM"
              },
              "system": {
                "eventID": "11",
                "keywords": "0x8000000000000000",
                "providerGuid": "{5770385f-c22a-43e0-bf4c-06f5698ffbd9}",
                "level": "4",
                "channel": "Microsoft-Windows-Sysmon/Operational",
                "opcode": "0",
                "message": "\"File created:\r\nRuleName: DLL\r\nUtcTime: 2024-07-12 09:59:04.290\r\nProcessGuid: {0d6bea7f-fe68-6690-cd07-000000001800}\r\nProcessId: 3472\r\nImage: c:\\temp\\l_test.exe\r\nTargetFilename: C:\\Windows\\Temp\\_MEI34722\\api-ms-win-core-datetime-l1-1-0.dll\r\nCreationUtcTime: 2024-07-12 09:59:04.290\r\nUser: NT AUTHORITY\\SYSTEM\"",
                "version": "2",
                "systemTime": "2024-07-12T09:59:04.2965246Z",
                "eventRecordID": "3507",
                "threadID": "3536",
                "computer": "hq05.office.tyrdemo.se",
                "task": "11",
                "processID": "3088",
                "severityValue": "INFORMATION",
                "providerName": "Microsoft-Windows-Sysmon"
              }
            }
          },
          "rule": {
            "firedtimes": 232,
            "mail": true,
            "level": 13,
            "description": "Unsigned Binary Loaded From Suspicious Location",
            "groups": [
              "sigma"
            ],
            "id": "900228"
          },
          "decoder": {
            "name": "windows_eventchannel"
          },
          "input": {
            "type": "log"
          },
          "@timestamp": "2024-07-12T09:59:05.123Z",
          "location": "EventChannel",
          "id": "1720778345.102428425",
          "timestamp": "2024-07-12T11:59:05.123+0200"
        }
      },
      {
        "_index": "wazuh-alerts-4.x-2024.07.12",
        "_id": "mrNhppABLu9BFc0M0Ttk",
        "_score": 2.0,
        "_source": {
          "agent": {
            "ip": "134.23.3.15",
            "name": "hq05",
            "id": "019"
          },
          "manager": {
            "name": "wazuh"
          },
          "data": {
            "win": {
              "eventdata": {
                "image": "c:\\\\temp\\\\l_test.exe",
                "processGuid": "{0d6bea7f-fe68-6690-cd07-000000001800}",
                "processId": "3472",
                "utcTime": "2024-07-12 09:59:04.290",
                "targetFilename": "C:\\\\Windows\\\\Temp\\\\_MEI34722\\\\api-ms-win-core-errorhandling-l1-1-0.dll",
                "ruleName": "DLL",
                "creationUtcTime": "2024-07-12 09:59:04.290",
                "user": "NT AUTHORITY\\\\SYSTEM"
              },
              "system": {
                "eventID": "11",
                "keywords": "0x8000000000000000",
                "providerGuid": "{5770385f-c22a-43e0-bf4c-06f5698ffbd9}",
                "level": "4",
                "channel": "Microsoft-Windows-Sysmon/Operational",
                "opcode": "0",
                "message": "\"File created:\r\nRuleName: DLL\r\nUtcTime: 2024-07-12 09:59:04.290\r\nProcessGuid: {0d6bea7f-fe68-6690-cd07-000000001800}\r\nProcessId: 3472\r\nImage: c:\\temp\\l_test.exe\r\nTargetFilename: C:\\Windows\\Temp\\_MEI34722\\api-ms-win-core-errorhandling-l1-1-0.dll\r\nCreationUtcTime: 2024-07-12 09:59:04.290\r\nUser: NT AUTHORITY\\SYSTEM\"",
                "version": "2",
                "systemTime": "2024-07-12T09:59:04.2972045Z",
                "eventRecordID": "3509",
                "threadID": "3536",
                "computer": "hq05.office.tyrdemo.se",
                "task": "11",
                "processID": "3088",
                "severityValue": "INFORMATION",
                "providerName": "Microsoft-Windows-Sysmon"
              }
            }
          },
          "rule": {
            "firedtimes": 234,
            "mail": true,
            "level": 13,
            "description": "Unsigned Binary Loaded From Suspicious Location",
            "groups": [
              "sigma"
            ],
            "id": "900228"
          },
          "decoder": {
            "name": "windows_eventchannel"
          },
          "input": {
            "type": "log"
          },
          "@timestamp": "2024-07-12T09:59:05.154Z",
          "location": "EventChannel",
          "id": "1720778345.102433549",
          "timestamp": "2024-07-12T11:59:05.154+0200"
        }
      },
      {
        "_index": "wazuh-alerts-4.x-2024.07.12",
        "_id": "m7NhppABLu9BFc0M0Ttk",
        "_score": 2.0,
        "_source": {
          "agent": {
            "ip": "134.23.3.15",
            "name": "hq05",
            "id": "019"
          },
          "manager": {
            "name": "wazuh"
          },
          "data": {
            "win": {
              "eventdata": {
                "image": "c:\\\\temp\\\\l_test.exe",
                "processGuid": "{0d6bea7f-fe68-6690-cd07-000000001800}",
                "processId": "3472",
                "utcTime": "2024-07-12 09:59:04.290",
                "targetFilename": "C:\\\\Windows\\\\Temp\\\\_MEI34722\\\\api-ms-win-core-file-l1-1-0.dll",
                "ruleName": "DLL",
                "creationUtcTime": "2024-07-12 09:59:04.290",
                "user": "NT AUTHORITY\\\\SYSTEM"
              },
              "system": {
                "eventID": "11",
                "keywords": "0x8000000000000000",
                "providerGuid": "{5770385f-c22a-43e0-bf4c-06f5698ffbd9}",
                "level": "4",
                "channel": "Microsoft-Windows-Sysmon/Operational",
                "opcode": "0",
                "message": "\"File created:\r\nRuleName: DLL\r\nUtcTime: 2024-07-12 09:59:04.290\r\nProcessGuid: {0d6bea7f-fe68-6690-cd07-000000001800}\r\nProcessId: 3472\r\nImage: c:\\temp\\l_test.exe\r\nTargetFilename: C:\\Windows\\Temp\\_MEI34722\\api-ms-win-core-file-l1-1-0.dll\r\nCreationUtcTime: 2024-07-12 09:59:04.290\r\nUser: NT AUTHORITY\\SYSTEM\"",
                "version": "2",
                "systemTime": "2024-07-12T09:59:04.2975178Z",
                "eventRecordID": "3510",
                "threadID": "3536",
                "computer": "hq05.office.tyrdemo.se",
                "task": "11",
                "processID": "3088",
                "severityValue": "INFORMATION",
                "providerName": "Microsoft-Windows-Sysmon"
              }
            }
          },
          "rule": {
            "firedtimes": 235,
            "mail": true,
            "level": 13,
            "description": "Unsigned Binary Loaded From Suspicious Location",
            "groups": [
              "sigma"
            ],
            "id": "900228"
          },
          "decoder": {
            "name": "windows_eventchannel"
          },
          "input": {
            "type": "log"
          },
          "@timestamp": "2024-07-12T09:59:05.169Z",
          "location": "EventChannel",
          "id": "1720778345.102436137",
          "timestamp": "2024-07-12T11:59:05.169+0200"
        }
      },
      {
        "_index": "wazuh-alerts-4.x-2024.07.12",
        "_id": "oLNhppABLu9BFc0M0Ttk",
        "_score": 2.0,
        "_source": {
          "agent": {
            "ip": "134.23.3.15",
            "name": "hq05",
            "id": "019"
          },
          "manager": {
            "name": "wazuh"
          },
          "data": {
            "win": {
              "eventdata": {
                "image": "c:\\\\temp\\\\l_test.exe",
                "processGuid": "{0d6bea7f-fe68-6690-cd07-000000001800}",
                "processId": "3472",
                "utcTime": "2024-07-12 09:59:04.290",
                "targetFilename": "C:\\\\Windows\\\\Temp\\\\_MEI34722\\\\api-ms-win-core-interlocked-l1-1-0.dll",
                "ruleName": "DLL",
                "creationUtcTime": "2024-07-12 09:59:04.290",
                "user": "NT AUTHORITY\\\\SYSTEM"
              },
              "system": {
                "eventID": "11",
                "keywords": "0x8000000000000000",
                "providerGuid": "{5770385f-c22a-43e0-bf4c-06f5698ffbd9}",
                "level": "4",
                "channel": "Microsoft-Windows-Sysmon/Operational",
                "opcode": "0",
                "message": "\"File created:\r\nRuleName: DLL\r\nUtcTime: 2024-07-12 09:59:04.290\r\nProcessGuid: {0d6bea7f-fe68-6690-cd07-000000001800}\r\nProcessId: 3472\r\nImage: c:\\temp\\l_test.exe\r\nTargetFilename: C:\\Windows\\Temp\\_MEI34722\\api-ms-win-core-interlocked-l1-1-0.dll\r\nCreationUtcTime: 2024-07-12 09:59:04.290\r\nUser: NT AUTHORITY\\SYSTEM\"",
                "version": "2",
                "systemTime": "2024-07-12T09:59:04.2995027Z",
                "eventRecordID": "3515",
                "threadID": "3536",
                "computer": "hq05.office.tyrdemo.se",
                "task": "11",
                "processID": "3088",
                "severityValue": "INFORMATION",
                "providerName": "Microsoft-Windows-Sysmon"
              }
            }
          },
          "rule": {
            "firedtimes": 240,
            "mail": true,
            "level": 13,
            "description": "Unsigned Binary Loaded From Suspicious Location",
            "groups": [
              "sigma"
            ],
            "id": "900228"
          },
          "decoder": {
            "name": "windows_eventchannel"
          },
          "input": {
            "type": "log"
          },
          "@timestamp": "2024-07-12T09:59:05.279Z",
          "location": "EventChannel",
          "id": "1720778345.102448905",
          "timestamp": "2024-07-12T11:59:05.279+0200"
        }
      },
      {
        "_index": "wazuh-alerts-4.x-2024.07.12",
        "_id": "o7NhppABLu9BFc0M0Ttk",
        "_score": 2.0,
        "_source": {
          "agent": {
            "ip": "134.23.3.15",
            "name": "hq05",
            "id": "019"
          },
          "manager": {
            "name": "wazuh"
          },
          "data": {
            "win": {
              "eventdata": {
                "image": "c:\\\\temp\\\\l_test.exe",
                "processGuid": "{0d6bea7f-fe68-6690-cd07-000000001800}",
                "processId": "3472",
                "utcTime": "2024-07-12 09:59:04.290",
                "targetFilename": "C:\\\\Windows\\\\Temp\\\\_MEI34722\\\\api-ms-win-core-memory-l1-1-0.dll",
                "ruleName": "DLL",
                "creationUtcTime": "2024-07-12 09:59:04.290",
                "user": "NT AUTHORITY\\\\SYSTEM"
              },
              "system": {
                "eventID": "11",
                "keywords": "0x8000000000000000",
                "providerGuid": "{5770385f-c22a-43e0-bf4c-06f5698ffbd9}",
                "level": "4",
                "channel": "Microsoft-Windows-Sysmon/Operational",
                "opcode": "0",
                "message": "\"File created:\r\nRuleName: DLL\r\nUtcTime: 2024-07-12 09:59:04.290\r\nProcessGuid: {0d6bea7f-fe68-6690-cd07-000000001800}\r\nProcessId: 3472\r\nImage: c:\\temp\\l_test.exe\r\nTargetFilename: C:\\Windows\\Temp\\_MEI34722\\api-ms-win-core-memory-l1-1-0.dll\r\nCreationUtcTime: 2024-07-12 09:59:04.290\r\nUser: NT AUTHORITY\\SYSTEM\"",
                "version": "2",
                "systemTime": "2024-07-12T09:59:04.3005213Z",
                "eventRecordID": "3518",
                "threadID": "3536",
                "computer": "hq05.office.tyrdemo.se",
                "task": "11",
                "processID": "3088",
                "severityValue": "INFORMATION",
                "providerName": "Microsoft-Windows-Sysmon"
              }
            }
          },
          "rule": {
            "firedtimes": 243,
            "mail": true,
            "level": 13,
            "description": "Unsigned Binary Loaded From Suspicious Location",
            "groups": [
              "sigma"
            ],
            "id": "900228"
          },
          "decoder": {
            "name": "windows_eventchannel"
          },
          "input": {
            "type": "log"
          },
          "@timestamp": "2024-07-12T09:59:05.326Z",
          "location": "EventChannel",
          "id": "1720778345.102456657",
          "timestamp": "2024-07-12T11:59:05.326+0200"
        }
      },
      {
        "_index": "wazuh-alerts-4.x-2024.07.12",
        "_id": "pbNhppABLu9BFc0M0Ttk",
        "_score": 2.0,
        "_source": {
          "agent": {
            "ip": "134.23.3.15",
            "name": "hq05",
            "id": "019"
          },
          "manager": {
            "name": "wazuh"
          },
          "data": {
            "win": {
              "eventdata": {
                "image": "c:\\\\temp\\\\l_test.exe",
                "processGuid": "{0d6bea7f-fe68-6690-cd07-000000001800}",
                "processId": "3472",
                "utcTime": "2024-07-12 09:59:04.290",
                "targetFilename": "C:\\\\Windows\\\\Temp\\\\_MEI34722\\\\api-ms-win-core-processenvironment-l1-1-0.dll",
                "ruleName": "DLL",
                "creationUtcTime": "2024-07-12 09:59:04.290",
                "user": "NT AUTHORITY\\\\SYSTEM"
              },
              "system": {
                "eventID": "11",
                "keywords": "0x8000000000000000",
                "providerGuid": "{5770385f-c22a-43e0-bf4c-06f5698ffbd9}",
                "level": "4",
                "channel": "Microsoft-Windows-Sysmon/Operational",
                "opcode": "0",
                "message": "\"File created:\r\nRuleName: DLL\r\nUtcTime: 2024-07-12 09:59:04.290\r\nProcessGuid: {0d6bea7f-fe68-6690-cd07-000000001800}\r\nProcessId: 3472\r\nImage: c:\\temp\\l_test.exe\r\nTargetFilename: C:\\Windows\\Temp\\_MEI34722\\api-ms-win-core-processenvironment-l1-1-0.dll\r\nCreationUtcTime: 2024-07-12 09:59:04.290\r\nUser: NT AUTHORITY\\SYSTEM\"",
                "version": "2",
                "systemTime": "2024-07-12T09:59:04.3011799Z",
                "eventRecordID": "3520",
                "threadID": "3536",
                "computer": "hq05.office.tyrdemo.se",
                "task": "11",
                "processID": "3088",
                "severityValue": "INFORMATION",
                "providerName": "Microsoft-Windows-Sysmon"
              }
            }
          },
          "rule": {
            "firedtimes": 245,
            "mail": true,
            "level": 13,
            "description": "Unsigned Binary Loaded From Suspicious Location",
            "groups": [
              "sigma"
            ],
            "id": "900228"
          },
          "decoder": {
            "name": "windows_eventchannel"
          },
          "input": {
            "type": "log"
          },
          "@timestamp": "2024-07-12T09:59:05.357Z",
          "location": "EventChannel",
          "id": "1720778345.102461789",
          "timestamp": "2024-07-12T11:59:05.357+0200"
        }
      },
      {
        "_index": "wazuh-alerts-4.x-2024.07.12",
        "_id": "p7NhppABLu9BFc0M0Ttk",
        "_score": 2.0,
        "_source": {
          "agent": {
            "ip": "134.23.3.15",
            "name": "hq05",
            "id": "019"
          },
          "manager": {
            "name": "wazuh"
          },
          "data": {
            "win": {
              "eventdata": {
                "image": "c:\\\\temp\\\\l_test.exe",
                "processGuid": "{0d6bea7f-fe68-6690-cd07-000000001800}",
                "processId": "3472",
                "utcTime": "2024-07-12 09:59:04.290",
                "targetFilename": "C:\\\\Windows\\\\Temp\\\\_MEI34722\\\\api-ms-win-core-processthreads-l1-1-1.dll",
                "ruleName": "DLL",
                "creationUtcTime": "2024-07-12 09:59:04.290",
                "user": "NT AUTHORITY\\\\SYSTEM"
              },
              "system": {
                "eventID": "11",
                "keywords": "0x8000000000000000",
                "providerGuid": "{5770385f-c22a-43e0-bf4c-06f5698ffbd9}",
                "level": "4",
                "channel": "Microsoft-Windows-Sysmon/Operational",
                "opcode": "0",
                "message": "\"File created:\r\nRuleName: DLL\r\nUtcTime: 2024-07-12 09:59:04.290\r\nProcessGuid: {0d6bea7f-fe68-6690-cd07-000000001800}\r\nProcessId: 3472\r\nImage: c:\\temp\\l_test.exe\r\nTargetFilename: C:\\Windows\\Temp\\_MEI34722\\api-ms-win-core-processthreads-l1-1-1.dll\r\nCreationUtcTime: 2024-07-12 09:59:04.290\r\nUser: NT AUTHORITY\\SYSTEM\"",
                "version": "2",
                "systemTime": "2024-07-12T09:59:04.3021589Z",
                "eventRecordID": "3522",
                "threadID": "3536",
                "computer": "hq05.office.tyrdemo.se",
                "task": "11",
                "processID": "3088",
                "severityValue": "INFORMATION",
                "providerName": "Microsoft-Windows-Sysmon"
              }
            }
          },
          "rule": {
            "firedtimes": 247,
            "mail": true,
            "level": 13,
            "description": "Unsigned Binary Loaded From Suspicious Location",
            "groups": [
              "sigma"
            ],
            "id": "900228"
          },
          "decoder": {
            "name": "windows_eventchannel"
          },
          "input": {
            "type": "log"
          },
          "@timestamp": "2024-07-12T09:59:05.388Z",
          "location": "EventChannel",
          "id": "1720778345.102466989",
          "timestamp": "2024-07-12T11:59:05.388+0200"
        }
      },
      {
        "_index": "wazuh-alerts-4.x-2024.07.12",
        "_id": "qLNhppABLu9BFc0M0Ttk",
        "_score": 2.0,
        "_source": {
          "agent": {
            "ip": "134.23.3.15",
            "name": "hq05",
            "id": "019"
          },
          "manager": {
            "name": "wazuh"
          },
          "data": {
            "win": {
              "eventdata": {
                "image": "c:\\\\temp\\\\l_test.exe",
                "processGuid": "{0d6bea7f-fe68-6690-cd07-000000001800}",
                "processId": "3472",
                "utcTime": "2024-07-12 09:59:04.290",
                "targetFilename": "C:\\\\Windows\\\\Temp\\\\_MEI34722\\\\api-ms-win-core-profile-l1-1-0.dll",
                "ruleName": "DLL",
                "creationUtcTime": "2024-07-12 09:59:04.290",
                "user": "NT AUTHORITY\\\\SYSTEM"
              },
              "system": {
                "eventID": "11",
                "keywords": "0x8000000000000000",
                "providerGuid": "{5770385f-c22a-43e0-bf4c-06f5698ffbd9}",
                "level": "4",
                "channel": "Microsoft-Windows-Sysmon/Operational",
                "opcode": "0",
                "message": "\"File created:\r\nRuleName: DLL\r\nUtcTime: 2024-07-12 09:59:04.290\r\nProcessGuid: {0d6bea7f-fe68-6690-cd07-000000001800}\r\nProcessId: 3472\r\nImage: c:\\temp\\l_test.exe\r\nTargetFilename: C:\\Windows\\Temp\\_MEI34722\\api-ms-win-core-profile-l1-1-0.dll\r\nCreationUtcTime: 2024-07-12 09:59:04.290\r\nUser: NT AUTHORITY\\SYSTEM\"",
                "version": "2",
                "systemTime": "2024-07-12T09:59:04.3024891Z",
                "eventRecordID": "3523",
                "threadID": "3536",
                "computer": "hq05.office.tyrdemo.se",
                "task": "11",
                "processID": "3088",
                "severityValue": "INFORMATION",
                "providerName": "Microsoft-Windows-Sysmon"
              }
            }
          },
          "rule": {
            "firedtimes": 248,
            "mail": true,
            "level": 13,
            "description": "Unsigned Binary Loaded From Suspicious Location",
            "groups": [
              "sigma"
            ],
            "id": "900228"
          },
          "decoder": {
            "name": "windows_eventchannel"
          },
          "input": {
            "type": "log"
          },
          "@timestamp": "2024-07-12T09:59:05.404Z",
          "location": "EventChannel",
          "id": "1720778345.102469581",
          "timestamp": "2024-07-12T11:59:05.404+0200"
        }
      },
      {
        "_index": "wazuh-alerts-4.x-2024.07.12",
        "_id": "qbNhppABLu9BFc0M0Ttk",
        "_score": 2.0,
        "_source": {
          "agent": {
            "ip": "134.23.3.15",
            "name": "hq05",
            "id": "019"
          },
          "manager": {
            "name": "wazuh"
          },
          "data": {
            "win": {
              "eventdata": {
                "image": "c:\\\\temp\\\\l_test.exe",
                "processGuid": "{0d6bea7f-fe68-6690-cd07-000000001800}",
                "processId": "3472",
                "utcTime": "2024-07-12 09:59:04.290",
                "targetFilename": "C:\\\\Windows\\\\Temp\\\\_MEI34722\\\\api-ms-win-core-rtlsupport-l1-1-0.dll",
                "ruleName": "DLL",
                "creationUtcTime": "2024-07-12 09:59:04.290",
                "user": "NT AUTHORITY\\\\SYSTEM"
              },
              "system": {
                "eventID": "11",
                "keywords": "0x8000000000000000",
                "providerGuid": "{5770385f-c22a-43e0-bf4c-06f5698ffbd9}",
                "level": "4",
                "channel": "Microsoft-Windows-Sysmon/Operational",
                "opcode": "0",
                "message": "\"File created:\r\nRuleName: DLL\r\nUtcTime: 2024-07-12 09:59:04.290\r\nProcessGuid: {0d6bea7f-fe68-6690-cd07-000000001800}\r\nProcessId: 3472\r\nImage: c:\\temp\\l_test.exe\r\nTargetFilename: C:\\Windows\\Temp\\_MEI34722\\api-ms-win-core-rtlsupport-l1-1-0.dll\r\nCreationUtcTime: 2024-07-12 09:59:04.290\r\nUser: NT AUTHORITY\\SYSTEM\"",
                "version": "2",
                "systemTime": "2024-07-12T09:59:04.3028337Z",
                "eventRecordID": "3524",
                "threadID": "3536",
                "computer": "hq05.office.tyrdemo.se",
                "task": "11",
                "processID": "3088",
                "severityValue": "INFORMATION",
                "providerName": "Microsoft-Windows-Sysmon"
              }
            }
          },
          "rule": {
            "firedtimes": 249,
            "mail": true,
            "level": 13,
            "description": "Unsigned Binary Loaded From Suspicious Location",
            "groups": [
              "sigma"
            ],
            "id": "900228"
          },
          "decoder": {
            "name": "windows_eventchannel"
          },
          "input": {
            "type": "log"
          },
          "@timestamp": "2024-07-12T09:59:05.420Z",
          "location": "EventChannel",
          "id": "1720778345.102472145",
          "timestamp": "2024-07-12T11:59:05.420+0200"
        }
      },
      {
        "_index": "wazuh-alerts-4.x-2024.07.12",
        "_id": "qrNhppABLu9BFc0M0Ttk",
        "_score": 2.0,
        "_source": {
          "agent": {
            "ip": "134.23.3.15",
            "name": "hq05",
            "id": "019"
          },
          "manager": {
            "name": "wazuh"
          },
          "data": {
            "win": {
              "eventdata": {
                "image": "c:\\\\temp\\\\l_test.exe",
                "processGuid": "{0d6bea7f-fe68-6690-cd07-000000001800}",
                "processId": "3472",
                "utcTime": "2024-07-12 09:59:04.290",
                "targetFilename": "C:\\\\Windows\\\\Temp\\\\_MEI34722\\\\api-ms-win-core-synch-l1-1-0.dll",
                "ruleName": "DLL",
                "creationUtcTime": "2024-07-12 09:59:04.290",
                "user": "NT AUTHORITY\\\\SYSTEM"
              },
              "system": {
                "eventID": "11",
                "keywords": "0x8000000000000000",
                "providerGuid": "{5770385f-c22a-43e0-bf4c-06f5698ffbd9}",
                "level": "4",
                "channel": "Microsoft-Windows-Sysmon/Operational",
                "opcode": "0",
                "message": "\"File created:\r\nRuleName: DLL\r\nUtcTime: 2024-07-12 09:59:04.290\r\nProcessGuid: {0d6bea7f-fe68-6690-cd07-000000001800}\r\nProcessId: 3472\r\nImage: c:\\temp\\l_test.exe\r\nTargetFilename: C:\\Windows\\Temp\\_MEI34722\\api-ms-win-core-synch-l1-1-0.dll\r\nCreationUtcTime: 2024-07-12 09:59:04.290\r\nUser: NT AUTHORITY\\SYSTEM\"",
                "version": "2",
                "systemTime": "2024-07-12T09:59:04.3034890Z",
                "eventRecordID": "3526",
                "threadID": "3536",
                "computer": "hq05.office.tyrdemo.se",
                "task": "11",
                "processID": "3088",
                "severityValue": "INFORMATION",
                "providerName": "Microsoft-Windows-Sysmon"
              }
            }
          },
          "rule": {
            "firedtimes": 250,
            "mail": true,
            "level": 13,
            "description": "Unsigned Binary Loaded From Suspicious Location",
            "groups": [
              "sigma"
            ],
            "id": "900228"
          },
          "decoder": {
            "name": "windows_eventchannel"
          },
          "input": {
            "type": "log"
          },
          "@timestamp": "2024-07-12T09:59:05.453Z",
          "location": "EventChannel",
          "id": "1720778345.102474721",
          "timestamp": "2024-07-12T11:59:05.453+0200"
        }
      },
      {
        "_index": "wazuh-alerts-4.x-2024.07.12",
        "_id": "rLNhppABLu9BFc0M0Ttk",
        "_score": 2.0,
        "_source": {
          "agent": {
            "ip": "134.23.3.15",
            "name": "hq05",
            "id": "019"
          },
          "manager": {
            "name": "wazuh"
          },
          "data": {
            "win": {
              "eventdata": {
                "image": "c:\\\\temp\\\\l_test.exe",
                "processGuid": "{0d6bea7f-fe68-6690-cd07-000000001800}",
                "processId": "3472",
                "utcTime": "2024-07-12 09:59:04.290",
                "targetFilename": "C:\\\\Windows\\\\Temp\\\\_MEI34722\\\\api-ms-win-core-synch-l1-2-0.dll",
                "ruleName": "DLL",
                "creationUtcTime": "2024-07-12 09:59:04.290",
                "user": "NT AUTHORITY\\\\SYSTEM"
              },
              "system": {
                "eventID": "11",
                "keywords": "0x8000000000000000",
                "providerGuid": "{5770385f-c22a-43e0-bf4c-06f5698ffbd9}",
                "level": "4",
                "channel": "Microsoft-Windows-Sysmon/Operational",
                "opcode": "0",
                "message": "\"File created:\r\nRuleName: DLL\r\nUtcTime: 2024-07-12 09:59:04.290\r\nProcessGuid: {0d6bea7f-fe68-6690-cd07-000000001800}\r\nProcessId: 3472\r\nImage: c:\\temp\\l_test.exe\r\nTargetFilename: C:\\Windows\\Temp\\_MEI34722\\api-ms-win-core-synch-l1-2-0.dll\r\nCreationUtcTime: 2024-07-12 09:59:04.290\r\nUser: NT AUTHORITY\\SYSTEM\"",
                "version": "2",
                "systemTime": "2024-07-12T09:59:04.3038272Z",
                "eventRecordID": "3527",
                "threadID": "3536",
                "computer": "hq05.office.tyrdemo.se",
                "task": "11",
                "processID": "3088",
                "severityValue": "INFORMATION",
                "providerName": "Microsoft-Windows-Sysmon"
              }
            }
          },
          "rule": {
            "firedtimes": 252,
            "mail": true,
            "level": 13,
            "description": "Unsigned Binary Loaded From Suspicious Location",
            "groups": [
              "sigma"
            ],
            "id": "900228"
          },
          "decoder": {
            "name": "windows_eventchannel"
          },
          "input": {
            "type": "log"
          },
          "@timestamp": "2024-07-12T09:59:05.483Z",
          "location": "EventChannel",
          "id": "1720778345.102479837",
          "timestamp": "2024-07-12T11:59:05.483+0200"
        }
      },
      {
        "_index": "wazuh-alerts-4.x-2024.07.12",
        "_id": "rbNhppABLu9BFc0M0Ttk",
        "_score": 2.0,
        "_source": {
          "agent": {
            "ip": "134.23.3.15",
            "name": "hq05",
            "id": "019"
          },
          "manager": {
            "name": "wazuh"
          },
          "data": {
            "win": {
              "eventdata": {
                "image": "c:\\\\temp\\\\l_test.exe",
                "processGuid": "{0d6bea7f-fe68-6690-cd07-000000001800}",
                "processId": "3472",
                "utcTime": "2024-07-12 09:59:04.290",
                "targetFilename": "C:\\\\Windows\\\\Temp\\\\_MEI34722\\\\api-ms-win-core-sysinfo-l1-1-0.dll",
                "ruleName": "DLL",
                "creationUtcTime": "2024-07-12 09:59:04.290",
                "user": "NT AUTHORITY\\\\SYSTEM"
              },
              "system": {
                "eventID": "11",
                "keywords": "0x8000000000000000",
                "providerGuid": "{5770385f-c22a-43e0-bf4c-06f5698ffbd9}",
                "level": "4",
                "channel": "Microsoft-Windows-Sysmon/Operational",
                "opcode": "0",
                "message": "\"File created:\r\nRuleName: DLL\r\nUtcTime: 2024-07-12 09:59:04.290\r\nProcessGuid: {0d6bea7f-fe68-6690-cd07-000000001800}\r\nProcessId: 3472\r\nImage: c:\\temp\\l_test.exe\r\nTargetFilename: C:\\Windows\\Temp\\_MEI34722\\api-ms-win-core-sysinfo-l1-1-0.dll\r\nCreationUtcTime: 2024-07-12 09:59:04.290\r\nUser: NT AUTHORITY\\SYSTEM\"",
                "version": "2",
                "systemTime": "2024-07-12T09:59:04.3041646Z",
                "eventRecordID": "3528",
                "threadID": "3536",
                "computer": "hq05.office.tyrdemo.se",
                "task": "11",
                "processID": "3088",
                "severityValue": "INFORMATION",
                "providerName": "Microsoft-Windows-Sysmon"
              }
            }
          },
          "rule": {
            "firedtimes": 253,
            "mail": true,
            "level": 13,
            "description": "Unsigned Binary Loaded From Suspicious Location",
            "groups": [
              "sigma"
            ],
            "id": "900228"
          },
          "decoder": {
            "name": "windows_eventchannel"
          },
          "input": {
            "type": "log"
          },
          "@timestamp": "2024-07-12T09:59:05.513Z",
          "location": "EventChannel",
          "id": "1720778345.102482393",
          "timestamp": "2024-07-12T11:59:05.513+0200"
        }
      },
      {
        "_index": "wazuh-alerts-4.x-2024.07.12",
        "_id": "sbNhppABLu9BFc0M0Ttk",
        "_score": 2.0,
        "_source": {
          "agent": {
            "ip": "134.23.3.15",
            "name": "hq05",
            "id": "019"
          },
          "manager": {
            "name": "wazuh"
          },
          "data": {
            "win": {
              "eventdata": {
                "image": "c:\\\\temp\\\\l_test.exe",
                "processGuid": "{0d6bea7f-fe68-6690-cd07-000000001800}",
                "processId": "3472",
                "utcTime": "2024-07-12 09:59:04.290",
                "targetFilename": "C:\\\\Windows\\\\Temp\\\\_MEI34722\\\\api-ms-win-crt-conio-l1-1-0.dll",
                "ruleName": "DLL",
                "creationUtcTime": "2024-07-12 09:59:04.290",
                "user": "NT AUTHORITY\\\\SYSTEM"
              },
              "system": {
                "eventID": "11",
                "keywords": "0x8000000000000000",
                "providerGuid": "{5770385f-c22a-43e0-bf4c-06f5698ffbd9}",
                "level": "4",
                "channel": "Microsoft-Windows-Sysmon/Operational",
                "opcode": "0",
                "message": "\"File created:\r\nRuleName: DLL\r\nUtcTime: 2024-07-12 09:59:04.290\r\nProcessGuid: {0d6bea7f-fe68-6690-cd07-000000001800}\r\nProcessId: 3472\r\nImage: c:\\temp\\l_test.exe\r\nTargetFilename: C:\\Windows\\Temp\\_MEI34722\\api-ms-win-crt-conio-l1-1-0.dll\r\nCreationUtcTime: 2024-07-12 09:59:04.290\r\nUser: NT AUTHORITY\\SYSTEM\"",
                "version": "2",
                "systemTime": "2024-07-12T09:59:04.3051679Z",
                "eventRecordID": "3531",
                "threadID": "3536",
                "computer": "hq05.office.tyrdemo.se",
                "task": "11",
                "processID": "3088",
                "severityValue": "INFORMATION",
                "providerName": "Microsoft-Windows-Sysmon"
              }
            }
          },
          "rule": {
            "firedtimes": 257,
            "mail": true,
            "level": 13,
            "description": "Unsigned Binary Loaded From Suspicious Location",
            "groups": [
              "sigma"
            ],
            "id": "900228"
          },
          "decoder": {
            "name": "windows_eventchannel"
          },
          "input": {
            "type": "log"
          },
          "@timestamp": "2024-07-12T09:59:05.561Z",
          "location": "EventChannel",
          "id": "1720778345.102492637",
          "timestamp": "2024-07-12T11:59:05.561+0200"
        }
      },
      {
        "_index": "wazuh-alerts-4.x-2024.07.12",
        "_id": "srNhppABLu9BFc0M0Ttk",
        "_score": 2.0,
        "_source": {
          "agent": {
            "ip": "134.23.3.15",
            "name": "hq05",
            "id": "019"
          },
          "manager": {
            "name": "wazuh"
          },
          "data": {
            "win": {
              "eventdata": {
                "image": "c:\\\\temp\\\\l_test.exe",
                "processGuid": "{0d6bea7f-fe68-6690-cd07-000000001800}",
                "processId": "3472",
                "utcTime": "2024-07-12 09:59:04.305",
                "targetFilename": "C:\\\\Windows\\\\Temp\\\\_MEI34722\\\\api-ms-win-crt-environment-l1-1-0.dll",
                "ruleName": "DLL",
                "creationUtcTime": "2024-07-12 09:59:04.305",
                "user": "NT AUTHORITY\\\\SYSTEM"
              },
              "system": {
                "eventID": "11",
                "keywords": "0x8000000000000000",
                "providerGuid": "{5770385f-c22a-43e0-bf4c-06f5698ffbd9}",
                "level": "4",
                "channel": "Microsoft-Windows-Sysmon/Operational",
                "opcode": "0",
                "message": "\"File created:\r\nRuleName: DLL\r\nUtcTime: 2024-07-12 09:59:04.305\r\nProcessGuid: {0d6bea7f-fe68-6690-cd07-000000001800}\r\nProcessId: 3472\r\nImage: c:\\temp\\l_test.exe\r\nTargetFilename: C:\\Windows\\Temp\\_MEI34722\\api-ms-win-crt-environment-l1-1-0.dll\r\nCreationUtcTime: 2024-07-12 09:59:04.305\r\nUser: NT AUTHORITY\\SYSTEM\"",
                "version": "2",
                "systemTime": "2024-07-12T09:59:04.3058784Z",
                "eventRecordID": "3533",
                "threadID": "3536",
                "computer": "hq05.office.tyrdemo.se",
                "task": "11",
                "processID": "3088",
                "severityValue": "INFORMATION",
                "providerName": "Microsoft-Windows-Sysmon"
              }
            }
          },
          "rule": {
            "firedtimes": 258,
            "mail": true,
            "level": 13,
            "description": "Unsigned Binary Loaded From Suspicious Location",
            "groups": [
              "sigma"
            ],
            "id": "900228"
          },
          "decoder": {
            "name": "windows_eventchannel"
          },
          "input": {
            "type": "log"
          },
          "@timestamp": "2024-07-12T09:59:05.576Z",
          "location": "EventChannel",
          "id": "1720778345.102495189",
          "timestamp": "2024-07-12T11:59:05.576+0200"
        }
      },
      {
        "_index": "wazuh-alerts-4.x-2024.07.12",
        "_id": "tLNhppABLu9BFc0M0Ttk",
        "_score": 2.0,
        "_source": {
          "agent": {
            "ip": "134.23.3.15",
            "name": "hq05",
            "id": "019"
          },
          "manager": {
            "name": "wazuh"
          },
          "data": {
            "win": {
              "eventdata": {
                "image": "c:\\\\temp\\\\l_test.exe",
                "processGuid": "{0d6bea7f-fe68-6690-cd07-000000001800}",
                "processId": "3472",
                "utcTime": "2024-07-12 09:59:04.305",
                "targetFilename": "C:\\\\Windows\\\\Temp\\\\_MEI34722\\\\api-ms-win-crt-heap-l1-1-0.dll",
                "ruleName": "DLL",
                "creationUtcTime": "2024-07-12 09:59:04.305",
                "user": "NT AUTHORITY\\\\SYSTEM"
              },
              "system": {
                "eventID": "11",
                "keywords": "0x8000000000000000",
                "providerGuid": "{5770385f-c22a-43e0-bf4c-06f5698ffbd9}",
                "level": "4",
                "channel": "Microsoft-Windows-Sysmon/Operational",
                "opcode": "0",
                "message": "\"File created:\r\nRuleName: DLL\r\nUtcTime: 2024-07-12 09:59:04.305\r\nProcessGuid: {0d6bea7f-fe68-6690-cd07-000000001800}\r\nProcessId: 3472\r\nImage: c:\\temp\\l_test.exe\r\nTargetFilename: C:\\Windows\\Temp\\_MEI34722\\api-ms-win-crt-heap-l1-1-0.dll\r\nCreationUtcTime: 2024-07-12 09:59:04.305\r\nUser: NT AUTHORITY\\SYSTEM\"",
                "version": "2",
                "systemTime": "2024-07-12T09:59:04.3069062Z",
                "eventRecordID": "3535",
                "threadID": "3536",
                "computer": "hq05.office.tyrdemo.se",
                "task": "11",
                "processID": "3088",
                "severityValue": "INFORMATION",
                "providerName": "Microsoft-Windows-Sysmon"
              }
            }
          },
          "rule": {
            "firedtimes": 260,
            "mail": true,
            "level": 13,
            "description": "Unsigned Binary Loaded From Suspicious Location",
            "groups": [
              "sigma"
            ],
            "id": "900228"
          },
          "decoder": {
            "name": "windows_eventchannel"
          },
          "input": {
            "type": "log"
          },
          "@timestamp": "2024-07-12T09:59:05.608Z",
          "location": "EventChannel",
          "id": "1720778345.102500337",
          "timestamp": "2024-07-12T11:59:05.608+0200"
        }
      },
