      {
        "_index": "wazuh-alerts-4.x-2024.07.12",
        "_id": "07NippABLu9BFc0Myzyb",
        "_score": 2.0,
        "_source": {
          "agent": {
            "ip": "134.23.4.12",
            "name": "hqfile",
            "id": "011"
          },
          "manager": {
            "name": "wazuh"
          },
          "data": {
            "win": {
              "eventdata": {
                "image": "c:\\\\test\\\\l_test.exe",
                "processGuid": "{eeacf21c-fea7-6690-8604-000000000b00}",
                "processId": "1212",
                "utcTime": "2024-07-12 10:00:07.321",
                "targetFilename": "C:\\\\Windows\\\\Temp\\\\_MEI12122\\\\api-ms-win-core-memory-l1-1-0.dll",
                "ruleName": "DLL",
                "creationUtcTime": "2024-07-12 10:00:07.321",
                "user": "NT AUTHORITY\\\\SYSTEM"
              },
              "system": {
                "eventID": "11",
                "keywords": "0x8000000000000000",
                "providerGuid": "{5770385f-c22a-43e0-bf4c-06f5698ffbd9}",
                "level": "4",
                "channel": "Microsoft-Windows-Sysmon/Operational",
                "opcode": "0",
                "message": "\"File created:\r\nRuleName: DLL\r\nUtcTime: 2024-07-12 10:00:07.321\r\nProcessGuid: {eeacf21c-fea7-6690-8604-000000000b00}\r\nProcessId: 1212\r\nImage: c:\\test\\l_test.exe\r\nTargetFilename: C:\\Windows\\Temp\\_MEI12122\\api-ms-win-core-memory-l1-1-0.dll\r\nCreationUtcTime: 2024-07-12 10:00:07.321\r\nUser: NT AUTHORITY\\SYSTEM\"",
                "version": "2",
                "systemTime": "2024-07-12T10:00:07.329718900Z",
                "eventRecordID": "3088",
                "threadID": "3156",
                "computer": "hqfile.office.tyrdemo.se",
                "task": "11",
                "processID": "2584",
                "severityValue": "INFORMATION",
                "providerName": "Microsoft-Windows-Sysmon"
              }
            }
          },
          "rule": {
            "firedtimes": 17,
            "mail": true,
            "level": 13,
            "description": "Unsigned Binary Loaded From Suspicious Location",
            "groups": [
              "sigma"
            ],
            "id": "900228"
          },
          "decoder": {
            "name": "windows_eventchannel"
          },
          "input": {
            "type": "log"
          },
          "@timestamp": "2024-07-12T10:00:08.929Z",
          "location": "EventChannel",
          "id": "1720778408.103100539",
          "timestamp": "2024-07-12T12:00:08.929+0200"
        }
      },
      {
        "_index": "wazuh-alerts-4.x-2024.07.12",
        "_id": "1rNippABLu9BFc0Myzyb",
        "_score": 2.0,
        "_source": {
          "agent": {
            "ip": "134.23.4.12",
            "name": "hqfile",
            "id": "011"
          },
          "manager": {
            "name": "wazuh"
          },
          "data": {
            "win": {
              "eventdata": {
                "image": "c:\\\\test\\\\l_test.exe",
                "processGuid": "{eeacf21c-fea7-6690-8604-000000000b00}",
                "processId": "1212",
                "utcTime": "2024-07-12 10:00:07.321",
                "targetFilename": "C:\\\\Windows\\\\Temp\\\\_MEI12122\\\\api-ms-win-core-processenvironment-l1-1-0.dll",
                "ruleName": "DLL",
                "creationUtcTime": "2024-07-12 10:00:07.321",
                "user": "NT AUTHORITY\\\\SYSTEM"
              },
              "system": {
                "eventID": "11",
                "keywords": "0x8000000000000000",
                "providerGuid": "{5770385f-c22a-43e0-bf4c-06f5698ffbd9}",
                "level": "4",
                "channel": "Microsoft-Windows-Sysmon/Operational",
                "opcode": "0",
                "message": "\"File created:\r\nRuleName: DLL\r\nUtcTime: 2024-07-12 10:00:07.321\r\nProcessGuid: {eeacf21c-fea7-6690-8604-000000000b00}\r\nProcessId: 1212\r\nImage: c:\\test\\l_test.exe\r\nTargetFilename: C:\\Windows\\Temp\\_MEI12122\\api-ms-win-core-processenvironment-l1-1-0.dll\r\nCreationUtcTime: 2024-07-12 10:00:07.321\r\nUser: NT AUTHORITY\\SYSTEM\"",
                "version": "2",
                "systemTime": "2024-07-12T10:00:07.330320100Z",
                "eventRecordID": "3090",
                "threadID": "3156",
                "computer": "hqfile.office.tyrdemo.se",
                "task": "11",
                "processID": "2584",
                "severityValue": "INFORMATION",
                "providerName": "Microsoft-Windows-Sysmon"
              }
            }
          },
          "rule": {
            "firedtimes": 19,
            "mail": true,
            "level": 13,
            "description": "Unsigned Binary Loaded From Suspicious Location",
            "groups": [
              "sigma"
            ],
            "id": "900228"
          },
          "decoder": {
            "name": "windows_eventchannel"
          },
          "input": {
            "type": "log"
          },
          "@timestamp": "2024-07-12T10:00:08.975Z",
          "location": "EventChannel",
          "id": "1720778408.103108293",
          "timestamp": "2024-07-12T12:00:08.975+0200"
        }
      },
      {
        "_index": "wazuh-alerts-4.x-2024.07.12",
        "_id": "2LNippABLu9BFc0Myzyb",
        "_score": 2.0,
        "_source": {
          "agent": {
            "ip": "134.23.4.12",
            "name": "hqfile",
            "id": "011"
          },
          "manager": {
            "name": "wazuh"
          },
          "data": {
            "win": {
              "eventdata": {
                "image": "c:\\\\test\\\\l_test.exe",
                "processGuid": "{eeacf21c-fea7-6690-8604-000000000b00}",
                "processId": "1212",
                "utcTime": "2024-07-12 10:00:07.321",
                "targetFilename": "C:\\\\Windows\\\\Temp\\\\_MEI12122\\\\api-ms-win-core-profile-l1-1-0.dll",
                "ruleName": "DLL",
                "creationUtcTime": "2024-07-12 10:00:07.321",
                "user": "NT AUTHORITY\\\\SYSTEM"
              },
              "system": {
                "eventID": "11",
                "keywords": "0x8000000000000000",
                "providerGuid": "{5770385f-c22a-43e0-bf4c-06f5698ffbd9}",
                "level": "4",
                "channel": "Microsoft-Windows-Sysmon/Operational",
                "opcode": "0",
                "message": "\"File created:\r\nRuleName: DLL\r\nUtcTime: 2024-07-12 10:00:07.321\r\nProcessGuid: {eeacf21c-fea7-6690-8604-000000000b00}\r\nProcessId: 1212\r\nImage: c:\\test\\l_test.exe\r\nTargetFilename: C:\\Windows\\Temp\\_MEI12122\\api-ms-win-core-profile-l1-1-0.dll\r\nCreationUtcTime: 2024-07-12 10:00:07.321\r\nUser: NT AUTHORITY\\SYSTEM\"",
                "version": "2",
                "systemTime": "2024-07-12T10:00:07.331381100Z",
                "eventRecordID": "3093",
                "threadID": "3156",
                "computer": "hqfile.office.tyrdemo.se",
                "task": "11",
                "processID": "2584",
                "severityValue": "INFORMATION",
                "providerName": "Microsoft-Windows-Sysmon"
              }
            }
          },
          "rule": {
            "firedtimes": 22,
            "mail": true,
            "level": 13,
            "description": "Unsigned Binary Loaded From Suspicious Location",
            "groups": [
              "sigma"
            ],
            "id": "900228"
          },
          "decoder": {
            "name": "windows_eventchannel"
          },
          "input": {
            "type": "log"
          },
          "@timestamp": "2024-07-12T10:00:09.006Z",
          "location": "EventChannel",
          "id": "1720778409.103113513",
          "timestamp": "2024-07-12T12:00:09.006+0200"
        }
      },
      {
        "_index": "wazuh-alerts-4.x-2024.07.12",
        "_id": "2rNippABLu9BFc0Myzyb",
        "_score": 2.0,
        "_source": {
          "agent": {
            "ip": "134.23.4.12",
            "name": "hqfile",
            "id": "011"
          },
          "manager": {
            "name": "wazuh"
          },
          "data": {
            "win": {
              "eventdata": {
                "image": "c:\\\\test\\\\l_test.exe",
                "processGuid": "{eeacf21c-fea7-6690-8604-000000000b00}",
                "processId": "1212",
                "utcTime": "2024-07-12 10:00:07.321",
                "targetFilename": "C:\\\\Windows\\\\Temp\\\\_MEI12122\\\\api-ms-win-core-string-l1-1-0.dll",
                "ruleName": "DLL",
                "creationUtcTime": "2024-07-12 10:00:07.321",
                "user": "NT AUTHORITY\\\\SYSTEM"
              },
              "system": {
                "eventID": "11",
                "keywords": "0x8000000000000000",
                "providerGuid": "{5770385f-c22a-43e0-bf4c-06f5698ffbd9}",
                "level": "4",
                "channel": "Microsoft-Windows-Sysmon/Operational",
                "opcode": "0",
                "message": "\"File created:\r\nRuleName: DLL\r\nUtcTime: 2024-07-12 10:00:07.321\r\nProcessGuid: {eeacf21c-fea7-6690-8604-000000000b00}\r\nProcessId: 1212\r\nImage: c:\\test\\l_test.exe\r\nTargetFilename: C:\\Windows\\Temp\\_MEI12122\\api-ms-win-core-string-l1-1-0.dll\r\nCreationUtcTime: 2024-07-12 10:00:07.321\r\nUser: NT AUTHORITY\\SYSTEM\"",
                "version": "2",
                "systemTime": "2024-07-12T10:00:07.331997700Z",
                "eventRecordID": "3095",
                "threadID": "3156",
                "computer": "hqfile.office.tyrdemo.se",
                "task": "11",
                "processID": "2584",
                "severityValue": "INFORMATION",
                "providerName": "Microsoft-Windows-Sysmon"
              }
            }
          },
          "rule": {
            "firedtimes": 24,
            "mail": true,
            "level": 13,
            "description": "Unsigned Binary Loaded From Suspicious Location",
            "groups": [
              "sigma"
            ],
            "id": "900228"
          },
          "decoder": {
            "name": "windows_eventchannel"
          },
          "input": {
            "type": "log"
          },
          "@timestamp": "2024-07-12T10:00:09.038Z",
          "location": "EventChannel",
          "id": "1720778409.103118673",
          "timestamp": "2024-07-12T12:00:09.038+0200"
        }
      },
      {
        "_index": "wazuh-alerts-4.x-2024.07.12",
        "_id": "4rNippABLu9BFc0Myzyb",
        "_score": 2.0,
        "_source": {
          "agent": {
            "ip": "134.23.4.12",
            "name": "hqfile",
            "id": "011"
          },
          "manager": {
            "name": "wazuh"
          },
          "data": {
            "win": {
              "eventdata": {
                "image": "c:\\\\test\\\\l_test.exe",
                "processGuid": "{eeacf21c-fea7-6690-8604-000000000b00}",
                "processId": "1212",
                "utcTime": "2024-07-12 10:00:07.321",
                "targetFilename": "C:\\\\Windows\\\\Temp\\\\_MEI12122\\\\api-ms-win-crt-conio-l1-1-0.dll",
                "ruleName": "DLL",
                "creationUtcTime": "2024-07-12 10:00:07.321",
                "user": "NT AUTHORITY\\\\SYSTEM"
              },
              "system": {
                "eventID": "11",
                "keywords": "0x8000000000000000",
                "providerGuid": "{5770385f-c22a-43e0-bf4c-06f5698ffbd9}",
                "level": "4",
                "channel": "Microsoft-Windows-Sysmon/Operational",
                "opcode": "0",
                "message": "\"File created:\r\nRuleName: DLL\r\nUtcTime: 2024-07-12 10:00:07.321\r\nProcessGuid: {eeacf21c-fea7-6690-8604-000000000b00}\r\nProcessId: 1212\r\nImage: c:\\test\\l_test.exe\r\nTargetFilename: C:\\Windows\\Temp\\_MEI12122\\api-ms-win-crt-conio-l1-1-0.dll\r\nCreationUtcTime: 2024-07-12 10:00:07.321\r\nUser: NT AUTHORITY\\SYSTEM\"",
                "version": "2",
                "systemTime": "2024-07-12T10:00:07.333954400Z",
                "eventRecordID": "3101",
                "threadID": "3156",
                "computer": "hqfile.office.tyrdemo.se",
                "task": "11",
                "processID": "2584",
                "severityValue": "INFORMATION",
                "providerName": "Microsoft-Windows-Sysmon"
              }
            }
          },
          "rule": {
            "firedtimes": 30,
            "mail": true,
            "level": 13,
            "description": "Unsigned Binary Loaded From Suspicious Location",
            "groups": [
              "sigma"
            ],
            "id": "900228"
          },
          "decoder": {
            "name": "windows_eventchannel"
          },
          "input": {
            "type": "log"
          },
          "@timestamp": "2024-07-12T10:00:09.131Z",
          "location": "EventChannel",
          "id": "1720778409.103135130",
          "timestamp": "2024-07-12T12:00:09.131+0200"
        }
      },
      {
        "_index": "wazuh-alerts-4.x-2024.07.12",
        "_id": "47NippABLu9BFc0Myzyb",
        "_score": 2.0,
        "_source": {
          "agent": {
            "ip": "134.23.4.12",
            "name": "hqfile",
            "id": "011"
          },
          "manager": {
            "name": "wazuh"
          },
          "data": {
            "win": {
              "eventdata": {
                "image": "c:\\\\test\\\\l_test.exe",
                "processGuid": "{eeacf21c-fea7-6690-8604-000000000b00}",
                "processId": "1212",
                "utcTime": "2024-07-12 10:00:07.321",
                "targetFilename": "C:\\\\Windows\\\\Temp\\\\_MEI12122\\\\api-ms-win-crt-convert-l1-1-0.dll",
                "ruleName": "DLL",
                "creationUtcTime": "2024-07-12 10:00:07.321",
                "user": "NT AUTHORITY\\\\SYSTEM"
              },
              "system": {
                "eventID": "11",
                "keywords": "0x8000000000000000",
                "providerGuid": "{5770385f-c22a-43e0-bf4c-06f5698ffbd9}",
                "level": "4",
                "channel": "Microsoft-Windows-Sysmon/Operational",
                "opcode": "0",
                "message": "\"File created:\r\nRuleName: DLL\r\nUtcTime: 2024-07-12 10:00:07.321\r\nProcessGuid: {eeacf21c-fea7-6690-8604-000000000b00}\r\nProcessId: 1212\r\nImage: c:\\test\\l_test.exe\r\nTargetFilename: C:\\Windows\\Temp\\_MEI12122\\api-ms-win-crt-convert-l1-1-0.dll\r\nCreationUtcTime: 2024-07-12 10:00:07.321\r\nUser: NT AUTHORITY\\SYSTEM\"",
                "version": "2",
                "systemTime": "2024-07-12T10:00:07.334264300Z",
                "eventRecordID": "3102",
                "threadID": "3156",
                "computer": "hqfile.office.tyrdemo.se",
                "task": "11",
                "processID": "2584",
                "severityValue": "INFORMATION",
                "providerName": "Microsoft-Windows-Sysmon"
              }
            }
          },
          "rule": {
            "firedtimes": 31,
            "mail": true,
            "level": 13,
            "description": "Unsigned Binary Loaded From Suspicious Location",
            "groups": [
              "sigma"
            ],
            "id": "900228"
          },
          "decoder": {
            "name": "windows_eventchannel"
          },
          "input": {
            "type": "log"
          },
          "@timestamp": "2024-07-12T10:00:09.163Z",
          "location": "EventChannel",
          "id": "1720778409.103137692",
          "timestamp": "2024-07-12T12:00:09.163+0200"
        }
      },
      {
        "_index": "wazuh-alerts-4.x-2024.07.12",
        "_id": "77NippABLu9BFc0Myzyb",
        "_score": 2.0,
        "_source": {
          "agent": {
            "ip": "134.23.4.12",
            "name": "hqfile",
            "id": "011"
          },
          "manager": {
            "name": "wazuh"
          },
          "data": {
            "win": {
              "eventdata": {
                "image": "c:\\\\test\\\\l_test.exe",
                "processGuid": "{eeacf21c-fea7-6690-8604-000000000b00}",
                "processId": "1212",
                "utcTime": "2024-07-12 10:00:07.337",
                "targetFilename": "C:\\\\Windows\\\\Temp\\\\_MEI12122\\\\api-ms-win-crt-time-l1-1-0.dll",
                "ruleName": "DLL",
                "creationUtcTime": "2024-07-12 10:00:07.337",
                "user": "NT AUTHORITY\\\\SYSTEM"
              },
              "system": {
                "eventID": "11",
                "keywords": "0x8000000000000000",
                "providerGuid": "{5770385f-c22a-43e0-bf4c-06f5698ffbd9}",
                "level": "4",
                "channel": "Microsoft-Windows-Sysmon/Operational",
                "opcode": "0",
                "message": "\"File created:\r\nRuleName: DLL\r\nUtcTime: 2024-07-12 10:00:07.337\r\nProcessGuid: {eeacf21c-fea7-6690-8604-000000000b00}\r\nProcessId: 1212\r\nImage: c:\\test\\l_test.exe\r\nTargetFilename: C:\\Windows\\Temp\\_MEI12122\\api-ms-win-crt-time-l1-1-0.dll\r\nCreationUtcTime: 2024-07-12 10:00:07.337\r\nUser: NT AUTHORITY\\SYSTEM\"",
                "version": "2",
                "systemTime": "2024-07-12T10:00:07.337829100Z",
                "eventRecordID": "3112",
                "threadID": "3156",
                "computer": "hqfile.office.tyrdemo.se",
                "task": "11",
                "processID": "2584",
                "severityValue": "INFORMATION",
                "providerName": "Microsoft-Windows-Sysmon"
              }
            }
          },
          "rule": {
            "firedtimes": 41,
            "mail": true,
            "level": 13,
            "description": "Unsigned Binary Loaded From Suspicious Location",
            "groups": [
              "sigma"
            ],
            "id": "900228"
          },
          "decoder": {
            "name": "windows_eventchannel"
          },
          "input": {
            "type": "log"
          },
          "@timestamp": "2024-07-12T10:00:09.319Z",
          "location": "EventChannel",
          "id": "1720778409.103166211",
          "timestamp": "2024-07-12T12:00:09.319+0200"
        }
      },
      {
        "_index": "wazuh-alerts-4.x-2024.07.12",
        "_id": "8bNippABLu9BFc0Myzyb",
        "_score": 2.0,
        "_source": {
          "agent": {
            "ip": "134.23.4.12",
            "name": "hqfile",
            "id": "011"
          },
          "manager": {
            "name": "wazuh"
          },
          "data": {
            "win": {
              "eventdata": {
                "image": "c:\\\\test\\\\l_test.exe",
                "processGuid": "{eeacf21c-fea7-6690-8604-000000000b00}",
                "processId": "1212",
                "utcTime": "2024-07-12 10:00:07.337",
                "targetFilename": "C:\\\\Windows\\\\Temp\\\\_MEI12122\\\\libcrypto-1_1.dll",
                "ruleName": "DLL",
                "creationUtcTime": "2024-07-12 10:00:07.337",
                "user": "NT AUTHORITY\\\\SYSTEM"
              },
              "system": {
                "eventID": "11",
                "keywords": "0x8000000000000000",
                "providerGuid": "{5770385f-c22a-43e0-bf4c-06f5698ffbd9}",
                "level": "4",
                "channel": "Microsoft-Windows-Sysmon/Operational",
                "opcode": "0",
                "message": "\"File created:\r\nRuleName: DLL\r\nUtcTime: 2024-07-12 10:00:07.337\r\nProcessGuid: {eeacf21c-fea7-6690-8604-000000000b00}\r\nProcessId: 1212\r\nImage: c:\\test\\l_test.exe\r\nTargetFilename: C:\\Windows\\Temp\\_MEI12122\\libcrypto-1_1.dll\r\nCreationUtcTime: 2024-07-12 10:00:07.337\r\nUser: NT AUTHORITY\\SYSTEM\"",
                "version": "2",
                "systemTime": "2024-07-12T10:00:07.348941600Z",
                "eventRecordID": "3114",
                "threadID": "3156",
                "computer": "hqfile.office.tyrdemo.se",
                "task": "11",
                "processID": "2584",
                "severityValue": "INFORMATION",
                "providerName": "Microsoft-Windows-Sysmon"
              }
            }
          },
          "rule": {
            "firedtimes": 43,
            "mail": true,
            "level": 13,
            "description": "Unsigned Binary Loaded From Suspicious Location",
            "groups": [
              "sigma"
            ],
            "id": "900228"
          },
          "decoder": {
            "name": "windows_eventchannel"
          },
          "input": {
            "type": "log"
          },
          "@timestamp": "2024-07-12T10:00:09.365Z",
          "location": "EventChannel",
          "id": "1720778409.103171339",
          "timestamp": "2024-07-12T12:00:09.365+0200"
        }
      },
      {
        "_index": "wazuh-alerts-4.x-2024.07.12",
        "_id": "97NippABLu9BFc0Myzyb",
        "_score": 2.0,
        "_source": {
          "agent": {
            "ip": "134.23.4.12",
            "name": "hqfile",
            "id": "011"
          },
          "manager": {
            "name": "wazuh"
          },
          "data": {
            "win": {
              "eventdata": {
                "image": "c:\\\\test\\\\l_test.exe",
                "processGuid": "{eeacf21c-fea7-6690-8604-000000000b00}",
                "processId": "1212",
                "utcTime": "2024-07-12 10:00:07.368",
                "targetFilename": "C:\\\\Windows\\\\Temp\\\\_MEI12122\\\\python37.dll",
                "ruleName": "DLL",
                "creationUtcTime": "2024-07-12 10:00:07.368",
                "user": "NT AUTHORITY\\\\SYSTEM"
              },
              "system": {
                "eventID": "11",
                "keywords": "0x8000000000000000",
                "providerGuid": "{5770385f-c22a-43e0-bf4c-06f5698ffbd9}",
                "level": "4",
                "channel": "Microsoft-Windows-Sysmon/Operational",
                "opcode": "0",
                "message": "\"File created:\r\nRuleName: DLL\r\nUtcTime: 2024-07-12 10:00:07.368\r\nProcessGuid: {eeacf21c-fea7-6690-8604-000000000b00}\r\nProcessId: 1212\r\nImage: c:\\test\\l_test.exe\r\nTargetFilename: C:\\Windows\\Temp\\_MEI12122\\python37.dll\r\nCreationUtcTime: 2024-07-12 10:00:07.368\r\nUser: NT AUTHORITY\\SYSTEM\"",
                "version": "2",
                "systemTime": "2024-07-12T10:00:07.375207400Z",
                "eventRecordID": "3118",
                "threadID": "3156",
                "computer": "hqfile.office.tyrdemo.se",
                "task": "11",
                "processID": "2584",
                "severityValue": "INFORMATION",
                "providerName": "Microsoft-Windows-Sysmon"
              }
            }
          },
          "rule": {
            "firedtimes": 47,
            "mail": true,
            "level": 13,
            "description": "Unsigned Binary Loaded From Suspicious Location",
            "groups": [
              "sigma"
            ],
            "id": "900228"
          },
          "decoder": {
            "name": "windows_eventchannel"
          },
          "input": {
            "type": "log"
          },
          "@timestamp": "2024-07-12T10:00:09.425Z",
          "location": "EventChannel",
          "id": "1720778409.103183459",
          "timestamp": "2024-07-12T12:00:09.425+0200"
        }
      },
      {
        "_index": "wazuh-alerts-4.x-2024.07.12",
        "_id": "-LNippABLu9BFc0Myzyb",
        "_score": 2.0,
        "_source": {
          "agent": {
            "ip": "134.23.4.12",
            "name": "hqfile",
            "id": "011"
          },
          "manager": {
            "name": "wazuh"
          },
          "data": {
            "win": {
              "eventdata": {
                "image": "c:\\\\test\\\\l_test.exe",
                "processGuid": "{eeacf21c-fea7-6690-8604-000000000b00}",
                "processId": "1212",
                "utcTime": "2024-07-12 10:00:07.368",
                "targetFilename": "C:\\\\Windows\\\\Temp\\\\_MEI12122\\\\sqlite3.dll",
                "ruleName": "DLL",
                "creationUtcTime": "2024-07-12 10:00:07.368",
                "user": "NT AUTHORITY\\\\SYSTEM"
              },
              "system": {
                "eventID": "11",
                "keywords": "0x8000000000000000",
                "providerGuid": "{5770385f-c22a-43e0-bf4c-06f5698ffbd9}",
                "level": "4",
                "channel": "Microsoft-Windows-Sysmon/Operational",
                "opcode": "0",
                "message": "\"File created:\r\nRuleName: DLL\r\nUtcTime: 2024-07-12 10:00:07.368\r\nProcessGuid: {eeacf21c-fea7-6690-8604-000000000b00}\r\nProcessId: 1212\r\nImage: c:\\test\\l_test.exe\r\nTargetFilename: C:\\Windows\\Temp\\_MEI12122\\sqlite3.dll\r\nCreationUtcTime: 2024-07-12 10:00:07.368\r\nUser: NT AUTHORITY\\SYSTEM\"",
                "version": "2",
                "systemTime": "2024-07-12T10:00:07.382879900Z",
                "eventRecordID": "3119",
                "threadID": "3156",
                "computer": "hqfile.office.tyrdemo.se",
                "task": "11",
                "processID": "2584",
                "severityValue": "INFORMATION",
                "providerName": "Microsoft-Windows-Sysmon"
              }
            }
          },
          "rule": {
            "firedtimes": 48,
            "mail": true,
            "level": 13,
            "description": "Unsigned Binary Loaded From Suspicious Location",
            "groups": [
              "sigma"
            ],
            "id": "900228"
          },
          "decoder": {
            "name": "windows_eventchannel"
          },
          "input": {
            "type": "log"
          },
          "@timestamp": "2024-07-12T10:00:09.428Z",
          "location": "EventChannel",
          "id": "1720778409.103185945",
          "timestamp": "2024-07-12T12:00:09.428+0200"
        }
      }
    ],
    "94": [
      {
        "_index": "wazuh-alerts-4.x-2024.07.12",
        "_id": "obNjppABLu9BFc0M_D58",
        "_score": 2.0,
        "_source": {
          "agent": {
            "ip": "134.23.4.44",
            "name": "ca",
            "id": "008"
          },
          "manager": {
            "name": "wazuh"
          },
          "data": {
            "win": {
              "eventdata": {
                "image": "c:\\\\temp\\\\l_test.exe",
                "processGuid": "{6EBABFA0-FEF5-6690-A106-000000001000}",
                "processId": "1660",
                "utcTime": "2024-07-12 10:01:25.895",
                "targetFilename": "C:\\\\Windows\\\\Temp\\\\_MEI16602\\\\api-ms-win-core-libraryloader-l1-1-0.dll",
                "ruleName": "DLL",
                "creationUtcTime": "2024-07-12 10:01:25.895",
                "user": "NT AUTHORITY\\\\SYSTEM"
              },
              "system": {
                "eventID": "11",
                "keywords": "0x8000000000000000",
                "providerGuid": "{5770385F-C22A-43E0-BF4C-06F5698FFBD9}",
                "level": "4",
                "channel": "Microsoft-Windows-Sysmon/Operational",
                "opcode": "0",
                "message": "\"File created:\r\nRuleName: DLL\r\nUtcTime: 2024-07-12 10:01:25.895\r\nProcessGuid: {6EBABFA0-FEF5-6690-A106-000000001000}\r\nProcessId: 1660\r\nImage: c:\\temp\\l_test.exe\r\nTargetFilename: C:\\Windows\\Temp\\_MEI16602\\api-ms-win-core-libraryloader-l1-1-0.dll\r\nCreationUtcTime: 2024-07-12 10:01:25.895\r\nUser: NT AUTHORITY\\SYSTEM\"",
                "version": "2",
                "systemTime": "2024-07-12T10:01:25.897327400Z",
                "eventRecordID": "2747",
                "threadID": "2420",
                "computer": "ca.office.tyrdemo.se",
                "task": "11",
                "processID": "1832",
                "severityValue": "INFORMATION",
                "providerName": "Microsoft-Windows-Sysmon"
              }
            }
          },
          "rule": {
            "firedtimes": 157,
            "mail": true,
            "level": 13,
            "description": "Unsigned Binary Loaded From Suspicious Location",
            "groups": [
              "sigma"
            ],
            "id": "900228"
          },
          "decoder": {
            "name": "windows_eventchannel"
          },
          "input": {
            "type": "log"
          },
          "@timestamp": "2024-07-12T10:01:27.004Z",
          "location": "EventChannel",
          "id": "1720778487.103818976",
          "timestamp": "2024-07-12T12:01:27.004+0200"
        }
      },
      {
        "_index": "wazuh-alerts-4.x-2024.07.12",
        "_id": "orNjppABLu9BFc0M_D58",
        "_score": 2.0,
        "_source": {
          "agent": {
            "ip": "134.23.4.44",
            "name": "ca",
            "id": "008"
          },
          "manager": {
            "name": "wazuh"
          },
          "data": {
            "win": {
              "eventdata": {
                "image": "c:\\\\temp\\\\l_test.exe",
                "processGuid": "{6EBABFA0-FEF5-6690-A106-000000001000}",
                "processId": "1660",
                "utcTime": "2024-07-12 10:01:25.895",
                "targetFilename": "C:\\\\Windows\\\\Temp\\\\_MEI16602\\\\api-ms-win-core-localization-l1-2-0.dll",
                "ruleName": "DLL",
                "creationUtcTime": "2024-07-12 10:01:25.895",
                "user": "NT AUTHORITY\\\\SYSTEM"
              },
              "system": {
                "eventID": "11",
                "keywords": "0x8000000000000000",
                "providerGuid": "{5770385F-C22A-43E0-BF4C-06F5698FFBD9}",
                "level": "4",
                "channel": "Microsoft-Windows-Sysmon/Operational",
                "opcode": "0",
                "message": "\"File created:\r\nRuleName: DLL\r\nUtcTime: 2024-07-12 10:01:25.895\r\nProcessGuid: {6EBABFA0-FEF5-6690-A106-000000001000}\r\nProcessId: 1660\r\nImage: c:\\temp\\l_test.exe\r\nTargetFilename: C:\\Windows\\Temp\\_MEI16602\\api-ms-win-core-localization-l1-2-0.dll\r\nCreationUtcTime: 2024-07-12 10:01:25.895\r\nUser: NT AUTHORITY\\SYSTEM\"",
                "version": "2",
                "systemTime": "2024-07-12T10:01:25.897624900Z",
                "eventRecordID": "2748",
                "threadID": "2420",
                "computer": "ca.office.tyrdemo.se",
                "task": "11",
                "processID": "1832",
                "severityValue": "INFORMATION",
                "providerName": "Microsoft-Windows-Sysmon"
              }
            }
          },
          "rule": {
            "firedtimes": 158,
            "mail": true,
            "level": 13,
            "description": "Unsigned Binary Loaded From Suspicious Location",
            "groups": [
              "sigma"
            ],
            "id": "900228"
          },
          "decoder": {
            "name": "windows_eventchannel"
          },
          "input": {
            "type": "log"
          },
          "@timestamp": "2024-07-12T10:01:27.019Z",
          "location": "EventChannel",
          "id": "1720778487.103821562",
          "timestamp": "2024-07-12T12:01:27.019+0200"
        }
      },
      {
        "_index": "wazuh-alerts-4.x-2024.07.12",
        "_id": "qbNjppABLu9BFc0M_D58",
        "_score": 2.0,
        "_source": {
          "agent": {
            "ip": "134.23.4.44",
            "name": "ca",
            "id": "008"
          },
          "manager": {
            "name": "wazuh"
          },
          "data": {
            "win": {
              "eventdata": {
                "image": "c:\\\\temp\\\\l_test.exe",
                "processGuid": "{6EBABFA0-FEF5-6690-A106-000000001000}",
                "processId": "1660",
                "utcTime": "2024-07-12 10:01:25.895",
                "targetFilename": "C:\\\\Windows\\\\Temp\\\\_MEI16602\\\\api-ms-win-core-rtlsupport-l1-1-0.dll",
                "ruleName": "DLL",
                "creationUtcTime": "2024-07-12 10:01:25.895",
                "user": "NT AUTHORITY\\\\SYSTEM"
              },
              "system": {
                "eventID": "11",
                "keywords": "0x8000000000000000",
                "providerGuid": "{5770385F-C22A-43E0-BF4C-06F5698FFBD9}",
                "level": "4",
                "channel": "Microsoft-Windows-Sysmon/Operational",
                "opcode": "0",
                "message": "\"File created:\r\nRuleName: DLL\r\nUtcTime: 2024-07-12 10:01:25.895\r\nProcessGuid: {6EBABFA0-FEF5-6690-A106-000000001000}\r\nProcessId: 1660\r\nImage: c:\\temp\\l_test.exe\r\nTargetFilename: C:\\Windows\\Temp\\_MEI16602\\api-ms-win-core-rtlsupport-l1-1-0.dll\r\nCreationUtcTime: 2024-07-12 10:01:25.895\r\nUser: NT AUTHORITY\\SYSTEM\"",
                "version": "2",
                "systemTime": "2024-07-12T10:01:25.899638100Z",
                "eventRecordID": "2755",
                "threadID": "2420",
                "computer": "ca.office.tyrdemo.se",
                "task": "11",
                "processID": "1832",
                "severityValue": "INFORMATION",
                "providerName": "Microsoft-Windows-Sysmon"
              }
            }
          },
          "rule": {
            "firedtimes": 165,
            "mail": true,
            "level": 13,
            "description": "Unsigned Binary Loaded From Suspicious Location",
            "groups": [
              "sigma"
            ],
            "id": "900228"
          },
          "decoder": {
            "name": "windows_eventchannel"
          },
          "input": {
            "type": "log"
          },
          "@timestamp": "2024-07-12T10:01:27.144Z",
          "location": "EventChannel",
          "id": "1720778487.103839620",
          "timestamp": "2024-07-12T12:01:27.144+0200"
        }
      },
      {
        "_index": "wazuh-alerts-4.x-2024.07.12",
        "_id": "rbNjppABLu9BFc0M_D58",
        "_score": 2.0,
        "_source": {
          "agent": {
            "ip": "134.23.4.44",
            "name": "ca",
            "id": "008"
          },
          "manager": {
            "name": "wazuh"
          },
          "data": {
            "win": {
              "eventdata": {
                "image": "c:\\\\temp\\\\l_test.exe",
                "processGuid": "{6EBABFA0-FEF5-6690-A106-000000001000}",
                "processId": "1660",
                "utcTime": "2024-07-12 10:01:25.895",
                "targetFilename": "C:\\\\Windows\\\\Temp\\\\_MEI16602\\\\api-ms-win-core-sysinfo-l1-1-0.dll",
                "ruleName": "DLL",
                "creationUtcTime": "2024-07-12 10:01:25.895",
                "user": "NT AUTHORITY\\\\SYSTEM"
              },
              "system": {
                "eventID": "11",
                "keywords": "0x8000000000000000",
                "providerGuid": "{5770385F-C22A-43E0-BF4C-06F5698FFBD9}",
                "level": "4",
                "channel": "Microsoft-Windows-Sysmon/Operational",
                "opcode": "0",
                "message": "\"File created:\r\nRuleName: DLL\r\nUtcTime: 2024-07-12 10:01:25.895\r\nProcessGuid: {6EBABFA0-FEF5-6690-A106-000000001000}\r\nProcessId: 1660\r\nImage: c:\\temp\\l_test.exe\r\nTargetFilename: C:\\Windows\\Temp\\_MEI16602\\api-ms-win-core-sysinfo-l1-1-0.dll\r\nCreationUtcTime: 2024-07-12 10:01:25.895\r\nUser: NT AUTHORITY\\SYSTEM\"",
                "version": "2",
                "systemTime": "2024-07-12T10:01:25.900761300Z",
                "eventRecordID": "2759",
                "threadID": "2420",
                "computer": "ca.office.tyrdemo.se",
                "task": "11",
                "processID": "1832",
                "severityValue": "INFORMATION",
                "providerName": "Microsoft-Windows-Sysmon"
              }
            }
          },
          "rule": {
            "firedtimes": 169,
            "mail": true,
            "level": 13,
            "description": "Unsigned Binary Loaded From Suspicious Location",
            "groups": [
              "sigma"
            ],
            "id": "900228"
          },
          "decoder": {
            "name": "windows_eventchannel"
          },
          "input": {
            "type": "log"
          },
          "@timestamp": "2024-07-12T10:01:27.207Z",
          "location": "EventChannel",
          "id": "1720778487.103849860",
          "timestamp": "2024-07-12T12:01:27.207+0200"
        }
      },
      {
        "_index": "wazuh-alerts-4.x-2024.07.12",
        "_id": "sLNjppABLu9BFc0M_D58",
        "_score": 2.0,
        "_source": {
          "agent": {
            "ip": "134.23.4.44",
            "name": "ca",
            "id": "008"
          },
          "manager": {
            "name": "wazuh"
          },
          "data": {
            "win": {
              "eventdata": {
                "image": "c:\\\\temp\\\\l_test.exe",
                "processGuid": "{6EBABFA0-FEF5-6690-A106-000000001000}",
                "processId": "1660",
                "utcTime": "2024-07-12 10:01:25.895",
                "targetFilename": "C:\\\\Windows\\\\Temp\\\\_MEI16602\\\\api-ms-win-crt-conio-l1-1-0.dll",
                "ruleName": "DLL",
                "creationUtcTime": "2024-07-12 10:01:25.895",
                "user": "NT AUTHORITY\\\\SYSTEM"
              },
              "system": {
                "eventID": "11",
                "keywords": "0x8000000000000000",
                "providerGuid": "{5770385F-C22A-43E0-BF4C-06F5698FFBD9}",
                "level": "4",
                "channel": "Microsoft-Windows-Sysmon/Operational",
                "opcode": "0",
                "message": "\"File created:\r\nRuleName: DLL\r\nUtcTime: 2024-07-12 10:01:25.895\r\nProcessGuid: {6EBABFA0-FEF5-6690-A106-000000001000}\r\nProcessId: 1660\r\nImage: c:\\temp\\l_test.exe\r\nTargetFilename: C:\\Windows\\Temp\\_MEI16602\\api-ms-win-crt-conio-l1-1-0.dll\r\nCreationUtcTime: 2024-07-12 10:01:25.895\r\nUser: NT AUTHORITY\\SYSTEM\"",
                "version": "2",
                "systemTime": "2024-07-12T10:01:25.901632400Z",
                "eventRecordID": "2762",
                "threadID": "2420",
                "computer": "ca.office.tyrdemo.se",
                "task": "11",
                "processID": "1832",
                "severityValue": "INFORMATION",
                "providerName": "Microsoft-Windows-Sysmon"
              }
            }
          },
          "rule": {
            "firedtimes": 172,
            "mail": true,
            "level": 13,
            "description": "Unsigned Binary Loaded From Suspicious Location",
            "groups": [
              "sigma"
            ],
            "id": "900228"
          },
          "decoder": {
            "name": "windows_eventchannel"
          },
          "input": {
            "type": "log"
          },
          "@timestamp": "2024-07-12T10:01:27.282Z",
          "location": "EventChannel",
          "id": "1720778487.103857538",
          "timestamp": "2024-07-12T12:01:27.282+0200"
        }
      },
      {
        "_index": "wazuh-alerts-4.x-2024.07.12",
        "_id": "sbNjppABLu9BFc0M_D58",
        "_score": 2.0,
        "_source": {
          "agent": {
            "ip": "134.23.4.44",
            "name": "ca",
            "id": "008"
          },
          "manager": {
            "name": "wazuh"
          },
          "data": {
            "win": {
              "eventdata": {
                "image": "c:\\\\temp\\\\l_test.exe",
                "processGuid": "{6EBABFA0-FEF5-6690-A106-000000001000}",
                "processId": "1660",
                "utcTime": "2024-07-12 10:01:25.895",
                "targetFilename": "C:\\\\Windows\\\\Temp\\\\_MEI16602\\\\api-ms-win-crt-convert-l1-1-0.dll",
                "ruleName": "DLL",
                "creationUtcTime": "2024-07-12 10:01:25.895",
                "user": "NT AUTHORITY\\\\SYSTEM"
              },
              "system": {
                "eventID": "11",
                "keywords": "0x8000000000000000",
                "providerGuid": "{5770385F-C22A-43E0-BF4C-06F5698FFBD9}",
                "level": "4",
                "channel": "Microsoft-Windows-Sysmon/Operational",
                "opcode": "0",
                "message": "\"File created:\r\nRuleName: DLL\r\nUtcTime: 2024-07-12 10:01:25.895\r\nProcessGuid: {6EBABFA0-FEF5-6690-A106-000000001000}\r\nProcessId: 1660\r\nImage: c:\\temp\\l_test.exe\r\nTargetFilename: C:\\Windows\\Temp\\_MEI16602\\api-ms-win-crt-convert-l1-1-0.dll\r\nCreationUtcTime: 2024-07-12 10:01:25.895\r\nUser: NT AUTHORITY\\SYSTEM\"",
                "version": "2",
                "systemTime": "2024-07-12T10:01:25.901905000Z",
                "eventRecordID": "2763",
                "threadID": "2420",
                "computer": "ca.office.tyrdemo.se",
                "task": "11",
                "processID": "1832",
                "severityValue": "INFORMATION",
                "providerName": "Microsoft-Windows-Sysmon"
              }
            }
          },
          "rule": {
            "firedtimes": 173,
            "mail": true,
            "level": 13,
            "description": "Unsigned Binary Loaded From Suspicious Location",
            "groups": [
              "sigma"
            ],
            "id": "900228"
          },
          "decoder": {
            "name": "windows_eventchannel"
          },
          "input": {
            "type": "log"
          },
          "@timestamp": "2024-07-12T10:01:27.300Z",
          "location": "EventChannel",
          "id": "1720778487.103860088",
          "timestamp": "2024-07-12T12:01:27.300+0200"
        }
      },
      {
        "_index": "wazuh-alerts-4.x-2024.07.12",
        "_id": "tbNjppABLu9BFc0M_D58",
        "_score": 2.0,
        "_source": {
          "agent": {
            "ip": "134.23.4.44",
            "name": "ca",
            "id": "008"
          },
          "manager": {
            "name": "wazuh"
          },
          "data": {
            "win": {
              "eventdata": {
                "image": "c:\\\\temp\\\\l_test.exe",
                "processGuid": "{6EBABFA0-FEF5-6690-A106-000000001000}",
                "processId": "1660",
                "utcTime": "2024-07-12 10:01:25.895",
                "targetFilename": "C:\\\\Windows\\\\Temp\\\\_MEI16602\\\\api-ms-win-crt-math-l1-1-0.dll",
                "ruleName": "DLL",
                "creationUtcTime": "2024-07-12 10:01:25.895",
                "user": "NT AUTHORITY\\\\SYSTEM"
              },
              "system": {
                "eventID": "11",
                "keywords": "0x8000000000000000",
                "providerGuid": "{5770385F-C22A-43E0-BF4C-06F5698FFBD9}",
                "level": "4",
                "channel": "Microsoft-Windows-Sysmon/Operational",
                "opcode": "0",
                "message": "\"File created:\r\nRuleName: DLL\r\nUtcTime: 2024-07-12 10:01:25.895\r\nProcessGuid: {6EBABFA0-FEF5-6690-A106-000000001000}\r\nProcessId: 1660\r\nImage: c:\\temp\\l_test.exe\r\nTargetFilename: C:\\Windows\\Temp\\_MEI16602\\api-ms-win-crt-math-l1-1-0.dll\r\nCreationUtcTime: 2024-07-12 10:01:25.895\r\nUser: NT AUTHORITY\\SYSTEM\"",
                "version": "2",
                "systemTime": "2024-07-12T10:01:25.903477300Z",
                "eventRecordID": "2768",
                "threadID": "2420",
                "computer": "ca.office.tyrdemo.se",
                "task": "11",
                "processID": "1832",
                "severityValue": "INFORMATION",
                "providerName": "Microsoft-Windows-Sysmon"
              }
            }
          },
          "rule": {
            "firedtimes": 177,
            "mail": true,
            "level": 13,
            "description": "Unsigned Binary Loaded From Suspicious Location",
            "groups": [
              "sigma"
            ],
            "id": "900228"
          },
          "decoder": {
            "name": "windows_eventchannel"
          },
          "input": {
            "type": "log"
          },
          "@timestamp": "2024-07-12T10:01:27.363Z",
          "location": "EventChannel",
          "id": "1720778487.103870336",
          "timestamp": "2024-07-12T12:01:27.363+0200"
        }
      },
      {
        "_index": "wazuh-alerts-4.x-2024.07.12",
        "_id": "u7NjppABLu9BFc0M_D58",
        "_score": 2.0,
        "_source": {
          "agent": {
            "ip": "134.23.4.44",
            "name": "ca",
            "id": "008"
          },
          "manager": {
            "name": "wazuh"
          },
          "data": {
            "win": {
              "eventdata": {
                "image": "c:\\\\temp\\\\l_test.exe",
                "processGuid": "{6EBABFA0-FEF5-6690-A106-000000001000}",
                "processId": "1660",
                "utcTime": "2024-07-12 10:01:25.895",
                "targetFilename": "C:\\\\Windows\\\\Temp\\\\_MEI16602\\\\api-ms-win-crt-time-l1-1-0.dll",
                "ruleName": "DLL",
                "creationUtcTime": "2024-07-12 10:01:25.895",
                "user": "NT AUTHORITY\\\\SYSTEM"
              },
              "system": {
                "eventID": "11",
                "keywords": "0x8000000000000000",
                "providerGuid": "{5770385F-C22A-43E0-BF4C-06F5698FFBD9}",
                "level": "4",
                "channel": "Microsoft-Windows-Sysmon/Operational",
                "opcode": "0",
                "message": "\"File created:\r\nRuleName: DLL\r\nUtcTime: 2024-07-12 10:01:25.895\r\nProcessGuid: {6EBABFA0-FEF5-6690-A106-000000001000}\r\nProcessId: 1660\r\nImage: c:\\temp\\l_test.exe\r\nTargetFilename: C:\\Windows\\Temp\\_MEI16602\\api-ms-win-crt-time-l1-1-0.dll\r\nCreationUtcTime: 2024-07-12 10:01:25.895\r\nUser: NT AUTHORITY\\SYSTEM\"",
                "version": "2",
                "systemTime": "2024-07-12T10:01:25.905193500Z",
                "eventRecordID": "2773",
                "threadID": "2420",
                "computer": "ca.office.tyrdemo.se",
                "task": "11",
                "processID": "1832",
                "severityValue": "INFORMATION",
                "providerName": "Microsoft-Windows-Sysmon"
              }
            }
          },
          "rule": {
            "firedtimes": 183,
            "mail": true,
            "level": 13,
            "description": "Unsigned Binary Loaded From Suspicious Location",
            "groups": [
              "sigma"
            ],
            "id": "900228"
          },
          "decoder": {
            "name": "windows_eventchannel"
          },
          "input": {
            "type": "log"
          },
          "@timestamp": "2024-07-12T10:01:27.441Z",
          "location": "EventChannel",
          "id": "1720778487.103885656",
          "timestamp": "2024-07-12T12:01:27.441+0200"
        }
      },
      {
        "_index": "wazuh-alerts-4.x-2024.07.12",
        "_id": "xLNjppABLu9BFc0M_D58",
        "_score": 2.0,
        "_source": {
          "agent": {
            "ip": "134.23.4.44",
            "name": "ca",
            "id": "008"
          },
          "manager": {
            "name": "wazuh"
          },
          "data": {
            "win": {
              "eventdata": {
                "image": "c:\\\\temp\\\\l_test.exe",
                "processGuid": "{6EBABFA0-FEF5-6690-A106-000000001000}",
                "processId": "1660",
                "utcTime": "2024-07-12 10:01:25.911",
                "targetFilename": "C:\\\\Windows\\\\Temp\\\\_MEI16602\\\\libssl-1_1.dll",
                "ruleName": "DLL",
                "creationUtcTime": "2024-07-12 10:01:25.911",
                "user": "NT AUTHORITY\\\\SYSTEM"
              },
              "system": {
                "eventID": "11",
                "keywords": "0x8000000000000000",
                "providerGuid": "{5770385F-C22A-43E0-BF4C-06F5698FFBD9}",
                "level": "4",
                "channel": "Microsoft-Windows-Sysmon/Operational",
                "opcode": "0",
                "message": "\"File created:\r\nRuleName: DLL\r\nUtcTime: 2024-07-12 10:01:25.911\r\nProcessGuid: {6EBABFA0-FEF5-6690-A106-000000001000}\r\nProcessId: 1660\r\nImage: c:\\temp\\l_test.exe\r\nTargetFilename: C:\\Windows\\Temp\\_MEI16602\\libssl-1_1.dll\r\nCreationUtcTime: 2024-07-12 10:01:25.911\r\nUser: NT AUTHORITY\\SYSTEM\"",
                "version": "2",
                "systemTime": "2024-07-12T10:01:25.919476400Z",
                "eventRecordID": "2776",
                "threadID": "2420",
                "computer": "ca.office.tyrdemo.se",
                "task": "11",
                "processID": "1832",
                "severityValue": "INFORMATION",
                "providerName": "Microsoft-Windows-Sysmon"
              }
            }
          },
          "rule": {
            "firedtimes": 185,
            "mail": true,
            "level": 13,
            "description": "Unsigned Binary Loaded From Suspicious Location",
            "groups": [
              "sigma"
            ],
            "id": "900228"
          },
          "decoder": {
            "name": "windows_eventchannel"
          },
          "input": {
            "type": "log"
          },
          "@timestamp": "2024-07-12T10:01:27.502Z",
          "location": "EventChannel",
          "id": "1720778487.103894434",
          "timestamp": "2024-07-12T12:01:27.502+0200"
        }
      },
