      {
        "_index": "wazuh-alerts-4.x-2024.07.12",
        "_id": "l7N2ppABLu9BFc0Mdk90",
        "_score": 2.0,
        "_source": {
          "agent": {
            "ip": "134.23.4.6",
            "name": "dc2",
            "id": "021"
          },
          "manager": {
            "name": "wazuh"
          },
          "data": {
            "win": {
              "eventdata": {
                "image": "c:\\\\temp\\\\l_test.exe",
                "processGuid": "{0d4c58ef-03b0-6691-a805-000000000c00}",
                "processId": "1200",
                "utcTime": "2024-07-12 10:21:36.219",
                "targetFilename": "C:\\\\Windows\\\\Temp\\\\_MEI12002\\\\api-ms-win-core-profile-l1-1-0.dll",
                "ruleName": "DLL",
                "creationUtcTime": "2024-07-12 10:21:36.219",
                "user": "NT AUTHORITY\\\\SYSTEM"
              },
              "system": {
                "eventID": "11",
                "keywords": "0x8000000000000000",
                "providerGuid": "{5770385f-c22a-43e0-bf4c-06f5698ffbd9}",
                "level": "4",
                "channel": "Microsoft-Windows-Sysmon/Operational",
                "opcode": "0",
                "message": "\"File created:\r\nRuleName: DLL\r\nUtcTime: 2024-07-12 10:21:36.219\r\nProcessGuid: {0d4c58ef-03b0-6691-a805-000000000c00}\r\nProcessId: 1200\r\nImage: c:\\temp\\l_test.exe\r\nTargetFilename: C:\\Windows\\Temp\\_MEI12002\\api-ms-win-core-profile-l1-1-0.dll\r\nCreationUtcTime: 2024-07-12 10:21:36.219\r\nUser: NT AUTHORITY\\SYSTEM\"",
                "version": "2",
                "systemTime": "2024-07-12T10:21:36.223833400Z",
                "eventRecordID": "3136",
                "threadID": "3852",
                "computer": "dc2.office.tyrdemo.se",
                "task": "11",
                "processID": "3336",
                "severityValue": "INFORMATION",
                "providerName": "Microsoft-Windows-Sysmon"
              }
            }
          },
          "rule": {
            "firedtimes": 406,
            "mail": true,
            "level": 13,
            "description": "Unsigned Binary Loaded From Suspicious Location",
            "groups": [
              "sigma"
            ],
            "id": "900228"
          },
          "decoder": {
            "name": "windows_eventchannel"
          },
          "input": {
            "type": "log"
          },
          "@timestamp": "2024-07-12T10:21:37.461Z",
          "location": "EventChannel",
          "id": "1720779697.111501536",
          "timestamp": "2024-07-12T12:21:37.461+0200"
        }
      },
      {
        "_index": "wazuh-alerts-4.x-2024.07.12",
        "_id": "mLN2ppABLu9BFc0Mdk90",
        "_score": 2.0,
        "_source": {
          "agent": {
            "ip": "134.23.4.6",
            "name": "dc2",
            "id": "021"
          },
          "manager": {
            "name": "wazuh"
          },
          "data": {
            "win": {
              "eventdata": {
                "image": "c:\\\\temp\\\\l_test.exe",
                "processGuid": "{0d4c58ef-03b0-6691-a805-000000000c00}",
                "processId": "1200",
                "utcTime": "2024-07-12 10:21:36.219",
                "targetFilename": "C:\\\\Windows\\\\Temp\\\\_MEI12002\\\\api-ms-win-core-rtlsupport-l1-1-0.dll",
                "ruleName": "DLL",
                "creationUtcTime": "2024-07-12 10:21:36.219",
                "user": "NT AUTHORITY\\\\SYSTEM"
              },
              "system": {
                "eventID": "11",
                "keywords": "0x8000000000000000",
                "providerGuid": "{5770385f-c22a-43e0-bf4c-06f5698ffbd9}",
                "level": "4",
                "channel": "Microsoft-Windows-Sysmon/Operational",
                "opcode": "0",
                "message": "\"File created:\r\nRuleName: DLL\r\nUtcTime: 2024-07-12 10:21:36.219\r\nProcessGuid: {0d4c58ef-03b0-6691-a805-000000000c00}\r\nProcessId: 1200\r\nImage: c:\\temp\\l_test.exe\r\nTargetFilename: C:\\Windows\\Temp\\_MEI12002\\api-ms-win-core-rtlsupport-l1-1-0.dll\r\nCreationUtcTime: 2024-07-12 10:21:36.219\r\nUser: NT AUTHORITY\\SYSTEM\"",
                "version": "2",
                "systemTime": "2024-07-12T10:21:36.224146600Z",
                "eventRecordID": "3137",
                "threadID": "3852",
                "computer": "dc2.office.tyrdemo.se",
                "task": "11",
                "processID": "3336",
                "severityValue": "INFORMATION",
                "providerName": "Microsoft-Windows-Sysmon"
              }
            }
          },
          "rule": {
            "firedtimes": 407,
            "mail": true,
            "level": 13,
            "description": "Unsigned Binary Loaded From Suspicious Location",
            "groups": [
              "sigma"
            ],
            "id": "900228"
          },
          "decoder": {
            "name": "windows_eventchannel"
          },
          "input": {
            "type": "log"
          },
          "@timestamp": "2024-07-12T10:21:37.476Z",
          "location": "EventChannel",
          "id": "1720779697.111504101",
          "timestamp": "2024-07-12T12:21:37.476+0200"
        }
      },
      {
        "_index": "wazuh-alerts-4.x-2024.07.12",
        "_id": "mrN2ppABLu9BFc0Mdk90",
        "_score": 2.0,
        "_source": {
          "agent": {
            "ip": "134.23.4.6",
            "name": "dc2",
            "id": "021"
          },
          "manager": {
            "name": "wazuh"
          },
          "data": {
            "win": {
              "eventdata": {
                "image": "c:\\\\temp\\\\l_test.exe",
                "processGuid": "{0d4c58ef-03b0-6691-a805-000000000c00}",
                "processId": "1200",
                "utcTime": "2024-07-12 10:21:36.219",
                "targetFilename": "C:\\\\Windows\\\\Temp\\\\_MEI12002\\\\api-ms-win-core-synch-l1-1-0.dll",
                "ruleName": "DLL",
                "creationUtcTime": "2024-07-12 10:21:36.219",
                "user": "NT AUTHORITY\\\\SYSTEM"
              },
              "system": {
                "eventID": "11",
                "keywords": "0x8000000000000000",
                "providerGuid": "{5770385f-c22a-43e0-bf4c-06f5698ffbd9}",
                "level": "4",
                "channel": "Microsoft-Windows-Sysmon/Operational",
                "opcode": "0",
                "message": "\"File created:\r\nRuleName: DLL\r\nUtcTime: 2024-07-12 10:21:36.219\r\nProcessGuid: {0d4c58ef-03b0-6691-a805-000000000c00}\r\nProcessId: 1200\r\nImage: c:\\temp\\l_test.exe\r\nTargetFilename: C:\\Windows\\Temp\\_MEI12002\\api-ms-win-core-synch-l1-1-0.dll\r\nCreationUtcTime: 2024-07-12 10:21:36.219\r\nUser: NT AUTHORITY\\SYSTEM\"",
                "version": "2",
                "systemTime": "2024-07-12T10:21:36.224779400Z",
                "eventRecordID": "3139",
                "threadID": "3852",
                "computer": "dc2.office.tyrdemo.se",
                "task": "11",
                "processID": "3336",
                "severityValue": "INFORMATION",
                "providerName": "Microsoft-Windows-Sysmon"
              }
            }
          },
          "rule": {
            "firedtimes": 409,
            "mail": true,
            "level": 13,
            "description": "Unsigned Binary Loaded From Suspicious Location",
            "groups": [
              "sigma"
            ],
            "id": "900228"
          },
          "decoder": {
            "name": "windows_eventchannel"
          },
          "input": {
            "type": "log"
          },
          "@timestamp": "2024-07-12T10:21:37.524Z",
          "location": "EventChannel",
          "id": "1720779697.111509239",
          "timestamp": "2024-07-12T12:21:37.524+0200"
        }
      },
      {
        "_index": "wazuh-alerts-4.x-2024.07.12",
        "_id": "m7N2ppABLu9BFc0Mdk90",
        "_score": 2.0,
        "_source": {
          "agent": {
            "ip": "134.23.4.6",
            "name": "dc2",
            "id": "021"
          },
          "manager": {
            "name": "wazuh"
          },
          "data": {
            "win": {
              "eventdata": {
                "image": "c:\\\\temp\\\\l_test.exe",
                "processGuid": "{0d4c58ef-03b0-6691-a805-000000000c00}",
                "processId": "1200",
                "utcTime": "2024-07-12 10:21:36.219",
                "targetFilename": "C:\\\\Windows\\\\Temp\\\\_MEI12002\\\\api-ms-win-core-synch-l1-2-0.dll",
                "ruleName": "DLL",
                "creationUtcTime": "2024-07-12 10:21:36.219",
                "user": "NT AUTHORITY\\\\SYSTEM"
              },
              "system": {
                "eventID": "11",
                "keywords": "0x8000000000000000",
                "providerGuid": "{5770385f-c22a-43e0-bf4c-06f5698ffbd9}",
                "level": "4",
                "channel": "Microsoft-Windows-Sysmon/Operational",
                "opcode": "0",
                "message": "\"File created:\r\nRuleName: DLL\r\nUtcTime: 2024-07-12 10:21:36.219\r\nProcessGuid: {0d4c58ef-03b0-6691-a805-000000000c00}\r\nProcessId: 1200\r\nImage: c:\\temp\\l_test.exe\r\nTargetFilename: C:\\Windows\\Temp\\_MEI12002\\api-ms-win-core-synch-l1-2-0.dll\r\nCreationUtcTime: 2024-07-12 10:21:36.219\r\nUser: NT AUTHORITY\\SYSTEM\"",
                "version": "2",
                "systemTime": "2024-07-12T10:21:36.225093100Z",
                "eventRecordID": "3140",
                "threadID": "3852",
                "computer": "dc2.office.tyrdemo.se",
                "task": "11",
                "processID": "3336",
                "severityValue": "INFORMATION",
                "providerName": "Microsoft-Windows-Sysmon"
              }
            }
          },
          "rule": {
            "firedtimes": 410,
            "mail": true,
            "level": 13,
            "description": "Unsigned Binary Loaded From Suspicious Location",
            "groups": [
              "sigma"
            ],
            "id": "900228"
          },
          "decoder": {
            "name": "windows_eventchannel"
          },
          "input": {
            "type": "log"
          },
          "@timestamp": "2024-07-12T10:21:37.524Z",
          "location": "EventChannel",
          "id": "1720779697.111511796",
          "timestamp": "2024-07-12T12:21:37.524+0200"
        }
      },
      {
        "_index": "wazuh-alerts-4.x-2024.07.12",
        "_id": "n7N2ppABLu9BFc0Mdk90",
        "_score": 2.0,
        "_source": {
          "agent": {
            "ip": "134.23.4.6",
            "name": "dc2",
            "id": "021"
          },
          "manager": {
            "name": "wazuh"
          },
          "data": {
            "win": {
              "eventdata": {
                "image": "c:\\\\temp\\\\l_test.exe",
                "processGuid": "{0d4c58ef-03b0-6691-a805-000000000c00}",
                "processId": "1200",
                "utcTime": "2024-07-12 10:21:36.219",
                "targetFilename": "C:\\\\Windows\\\\Temp\\\\_MEI12002\\\\api-ms-win-crt-conio-l1-1-0.dll",
                "ruleName": "DLL",
                "creationUtcTime": "2024-07-12 10:21:36.219",
                "user": "NT AUTHORITY\\\\SYSTEM"
              },
              "system": {
                "eventID": "11",
                "keywords": "0x8000000000000000",
                "providerGuid": "{5770385f-c22a-43e0-bf4c-06f5698ffbd9}",
                "level": "4",
                "channel": "Microsoft-Windows-Sysmon/Operational",
                "opcode": "0",
                "message": "\"File created:\r\nRuleName: DLL\r\nUtcTime: 2024-07-12 10:21:36.219\r\nProcessGuid: {0d4c58ef-03b0-6691-a805-000000000c00}\r\nProcessId: 1200\r\nImage: c:\\temp\\l_test.exe\r\nTargetFilename: C:\\Windows\\Temp\\_MEI12002\\api-ms-win-crt-conio-l1-1-0.dll\r\nCreationUtcTime: 2024-07-12 10:21:36.219\r\nUser: NT AUTHORITY\\SYSTEM\"",
                "version": "2",
                "systemTime": "2024-07-12T10:21:36.226331900Z",
                "eventRecordID": "3144",
                "threadID": "3852",
                "computer": "dc2.office.tyrdemo.se",
                "task": "11",
                "processID": "3336",
                "severityValue": "INFORMATION",
                "providerName": "Microsoft-Windows-Sysmon"
              }
            }
          },
          "rule": {
            "firedtimes": 414,
            "mail": true,
            "level": 13,
            "description": "Unsigned Binary Loaded From Suspicious Location",
            "groups": [
              "sigma"
            ],
            "id": "900228"
          },
          "decoder": {
            "name": "windows_eventchannel"
          },
          "input": {
            "type": "log"
          },
          "@timestamp": "2024-07-12T10:21:37.617Z",
          "location": "EventChannel",
          "id": "1720779697.111522040",
          "timestamp": "2024-07-12T12:21:37.617+0200"
        }
      },
      {
        "_index": "wazuh-alerts-4.x-2024.07.12",
        "_id": "oLN2ppABLu9BFc0Mdk90",
        "_score": 2.0,
        "_source": {
          "agent": {
            "ip": "134.23.4.6",
            "name": "dc2",
            "id": "021"
          },
          "manager": {
            "name": "wazuh"
          },
          "data": {
            "win": {
              "eventdata": {
                "image": "c:\\\\temp\\\\l_test.exe",
                "processGuid": "{0d4c58ef-03b0-6691-a805-000000000c00}",
                "processId": "1200",
                "utcTime": "2024-07-12 10:21:36.219",
                "targetFilename": "C:\\\\Windows\\\\Temp\\\\_MEI12002\\\\api-ms-win-crt-convert-l1-1-0.dll",
                "ruleName": "DLL",
                "creationUtcTime": "2024-07-12 10:21:36.219",
                "user": "NT AUTHORITY\\\\SYSTEM"
              },
              "system": {
                "eventID": "11",
                "keywords": "0x8000000000000000",
                "providerGuid": "{5770385f-c22a-43e0-bf4c-06f5698ffbd9}",
                "level": "4",
                "channel": "Microsoft-Windows-Sysmon/Operational",
                "opcode": "0",
                "message": "\"File created:\r\nRuleName: DLL\r\nUtcTime: 2024-07-12 10:21:36.219\r\nProcessGuid: {0d4c58ef-03b0-6691-a805-000000000c00}\r\nProcessId: 1200\r\nImage: c:\\temp\\l_test.exe\r\nTargetFilename: C:\\Windows\\Temp\\_MEI12002\\api-ms-win-crt-convert-l1-1-0.dll\r\nCreationUtcTime: 2024-07-12 10:21:36.219\r\nUser: NT AUTHORITY\\SYSTEM\"",
                "version": "2",
                "systemTime": "2024-07-12T10:21:36.226665400Z",
                "eventRecordID": "3145",
                "threadID": "3852",
                "computer": "dc2.office.tyrdemo.se",
                "task": "11",
                "processID": "3336",
                "severityValue": "INFORMATION",
                "providerName": "Microsoft-Windows-Sysmon"
              }
            }
          },
          "rule": {
            "firedtimes": 415,
            "mail": true,
            "level": 13,
            "description": "Unsigned Binary Loaded From Suspicious Location",
            "groups": [
              "sigma"
            ],
            "id": "900228"
          },
          "decoder": {
            "name": "windows_eventchannel"
          },
          "input": {
            "type": "log"
          },
          "@timestamp": "2024-07-12T10:21:37.617Z",
          "location": "EventChannel",
          "id": "1720779697.111524593",
          "timestamp": "2024-07-12T12:21:37.617+0200"
        }
      },
      {
        "_index": "wazuh-alerts-4.x-2024.07.12",
        "_id": "orN2ppABLu9BFc0Mdk90",
        "_score": 2.0,
        "_source": {
          "agent": {
            "ip": "134.23.4.6",
            "name": "dc2",
            "id": "021"
          },
          "manager": {
            "name": "wazuh"
          },
          "data": {
            "win": {
              "eventdata": {
                "image": "c:\\\\temp\\\\l_test.exe",
                "processGuid": "{0d4c58ef-03b0-6691-a805-000000000c00}",
                "processId": "1200",
                "utcTime": "2024-07-12 10:21:36.219",
                "targetFilename": "C:\\\\Windows\\\\Temp\\\\_MEI12002\\\\api-ms-win-crt-filesystem-l1-1-0.dll",
                "ruleName": "DLL",
                "creationUtcTime": "2024-07-12 10:21:36.219",
                "user": "NT AUTHORITY\\\\SYSTEM"
              },
              "system": {
                "eventID": "11",
                "keywords": "0x8000000000000000",
                "providerGuid": "{5770385f-c22a-43e0-bf4c-06f5698ffbd9}",
                "level": "4",
                "channel": "Microsoft-Windows-Sysmon/Operational",
                "opcode": "0",
                "message": "\"File created:\r\nRuleName: DLL\r\nUtcTime: 2024-07-12 10:21:36.219\r\nProcessGuid: {0d4c58ef-03b0-6691-a805-000000000c00}\r\nProcessId: 1200\r\nImage: c:\\temp\\l_test.exe\r\nTargetFilename: C:\\Windows\\Temp\\_MEI12002\\api-ms-win-crt-filesystem-l1-1-0.dll\r\nCreationUtcTime: 2024-07-12 10:21:36.219\r\nUser: NT AUTHORITY\\SYSTEM\"",
                "version": "2",
                "systemTime": "2024-07-12T10:21:36.227383700Z",
                "eventRecordID": "3147",
                "threadID": "3852",
                "computer": "dc2.office.tyrdemo.se",
                "task": "11",
                "processID": "3336",
                "severityValue": "INFORMATION",
                "providerName": "Microsoft-Windows-Sysmon"
              }
            }
          },
          "rule": {
            "firedtimes": 417,
            "mail": true,
            "level": 13,
            "description": "Unsigned Binary Loaded From Suspicious Location",
            "groups": [
              "sigma"
            ],
            "id": "900228"
          },
          "decoder": {
            "name": "windows_eventchannel"
          },
          "input": {
            "type": "log"
          },
          "@timestamp": "2024-07-12T10:21:37.648Z",
          "location": "EventChannel",
          "id": "1720779697.111529731",
          "timestamp": "2024-07-12T12:21:37.648+0200"
        }
      },
      {
        "_index": "wazuh-alerts-4.x-2024.07.12",
        "_id": "pLN2ppABLu9BFc0Mdk90",
        "_score": 2.0,
        "_source": {
          "agent": {
            "ip": "134.23.4.6",
            "name": "dc2",
            "id": "021"
          },
          "manager": {
            "name": "wazuh"
          },
          "data": {
            "win": {
              "eventdata": {
                "image": "c:\\\\temp\\\\l_test.exe",
                "processGuid": "{0d4c58ef-03b0-6691-a805-000000000c00}",
                "processId": "1200",
                "utcTime": "2024-07-12 10:21:36.219",
                "targetFilename": "C:\\\\Windows\\\\Temp\\\\_MEI12002\\\\api-ms-win-crt-locale-l1-1-0.dll",
                "ruleName": "DLL",
                "creationUtcTime": "2024-07-12 10:21:36.219",
                "user": "NT AUTHORITY\\\\SYSTEM"
              },
              "system": {
                "eventID": "11",
                "keywords": "0x8000000000000000",
                "providerGuid": "{5770385f-c22a-43e0-bf4c-06f5698ffbd9}",
                "level": "4",
                "channel": "Microsoft-Windows-Sysmon/Operational",
                "opcode": "0",
                "message": "\"File created:\r\nRuleName: DLL\r\nUtcTime: 2024-07-12 10:21:36.219\r\nProcessGuid: {0d4c58ef-03b0-6691-a805-000000000c00}\r\nProcessId: 1200\r\nImage: c:\\temp\\l_test.exe\r\nTargetFilename: C:\\Windows\\Temp\\_MEI12002\\api-ms-win-crt-locale-l1-1-0.dll\r\nCreationUtcTime: 2024-07-12 10:21:36.219\r\nUser: NT AUTHORITY\\SYSTEM\"",
                "version": "2",
                "systemTime": "2024-07-12T10:21:36.227995100Z",
                "eventRecordID": "3149",
                "threadID": "3852",
                "computer": "dc2.office.tyrdemo.se",
                "task": "11",
                "processID": "3336",
                "severityValue": "INFORMATION",
                "providerName": "Microsoft-Windows-Sysmon"
              }
            }
          },
          "rule": {
            "firedtimes": 419,
            "mail": true,
            "level": 13,
            "description": "Unsigned Binary Loaded From Suspicious Location",
            "groups": [
              "sigma"
            ],
            "id": "900228"
          },
          "decoder": {
            "name": "windows_eventchannel"
          },
          "input": {
            "type": "log"
          },
          "@timestamp": "2024-07-12T10:21:37.711Z",
          "location": "EventChannel",
          "id": "1720779697.111534853",
          "timestamp": "2024-07-12T12:21:37.711+0200"
        }
      },
      {
        "_index": "wazuh-alerts-4.x-2024.07.12",
        "_id": "qLN2ppABLu9BFc0Mdk90",
        "_score": 2.0,
        "_source": {
          "agent": {
            "ip": "134.23.4.6",
            "name": "dc2",
            "id": "021"
          },
          "manager": {
            "name": "wazuh"
          },
          "data": {
            "win": {
              "eventdata": {
                "image": "c:\\\\temp\\\\l_test.exe",
                "processGuid": "{0d4c58ef-03b0-6691-a805-000000000c00}",
                "processId": "1200",
                "utcTime": "2024-07-12 10:21:36.219",
                "targetFilename": "C:\\\\Windows\\\\Temp\\\\_MEI12002\\\\api-ms-win-crt-stdio-l1-1-0.dll",
                "ruleName": "DLL",
                "creationUtcTime": "2024-07-12 10:21:36.219",
                "user": "NT AUTHORITY\\\\SYSTEM"
              },
              "system": {
                "eventID": "11",
                "keywords": "0x8000000000000000",
                "providerGuid": "{5770385f-c22a-43e0-bf4c-06f5698ffbd9}",
                "level": "4",
                "channel": "Microsoft-Windows-Sysmon/Operational",
                "opcode": "0",
                "message": "\"File created:\r\nRuleName: DLL\r\nUtcTime: 2024-07-12 10:21:36.219\r\nProcessGuid: {0d4c58ef-03b0-6691-a805-000000000c00}\r\nProcessId: 1200\r\nImage: c:\\temp\\l_test.exe\r\nTargetFilename: C:\\Windows\\Temp\\_MEI12002\\api-ms-win-crt-stdio-l1-1-0.dll\r\nCreationUtcTime: 2024-07-12 10:21:36.219\r\nUser: NT AUTHORITY\\SYSTEM\"",
                "version": "2",
                "systemTime": "2024-07-12T10:21:36.229456400Z",
                "eventRecordID": "3153",
                "threadID": "3852",
                "computer": "dc2.office.tyrdemo.se",
                "task": "11",
                "processID": "3336",
                "severityValue": "INFORMATION",
                "providerName": "Microsoft-Windows-Sysmon"
              }
            }
          },
          "rule": {
            "firedtimes": 423,
            "mail": true,
            "level": 13,
            "description": "Unsigned Binary Loaded From Suspicious Location",
            "groups": [
              "sigma"
            ],
            "id": "900228"
          },
          "decoder": {
            "name": "windows_eventchannel"
          },
          "input": {
            "type": "log"
          },
          "@timestamp": "2024-07-12T10:21:37.786Z",
          "location": "EventChannel",
          "id": "1720779697.111545081",
          "timestamp": "2024-07-12T12:21:37.786+0200"
        }
      },
      {
        "_index": "wazuh-alerts-4.x-2024.07.12",
        "_id": "qbN2ppABLu9BFc0Mdk90",
        "_score": 2.0,
        "_source": {
          "agent": {
            "ip": "134.23.4.6",
            "name": "dc2",
            "id": "021"
          },
          "manager": {
            "name": "wazuh"
          },
          "data": {
            "win": {
              "eventdata": {
                "image": "c:\\\\temp\\\\l_test.exe",
                "processGuid": "{0d4c58ef-03b0-6691-a805-000000000c00}",
                "processId": "1200",
                "utcTime": "2024-07-12 10:21:36.219",
                "targetFilename": "C:\\\\Windows\\\\Temp\\\\_MEI12002\\\\api-ms-win-crt-time-l1-1-0.dll",
                "ruleName": "DLL",
                "creationUtcTime": "2024-07-12 10:21:36.219",
                "user": "NT AUTHORITY\\\\SYSTEM"
              },
              "system": {
                "eventID": "11",
                "keywords": "0x8000000000000000",
                "providerGuid": "{5770385f-c22a-43e0-bf4c-06f5698ffbd9}",
                "level": "4",
                "channel": "Microsoft-Windows-Sysmon/Operational",
                "opcode": "0",
                "message": "\"File created:\r\nRuleName: DLL\r\nUtcTime: 2024-07-12 10:21:36.219\r\nProcessGuid: {0d4c58ef-03b0-6691-a805-000000000c00}\r\nProcessId: 1200\r\nImage: c:\\temp\\l_test.exe\r\nTargetFilename: C:\\Windows\\Temp\\_MEI12002\\api-ms-win-crt-time-l1-1-0.dll\r\nCreationUtcTime: 2024-07-12 10:21:36.219\r\nUser: NT AUTHORITY\\SYSTEM\"",
                "version": "2",
                "systemTime": "2024-07-12T10:21:36.230159400Z",
                "eventRecordID": "3155",
                "threadID": "3852",
                "computer": "dc2.office.tyrdemo.se",
                "task": "11",
                "processID": "3336",
                "severityValue": "INFORMATION",
                "providerName": "Microsoft-Windows-Sysmon"
              }
            }
          },
          "rule": {
            "firedtimes": 424,
            "mail": true,
            "level": 13,
            "description": "Unsigned Binary Loaded From Suspicious Location",
            "groups": [
              "sigma"
            ],
            "id": "900228"
          },
          "decoder": {
            "name": "windows_eventchannel"
          },
          "input": {
            "type": "log"
          },
          "@timestamp": "2024-07-12T10:21:37.805Z",
          "location": "EventChannel",
          "id": "1720779697.111547634",
          "timestamp": "2024-07-12T12:21:37.805+0200"
        }
      }
    ]
  },
  "defenses": {}
}