      {
        "_index": "wazuh-alerts-4.x-2024.07.12",
        "_id": "Q7NippABLu9BFc0McTyy",
        "_score": 2.0,
        "_source": {
          "agent": {
            "ip": "134.23.3.16",
            "name": "hq06",
            "id": "020"
          },
          "manager": {
            "name": "wazuh"
          },
          "data": {
            "win": {
              "eventdata": {
                "originalFileName": "reg.exe",
                "image": "C:\\\\Windows\\\\System32\\\\reg.exe",
                "product": "Microsoft\u00ae Windows\u00ae Operating System",
                "parentProcessGuid": "{e162455c-fe90-6690-3308-000000001800}",
                "description": "Registry Console Tool",
                "logonGuid": "{e162455c-835f-668f-e703-000000000000}",
                "parentCommandLine": "cmd.exe /c \\\"reg.exe save hklm\\\\sam C:\\\\Windows\\\\TEMP\\\\dawsqavuy\\\"",
                "processGuid": "{e162455c-fe90-6690-3408-000000001800}",
                "logonId": "0x3e7",
                "parentProcessId": "2320",
                "processId": "4820",
                "currentDirectory": "C:\\\\Windows\\\\system32\\\\",
                "utcTime": "2024-07-12 09:59:44.607",
                "hashes": "MD5=227F63E1D9008B36BDBCC4B397780BE4,SHA256=C0E25B1F9B22DE445298C1E96DDFCEAD265CA030FA6626F61A4A4786CC4A3B7D,IMPHASH=BE482BE427FE212CFEF2CDA0E61F19AC",
                "parentImage": "C:\\\\Windows\\\\System32\\\\cmd.exe",
                "company": "Microsoft Corporation",
                "commandLine": "reg.exe  save hklm\\\\sam C:\\\\Windows\\\\TEMP\\\\dawsqavuy",
                "integrityLevel": "System",
                "fileVersion": "10.0.19041.1 (WinBuild.160101.0800)",
                "user": "NT AUTHORITY\\\\SYSTEM",
                "terminalSessionId": "0",
                "parentUser": "NT AUTHORITY\\\\SYSTEM"
              },
              "system": {
                "eventID": "1",
                "keywords": "0x8000000000000000",
                "providerGuid": "{5770385f-c22a-43e0-bf4c-06f5698ffbd9}",
                "level": "4",
                "channel": "Microsoft-Windows-Sysmon/Operational",
                "opcode": "0",
                "message": "\"Process Create:\r\nRuleName: -\r\nUtcTime: 2024-07-12 09:59:44.607\r\nProcessGuid: {e162455c-fe90-6690-3408-000000001800}\r\nProcessId: 4820\r\nImage: C:\\Windows\\System32\\reg.exe\r\nFileVersion: 10.0.19041.1 (WinBuild.160101.0800)\r\nDescription: Registry Console Tool\r\nProduct: Microsoft\u00ae Windows\u00ae Operating System\r\nCompany: Microsoft Corporation\r\nOriginalFileName: reg.exe\r\nCommandLine: reg.exe  save hklm\\sam C:\\Windows\\TEMP\\dawsqavuy\r\nCurrentDirectory: C:\\Windows\\system32\\\r\nUser: NT AUTHORITY\\SYSTEM\r\nLogonGuid: {e162455c-835f-668f-e703-000000000000}\r\nLogonId: 0x3E7\r\nTerminalSessionId: 0\r\nIntegrityLevel: System\r\nHashes: MD5=227F63E1D9008B36BDBCC4B397780BE4,SHA256=C0E25B1F9B22DE445298C1E96DDFCEAD265CA030FA6626F61A4A4786CC4A3B7D,IMPHASH=BE482BE427FE212CFEF2CDA0E61F19AC\r\nParentProcessGuid: {e162455c-fe90-6690-3308-000000001800}\r\nParentProcessId: 2320\r\nParentImage: C:\\Windows\\System32\\cmd.exe\r\nParentCommandLine: cmd.exe /c \"reg.exe save hklm\\sam C:\\Windows\\TEMP\\dawsqavuy\"\r\nParentUser: NT AUTHORITY\\SYSTEM\"",
                "version": "5",
                "systemTime": "2024-07-12T09:59:44.6091049Z",
                "eventRecordID": "3622",
                "threadID": "3696",
                "computer": "hq06.office.tyrdemo.se",
                "task": "1",
                "processID": "2184",
                "severityValue": "INFORMATION",
                "providerName": "Microsoft-Windows-Sysmon"
              }
            }
          },
          "rule": {
            "firedtimes": 5,
            "mail": true,
            "level": 14,
            "description": "Reg.exe used to dump SAM hive",
            "groups": [
              "sysmon",
              "sysmon_eid1_detections",
              "windows"
            ],
            "mitre": {
              "technique": [
                "Security Account Manager"
              ],
              "id": [
                "T1003.002"
              ],
              "tactic": [
                "Credential Access"
              ]
            },
            "id": "92026"
          },
          "decoder": {
            "name": "windows_eventchannel"
          },
          "input": {
            "type": "log"
          },
          "@timestamp": "2024-07-12T09:59:46.017Z",
          "location": "EventChannel",
          "id": "1720778386.102801073",
          "timestamp": "2024-07-12T11:59:46.017+0200"
        }
      }
    ],
    "591": [
      {
        "_index": "wazuh-alerts-4.x-2024.07.12",
        "_id": "V7NippABLu9BFc0MlDzh",
        "_score": 2.0,
        "_source": {
          "agent": {
            "ip": "134.23.3.12",
            "name": "hq02",
            "id": "016"
          },
          "manager": {
            "name": "wazuh"
          },
          "data": {
            "win": {
              "eventdata": {
                "image": "c:\\\\vmtools\\\\l_test.exe",
                "processGuid": "{d566a9ae-fe98-6690-bb07-000000001800}",
                "processId": "252",
                "utcTime": "2024-07-12 09:59:52.354",
                "targetFilename": "C:\\\\Windows\\\\Temp\\\\_MEI2522\\\\api-ms-win-core-file-l1-2-0.dll",
                "ruleName": "DLL",
                "creationUtcTime": "2024-07-12 09:59:52.354",
                "user": "NT AUTHORITY\\\\SYSTEM"
              },
              "system": {
                "eventID": "11",
                "keywords": "0x8000000000000000",
                "providerGuid": "{5770385f-c22a-43e0-bf4c-06f5698ffbd9}",
                "level": "4",
                "channel": "Microsoft-Windows-Sysmon/Operational",
                "opcode": "0",
                "message": "\"File created:\r\nRuleName: DLL\r\nUtcTime: 2024-07-12 09:59:52.354\r\nProcessGuid: {d566a9ae-fe98-6690-bb07-000000001800}\r\nProcessId: 252\r\nImage: c:\\vmtools\\l_test.exe\r\nTargetFilename: C:\\Windows\\Temp\\_MEI2522\\api-ms-win-core-file-l1-2-0.dll\r\nCreationUtcTime: 2024-07-12 09:59:52.354\r\nUser: NT AUTHORITY\\SYSTEM\"",
                "version": "2",
                "systemTime": "2024-07-12T09:59:52.3601292Z",
                "eventRecordID": "3566",
                "threadID": "3696",
                "computer": "hq02.office.tyrdemo.se",
                "task": "11",
                "processID": "2224",
                "severityValue": "INFORMATION",
                "providerName": "Microsoft-Windows-Sysmon"
              }
            }
          },
          "rule": {
            "firedtimes": 328,
            "mail": true,
            "level": 13,
            "description": "Unsigned Binary Loaded From Suspicious Location",
            "groups": [
              "sigma"
            ],
            "id": "900228"
          },
          "decoder": {
            "name": "windows_eventchannel"
          },
          "input": {
            "type": "log"
          },
          "@timestamp": "2024-07-12T09:59:53.461Z",
          "location": "EventChannel",
          "id": "1720778393.102854687",
          "timestamp": "2024-07-12T11:59:53.461+0200"
        }
      },
      {
        "_index": "wazuh-alerts-4.x-2024.07.12",
        "_id": "WLNippABLu9BFc0MlDzh",
        "_score": 2.0,
        "_source": {
          "agent": {
            "ip": "134.23.3.12",
            "name": "hq02",
            "id": "016"
          },
          "manager": {
            "name": "wazuh"
          },
          "data": {
            "win": {
              "eventdata": {
                "image": "c:\\\\vmtools\\\\l_test.exe",
                "processGuid": "{d566a9ae-fe98-6690-bb07-000000001800}",
                "processId": "252",
                "utcTime": "2024-07-12 09:59:52.354",
                "targetFilename": "C:\\\\Windows\\\\Temp\\\\_MEI2522\\\\api-ms-win-core-handle-l1-1-0.dll",
                "ruleName": "DLL",
                "creationUtcTime": "2024-07-12 09:59:52.354",
                "user": "NT AUTHORITY\\\\SYSTEM"
              },
              "system": {
                "eventID": "11",
                "keywords": "0x8000000000000000",
                "providerGuid": "{5770385f-c22a-43e0-bf4c-06f5698ffbd9}",
                "level": "4",
                "channel": "Microsoft-Windows-Sysmon/Operational",
                "opcode": "0",
                "message": "\"File created:\r\nRuleName: DLL\r\nUtcTime: 2024-07-12 09:59:52.354\r\nProcessGuid: {d566a9ae-fe98-6690-bb07-000000001800}\r\nProcessId: 252\r\nImage: c:\\vmtools\\l_test.exe\r\nTargetFilename: C:\\Windows\\Temp\\_MEI2522\\api-ms-win-core-handle-l1-1-0.dll\r\nCreationUtcTime: 2024-07-12 09:59:52.354\r\nUser: NT AUTHORITY\\SYSTEM\"",
                "version": "2",
                "systemTime": "2024-07-12T09:59:52.3609252Z",
                "eventRecordID": "3568",
                "threadID": "3696",
                "computer": "hq02.office.tyrdemo.se",
                "task": "11",
                "processID": "2224",
                "severityValue": "INFORMATION",
                "providerName": "Microsoft-Windows-Sysmon"
              }
            }
          },
          "rule": {
            "firedtimes": 329,
            "mail": true,
            "level": 13,
            "description": "Unsigned Binary Loaded From Suspicious Location",
            "groups": [
              "sigma"
            ],
            "id": "900228"
          },
          "decoder": {
            "name": "windows_eventchannel"
          },
          "input": {
            "type": "log"
          },
          "@timestamp": "2024-07-12T09:59:53.493Z",
          "location": "EventChannel",
          "id": "1720778393.102857243",
          "timestamp": "2024-07-12T11:59:53.493+0200"
        }
      },
      {
        "_index": "wazuh-alerts-4.x-2024.07.12",
        "_id": "WbNippABLu9BFc0MlDzh",
        "_score": 2.0,
        "_source": {
          "agent": {
            "ip": "134.23.3.12",
            "name": "hq02",
            "id": "016"
          },
          "manager": {
            "name": "wazuh"
          },
          "data": {
            "win": {
              "eventdata": {
                "image": "c:\\\\vmtools\\\\l_test.exe",
                "processGuid": "{d566a9ae-fe98-6690-bb07-000000001800}",
                "processId": "252",
                "utcTime": "2024-07-12 09:59:52.354",
                "targetFilename": "C:\\\\Windows\\\\Temp\\\\_MEI2522\\\\api-ms-win-core-file-l2-1-0.dll",
                "ruleName": "DLL",
                "creationUtcTime": "2024-07-12 09:59:52.354",
                "user": "NT AUTHORITY\\\\SYSTEM"
              },
              "system": {
                "eventID": "11",
                "keywords": "0x8000000000000000",
                "providerGuid": "{5770385f-c22a-43e0-bf4c-06f5698ffbd9}",
                "level": "4",
                "channel": "Microsoft-Windows-Sysmon/Operational",
                "opcode": "0",
                "message": "\"File created:\r\nRuleName: DLL\r\nUtcTime: 2024-07-12 09:59:52.354\r\nProcessGuid: {d566a9ae-fe98-6690-bb07-000000001800}\r\nProcessId: 252\r\nImage: c:\\vmtools\\l_test.exe\r\nTargetFilename: C:\\Windows\\Temp\\_MEI2522\\api-ms-win-core-file-l2-1-0.dll\r\nCreationUtcTime: 2024-07-12 09:59:52.354\r\nUser: NT AUTHORITY\\SYSTEM\"",
                "version": "2",
                "systemTime": "2024-07-12T09:59:52.3604577Z",
                "eventRecordID": "3567",
                "threadID": "3696",
                "computer": "hq02.office.tyrdemo.se",
                "task": "11",
                "processID": "2224",
                "severityValue": "INFORMATION",
                "providerName": "Microsoft-Windows-Sysmon"
              }
            }
          },
          "rule": {
            "firedtimes": 330,
            "mail": true,
            "level": 13,
            "description": "Unsigned Binary Loaded From Suspicious Location",
            "groups": [
              "sigma"
            ],
            "id": "900228"
          },
          "decoder": {
            "name": "windows_eventchannel"
          },
          "input": {
            "type": "log"
          },
          "@timestamp": "2024-07-12T09:59:53.493Z",
          "location": "EventChannel",
          "id": "1720778393.102859807",
          "timestamp": "2024-07-12T11:59:53.493+0200"
        }
      },
      {
        "_index": "wazuh-alerts-4.x-2024.07.12",
        "_id": "WrNippABLu9BFc0MlDzh",
        "_score": 2.0,
        "_source": {
          "agent": {
            "ip": "134.23.3.12",
            "name": "hq02",
            "id": "016"
          },
          "manager": {
            "name": "wazuh"
          },
          "data": {
            "win": {
              "eventdata": {
                "image": "c:\\\\vmtools\\\\l_test.exe",
                "processGuid": "{d566a9ae-fe98-6690-bb07-000000001800}",
                "processId": "252",
                "utcTime": "2024-07-12 09:59:52.354",
                "targetFilename": "C:\\\\Windows\\\\Temp\\\\_MEI2522\\\\api-ms-win-core-heap-l1-1-0.dll",
                "ruleName": "DLL",
                "creationUtcTime": "2024-07-12 09:59:52.354",
                "user": "NT AUTHORITY\\\\SYSTEM"
              },
              "system": {
                "eventID": "11",
                "keywords": "0x8000000000000000",
                "providerGuid": "{5770385f-c22a-43e0-bf4c-06f5698ffbd9}",
                "level": "4",
                "channel": "Microsoft-Windows-Sysmon/Operational",
                "opcode": "0",
                "message": "\"File created:\r\nRuleName: DLL\r\nUtcTime: 2024-07-12 09:59:52.354\r\nProcessGuid: {d566a9ae-fe98-6690-bb07-000000001800}\r\nProcessId: 252\r\nImage: c:\\vmtools\\l_test.exe\r\nTargetFilename: C:\\Windows\\Temp\\_MEI2522\\api-ms-win-core-heap-l1-1-0.dll\r\nCreationUtcTime: 2024-07-12 09:59:52.354\r\nUser: NT AUTHORITY\\SYSTEM\"",
                "version": "2",
                "systemTime": "2024-07-12T09:59:52.3612735Z",
                "eventRecordID": "3569",
                "threadID": "3696",
                "computer": "hq02.office.tyrdemo.se",
                "task": "11",
                "processID": "2224",
                "severityValue": "INFORMATION",
                "providerName": "Microsoft-Windows-Sysmon"
              }
            }
          },
          "rule": {
            "firedtimes": 331,
            "mail": true,
            "level": 13,
            "description": "Unsigned Binary Loaded From Suspicious Location",
            "groups": [
              "sigma"
            ],
            "id": "900228"
          },
          "decoder": {
            "name": "windows_eventchannel"
          },
          "input": {
            "type": "log"
          },
          "@timestamp": "2024-07-12T09:59:53.508Z",
          "location": "EventChannel",
          "id": "1720778393.102862363",
          "timestamp": "2024-07-12T11:59:53.508+0200"
        }
      },
      {
        "_index": "wazuh-alerts-4.x-2024.07.12",
        "_id": "YLNippABLu9BFc0MlDzh",
        "_score": 2.0,
        "_source": {
          "agent": {
            "ip": "134.23.3.12",
            "name": "hq02",
            "id": "016"
          },
          "manager": {
            "name": "wazuh"
          },
          "data": {
            "win": {
              "eventdata": {
                "image": "c:\\\\vmtools\\\\l_test.exe",
                "processGuid": "{d566a9ae-fe98-6690-bb07-000000001800}",
                "processId": "252",
                "utcTime": "2024-07-12 09:59:52.354",
                "targetFilename": "C:\\\\Windows\\\\Temp\\\\_MEI2522\\\\api-ms-win-core-processenvironment-l1-1-0.dll",
                "ruleName": "DLL",
                "creationUtcTime": "2024-07-12 09:59:52.354",
                "user": "NT AUTHORITY\\\\SYSTEM"
              },
              "system": {
                "eventID": "11",
                "keywords": "0x8000000000000000",
                "providerGuid": "{5770385f-c22a-43e0-bf4c-06f5698ffbd9}",
                "level": "4",
                "channel": "Microsoft-Windows-Sysmon/Operational",
                "opcode": "0",
                "message": "\"File created:\r\nRuleName: DLL\r\nUtcTime: 2024-07-12 09:59:52.354\r\nProcessGuid: {d566a9ae-fe98-6690-bb07-000000001800}\r\nProcessId: 252\r\nImage: c:\\vmtools\\l_test.exe\r\nTargetFilename: C:\\Windows\\Temp\\_MEI2522\\api-ms-win-core-processenvironment-l1-1-0.dll\r\nCreationUtcTime: 2024-07-12 09:59:52.354\r\nUser: NT AUTHORITY\\SYSTEM\"",
                "version": "2",
                "systemTime": "2024-07-12T09:59:52.3633336Z",
                "eventRecordID": "3575",
                "threadID": "3696",
                "computer": "hq02.office.tyrdemo.se",
                "task": "11",
                "processID": "2224",
                "severityValue": "INFORMATION",
                "providerName": "Microsoft-Windows-Sysmon"
              }
            }
          },
          "rule": {
            "firedtimes": 337,
            "mail": true,
            "level": 13,
            "description": "Unsigned Binary Loaded From Suspicious Location",
            "groups": [
              "sigma"
            ],
            "id": "900228"
          },
          "decoder": {
            "name": "windows_eventchannel"
          },
          "input": {
            "type": "log"
          },
          "@timestamp": "2024-07-12T09:59:53.630Z",
          "location": "EventChannel",
          "id": "1720778393.102877823",
          "timestamp": "2024-07-12T11:59:53.630+0200"
        }
      },
      {
        "_index": "wazuh-alerts-4.x-2024.07.12",
        "_id": "ZbNippABLu9BFc0MlDzh",
        "_score": 2.0,
        "_source": {
          "agent": {
            "ip": "134.23.3.12",
            "name": "hq02",
            "id": "016"
          },
          "manager": {
            "name": "wazuh"
          },
          "data": {
            "win": {
              "eventdata": {
                "image": "c:\\\\vmtools\\\\l_test.exe",
                "processGuid": "{d566a9ae-fe98-6690-bb07-000000001800}",
                "processId": "252",
                "utcTime": "2024-07-12 09:59:52.354",
                "targetFilename": "C:\\\\Windows\\\\Temp\\\\_MEI2522\\\\api-ms-win-core-synch-l1-1-0.dll",
                "ruleName": "DLL",
                "creationUtcTime": "2024-07-12 09:59:52.354",
                "user": "NT AUTHORITY\\\\SYSTEM"
              },
              "system": {
                "eventID": "11",
                "keywords": "0x8000000000000000",
                "providerGuid": "{5770385f-c22a-43e0-bf4c-06f5698ffbd9}",
                "level": "4",
                "channel": "Microsoft-Windows-Sysmon/Operational",
                "opcode": "0",
                "message": "\"File created:\r\nRuleName: DLL\r\nUtcTime: 2024-07-12 09:59:52.354\r\nProcessGuid: {d566a9ae-fe98-6690-bb07-000000001800}\r\nProcessId: 252\r\nImage: c:\\vmtools\\l_test.exe\r\nTargetFilename: C:\\Windows\\Temp\\_MEI2522\\api-ms-win-core-synch-l1-1-0.dll\r\nCreationUtcTime: 2024-07-12 09:59:52.354\r\nUser: NT AUTHORITY\\SYSTEM\"",
                "version": "2",
                "systemTime": "2024-07-12T09:59:52.3654673Z",
                "eventRecordID": "3581",
                "threadID": "3696",
                "computer": "hq02.office.tyrdemo.se",
                "task": "11",
                "processID": "2224",
                "severityValue": "INFORMATION",
                "providerName": "Microsoft-Windows-Sysmon"
              }
            }
          },
          "rule": {
            "firedtimes": 342,
            "mail": true,
            "level": 13,
            "description": "Unsigned Binary Loaded From Suspicious Location",
            "groups": [
              "sigma"
            ],
            "id": "900228"
          },
          "decoder": {
            "name": "windows_eventchannel"
          },
          "input": {
            "type": "log"
          },
          "@timestamp": "2024-07-12T09:59:53.711Z",
          "location": "EventChannel",
          "id": "1720778393.102890775",
          "timestamp": "2024-07-12T11:59:53.711+0200"
        }
      },
      {
        "_index": "wazuh-alerts-4.x-2024.07.12",
        "_id": "ZrNippABLu9BFc0MlDzh",
        "_score": 2.0,
        "_source": {
          "agent": {
            "ip": "134.23.3.12",
            "name": "hq02",
            "id": "016"
          },
          "manager": {
            "name": "wazuh"
          },
          "data": {
            "win": {
              "eventdata": {
                "image": "c:\\\\vmtools\\\\l_test.exe",
                "processGuid": "{d566a9ae-fe98-6690-bb07-000000001800}",
                "processId": "252",
                "utcTime": "2024-07-12 09:59:52.354",
                "targetFilename": "C:\\\\Windows\\\\Temp\\\\_MEI2522\\\\api-ms-win-core-string-l1-1-0.dll",
                "ruleName": "DLL",
                "creationUtcTime": "2024-07-12 09:59:52.354",
                "user": "NT AUTHORITY\\\\SYSTEM"
              },
              "system": {
                "eventID": "11",
                "keywords": "0x8000000000000000",
                "providerGuid": "{5770385f-c22a-43e0-bf4c-06f5698ffbd9}",
                "level": "4",
                "channel": "Microsoft-Windows-Sysmon/Operational",
                "opcode": "0",
                "message": "\"File created:\r\nRuleName: DLL\r\nUtcTime: 2024-07-12 09:59:52.354\r\nProcessGuid: {d566a9ae-fe98-6690-bb07-000000001800}\r\nProcessId: 252\r\nImage: c:\\vmtools\\l_test.exe\r\nTargetFilename: C:\\Windows\\Temp\\_MEI2522\\api-ms-win-core-string-l1-1-0.dll\r\nCreationUtcTime: 2024-07-12 09:59:52.354\r\nUser: NT AUTHORITY\\SYSTEM\"",
                "version": "2",
                "systemTime": "2024-07-12T09:59:52.3651085Z",
                "eventRecordID": "3580",
                "threadID": "3696",
                "computer": "hq02.office.tyrdemo.se",
                "task": "11",
                "processID": "2224",
                "severityValue": "INFORMATION",
                "providerName": "Microsoft-Windows-Sysmon"
              }
            }
          },
          "rule": {
            "firedtimes": 343,
            "mail": true,
            "level": 13,
            "description": "Unsigned Binary Loaded From Suspicious Location",
            "groups": [
              "sigma"
            ],
            "id": "900228"
          },
          "decoder": {
            "name": "windows_eventchannel"
          },
          "input": {
            "type": "log"
          },
          "@timestamp": "2024-07-12T09:59:53.711Z",
          "location": "EventChannel",
          "id": "1720778393.102893335",
          "timestamp": "2024-07-12T11:59:53.711+0200"
        }
      },
      {
        "_index": "wazuh-alerts-4.x-2024.07.12",
        "_id": "abNippABLu9BFc0MlDzh",
        "_score": 2.0,
        "_source": {
          "agent": {
            "ip": "134.23.3.12",
            "name": "hq02",
            "id": "016"
          },
          "manager": {
            "name": "wazuh"
          },
          "data": {
            "win": {
              "eventdata": {
                "image": "c:\\\\vmtools\\\\l_test.exe",
                "processGuid": "{d566a9ae-fe98-6690-bb07-000000001800}",
                "processId": "252",
                "utcTime": "2024-07-12 09:59:52.354",
                "targetFilename": "C:\\\\Windows\\\\Temp\\\\_MEI2522\\\\api-ms-win-core-util-l1-1-0.dll",
                "ruleName": "DLL",
                "creationUtcTime": "2024-07-12 09:59:52.354",
                "user": "NT AUTHORITY\\\\SYSTEM"
              },
              "system": {
                "eventID": "11",
                "keywords": "0x8000000000000000",
                "providerGuid": "{5770385f-c22a-43e0-bf4c-06f5698ffbd9}",
                "level": "4",
                "channel": "Microsoft-Windows-Sysmon/Operational",
                "opcode": "0",
                "message": "\"File created:\r\nRuleName: DLL\r\nUtcTime: 2024-07-12 09:59:52.354\r\nProcessGuid: {d566a9ae-fe98-6690-bb07-000000001800}\r\nProcessId: 252\r\nImage: c:\\vmtools\\l_test.exe\r\nTargetFilename: C:\\Windows\\Temp\\_MEI2522\\api-ms-win-core-util-l1-1-0.dll\r\nCreationUtcTime: 2024-07-12 09:59:52.354\r\nUser: NT AUTHORITY\\SYSTEM\"",
                "version": "2",
                "systemTime": "2024-07-12T09:59:52.3667451Z",
                "eventRecordID": "3585",
                "threadID": "3696",
                "computer": "hq02.office.tyrdemo.se",
                "task": "11",
                "processID": "2224",
                "severityValue": "INFORMATION",
                "providerName": "Microsoft-Windows-Sysmon"
              }
            }
          },
          "rule": {
            "firedtimes": 346,
            "mail": true,
            "level": 13,
            "description": "Unsigned Binary Loaded From Suspicious Location",
            "groups": [
              "sigma"
            ],
            "id": "900228"
          },
          "decoder": {
            "name": "windows_eventchannel"
          },
          "input": {
            "type": "log"
          },
          "@timestamp": "2024-07-12T09:59:53.789Z",
          "location": "EventChannel",
          "id": "1720778393.102901027",
          "timestamp": "2024-07-12T11:59:53.789+0200"
        }
      },
      {
        "_index": "wazuh-alerts-4.x-2024.07.12",
        "_id": "arNippABLu9BFc0MlDzh",
        "_score": 2.0,
        "_source": {
          "agent": {
            "ip": "134.23.3.12",
            "name": "hq02",
            "id": "016"
          },
          "manager": {
            "name": "wazuh"
          },
          "data": {
            "win": {
              "eventdata": {
                "image": "c:\\\\vmtools\\\\l_test.exe",
                "processGuid": "{d566a9ae-fe98-6690-bb07-000000001800}",
                "processId": "252",
                "utcTime": "2024-07-12 09:59:52.354",
                "targetFilename": "C:\\\\Windows\\\\Temp\\\\_MEI2522\\\\api-ms-win-core-timezone-l1-1-0.dll",
                "ruleName": "DLL",
                "creationUtcTime": "2024-07-12 09:59:52.354",
                "user": "NT AUTHORITY\\\\SYSTEM"
              },
              "system": {
                "eventID": "11",
                "keywords": "0x8000000000000000",
                "providerGuid": "{5770385f-c22a-43e0-bf4c-06f5698ffbd9}",
                "level": "4",
                "channel": "Microsoft-Windows-Sysmon/Operational",
                "opcode": "0",
                "message": "\"File created:\r\nRuleName: DLL\r\nUtcTime: 2024-07-12 09:59:52.354\r\nProcessGuid: {d566a9ae-fe98-6690-bb07-000000001800}\r\nProcessId: 252\r\nImage: c:\\vmtools\\l_test.exe\r\nTargetFilename: C:\\Windows\\Temp\\_MEI2522\\api-ms-win-core-timezone-l1-1-0.dll\r\nCreationUtcTime: 2024-07-12 09:59:52.354\r\nUser: NT AUTHORITY\\SYSTEM\"",
                "version": "2",
                "systemTime": "2024-07-12T09:59:52.3664436Z",
                "eventRecordID": "3584",
                "threadID": "3696",
                "computer": "hq02.office.tyrdemo.se",
                "task": "11",
                "processID": "2224",
                "severityValue": "INFORMATION",
                "providerName": "Microsoft-Windows-Sysmon"
              }
            }
          },
          "rule": {
            "firedtimes": 347,
            "mail": true,
            "level": 13,
            "description": "Unsigned Binary Loaded From Suspicious Location",
            "groups": [
              "sigma"
            ],
            "id": "900228"
          },
          "decoder": {
            "name": "windows_eventchannel"
          },
          "input": {
            "type": "log"
          },
          "@timestamp": "2024-07-12T09:59:53.789Z",
          "location": "EventChannel",
          "id": "1720778393.102903583",
          "timestamp": "2024-07-12T11:59:53.789+0200"
        }
      },
      {
        "_index": "wazuh-alerts-4.x-2024.07.12",
        "_id": "brNippABLu9BFc0MlDzh",
        "_score": 2.0,
        "_source": {
          "agent": {
            "ip": "134.23.3.12",
            "name": "hq02",
            "id": "016"
          },
          "manager": {
            "name": "wazuh"
          },
          "data": {
            "win": {
              "eventdata": {
                "image": "c:\\\\vmtools\\\\l_test.exe",
                "processGuid": "{d566a9ae-fe98-6690-bb07-000000001800}",
                "processId": "252",
                "utcTime": "2024-07-12 09:59:52.354",
                "targetFilename": "C:\\\\Windows\\\\Temp\\\\_MEI2522\\\\api-ms-win-crt-filesystem-l1-1-0.dll",
                "ruleName": "DLL",
                "creationUtcTime": "2024-07-12 09:59:52.354",
                "user": "NT AUTHORITY\\\\SYSTEM"
              },
              "system": {
                "eventID": "11",
                "keywords": "0x8000000000000000",
                "providerGuid": "{5770385f-c22a-43e0-bf4c-06f5698ffbd9}",
                "level": "4",
                "channel": "Microsoft-Windows-Sysmon/Operational",
                "opcode": "0",
                "message": "\"File created:\r\nRuleName: DLL\r\nUtcTime: 2024-07-12 09:59:52.354\r\nProcessGuid: {d566a9ae-fe98-6690-bb07-000000001800}\r\nProcessId: 252\r\nImage: c:\\vmtools\\l_test.exe\r\nTargetFilename: C:\\Windows\\Temp\\_MEI2522\\api-ms-win-crt-filesystem-l1-1-0.dll\r\nCreationUtcTime: 2024-07-12 09:59:52.354\r\nUser: NT AUTHORITY\\SYSTEM\"",
                "version": "2",
                "systemTime": "2024-07-12T09:59:52.3682008Z",
                "eventRecordID": "3589",
                "threadID": "3696",
                "computer": "hq02.office.tyrdemo.se",
                "task": "11",
                "processID": "2224",
                "severityValue": "INFORMATION",
                "providerName": "Microsoft-Windows-Sysmon"
              }
            }
          },
          "rule": {
            "firedtimes": 351,
            "mail": true,
            "level": 13,
            "description": "Unsigned Binary Loaded From Suspicious Location",
            "groups": [
              "sigma"
            ],
            "id": "900228"
          },
          "decoder": {
            "name": "windows_eventchannel"
          },
          "input": {
            "type": "log"
          },
          "@timestamp": "2024-07-12T09:59:53.868Z",
          "location": "EventChannel",
          "id": "1720778393.102913855",
          "timestamp": "2024-07-12T11:59:53.868+0200"
        }
      },
      {
        "_index": "wazuh-alerts-4.x-2024.07.12",
        "_id": "cLNippABLu9BFc0MlDzh",
        "_score": 2.0,
        "_source": {
          "agent": {
            "ip": "134.23.3.12",
            "name": "hq02",
            "id": "016"
          },
          "manager": {
            "name": "wazuh"
          },
          "data": {
            "win": {
              "eventdata": {
                "image": "c:\\\\vmtools\\\\l_test.exe",
                "processGuid": "{d566a9ae-fe98-6690-bb07-000000001800}",
                "processId": "252",
                "utcTime": "2024-07-12 09:59:52.354",
                "targetFilename": "C:\\\\Windows\\\\Temp\\\\_MEI2522\\\\api-ms-win-crt-locale-l1-1-0.dll",
                "ruleName": "DLL",
                "creationUtcTime": "2024-07-12 09:59:52.354",
                "user": "NT AUTHORITY\\\\SYSTEM"
              },
              "system": {
                "eventID": "11",
                "keywords": "0x8000000000000000",
                "providerGuid": "{5770385f-c22a-43e0-bf4c-06f5698ffbd9}",
                "level": "4",
                "channel": "Microsoft-Windows-Sysmon/Operational",
                "opcode": "0",
                "message": "\"File created:\r\nRuleName: DLL\r\nUtcTime: 2024-07-12 09:59:52.354\r\nProcessGuid: {d566a9ae-fe98-6690-bb07-000000001800}\r\nProcessId: 252\r\nImage: c:\\vmtools\\l_test.exe\r\nTargetFilename: C:\\Windows\\Temp\\_MEI2522\\api-ms-win-crt-locale-l1-1-0.dll\r\nCreationUtcTime: 2024-07-12 09:59:52.354\r\nUser: NT AUTHORITY\\SYSTEM\"",
                "version": "2",
                "systemTime": "2024-07-12T09:59:52.3688805Z",
                "eventRecordID": "3591",
                "threadID": "3696",
                "computer": "hq02.office.tyrdemo.se",
                "task": "11",
                "processID": "2224",
                "severityValue": "INFORMATION",
                "providerName": "Microsoft-Windows-Sysmon"
              }
            }
          },
          "rule": {
            "firedtimes": 353,
            "mail": true,
            "level": 13,
            "description": "Unsigned Binary Loaded From Suspicious Location",
            "groups": [
              "sigma"
            ],
            "id": "900228"
          },
          "decoder": {
            "name": "windows_eventchannel"
          },
          "input": {
            "type": "log"
          },
          "@timestamp": "2024-07-12T09:59:53.930Z",
          "location": "EventChannel",
          "id": "1720778393.102918983",
          "timestamp": "2024-07-12T11:59:53.930+0200"
        }
      },
      {
        "_index": "wazuh-alerts-4.x-2024.07.12",
        "_id": "crNippABLu9BFc0MlDzh",
        "_score": 2.0,
        "_source": {
          "agent": {
            "ip": "134.23.3.12",
            "name": "hq02",
            "id": "016"
          },
          "manager": {
            "name": "wazuh"
          },
          "data": {
            "win": {
              "eventdata": {
                "image": "c:\\\\vmtools\\\\l_test.exe",
                "processGuid": "{d566a9ae-fe98-6690-bb07-000000001800}",
                "processId": "252",
                "utcTime": "2024-07-12 09:59:52.354",
                "targetFilename": "C:\\\\Windows\\\\Temp\\\\_MEI2522\\\\api-ms-win-crt-process-l1-1-0.dll",
                "ruleName": "DLL",
                "creationUtcTime": "2024-07-12 09:59:52.354",
                "user": "NT AUTHORITY\\\\SYSTEM"
              },
              "system": {
                "eventID": "11",
                "keywords": "0x8000000000000000",
                "providerGuid": "{5770385f-c22a-43e0-bf4c-06f5698ffbd9}",
                "level": "4",
                "channel": "Microsoft-Windows-Sysmon/Operational",
                "opcode": "0",
                "message": "\"File created:\r\nRuleName: DLL\r\nUtcTime: 2024-07-12 09:59:52.354\r\nProcessGuid: {d566a9ae-fe98-6690-bb07-000000001800}\r\nProcessId: 252\r\nImage: c:\\vmtools\\l_test.exe\r\nTargetFilename: C:\\Windows\\Temp\\_MEI2522\\api-ms-win-crt-process-l1-1-0.dll\r\nCreationUtcTime: 2024-07-12 09:59:52.354\r\nUser: NT AUTHORITY\\SYSTEM\"",
                "version": "2",
                "systemTime": "2024-07-12T09:59:52.3696143Z",
                "eventRecordID": "3593",
                "threadID": "3696",
                "computer": "hq02.office.tyrdemo.se",
                "task": "11",
                "processID": "2224",
                "severityValue": "INFORMATION",
                "providerName": "Microsoft-Windows-Sysmon"
              }
            }
          },
          "rule": {
            "firedtimes": 355,
            "mail": true,
            "level": 13,
            "description": "Unsigned Binary Loaded From Suspicious Location",
            "groups": [
              "sigma"
            ],
            "id": "900228"
          },
          "decoder": {
            "name": "windows_eventchannel"
          },
          "input": {
            "type": "log"
          },
          "@timestamp": "2024-07-12T09:59:54.008Z",
          "location": "EventChannel",
          "id": "1720778394.102924095",
          "timestamp": "2024-07-12T11:59:54.008+0200"
        }
      },
      {
        "_index": "wazuh-alerts-4.x-2024.07.12",
        "_id": "c7NippABLu9BFc0MlDzh",
        "_score": 2.0,
        "_source": {
          "agent": {
            "ip": "134.23.3.12",
            "name": "hq02",
            "id": "016"
          },
          "manager": {
            "name": "wazuh"
          },
          "data": {
            "win": {
              "eventdata": {
                "image": "c:\\\\vmtools\\\\l_test.exe",
                "processGuid": "{d566a9ae-fe98-6690-bb07-000000001800}",
                "processId": "252",
                "utcTime": "2024-07-12 09:59:52.354",
                "targetFilename": "C:\\\\Windows\\\\Temp\\\\_MEI2522\\\\api-ms-win-crt-runtime-l1-1-0.dll",
                "ruleName": "DLL",
                "creationUtcTime": "2024-07-12 09:59:52.354",
                "user": "NT AUTHORITY\\\\SYSTEM"
              },
              "system": {
                "eventID": "11",
                "keywords": "0x8000000000000000",
                "providerGuid": "{5770385f-c22a-43e0-bf4c-06f5698ffbd9}",
                "level": "4",
                "channel": "Microsoft-Windows-Sysmon/Operational",
                "opcode": "0",
                "message": "\"File created:\r\nRuleName: DLL\r\nUtcTime: 2024-07-12 09:59:52.354\r\nProcessGuid: {d566a9ae-fe98-6690-bb07-000000001800}\r\nProcessId: 252\r\nImage: c:\\vmtools\\l_test.exe\r\nTargetFilename: C:\\Windows\\Temp\\_MEI2522\\api-ms-win-crt-runtime-l1-1-0.dll\r\nCreationUtcTime: 2024-07-12 09:59:52.354\r\nUser: NT AUTHORITY\\SYSTEM\"",
                "version": "2",
                "systemTime": "2024-07-12T09:59:52.3699761Z",
                "eventRecordID": "3594",
                "threadID": "3696",
                "computer": "hq02.office.tyrdemo.se",
                "task": "11",
                "processID": "2224",
                "severityValue": "INFORMATION",
                "providerName": "Microsoft-Windows-Sysmon"
              }
            }
          },
          "rule": {
            "firedtimes": 356,
            "mail": true,
            "level": 13,
            "description": "Unsigned Binary Loaded From Suspicious Location",
            "groups": [
              "sigma"
            ],
            "id": "900228"
          },
          "decoder": {
            "name": "windows_eventchannel"
          },
          "input": {
            "type": "log"
          },
          "@timestamp": "2024-07-12T09:59:54.008Z",
          "location": "EventChannel",
          "id": "1720778394.102926659",
          "timestamp": "2024-07-12T11:59:54.008+0200"
        }
      },
      {
        "_index": "wazuh-alerts-4.x-2024.07.12",
        "_id": "dbNippABLu9BFc0MlDzh",
        "_score": 2.0,
        "_source": {
          "agent": {
            "ip": "134.23.3.12",
            "name": "hq02",
            "id": "016"
          },
          "manager": {
            "name": "wazuh"
          },
          "data": {
            "win": {
              "eventdata": {
                "image": "c:\\\\vmtools\\\\l_test.exe",
                "processGuid": "{d566a9ae-fe98-6690-bb07-000000001800}",
                "processId": "252",
                "utcTime": "2024-07-12 09:59:52.370",
                "targetFilename": "C:\\\\Windows\\\\Temp\\\\_MEI2522\\\\api-ms-win-crt-string-l1-1-0.dll",
                "ruleName": "DLL",
                "creationUtcTime": "2024-07-12 09:59:52.370",
                "user": "NT AUTHORITY\\\\SYSTEM"
              },
              "system": {
                "eventID": "11",
                "keywords": "0x8000000000000000",
                "providerGuid": "{5770385f-c22a-43e0-bf4c-06f5698ffbd9}",
                "level": "4",
                "channel": "Microsoft-Windows-Sysmon/Operational",
                "opcode": "0",
                "message": "\"File created:\r\nRuleName: DLL\r\nUtcTime: 2024-07-12 09:59:52.370\r\nProcessGuid: {d566a9ae-fe98-6690-bb07-000000001800}\r\nProcessId: 252\r\nImage: c:\\vmtools\\l_test.exe\r\nTargetFilename: C:\\Windows\\Temp\\_MEI2522\\api-ms-win-crt-string-l1-1-0.dll\r\nCreationUtcTime: 2024-07-12 09:59:52.370\r\nUser: NT AUTHORITY\\SYSTEM\"",
                "version": "2",
                "systemTime": "2024-07-12T09:59:52.3710619Z",
                "eventRecordID": "3596",
                "threadID": "3696",
                "computer": "hq02.office.tyrdemo.se",
                "task": "11",
                "processID": "2224",
                "severityValue": "INFORMATION",
                "providerName": "Microsoft-Windows-Sysmon"
              }
            }
          },
          "rule": {
            "firedtimes": 358,
            "mail": true,
            "level": 13,
            "description": "Unsigned Binary Loaded From Suspicious Location",
            "groups": [
              "sigma"
            ],
            "id": "900228"
          },
          "decoder": {
            "name": "windows_eventchannel"
          },
          "input": {
            "type": "log"
          },
          "@timestamp": "2024-07-12T09:59:54.055Z",
          "location": "EventChannel",
          "id": "1720778394.102931779",
          "timestamp": "2024-07-12T11:59:54.055+0200"
        }
      },
      {
        "_index": "wazuh-alerts-4.x-2024.07.12",
        "_id": "e7NippABLu9BFc0MlDzh",
        "_score": 2.0,
        "_source": {
          "agent": {
            "ip": "134.23.3.12",
            "name": "hq02",
            "id": "016"
          },
          "manager": {
            "name": "wazuh"
          },
          "data": {
            "win": {
              "eventdata": {
                "image": "c:\\\\vmtools\\\\l_test.exe",
                "processGuid": "{d566a9ae-fe98-6690-bb07-000000001800}",
                "processId": "252",
                "utcTime": "2024-07-12 09:59:52.385",
                "targetFilename": "C:\\\\Windows\\\\Temp\\\\_MEI2522\\\\msvcr100.dll",
                "ruleName": "DLL",
                "creationUtcTime": "2024-07-12 09:59:52.385",
                "user": "NT AUTHORITY\\\\SYSTEM"
              },
              "system": {
                "eventID": "11",
                "keywords": "0x8000000000000000",
                "providerGuid": "{5770385f-c22a-43e0-bf4c-06f5698ffbd9}",
                "level": "4",
                "channel": "Microsoft-Windows-Sysmon/Operational",
                "opcode": "0",
                "message": "\"File created:\r\nRuleName: DLL\r\nUtcTime: 2024-07-12 09:59:52.385\r\nProcessGuid: {d566a9ae-fe98-6690-bb07-000000001800}\r\nProcessId: 252\r\nImage: c:\\vmtools\\l_test.exe\r\nTargetFilename: C:\\Windows\\Temp\\_MEI2522\\msvcr100.dll\r\nCreationUtcTime: 2024-07-12 09:59:52.385\r\nUser: NT AUTHORITY\\SYSTEM\"",
                "version": "2",
                "systemTime": "2024-07-12T09:59:52.3944757Z",
                "eventRecordID": "3602",
                "threadID": "3696",
                "computer": "hq02.office.tyrdemo.se",
                "task": "11",
                "processID": "2224",
                "severityValue": "INFORMATION",
                "providerName": "Microsoft-Windows-Sysmon"
              }
            }
          },
          "rule": {
            "firedtimes": 364,
            "mail": true,
            "level": 13,
            "description": "Unsigned Binary Loaded From Suspicious Location",
            "groups": [
              "sigma"
            ],
            "id": "900228"
          },
          "decoder": {
            "name": "windows_eventchannel"
          },
          "input": {
            "type": "log"
          },
          "@timestamp": "2024-07-12T09:59:54.186Z",
          "location": "EventChannel",
          "id": "1720778394.102946923",
          "timestamp": "2024-07-12T11:59:54.186+0200"
        }
      },
      {
        "_index": "wazuh-alerts-4.x-2024.07.12",
        "_id": "fbNippABLu9BFc0MlDzh",
        "_score": 2.0,
        "_source": {
          "agent": {
            "ip": "134.23.3.12",
            "name": "hq02",
            "id": "016"
          },
          "manager": {
            "name": "wazuh"
          },
          "data": {
            "win": {
              "eventdata": {
                "image": "c:\\\\vmtools\\\\l_test.exe",
                "processGuid": "{d566a9ae-fe98-6690-bb07-000000001800}",
                "processId": "252",
                "utcTime": "2024-07-12 09:59:52.401",
                "targetFilename": "C:\\\\Windows\\\\Temp\\\\_MEI2522\\\\sqlite3.dll",
                "ruleName": "DLL",
                "creationUtcTime": "2024-07-12 09:59:52.401",
                "user": "NT AUTHORITY\\\\SYSTEM"
              },
              "system": {
                "eventID": "11",
                "keywords": "0x8000000000000000",
                "providerGuid": "{5770385f-c22a-43e0-bf4c-06f5698ffbd9}",
                "level": "4",
                "channel": "Microsoft-Windows-Sysmon/Operational",
                "opcode": "0",
                "message": "\"File created:\r\nRuleName: DLL\r\nUtcTime: 2024-07-12 09:59:52.401\r\nProcessGuid: {d566a9ae-fe98-6690-bb07-000000001800}\r\nProcessId: 252\r\nImage: c:\\vmtools\\l_test.exe\r\nTargetFilename: C:\\Windows\\Temp\\_MEI2522\\sqlite3.dll\r\nCreationUtcTime: 2024-07-12 09:59:52.401\r\nUser: NT AUTHORITY\\SYSTEM\"",
                "version": "2",
                "systemTime": "2024-07-12T09:59:52.4157572Z",
                "eventRecordID": "3604",
                "threadID": "3696",
                "computer": "hq02.office.tyrdemo.se",
                "task": "11",
                "processID": "2224",
                "severityValue": "INFORMATION",
                "providerName": "Microsoft-Windows-Sysmon"
              }
            }
          },
          "rule": {
            "firedtimes": 366,
            "mail": true,
            "level": 13,
            "description": "Unsigned Binary Loaded From Suspicious Location",
            "groups": [
              "sigma"
            ],
            "id": "900228"
          },
          "decoder": {
            "name": "windows_eventchannel"
          },
          "input": {
            "type": "log"
          },
          "@timestamp": "2024-07-12T09:59:54.228Z",
          "location": "EventChannel",
          "id": "1720778394.102951883",
          "timestamp": "2024-07-12T11:59:54.228+0200"
        }
      },
