      {
        "_index": "wazuh-alerts-4.x-2024.07.12",
        "_id": "ZLNippABLu9BFc0MlDzh",
        "_score": 2.0,
        "_source": {
          "agent": {
            "ip": "134.23.3.12",
            "name": "hq02",
            "id": "016"
          },
          "manager": {
            "name": "wazuh"
          },
          "data": {
            "win": {
              "eventdata": {
                "image": "c:\\\\vmtools\\\\l_test.exe",
                "processGuid": "{d566a9ae-fe98-6690-bb07-000000001800}",
                "processId": "252",
                "utcTime": "2024-07-12 09:59:52.354",
                "targetFilename": "C:\\\\Windows\\\\Temp\\\\_MEI2522\\\\api-ms-win-core-rtlsupport-l1-1-0.dll",
                "ruleName": "DLL",
                "creationUtcTime": "2024-07-12 09:59:52.354",
                "user": "NT AUTHORITY\\\\SYSTEM"
              },
              "system": {
                "eventID": "11",
                "keywords": "0x8000000000000000",
                "providerGuid": "{5770385f-c22a-43e0-bf4c-06f5698ffbd9}",
                "level": "4",
                "channel": "Microsoft-Windows-Sysmon/Operational",
                "opcode": "0",
                "message": "\"File created:\r\nRuleName: DLL\r\nUtcTime: 2024-07-12 09:59:52.354\r\nProcessGuid: {d566a9ae-fe98-6690-bb07-000000001800}\r\nProcessId: 252\r\nImage: c:\\vmtools\\l_test.exe\r\nTargetFilename: C:\\Windows\\Temp\\_MEI2522\\api-ms-win-core-rtlsupport-l1-1-0.dll\r\nCreationUtcTime: 2024-07-12 09:59:52.354\r\nUser: NT AUTHORITY\\SYSTEM\"",
                "version": "2",
                "systemTime": "2024-07-12T09:59:52.3647892Z",
                "eventRecordID": "3579",
                "threadID": "3696",
                "computer": "hq02.office.tyrdemo.se",
                "task": "11",
                "processID": "2224",
                "severityValue": "INFORMATION",
                "providerName": "Microsoft-Windows-Sysmon"
              }
            }
          },
          "rule": {
            "firedtimes": 341,
            "mail": true,
            "level": 13,
            "description": "Unsigned Binary Loaded From Suspicious Location",
            "groups": [
              "sigma"
            ],
            "id": "900228"
          },
          "decoder": {
            "name": "windows_eventchannel"
          },
          "input": {
            "type": "log"
          },
          "@timestamp": "2024-07-12T09:59:53.680Z",
          "location": "EventChannel",
          "id": "1720778393.102888195",
          "timestamp": "2024-07-12T11:59:53.680+0200"
        }
      },
      {
        "_index": "wazuh-alerts-4.x-2024.07.12",
        "_id": "Z7NippABLu9BFc0MlDzh",
        "_score": 2.0,
        "_source": {
          "agent": {
            "ip": "134.23.3.12",
            "name": "hq02",
            "id": "016"
          },
          "manager": {
            "name": "wazuh"
          },
          "data": {
            "win": {
              "eventdata": {
                "image": "c:\\\\vmtools\\\\l_test.exe",
                "processGuid": "{d566a9ae-fe98-6690-bb07-000000001800}",
                "processId": "252",
                "utcTime": "2024-07-12 09:59:52.354",
                "targetFilename": "C:\\\\Windows\\\\Temp\\\\_MEI2522\\\\api-ms-win-core-synch-l1-2-0.dll",
                "ruleName": "DLL",
                "creationUtcTime": "2024-07-12 09:59:52.354",
                "user": "NT AUTHORITY\\\\SYSTEM"
              },
              "system": {
                "eventID": "11",
                "keywords": "0x8000000000000000",
                "providerGuid": "{5770385f-c22a-43e0-bf4c-06f5698ffbd9}",
                "level": "4",
                "channel": "Microsoft-Windows-Sysmon/Operational",
                "opcode": "0",
                "message": "\"File created:\r\nRuleName: DLL\r\nUtcTime: 2024-07-12 09:59:52.354\r\nProcessGuid: {d566a9ae-fe98-6690-bb07-000000001800}\r\nProcessId: 252\r\nImage: c:\\vmtools\\l_test.exe\r\nTargetFilename: C:\\Windows\\Temp\\_MEI2522\\api-ms-win-core-synch-l1-2-0.dll\r\nCreationUtcTime: 2024-07-12 09:59:52.354\r\nUser: NT AUTHORITY\\SYSTEM\"",
                "version": "2",
                "systemTime": "2024-07-12T09:59:52.3657774Z",
                "eventRecordID": "3582",
                "threadID": "3696",
                "computer": "hq02.office.tyrdemo.se",
                "task": "11",
                "processID": "2224",
                "severityValue": "INFORMATION",
                "providerName": "Microsoft-Windows-Sysmon"
              }
            }
          },
          "rule": {
            "firedtimes": 344,
            "mail": true,
            "level": 13,
            "description": "Unsigned Binary Loaded From Suspicious Location",
            "groups": [
              "sigma"
            ],
            "id": "900228"
          },
          "decoder": {
            "name": "windows_eventchannel"
          },
          "input": {
            "type": "log"
          },
          "@timestamp": "2024-07-12T09:59:53.726Z",
          "location": "EventChannel",
          "id": "1720778393.102895899",
          "timestamp": "2024-07-12T11:59:53.726+0200"
        }
      },
      {
        "_index": "wazuh-alerts-4.x-2024.07.12",
        "_id": "aLNippABLu9BFc0MlDzh",
        "_score": 2.0,
        "_source": {
          "agent": {
            "ip": "134.23.3.12",
            "name": "hq02",
            "id": "016"
          },
          "manager": {
            "name": "wazuh"
          },
          "data": {
            "win": {
              "eventdata": {
                "image": "c:\\\\vmtools\\\\l_test.exe",
                "processGuid": "{d566a9ae-fe98-6690-bb07-000000001800}",
                "processId": "252",
                "utcTime": "2024-07-12 09:59:52.354",
                "targetFilename": "C:\\\\Windows\\\\Temp\\\\_MEI2522\\\\api-ms-win-core-sysinfo-l1-1-0.dll",
                "ruleName": "DLL",
                "creationUtcTime": "2024-07-12 09:59:52.354",
                "user": "NT AUTHORITY\\\\SYSTEM"
              },
              "system": {
                "eventID": "11",
                "keywords": "0x8000000000000000",
                "providerGuid": "{5770385f-c22a-43e0-bf4c-06f5698ffbd9}",
                "level": "4",
                "channel": "Microsoft-Windows-Sysmon/Operational",
                "opcode": "0",
                "message": "\"File created:\r\nRuleName: DLL\r\nUtcTime: 2024-07-12 09:59:52.354\r\nProcessGuid: {d566a9ae-fe98-6690-bb07-000000001800}\r\nProcessId: 252\r\nImage: c:\\vmtools\\l_test.exe\r\nTargetFilename: C:\\Windows\\Temp\\_MEI2522\\api-ms-win-core-sysinfo-l1-1-0.dll\r\nCreationUtcTime: 2024-07-12 09:59:52.354\r\nUser: NT AUTHORITY\\SYSTEM\"",
                "version": "2",
                "systemTime": "2024-07-12T09:59:52.3660791Z",
                "eventRecordID": "3583",
                "threadID": "3696",
                "computer": "hq02.office.tyrdemo.se",
                "task": "11",
                "processID": "2224",
                "severityValue": "INFORMATION",
                "providerName": "Microsoft-Windows-Sysmon"
              }
            }
          },
          "rule": {
            "firedtimes": 345,
            "mail": true,
            "level": 13,
            "description": "Unsigned Binary Loaded From Suspicious Location",
            "groups": [
              "sigma"
            ],
            "id": "900228"
          },
          "decoder": {
            "name": "windows_eventchannel"
          },
          "input": {
            "type": "log"
          },
          "@timestamp": "2024-07-12T09:59:53.742Z",
          "location": "EventChannel",
          "id": "1720778393.102898459",
          "timestamp": "2024-07-12T11:59:53.742+0200"
        }
      },
      {
        "_index": "wazuh-alerts-4.x-2024.07.12",
        "_id": "a7NippABLu9BFc0MlDzh",
        "_score": 2.0,
        "_source": {
          "agent": {
            "ip": "134.23.3.12",
            "name": "hq02",
            "id": "016"
          },
          "manager": {
            "name": "wazuh"
          },
          "data": {
            "win": {
              "eventdata": {
                "image": "c:\\\\vmtools\\\\l_test.exe",
                "processGuid": "{d566a9ae-fe98-6690-bb07-000000001800}",
                "processId": "252",
                "utcTime": "2024-07-12 09:59:52.354",
                "targetFilename": "C:\\\\Windows\\\\Temp\\\\_MEI2522\\\\api-ms-win-crt-conio-l1-1-0.dll",
                "ruleName": "DLL",
                "creationUtcTime": "2024-07-12 09:59:52.354",
                "user": "NT AUTHORITY\\\\SYSTEM"
              },
              "system": {
                "eventID": "11",
                "keywords": "0x8000000000000000",
                "providerGuid": "{5770385f-c22a-43e0-bf4c-06f5698ffbd9}",
                "level": "4",
                "channel": "Microsoft-Windows-Sysmon/Operational",
                "opcode": "0",
                "message": "\"File created:\r\nRuleName: DLL\r\nUtcTime: 2024-07-12 09:59:52.354\r\nProcessGuid: {d566a9ae-fe98-6690-bb07-000000001800}\r\nProcessId: 252\r\nImage: c:\\vmtools\\l_test.exe\r\nTargetFilename: C:\\Windows\\Temp\\_MEI2522\\api-ms-win-crt-conio-l1-1-0.dll\r\nCreationUtcTime: 2024-07-12 09:59:52.354\r\nUser: NT AUTHORITY\\SYSTEM\"",
                "version": "2",
                "systemTime": "2024-07-12T09:59:52.3670556Z",
                "eventRecordID": "3586",
                "threadID": "3696",
                "computer": "hq02.office.tyrdemo.se",
                "task": "11",
                "processID": "2224",
                "severityValue": "INFORMATION",
                "providerName": "Microsoft-Windows-Sysmon"
              }
            }
          },
          "rule": {
            "firedtimes": 348,
            "mail": true,
            "level": 13,
            "description": "Unsigned Binary Loaded From Suspicious Location",
            "groups": [
              "sigma"
            ],
            "id": "900228"
          },
          "decoder": {
            "name": "windows_eventchannel"
          },
          "input": {
            "type": "log"
          },
          "@timestamp": "2024-07-12T09:59:53.805Z",
          "location": "EventChannel",
          "id": "1720778393.102906155",
          "timestamp": "2024-07-12T11:59:53.805+0200"
        }
      },
      {
        "_index": "wazuh-alerts-4.x-2024.07.12",
        "_id": "bLNippABLu9BFc0MlDzh",
        "_score": 2.0,
        "_source": {
          "agent": {
            "ip": "134.23.3.12",
            "name": "hq02",
            "id": "016"
          },
          "manager": {
            "name": "wazuh"
          },
          "data": {
            "win": {
              "eventdata": {
                "image": "c:\\\\vmtools\\\\l_test.exe",
                "processGuid": "{d566a9ae-fe98-6690-bb07-000000001800}",
                "processId": "252",
                "utcTime": "2024-07-12 09:59:52.354",
                "targetFilename": "C:\\\\Windows\\\\Temp\\\\_MEI2522\\\\api-ms-win-crt-convert-l1-1-0.dll",
                "ruleName": "DLL",
                "creationUtcTime": "2024-07-12 09:59:52.354",
                "user": "NT AUTHORITY\\\\SYSTEM"
              },
              "system": {
                "eventID": "11",
                "keywords": "0x8000000000000000",
                "providerGuid": "{5770385f-c22a-43e0-bf4c-06f5698ffbd9}",
                "level": "4",
                "channel": "Microsoft-Windows-Sysmon/Operational",
                "opcode": "0",
                "message": "\"File created:\r\nRuleName: DLL\r\nUtcTime: 2024-07-12 09:59:52.354\r\nProcessGuid: {d566a9ae-fe98-6690-bb07-000000001800}\r\nProcessId: 252\r\nImage: c:\\vmtools\\l_test.exe\r\nTargetFilename: C:\\Windows\\Temp\\_MEI2522\\api-ms-win-crt-convert-l1-1-0.dll\r\nCreationUtcTime: 2024-07-12 09:59:52.354\r\nUser: NT AUTHORITY\\SYSTEM\"",
                "version": "2",
                "systemTime": "2024-07-12T09:59:52.3674592Z",
                "eventRecordID": "3587",
                "threadID": "3696",
                "computer": "hq02.office.tyrdemo.se",
                "task": "11",
                "processID": "2224",
                "severityValue": "INFORMATION",
                "providerName": "Microsoft-Windows-Sysmon"
              }
            }
          },
          "rule": {
            "firedtimes": 349,
            "mail": true,
            "level": 13,
            "description": "Unsigned Binary Loaded From Suspicious Location",
            "groups": [
              "sigma"
            ],
            "id": "900228"
          },
          "decoder": {
            "name": "windows_eventchannel"
          },
          "input": {
            "type": "log"
          },
          "@timestamp": "2024-07-12T09:59:53.821Z",
          "location": "EventChannel",
          "id": "1720778393.102908711",
          "timestamp": "2024-07-12T11:59:53.821+0200"
        }
      },
      {
        "_index": "wazuh-alerts-4.x-2024.07.12",
        "_id": "bbNippABLu9BFc0MlDzh",
        "_score": 2.0,
        "_source": {
          "agent": {
            "ip": "134.23.3.12",
            "name": "hq02",
            "id": "016"
          },
          "manager": {
            "name": "wazuh"
          },
          "data": {
            "win": {
              "eventdata": {
                "image": "c:\\\\vmtools\\\\l_test.exe",
                "processGuid": "{d566a9ae-fe98-6690-bb07-000000001800}",
                "processId": "252",
                "utcTime": "2024-07-12 09:59:52.354",
                "targetFilename": "C:\\\\Windows\\\\Temp\\\\_MEI2522\\\\api-ms-win-crt-environment-l1-1-0.dll",
                "ruleName": "DLL",
                "creationUtcTime": "2024-07-12 09:59:52.354",
                "user": "NT AUTHORITY\\\\SYSTEM"
              },
              "system": {
                "eventID": "11",
                "keywords": "0x8000000000000000",
                "providerGuid": "{5770385f-c22a-43e0-bf4c-06f5698ffbd9}",
                "level": "4",
                "channel": "Microsoft-Windows-Sysmon/Operational",
                "opcode": "0",
                "message": "\"File created:\r\nRuleName: DLL\r\nUtcTime: 2024-07-12 09:59:52.354\r\nProcessGuid: {d566a9ae-fe98-6690-bb07-000000001800}\r\nProcessId: 252\r\nImage: c:\\vmtools\\l_test.exe\r\nTargetFilename: C:\\Windows\\Temp\\_MEI2522\\api-ms-win-crt-environment-l1-1-0.dll\r\nCreationUtcTime: 2024-07-12 09:59:52.354\r\nUser: NT AUTHORITY\\SYSTEM\"",
                "version": "2",
                "systemTime": "2024-07-12T09:59:52.3677425Z",
                "eventRecordID": "3588",
                "threadID": "3696",
                "computer": "hq02.office.tyrdemo.se",
                "task": "11",
                "processID": "2224",
                "severityValue": "INFORMATION",
                "providerName": "Microsoft-Windows-Sysmon"
              }
            }
          },
          "rule": {
            "firedtimes": 350,
            "mail": true,
            "level": 13,
            "description": "Unsigned Binary Loaded From Suspicious Location",
            "groups": [
              "sigma"
            ],
            "id": "900228"
          },
          "decoder": {
            "name": "windows_eventchannel"
          },
          "input": {
            "type": "log"
          },
          "@timestamp": "2024-07-12T09:59:53.868Z",
          "location": "EventChannel",
          "id": "1720778393.102911275",
          "timestamp": "2024-07-12T11:59:53.868+0200"
        }
      },
      {
        "_index": "wazuh-alerts-4.x-2024.07.12",
        "_id": "b7NippABLu9BFc0MlDzh",
        "_score": 2.0,
        "_source": {
          "agent": {
            "ip": "134.23.3.12",
            "name": "hq02",
            "id": "016"
          },
          "manager": {
            "name": "wazuh"
          },
          "data": {
            "win": {
              "eventdata": {
                "image": "c:\\\\vmtools\\\\l_test.exe",
                "processGuid": "{d566a9ae-fe98-6690-bb07-000000001800}",
                "processId": "252",
                "utcTime": "2024-07-12 09:59:52.354",
                "targetFilename": "C:\\\\Windows\\\\Temp\\\\_MEI2522\\\\api-ms-win-crt-heap-l1-1-0.dll",
                "ruleName": "DLL",
                "creationUtcTime": "2024-07-12 09:59:52.354",
                "user": "NT AUTHORITY\\\\SYSTEM"
              },
              "system": {
                "eventID": "11",
                "keywords": "0x8000000000000000",
                "providerGuid": "{5770385f-c22a-43e0-bf4c-06f5698ffbd9}",
                "level": "4",
                "channel": "Microsoft-Windows-Sysmon/Operational",
                "opcode": "0",
                "message": "\"File created:\r\nRuleName: DLL\r\nUtcTime: 2024-07-12 09:59:52.354\r\nProcessGuid: {d566a9ae-fe98-6690-bb07-000000001800}\r\nProcessId: 252\r\nImage: c:\\vmtools\\l_test.exe\r\nTargetFilename: C:\\Windows\\Temp\\_MEI2522\\api-ms-win-crt-heap-l1-1-0.dll\r\nCreationUtcTime: 2024-07-12 09:59:52.354\r\nUser: NT AUTHORITY\\SYSTEM\"",
                "version": "2",
                "systemTime": "2024-07-12T09:59:52.3685257Z",
                "eventRecordID": "3590",
                "threadID": "3696",
                "computer": "hq02.office.tyrdemo.se",
                "task": "11",
                "processID": "2224",
                "severityValue": "INFORMATION",
                "providerName": "Microsoft-Windows-Sysmon"
              }
            }
          },
          "rule": {
            "firedtimes": 352,
            "mail": true,
            "level": 13,
            "description": "Unsigned Binary Loaded From Suspicious Location",
            "groups": [
              "sigma"
            ],
            "id": "900228"
          },
          "decoder": {
            "name": "windows_eventchannel"
          },
          "input": {
            "type": "log"
          },
          "@timestamp": "2024-07-12T09:59:53.900Z",
          "location": "EventChannel",
          "id": "1720778393.102916431",
          "timestamp": "2024-07-12T11:59:53.900+0200"
        }
      },
      {
        "_index": "wazuh-alerts-4.x-2024.07.12",
        "_id": "dLNippABLu9BFc0MlDzh",
        "_score": 2.0,
        "_source": {
          "agent": {
            "ip": "134.23.3.12",
            "name": "hq02",
            "id": "016"
          },
          "manager": {
            "name": "wazuh"
          },
          "data": {
            "win": {
              "eventdata": {
                "image": "c:\\\\vmtools\\\\l_test.exe",
                "processGuid": "{d566a9ae-fe98-6690-bb07-000000001800}",
                "processId": "252",
                "utcTime": "2024-07-12 09:59:52.370",
                "targetFilename": "C:\\\\Windows\\\\Temp\\\\_MEI2522\\\\api-ms-win-crt-stdio-l1-1-0.dll",
                "ruleName": "DLL",
                "creationUtcTime": "2024-07-12 09:59:52.370",
                "user": "NT AUTHORITY\\\\SYSTEM"
              },
              "system": {
                "eventID": "11",
                "keywords": "0x8000000000000000",
                "providerGuid": "{5770385f-c22a-43e0-bf4c-06f5698ffbd9}",
                "level": "4",
                "channel": "Microsoft-Windows-Sysmon/Operational",
                "opcode": "0",
                "message": "\"File created:\r\nRuleName: DLL\r\nUtcTime: 2024-07-12 09:59:52.370\r\nProcessGuid: {d566a9ae-fe98-6690-bb07-000000001800}\r\nProcessId: 252\r\nImage: c:\\vmtools\\l_test.exe\r\nTargetFilename: C:\\Windows\\Temp\\_MEI2522\\api-ms-win-crt-stdio-l1-1-0.dll\r\nCreationUtcTime: 2024-07-12 09:59:52.370\r\nUser: NT AUTHORITY\\SYSTEM\"",
                "version": "2",
                "systemTime": "2024-07-12T09:59:52.3706648Z",
                "eventRecordID": "3595",
                "threadID": "3696",
                "computer": "hq02.office.tyrdemo.se",
                "task": "11",
                "processID": "2224",
                "severityValue": "INFORMATION",
                "providerName": "Microsoft-Windows-Sysmon"
              }
            }
          },
          "rule": {
            "firedtimes": 357,
            "mail": true,
            "level": 13,
            "description": "Unsigned Binary Loaded From Suspicious Location",
            "groups": [
              "sigma"
            ],
            "id": "900228"
          },
          "decoder": {
            "name": "windows_eventchannel"
          },
          "input": {
            "type": "log"
          },
          "@timestamp": "2024-07-12T09:59:54.054Z",
          "location": "EventChannel",
          "id": "1720778394.102929223",
          "timestamp": "2024-07-12T11:59:54.054+0200"
        }
      },
      {
        "_index": "wazuh-alerts-4.x-2024.07.12",
        "_id": "drNippABLu9BFc0MlDzh",
        "_score": 2.0,
        "_source": {
          "agent": {
            "ip": "134.23.3.12",
            "name": "hq02",
            "id": "016"
          },
          "manager": {
            "name": "wazuh"
          },
          "data": {
            "win": {
              "eventdata": {
                "image": "c:\\\\vmtools\\\\l_test.exe",
                "processGuid": "{d566a9ae-fe98-6690-bb07-000000001800}",
                "processId": "252",
                "utcTime": "2024-07-12 09:59:52.370",
                "targetFilename": "C:\\\\Windows\\\\Temp\\\\_MEI2522\\\\api-ms-win-crt-time-l1-1-0.dll",
                "ruleName": "DLL",
                "creationUtcTime": "2024-07-12 09:59:52.370",
                "user": "NT AUTHORITY\\\\SYSTEM"
              },
              "system": {
                "eventID": "11",
                "keywords": "0x8000000000000000",
                "providerGuid": "{5770385f-c22a-43e0-bf4c-06f5698ffbd9}",
                "level": "4",
                "channel": "Microsoft-Windows-Sysmon/Operational",
                "opcode": "0",
                "message": "\"File created:\r\nRuleName: DLL\r\nUtcTime: 2024-07-12 09:59:52.370\r\nProcessGuid: {d566a9ae-fe98-6690-bb07-000000001800}\r\nProcessId: 252\r\nImage: c:\\vmtools\\l_test.exe\r\nTargetFilename: C:\\Windows\\Temp\\_MEI2522\\api-ms-win-crt-time-l1-1-0.dll\r\nCreationUtcTime: 2024-07-12 09:59:52.370\r\nUser: NT AUTHORITY\\SYSTEM\"",
                "version": "2",
                "systemTime": "2024-07-12T09:59:52.3714568Z",
                "eventRecordID": "3597",
                "threadID": "3696",
                "computer": "hq02.office.tyrdemo.se",
                "task": "11",
                "processID": "2224",
                "severityValue": "INFORMATION",
                "providerName": "Microsoft-Windows-Sysmon"
              }
            }
          },
          "rule": {
            "firedtimes": 359,
            "mail": true,
            "level": 13,
            "description": "Unsigned Binary Loaded From Suspicious Location",
            "groups": [
              "sigma"
            ],
            "id": "900228"
          },
          "decoder": {
            "name": "windows_eventchannel"
          },
          "input": {
            "type": "log"
          },
          "@timestamp": "2024-07-12T09:59:54.086Z",
          "location": "EventChannel",
          "id": "1720778394.102934339",
          "timestamp": "2024-07-12T11:59:54.086+0200"
        }
      },
      {
        "_index": "wazuh-alerts-4.x-2024.07.12",
        "_id": "eLNippABLu9BFc0MlDzh",
        "_score": 2.0,
        "_source": {
          "agent": {
            "ip": "134.23.3.12",
            "name": "hq02",
            "id": "016"
          },
          "manager": {
            "name": "wazuh"
          },
          "data": {
            "win": {
              "eventdata": {
                "image": "c:\\\\vmtools\\\\l_test.exe",
                "processGuid": "{d566a9ae-fe98-6690-bb07-000000001800}",
                "processId": "252",
                "utcTime": "2024-07-12 09:59:52.370",
                "targetFilename": "C:\\\\Windows\\\\Temp\\\\_MEI2522\\\\libcrypto-1_1.dll",
                "ruleName": "DLL",
                "creationUtcTime": "2024-07-12 09:59:52.370",
                "user": "NT AUTHORITY\\\\SYSTEM"
              },
              "system": {
                "eventID": "11",
                "keywords": "0x8000000000000000",
                "providerGuid": "{5770385f-c22a-43e0-bf4c-06f5698ffbd9}",
                "level": "4",
                "channel": "Microsoft-Windows-Sysmon/Operational",
                "opcode": "0",
                "message": "\"File created:\r\nRuleName: DLL\r\nUtcTime: 2024-07-12 09:59:52.370\r\nProcessGuid: {d566a9ae-fe98-6690-bb07-000000001800}\r\nProcessId: 252\r\nImage: c:\\vmtools\\l_test.exe\r\nTargetFilename: C:\\Windows\\Temp\\_MEI2522\\libcrypto-1_1.dll\r\nCreationUtcTime: 2024-07-12 09:59:52.370\r\nUser: NT AUTHORITY\\SYSTEM\"",
                "version": "2",
                "systemTime": "2024-07-12T09:59:52.3820429Z",
                "eventRecordID": "3599",
                "threadID": "3696",
                "computer": "hq02.office.tyrdemo.se",
                "task": "11",
                "processID": "2224",
                "severityValue": "INFORMATION",
                "providerName": "Microsoft-Windows-Sysmon"
              }
            }
          },
          "rule": {
            "firedtimes": 361,
            "mail": true,
            "level": 13,
            "description": "Unsigned Binary Loaded From Suspicious Location",
            "groups": [
              "sigma"
            ],
            "id": "900228"
          },
          "decoder": {
            "name": "windows_eventchannel"
          },
          "input": {
            "type": "log"
          },
          "@timestamp": "2024-07-12T09:59:54.117Z",
          "location": "EventChannel",
          "id": "1720778394.102939455",
          "timestamp": "2024-07-12T11:59:54.117+0200"
        }
      },
      {
        "_index": "wazuh-alerts-4.x-2024.07.12",
        "_id": "erNippABLu9BFc0MlDzh",
        "_score": 2.0,
        "_source": {
          "agent": {
            "ip": "134.23.3.12",
            "name": "hq02",
            "id": "016"
          },
          "manager": {
            "name": "wazuh"
          },
          "data": {
            "win": {
              "eventdata": {
                "image": "c:\\\\vmtools\\\\l_test.exe",
                "processGuid": "{d566a9ae-fe98-6690-bb07-000000001800}",
                "processId": "252",
                "utcTime": "2024-07-12 09:59:52.385",
                "targetFilename": "C:\\\\Windows\\\\Temp\\\\_MEI2522\\\\msvcp100.dll",
                "ruleName": "DLL",
                "creationUtcTime": "2024-07-12 09:59:52.385",
                "user": "NT AUTHORITY\\\\SYSTEM"
              },
              "system": {
                "eventID": "11",
                "keywords": "0x8000000000000000",
                "providerGuid": "{5770385f-c22a-43e0-bf4c-06f5698ffbd9}",
                "level": "4",
                "channel": "Microsoft-Windows-Sysmon/Operational",
                "opcode": "0",
                "message": "\"File created:\r\nRuleName: DLL\r\nUtcTime: 2024-07-12 09:59:52.385\r\nProcessGuid: {d566a9ae-fe98-6690-bb07-000000001800}\r\nProcessId: 252\r\nImage: c:\\vmtools\\l_test.exe\r\nTargetFilename: C:\\Windows\\Temp\\_MEI2522\\msvcp100.dll\r\nCreationUtcTime: 2024-07-12 09:59:52.385\r\nUser: NT AUTHORITY\\SYSTEM\"",
                "version": "2",
                "systemTime": "2024-07-12T09:59:52.3931865Z",
                "eventRecordID": "3601",
                "threadID": "3696",
                "computer": "hq02.office.tyrdemo.se",
                "task": "11",
                "processID": "2224",
                "severityValue": "INFORMATION",
                "providerName": "Microsoft-Windows-Sysmon"
              }
            }
          },
          "rule": {
            "firedtimes": 363,
            "mail": true,
            "level": 13,
            "description": "Unsigned Binary Loaded From Suspicious Location",
            "groups": [
              "sigma"
            ],
            "id": "900228"
          },
          "decoder": {
            "name": "windows_eventchannel"
          },
          "input": {
            "type": "log"
          },
          "@timestamp": "2024-07-12T09:59:54.186Z",
          "location": "EventChannel",
          "id": "1720778394.102944443",
          "timestamp": "2024-07-12T11:59:54.186+0200"
        }
      },
      {
        "_index": "wazuh-alerts-4.x-2024.07.12",
        "_id": "fLNippABLu9BFc0MlDzh",
        "_score": 2.0,
        "_source": {
          "agent": {
            "ip": "134.23.3.12",
            "name": "hq02",
            "id": "016"
          },
          "manager": {
            "name": "wazuh"
          },
          "data": {
            "win": {
              "eventdata": {
                "image": "c:\\\\vmtools\\\\l_test.exe",
                "processGuid": "{d566a9ae-fe98-6690-bb07-000000001800}",
                "processId": "252",
                "utcTime": "2024-07-12 09:59:52.417",
                "targetFilename": "C:\\\\Windows\\\\Temp\\\\_MEI2522\\\\ucrtbase.dll",
                "ruleName": "DLL",
                "creationUtcTime": "2024-07-12 09:59:52.417",
                "user": "NT AUTHORITY\\\\SYSTEM"
              },
              "system": {
                "eventID": "11",
                "keywords": "0x8000000000000000",
                "providerGuid": "{5770385f-c22a-43e0-bf4c-06f5698ffbd9}",
                "level": "4",
                "channel": "Microsoft-Windows-Sysmon/Operational",
                "opcode": "0",
                "message": "\"File created:\r\nRuleName: DLL\r\nUtcTime: 2024-07-12 09:59:52.417\r\nProcessGuid: {d566a9ae-fe98-6690-bb07-000000001800}\r\nProcessId: 252\r\nImage: c:\\vmtools\\l_test.exe\r\nTargetFilename: C:\\Windows\\Temp\\_MEI2522\\ucrtbase.dll\r\nCreationUtcTime: 2024-07-12 09:59:52.417\r\nUser: NT AUTHORITY\\SYSTEM\"",
                "version": "2",
                "systemTime": "2024-07-12T09:59:52.4199942Z",
                "eventRecordID": "3605",
                "threadID": "3696",
                "computer": "hq02.office.tyrdemo.se",
                "task": "11",
                "processID": "2224",
                "severityValue": "INFORMATION",
                "providerName": "Microsoft-Windows-Sysmon"
              }
            }
          },
          "rule": {
            "firedtimes": 365,
            "mail": true,
            "level": 13,
            "description": "Unsigned Binary Loaded From Suspicious Location",
            "groups": [
              "sigma"
            ],
            "id": "900228"
          },
          "decoder": {
            "name": "windows_eventchannel"
          },
          "input": {
            "type": "log"
          },
          "@timestamp": "2024-07-12T09:59:54.228Z",
          "location": "EventChannel",
          "id": "1720778394.102949403",
          "timestamp": "2024-07-12T11:59:54.228+0200"
        }
      },
      {
        "_index": "wazuh-alerts-4.x-2024.07.12",
        "_id": "frNippABLu9BFc0MlDzh",
        "_score": 2.0,
        "_source": {
          "agent": {
            "ip": "134.23.3.12",
            "name": "hq02",
            "id": "016"
          },
          "manager": {
            "name": "wazuh"
          },
          "data": {
            "win": {
              "eventdata": {
                "image": "c:\\\\vmtools\\\\l_test.exe",
                "processGuid": "{d566a9ae-fe98-6690-bb07-000000001800}",
                "processId": "252",
                "utcTime": "2024-07-12 09:59:52.401",
                "targetFilename": "C:\\\\Windows\\\\Temp\\\\_MEI2522\\\\python37.dll",
                "ruleName": "DLL",
                "creationUtcTime": "2024-07-12 09:59:52.401",
                "user": "NT AUTHORITY\\\\SYSTEM"
              },
              "system": {
                "eventID": "11",
                "keywords": "0x8000000000000000",
                "providerGuid": "{5770385f-c22a-43e0-bf4c-06f5698ffbd9}",
                "level": "4",
                "channel": "Microsoft-Windows-Sysmon/Operational",
                "opcode": "0",
                "message": "\"File created:\r\nRuleName: DLL\r\nUtcTime: 2024-07-12 09:59:52.401\r\nProcessGuid: {d566a9ae-fe98-6690-bb07-000000001800}\r\nProcessId: 252\r\nImage: c:\\vmtools\\l_test.exe\r\nTargetFilename: C:\\Windows\\Temp\\_MEI2522\\python37.dll\r\nCreationUtcTime: 2024-07-12 09:59:52.401\r\nUser: NT AUTHORITY\\SYSTEM\"",
                "version": "2",
                "systemTime": "2024-07-12T09:59:52.4086287Z",
                "eventRecordID": "3603",
                "threadID": "3696",
                "computer": "hq02.office.tyrdemo.se",
                "task": "11",
                "processID": "2224",
                "severityValue": "INFORMATION",
                "providerName": "Microsoft-Windows-Sysmon"
              }
            }
          },
          "rule": {
            "firedtimes": 367,
            "mail": true,
            "level": 13,
            "description": "Unsigned Binary Loaded From Suspicious Location",
            "groups": [
              "sigma"
            ],
            "id": "900228"
          },
          "decoder": {
            "name": "windows_eventchannel"
          },
          "input": {
            "type": "log"
          },
          "@timestamp": "2024-07-12T09:59:54.228Z",
          "location": "EventChannel",
          "id": "1720778394.102954359",
          "timestamp": "2024-07-12T11:59:54.228+0200"
        }
      }
    ]
  },
  "defenses": {}
}