      {
        "_index": "wazuh-alerts-4.x-2024.07.12",
        "_id": "vrNhppABLu9BFc0M1TtP",
        "_score": 2.0,
        "_source": {
          "agent": {
            "ip": "134.23.3.15",
            "name": "hq05",
            "id": "019"
          },
          "manager": {
            "name": "wazuh"
          },
          "data": {
            "win": {
              "eventdata": {
                "image": "c:\\\\temp\\\\l_test.exe",
                "processGuid": "{0d6bea7f-fe68-6690-cd07-000000001800}",
                "processId": "3472",
                "utcTime": "2024-07-12 09:59:04.321",
                "targetFilename": "C:\\\\Windows\\\\Temp\\\\_MEI34722\\\\libssl-1_1.dll",
                "ruleName": "DLL",
                "creationUtcTime": "2024-07-12 09:59:04.321",
                "user": "NT AUTHORITY\\\\SYSTEM"
              },
              "system": {
                "eventID": "11",
                "keywords": "0x8000000000000000",
                "providerGuid": "{5770385f-c22a-43e0-bf4c-06f5698ffbd9}",
                "level": "4",
                "channel": "Microsoft-Windows-Sysmon/Operational",
                "opcode": "0",
                "message": "\"File created:\r\nRuleName: DLL\r\nUtcTime: 2024-07-12 09:59:04.321\r\nProcessGuid: {0d6bea7f-fe68-6690-cd07-000000001800}\r\nProcessId: 3472\r\nImage: c:\\temp\\l_test.exe\r\nTargetFilename: C:\\Windows\\Temp\\_MEI34722\\libssl-1_1.dll\r\nCreationUtcTime: 2024-07-12 09:59:04.321\r\nUser: NT AUTHORITY\\SYSTEM\"",
                "version": "2",
                "systemTime": "2024-07-12T09:59:04.3238586Z",
                "eventRecordID": "3545",
                "threadID": "3536",
                "computer": "hq05.office.tyrdemo.se",
                "task": "11",
                "processID": "3088",
                "severityValue": "INFORMATION",
                "providerName": "Microsoft-Windows-Sysmon"
              }
            }
          },
          "rule": {
            "firedtimes": 270,
            "mail": true,
            "level": 13,
            "description": "Unsigned Binary Loaded From Suspicious Location",
            "groups": [
              "sigma"
            ],
            "id": "900228"
          },
          "decoder": {
            "name": "windows_eventchannel"
          },
          "input": {
            "type": "log"
          },
          "@timestamp": "2024-07-12T09:59:05.811Z",
          "location": "EventChannel",
          "id": "1720778345.102525821",
          "timestamp": "2024-07-12T11:59:05.811+0200"
        }
      },
      {
        "_index": "wazuh-alerts-4.x-2024.07.12",
        "_id": "wLNhppABLu9BFc0M1TtP",
        "_score": 2.0,
        "_source": {
          "agent": {
            "ip": "134.23.3.15",
            "name": "hq05",
            "id": "019"
          },
          "manager": {
            "name": "wazuh"
          },
          "data": {
            "win": {
              "eventdata": {
                "image": "c:\\\\temp\\\\l_test.exe",
                "processGuid": "{0d6bea7f-fe68-6690-cd07-000000001800}",
                "processId": "3472",
                "utcTime": "2024-07-12 09:59:04.321",
                "targetFilename": "C:\\\\Windows\\\\Temp\\\\_MEI34722\\\\msvcr100.dll",
                "ruleName": "DLL",
                "creationUtcTime": "2024-07-12 09:59:04.321",
                "user": "NT AUTHORITY\\\\SYSTEM"
              },
              "system": {
                "eventID": "11",
                "keywords": "0x8000000000000000",
                "providerGuid": "{5770385f-c22a-43e0-bf4c-06f5698ffbd9}",
                "level": "4",
                "channel": "Microsoft-Windows-Sysmon/Operational",
                "opcode": "0",
                "message": "\"File created:\r\nRuleName: DLL\r\nUtcTime: 2024-07-12 09:59:04.321\r\nProcessGuid: {0d6bea7f-fe68-6690-cd07-000000001800}\r\nProcessId: 3472\r\nImage: c:\\temp\\l_test.exe\r\nTargetFilename: C:\\Windows\\Temp\\_MEI34722\\msvcr100.dll\r\nCreationUtcTime: 2024-07-12 09:59:04.321\r\nUser: NT AUTHORITY\\SYSTEM\"",
                "version": "2",
                "systemTime": "2024-07-12T09:59:04.3329149Z",
                "eventRecordID": "3547",
                "threadID": "3536",
                "computer": "hq05.office.tyrdemo.se",
                "task": "11",
                "processID": "3088",
                "severityValue": "INFORMATION",
                "providerName": "Microsoft-Windows-Sysmon"
              }
            }
          },
          "rule": {
            "firedtimes": 272,
            "mail": true,
            "level": 13,
            "description": "Unsigned Binary Loaded From Suspicious Location",
            "groups": [
              "sigma"
            ],
            "id": "900228"
          },
          "decoder": {
            "name": "windows_eventchannel"
          },
          "input": {
            "type": "log"
          },
          "@timestamp": "2024-07-12T09:59:05.854Z",
          "location": "EventChannel",
          "id": "1720778345.102530781",
          "timestamp": "2024-07-12T11:59:05.854+0200"
        }
      },
      {
        "_index": "wazuh-alerts-4.x-2024.07.12",
        "_id": "mbNhppABLu9BFc0M0Ttk",
        "_score": 2.0,
        "_source": {
          "agent": {
            "ip": "134.23.3.15",
            "name": "hq05",
            "id": "019"
          },
          "manager": {
            "name": "wazuh"
          },
          "data": {
            "win": {
              "eventdata": {
                "image": "c:\\\\temp\\\\l_test.exe",
                "processGuid": "{0d6bea7f-fe68-6690-cd07-000000001800}",
                "processId": "3472",
                "utcTime": "2024-07-12 09:59:04.290",
                "targetFilename": "C:\\\\Windows\\\\Temp\\\\_MEI34722\\\\api-ms-win-core-debug-l1-1-0.dll",
                "ruleName": "DLL",
                "creationUtcTime": "2024-07-12 09:59:04.290",
                "user": "NT AUTHORITY\\\\SYSTEM"
              },
              "system": {
                "eventID": "11",
                "keywords": "0x8000000000000000",
                "providerGuid": "{5770385f-c22a-43e0-bf4c-06f5698ffbd9}",
                "level": "4",
                "channel": "Microsoft-Windows-Sysmon/Operational",
                "opcode": "0",
                "message": "\"File created:\r\nRuleName: DLL\r\nUtcTime: 2024-07-12 09:59:04.290\r\nProcessGuid: {0d6bea7f-fe68-6690-cd07-000000001800}\r\nProcessId: 3472\r\nImage: c:\\temp\\l_test.exe\r\nTargetFilename: C:\\Windows\\Temp\\_MEI34722\\api-ms-win-core-debug-l1-1-0.dll\r\nCreationUtcTime: 2024-07-12 09:59:04.290\r\nUser: NT AUTHORITY\\SYSTEM\"",
                "version": "2",
                "systemTime": "2024-07-12T09:59:04.2968548Z",
                "eventRecordID": "3508",
                "threadID": "3536",
                "computer": "hq05.office.tyrdemo.se",
                "task": "11",
                "processID": "3088",
                "severityValue": "INFORMATION",
                "providerName": "Microsoft-Windows-Sysmon"
              }
            }
          },
          "rule": {
            "firedtimes": 233,
            "mail": true,
            "level": 13,
            "description": "Unsigned Binary Loaded From Suspicious Location",
            "groups": [
              "sigma"
            ],
            "id": "900228"
          },
          "decoder": {
            "name": "windows_eventchannel"
          },
          "input": {
            "type": "log"
          },
          "@timestamp": "2024-07-12T09:59:05.139Z",
          "location": "EventChannel",
          "id": "1720778345.102430993",
          "timestamp": "2024-07-12T11:59:05.139+0200"
        }
      },
      {
        "_index": "wazuh-alerts-4.x-2024.07.12",
        "_id": "nrNhppABLu9BFc0M0Ttk",
        "_score": 2.0,
        "_source": {
          "agent": {
            "ip": "134.23.3.15",
            "name": "hq05",
            "id": "019"
          },
          "manager": {
            "name": "wazuh"
          },
          "data": {
            "win": {
              "eventdata": {
                "image": "c:\\\\temp\\\\l_test.exe",
                "processGuid": "{0d6bea7f-fe68-6690-cd07-000000001800}",
                "processId": "3472",
                "utcTime": "2024-07-12 09:59:04.290",
                "targetFilename": "C:\\\\Windows\\\\Temp\\\\_MEI34722\\\\api-ms-win-core-handle-l1-1-0.dll",
                "ruleName": "DLL",
                "creationUtcTime": "2024-07-12 09:59:04.290",
                "user": "NT AUTHORITY\\\\SYSTEM"
              },
              "system": {
                "eventID": "11",
                "keywords": "0x8000000000000000",
                "providerGuid": "{5770385f-c22a-43e0-bf4c-06f5698ffbd9}",
                "level": "4",
                "channel": "Microsoft-Windows-Sysmon/Operational",
                "opcode": "0",
                "message": "\"File created:\r\nRuleName: DLL\r\nUtcTime: 2024-07-12 09:59:04.290\r\nProcessGuid: {0d6bea7f-fe68-6690-cd07-000000001800}\r\nProcessId: 3472\r\nImage: c:\\temp\\l_test.exe\r\nTargetFilename: C:\\Windows\\Temp\\_MEI34722\\api-ms-win-core-handle-l1-1-0.dll\r\nCreationUtcTime: 2024-07-12 09:59:04.290\r\nUser: NT AUTHORITY\\SYSTEM\"",
                "version": "2",
                "systemTime": "2024-07-12T09:59:04.2987398Z",
                "eventRecordID": "3513",
                "threadID": "3536",
                "computer": "hq05.office.tyrdemo.se",
                "task": "11",
                "processID": "3088",
                "severityValue": "INFORMATION",
                "providerName": "Microsoft-Windows-Sysmon"
              }
            }
          },
          "rule": {
            "firedtimes": 238,
            "mail": true,
            "level": 13,
            "description": "Unsigned Binary Loaded From Suspicious Location",
            "groups": [
              "sigma"
            ],
            "id": "900228"
          },
          "decoder": {
            "name": "windows_eventchannel"
          },
          "input": {
            "type": "log"
          },
          "@timestamp": "2024-07-12T09:59:05.232Z",
          "location": "EventChannel",
          "id": "1720778345.102443793",
          "timestamp": "2024-07-12T11:59:05.232+0200"
        }
      },
      {
        "_index": "wazuh-alerts-4.x-2024.07.12",
        "_id": "pLNhppABLu9BFc0M0Ttk",
        "_score": 2.0,
        "_source": {
          "agent": {
            "ip": "134.23.3.15",
            "name": "hq05",
            "id": "019"
          },
          "manager": {
            "name": "wazuh"
          },
          "data": {
            "win": {
              "eventdata": {
                "image": "c:\\\\temp\\\\l_test.exe",
                "processGuid": "{0d6bea7f-fe68-6690-cd07-000000001800}",
                "processId": "3472",
                "utcTime": "2024-07-12 09:59:04.290",
                "targetFilename": "C:\\\\Windows\\\\Temp\\\\_MEI34722\\\\api-ms-win-core-namedpipe-l1-1-0.dll",
                "ruleName": "DLL",
                "creationUtcTime": "2024-07-12 09:59:04.290",
                "user": "NT AUTHORITY\\\\SYSTEM"
              },
              "system": {
                "eventID": "11",
                "keywords": "0x8000000000000000",
                "providerGuid": "{5770385f-c22a-43e0-bf4c-06f5698ffbd9}",
                "level": "4",
                "channel": "Microsoft-Windows-Sysmon/Operational",
                "opcode": "0",
                "message": "\"File created:\r\nRuleName: DLL\r\nUtcTime: 2024-07-12 09:59:04.290\r\nProcessGuid: {0d6bea7f-fe68-6690-cd07-000000001800}\r\nProcessId: 3472\r\nImage: c:\\temp\\l_test.exe\r\nTargetFilename: C:\\Windows\\Temp\\_MEI34722\\api-ms-win-core-namedpipe-l1-1-0.dll\r\nCreationUtcTime: 2024-07-12 09:59:04.290\r\nUser: NT AUTHORITY\\SYSTEM\"",
                "version": "2",
                "systemTime": "2024-07-12T09:59:04.3008674Z",
                "eventRecordID": "3519",
                "threadID": "3536",
                "computer": "hq05.office.tyrdemo.se",
                "task": "11",
                "processID": "3088",
                "severityValue": "INFORMATION",
                "providerName": "Microsoft-Windows-Sysmon"
              }
            }
          },
          "rule": {
            "firedtimes": 244,
            "mail": true,
            "level": 13,
            "description": "Unsigned Binary Loaded From Suspicious Location",
            "groups": [
              "sigma"
            ],
            "id": "900228"
          },
          "decoder": {
            "name": "windows_eventchannel"
          },
          "input": {
            "type": "log"
          },
          "@timestamp": "2024-07-12T09:59:05.342Z",
          "location": "EventChannel",
          "id": "1720778345.102459217",
          "timestamp": "2024-07-12T11:59:05.342+0200"
        }
      },
      {
        "_index": "wazuh-alerts-4.x-2024.07.12",
        "_id": "q7NhppABLu9BFc0M0Ttk",
        "_score": 2.0,
        "_source": {
          "agent": {
            "ip": "134.23.3.15",
            "name": "hq05",
            "id": "019"
          },
          "manager": {
            "name": "wazuh"
          },
          "data": {
            "win": {
              "eventdata": {
                "image": "c:\\\\temp\\\\l_test.exe",
                "processGuid": "{0d6bea7f-fe68-6690-cd07-000000001800}",
                "processId": "3472",
                "utcTime": "2024-07-12 09:59:04.290",
                "targetFilename": "C:\\\\Windows\\\\Temp\\\\_MEI34722\\\\api-ms-win-core-string-l1-1-0.dll",
                "ruleName": "DLL",
                "creationUtcTime": "2024-07-12 09:59:04.290",
                "user": "NT AUTHORITY\\\\SYSTEM"
              },
              "system": {
                "eventID": "11",
                "keywords": "0x8000000000000000",
                "providerGuid": "{5770385f-c22a-43e0-bf4c-06f5698ffbd9}",
                "level": "4",
                "channel": "Microsoft-Windows-Sysmon/Operational",
                "opcode": "0",
                "message": "\"File created:\r\nRuleName: DLL\r\nUtcTime: 2024-07-12 09:59:04.290\r\nProcessGuid: {0d6bea7f-fe68-6690-cd07-000000001800}\r\nProcessId: 3472\r\nImage: c:\\temp\\l_test.exe\r\nTargetFilename: C:\\Windows\\Temp\\_MEI34722\\api-ms-win-core-string-l1-1-0.dll\r\nCreationUtcTime: 2024-07-12 09:59:04.290\r\nUser: NT AUTHORITY\\SYSTEM\"",
                "version": "2",
                "systemTime": "2024-07-12T09:59:04.3031710Z",
                "eventRecordID": "3525",
                "threadID": "3536",
                "computer": "hq05.office.tyrdemo.se",
                "task": "11",
                "processID": "3088",
                "severityValue": "INFORMATION",
                "providerName": "Microsoft-Windows-Sysmon"
              }
            }
          },
          "rule": {
            "firedtimes": 251,
            "mail": true,
            "level": 13,
            "description": "Unsigned Binary Loaded From Suspicious Location",
            "groups": [
              "sigma"
            ],
            "id": "900228"
          },
          "decoder": {
            "name": "windows_eventchannel"
          },
          "input": {
            "type": "log"
          },
          "@timestamp": "2024-07-12T09:59:05.454Z",
          "location": "EventChannel",
          "id": "1720778345.102477277",
          "timestamp": "2024-07-12T11:59:05.454+0200"
        }
      },
      {
        "_index": "wazuh-alerts-4.x-2024.07.12",
        "_id": "r7NhppABLu9BFc0M0Ttk",
        "_score": 2.0,
        "_source": {
          "agent": {
            "ip": "134.23.3.15",
            "name": "hq05",
            "id": "019"
          },
          "manager": {
            "name": "wazuh"
          },
          "data": {
            "win": {
              "eventdata": {
                "image": "c:\\\\temp\\\\l_test.exe",
                "processGuid": "{0d6bea7f-fe68-6690-cd07-000000001800}",
                "processId": "3472",
                "utcTime": "2024-07-12 09:59:04.290",
                "targetFilename": "C:\\\\Windows\\\\Temp\\\\_MEI34722\\\\api-ms-win-core-util-l1-1-0.dll",
                "ruleName": "DLL",
                "creationUtcTime": "2024-07-12 09:59:04.290",
                "user": "NT AUTHORITY\\\\SYSTEM"
              },
              "system": {
                "eventID": "11",
                "keywords": "0x8000000000000000",
                "providerGuid": "{5770385f-c22a-43e0-bf4c-06f5698ffbd9}",
                "level": "4",
                "channel": "Microsoft-Windows-Sysmon/Operational",
                "opcode": "0",
                "message": "\"File created:\r\nRuleName: DLL\r\nUtcTime: 2024-07-12 09:59:04.290\r\nProcessGuid: {0d6bea7f-fe68-6690-cd07-000000001800}\r\nProcessId: 3472\r\nImage: c:\\temp\\l_test.exe\r\nTargetFilename: C:\\Windows\\Temp\\_MEI34722\\api-ms-win-core-util-l1-1-0.dll\r\nCreationUtcTime: 2024-07-12 09:59:04.290\r\nUser: NT AUTHORITY\\SYSTEM\"",
                "version": "2",
                "systemTime": "2024-07-12T09:59:04.3048050Z",
                "eventRecordID": "3530",
                "threadID": "3536",
                "computer": "hq05.office.tyrdemo.se",
                "task": "11",
                "processID": "3088",
                "severityValue": "INFORMATION",
                "providerName": "Microsoft-Windows-Sysmon"
              }
            }
          },
          "rule": {
            "firedtimes": 255,
            "mail": true,
            "level": 13,
            "description": "Unsigned Binary Loaded From Suspicious Location",
            "groups": [
              "sigma"
            ],
            "id": "900228"
          },
          "decoder": {
            "name": "windows_eventchannel"
          },
          "input": {
            "type": "log"
          },
          "@timestamp": "2024-07-12T09:59:05.529Z",
          "location": "EventChannel",
          "id": "1720778345.102487525",
          "timestamp": "2024-07-12T11:59:05.529+0200"
        }
      },
      {
        "_index": "wazuh-alerts-4.x-2024.07.12",
        "_id": "sLNhppABLu9BFc0M0Ttk",
        "_score": 2.0,
        "_source": {
          "agent": {
            "ip": "134.23.3.15",
            "name": "hq05",
            "id": "019"
          },
          "manager": {
            "name": "wazuh"
          },
          "data": {
            "win": {
              "eventdata": {
                "image": "c:\\\\temp\\\\l_test.exe",
                "processGuid": "{0d6bea7f-fe68-6690-cd07-000000001800}",
                "processId": "3472",
                "utcTime": "2024-07-12 09:59:04.290",
                "targetFilename": "C:\\\\Windows\\\\Temp\\\\_MEI34722\\\\api-ms-win-crt-convert-l1-1-0.dll",
                "ruleName": "DLL",
                "creationUtcTime": "2024-07-12 09:59:04.290",
                "user": "NT AUTHORITY\\\\SYSTEM"
              },
              "system": {
                "eventID": "11",
                "keywords": "0x8000000000000000",
                "providerGuid": "{5770385f-c22a-43e0-bf4c-06f5698ffbd9}",
                "level": "4",
                "channel": "Microsoft-Windows-Sysmon/Operational",
                "opcode": "0",
                "message": "\"File created:\r\nRuleName: DLL\r\nUtcTime: 2024-07-12 09:59:04.290\r\nProcessGuid: {0d6bea7f-fe68-6690-cd07-000000001800}\r\nProcessId: 3472\r\nImage: c:\\temp\\l_test.exe\r\nTargetFilename: C:\\Windows\\Temp\\_MEI34722\\api-ms-win-crt-convert-l1-1-0.dll\r\nCreationUtcTime: 2024-07-12 09:59:04.290\r\nUser: NT AUTHORITY\\SYSTEM\"",
                "version": "2",
                "systemTime": "2024-07-12T09:59:04.3054762Z",
                "eventRecordID": "3532",
                "threadID": "3536",
                "computer": "hq05.office.tyrdemo.se",
                "task": "11",
                "processID": "3088",
                "severityValue": "INFORMATION",
                "providerName": "Microsoft-Windows-Sysmon"
              }
            }
          },
          "rule": {
            "firedtimes": 256,
            "mail": true,
            "level": 13,
            "description": "Unsigned Binary Loaded From Suspicious Location",
            "groups": [
              "sigma"
            ],
            "id": "900228"
          },
          "decoder": {
            "name": "windows_eventchannel"
          },
          "input": {
            "type": "log"
          },
          "@timestamp": "2024-07-12T09:59:05.561Z",
          "location": "EventChannel",
          "id": "1720778345.102490077",
          "timestamp": "2024-07-12T11:59:05.561+0200"
        }
      },
      {
        "_index": "wazuh-alerts-4.x-2024.07.12",
        "_id": "s7NhppABLu9BFc0M0Ttk",
        "_score": 2.0,
        "_source": {
          "agent": {
            "ip": "134.23.3.15",
            "name": "hq05",
            "id": "019"
          },
          "manager": {
            "name": "wazuh"
          },
          "data": {
            "win": {
              "eventdata": {
                "image": "c:\\\\temp\\\\l_test.exe",
                "processGuid": "{0d6bea7f-fe68-6690-cd07-000000001800}",
                "processId": "3472",
                "utcTime": "2024-07-12 09:59:04.305",
                "targetFilename": "C:\\\\Windows\\\\Temp\\\\_MEI34722\\\\api-ms-win-crt-filesystem-l1-1-0.dll",
                "ruleName": "DLL",
                "creationUtcTime": "2024-07-12 09:59:04.305",
                "user": "NT AUTHORITY\\\\SYSTEM"
              },
              "system": {
                "eventID": "11",
                "keywords": "0x8000000000000000",
                "providerGuid": "{5770385f-c22a-43e0-bf4c-06f5698ffbd9}",
                "level": "4",
                "channel": "Microsoft-Windows-Sysmon/Operational",
                "opcode": "0",
                "message": "\"File created:\r\nRuleName: DLL\r\nUtcTime: 2024-07-12 09:59:04.305\r\nProcessGuid: {0d6bea7f-fe68-6690-cd07-000000001800}\r\nProcessId: 3472\r\nImage: c:\\temp\\l_test.exe\r\nTargetFilename: C:\\Windows\\Temp\\_MEI34722\\api-ms-win-crt-filesystem-l1-1-0.dll\r\nCreationUtcTime: 2024-07-12 09:59:04.305\r\nUser: NT AUTHORITY\\SYSTEM\"",
                "version": "2",
                "systemTime": "2024-07-12T09:59:04.3065477Z",
                "eventRecordID": "3534",
                "threadID": "3536",
                "computer": "hq05.office.tyrdemo.se",
                "task": "11",
                "processID": "3088",
                "severityValue": "INFORMATION",
                "providerName": "Microsoft-Windows-Sysmon"
              }
            }
          },
          "rule": {
            "firedtimes": 259,
            "mail": true,
            "level": 13,
            "description": "Unsigned Binary Loaded From Suspicious Location",
            "groups": [
              "sigma"
            ],
            "id": "900228"
          },
          "decoder": {
            "name": "windows_eventchannel"
          },
          "input": {
            "type": "log"
          },
          "@timestamp": "2024-07-12T09:59:05.608Z",
          "location": "EventChannel",
          "id": "1720778345.102497765",
          "timestamp": "2024-07-12T11:59:05.608+0200"
        }
      },
      {
        "_index": "wazuh-alerts-4.x-2024.07.12",
        "_id": "trNhppABLu9BFc0M0Ttk",
        "_score": 2.0,
        "_source": {
          "agent": {
            "ip": "134.23.3.15",
            "name": "hq05",
            "id": "019"
          },
          "manager": {
            "name": "wazuh"
          },
          "data": {
            "win": {
              "eventdata": {
                "image": "c:\\\\temp\\\\l_test.exe",
                "processGuid": "{0d6bea7f-fe68-6690-cd07-000000001800}",
                "processId": "3472",
                "utcTime": "2024-07-12 09:59:04.305",
                "targetFilename": "C:\\\\Windows\\\\Temp\\\\_MEI34722\\\\api-ms-win-crt-math-l1-1-0.dll",
                "ruleName": "DLL",
                "creationUtcTime": "2024-07-12 09:59:04.305",
                "user": "NT AUTHORITY\\\\SYSTEM"
              },
              "system": {
                "eventID": "11",
                "keywords": "0x8000000000000000",
                "providerGuid": "{5770385f-c22a-43e0-bf4c-06f5698ffbd9}",
                "level": "4",
                "channel": "Microsoft-Windows-Sysmon/Operational",
                "opcode": "0",
                "message": "\"File created:\r\nRuleName: DLL\r\nUtcTime: 2024-07-12 09:59:04.305\r\nProcessGuid: {0d6bea7f-fe68-6690-cd07-000000001800}\r\nProcessId: 3472\r\nImage: c:\\temp\\l_test.exe\r\nTargetFilename: C:\\Windows\\Temp\\_MEI34722\\api-ms-win-crt-math-l1-1-0.dll\r\nCreationUtcTime: 2024-07-12 09:59:04.305\r\nUser: NT AUTHORITY\\SYSTEM\"",
                "version": "2",
                "systemTime": "2024-07-12T09:59:04.3076450Z",
                "eventRecordID": "3537",
                "threadID": "3536",
                "computer": "hq05.office.tyrdemo.se",
                "task": "11",
                "processID": "3088",
                "severityValue": "INFORMATION",
                "providerName": "Microsoft-Windows-Sysmon"
              }
            }
          },
          "rule": {
            "firedtimes": 262,
            "mail": true,
            "level": 13,
            "description": "Unsigned Binary Loaded From Suspicious Location",
            "groups": [
              "sigma"
            ],
            "id": "900228"
          },
          "decoder": {
            "name": "windows_eventchannel"
          },
          "input": {
            "type": "log"
          },
          "@timestamp": "2024-07-12T09:59:05.666Z",
          "location": "EventChannel",
          "id": "1720778345.102505441",
          "timestamp": "2024-07-12T11:59:05.666+0200"
        }
      },
      {
        "_index": "wazuh-alerts-4.x-2024.07.12",
        "_id": "t7NhppABLu9BFc0M0Ttk",
        "_score": 2.0,
        "_source": {
          "agent": {
            "ip": "134.23.3.15",
            "name": "hq05",
            "id": "019"
          },
          "manager": {
            "name": "wazuh"
          },
          "data": {
            "win": {
              "eventdata": {
                "image": "c:\\\\temp\\\\l_test.exe",
                "processGuid": "{0d6bea7f-fe68-6690-cd07-000000001800}",
                "processId": "3472",
                "utcTime": "2024-07-12 09:59:04.305",
                "targetFilename": "C:\\\\Windows\\\\Temp\\\\_MEI34722\\\\api-ms-win-crt-process-l1-1-0.dll",
                "ruleName": "DLL",
                "creationUtcTime": "2024-07-12 09:59:04.305",
                "user": "NT AUTHORITY\\\\SYSTEM"
              },
              "system": {
                "eventID": "11",
                "keywords": "0x8000000000000000",
                "providerGuid": "{5770385f-c22a-43e0-bf4c-06f5698ffbd9}",
                "level": "4",
                "channel": "Microsoft-Windows-Sysmon/Operational",
                "opcode": "0",
                "message": "\"File created:\r\nRuleName: DLL\r\nUtcTime: 2024-07-12 09:59:04.305\r\nProcessGuid: {0d6bea7f-fe68-6690-cd07-000000001800}\r\nProcessId: 3472\r\nImage: c:\\temp\\l_test.exe\r\nTargetFilename: C:\\Windows\\Temp\\_MEI34722\\api-ms-win-crt-process-l1-1-0.dll\r\nCreationUtcTime: 2024-07-12 09:59:04.305\r\nUser: NT AUTHORITY\\SYSTEM\"",
                "version": "2",
                "systemTime": "2024-07-12T09:59:04.3079888Z",
                "eventRecordID": "3538",
                "threadID": "3536",
                "computer": "hq05.office.tyrdemo.se",
                "task": "11",
                "processID": "3088",
                "severityValue": "INFORMATION",
                "providerName": "Microsoft-Windows-Sysmon"
              }
            }
          },
          "rule": {
            "firedtimes": 263,
            "mail": true,
            "level": 13,
            "description": "Unsigned Binary Loaded From Suspicious Location",
            "groups": [
              "sigma"
            ],
            "id": "900228"
          },
          "decoder": {
            "name": "windows_eventchannel"
          },
          "input": {
            "type": "log"
          },
          "@timestamp": "2024-07-12T09:59:05.669Z",
          "location": "EventChannel",
          "id": "1720778345.102507989",
          "timestamp": "2024-07-12T11:59:05.669+0200"
        }
      },
      {
        "_index": "wazuh-alerts-4.x-2024.07.12",
        "_id": "uLNhppABLu9BFc0M0Ttk",
        "_score": 2.0,
        "_source": {
          "agent": {
            "ip": "134.23.3.15",
            "name": "hq05",
            "id": "019"
          },
          "manager": {
            "name": "wazuh"
          },
          "data": {
            "win": {
              "eventdata": {
                "image": "c:\\\\temp\\\\l_test.exe",
                "processGuid": "{0d6bea7f-fe68-6690-cd07-000000001800}",
                "processId": "3472",
                "utcTime": "2024-07-12 09:59:04.305",
                "targetFilename": "C:\\\\Windows\\\\Temp\\\\_MEI34722\\\\api-ms-win-crt-runtime-l1-1-0.dll",
                "ruleName": "DLL",
                "creationUtcTime": "2024-07-12 09:59:04.305",
                "user": "NT AUTHORITY\\\\SYSTEM"
              },
              "system": {
                "eventID": "11",
                "keywords": "0x8000000000000000",
                "providerGuid": "{5770385f-c22a-43e0-bf4c-06f5698ffbd9}",
                "level": "4",
                "channel": "Microsoft-Windows-Sysmon/Operational",
                "opcode": "0",
                "message": "\"File created:\r\nRuleName: DLL\r\nUtcTime: 2024-07-12 09:59:04.305\r\nProcessGuid: {0d6bea7f-fe68-6690-cd07-000000001800}\r\nProcessId: 3472\r\nImage: c:\\temp\\l_test.exe\r\nTargetFilename: C:\\Windows\\Temp\\_MEI34722\\api-ms-win-crt-runtime-l1-1-0.dll\r\nCreationUtcTime: 2024-07-12 09:59:04.305\r\nUser: NT AUTHORITY\\SYSTEM\"",
                "version": "2",
                "systemTime": "2024-07-12T09:59:04.3083107Z",
                "eventRecordID": "3539",
                "threadID": "3536",
                "computer": "hq05.office.tyrdemo.se",
                "task": "11",
                "processID": "3088",
                "severityValue": "INFORMATION",
                "providerName": "Microsoft-Windows-Sysmon"
              }
            }
          },
          "rule": {
            "firedtimes": 264,
            "mail": true,
            "level": 13,
            "description": "Unsigned Binary Loaded From Suspicious Location",
            "groups": [
              "sigma"
            ],
            "id": "900228"
          },
          "decoder": {
            "name": "windows_eventchannel"
          },
          "input": {
            "type": "log"
          },
          "@timestamp": "2024-07-12T09:59:05.685Z",
          "location": "EventChannel",
          "id": "1720778345.102510549",
          "timestamp": "2024-07-12T11:59:05.685+0200"
        }
      },
      {
        "_index": "wazuh-alerts-4.x-2024.07.12",
        "_id": "ubNhppABLu9BFc0M0Ttk",
        "_score": 2.0,
        "_source": {
          "agent": {
            "ip": "134.23.3.15",
            "name": "hq05",
            "id": "019"
          },
          "manager": {
            "name": "wazuh"
          },
          "data": {
            "win": {
              "eventdata": {
                "image": "c:\\\\temp\\\\l_test.exe",
                "processGuid": "{0d6bea7f-fe68-6690-cd07-000000001800}",
                "processId": "3472",
                "utcTime": "2024-07-12 09:59:04.305",
                "targetFilename": "C:\\\\Windows\\\\Temp\\\\_MEI34722\\\\api-ms-win-crt-stdio-l1-1-0.dll",
                "ruleName": "DLL",
                "creationUtcTime": "2024-07-12 09:59:04.305",
                "user": "NT AUTHORITY\\\\SYSTEM"
              },
              "system": {
                "eventID": "11",
                "keywords": "0x8000000000000000",
                "providerGuid": "{5770385f-c22a-43e0-bf4c-06f5698ffbd9}",
                "level": "4",
                "channel": "Microsoft-Windows-Sysmon/Operational",
                "opcode": "0",
                "message": "\"File created:\r\nRuleName: DLL\r\nUtcTime: 2024-07-12 09:59:04.305\r\nProcessGuid: {0d6bea7f-fe68-6690-cd07-000000001800}\r\nProcessId: 3472\r\nImage: c:\\temp\\l_test.exe\r\nTargetFilename: C:\\Windows\\Temp\\_MEI34722\\api-ms-win-crt-stdio-l1-1-0.dll\r\nCreationUtcTime: 2024-07-12 09:59:04.305\r\nUser: NT AUTHORITY\\SYSTEM\"",
                "version": "2",
                "systemTime": "2024-07-12T09:59:04.3089685Z",
                "eventRecordID": "3540",
                "threadID": "3536",
                "computer": "hq05.office.tyrdemo.se",
                "task": "11",
                "processID": "3088",
                "severityValue": "INFORMATION",
                "providerName": "Microsoft-Windows-Sysmon"
              }
            }
          },
          "rule": {
            "firedtimes": 265,
            "mail": true,
            "level": 13,
            "description": "Unsigned Binary Loaded From Suspicious Location",
            "groups": [
              "sigma"
            ],
            "id": "900228"
          },
          "decoder": {
            "name": "windows_eventchannel"
          },
          "input": {
            "type": "log"
          },
          "@timestamp": "2024-07-12T09:59:05.717Z",
          "location": "EventChannel",
          "id": "1720778345.102513109",
          "timestamp": "2024-07-12T11:59:05.717+0200"
        }
      },
      {
        "_index": "wazuh-alerts-4.x-2024.07.12",
        "_id": "urNhppABLu9BFc0M0Ttk",
        "_score": 2.0,
        "_source": {
          "agent": {
            "ip": "134.23.3.15",
            "name": "hq05",
            "id": "019"
          },
          "manager": {
            "name": "wazuh"
          },
          "data": {
            "win": {
              "eventdata": {
                "image": "c:\\\\temp\\\\l_test.exe",
                "processGuid": "{0d6bea7f-fe68-6690-cd07-000000001800}",
                "processId": "3472",
                "utcTime": "2024-07-12 09:59:04.305",
                "targetFilename": "C:\\\\Windows\\\\Temp\\\\_MEI34722\\\\api-ms-win-crt-string-l1-1-0.dll",
                "ruleName": "DLL",
                "creationUtcTime": "2024-07-12 09:59:04.305",
                "user": "NT AUTHORITY\\\\SYSTEM"
              },
              "system": {
                "eventID": "11",
                "keywords": "0x8000000000000000",
                "providerGuid": "{5770385f-c22a-43e0-bf4c-06f5698ffbd9}",
                "level": "4",
                "channel": "Microsoft-Windows-Sysmon/Operational",
                "opcode": "0",
                "message": "\"File created:\r\nRuleName: DLL\r\nUtcTime: 2024-07-12 09:59:04.305\r\nProcessGuid: {0d6bea7f-fe68-6690-cd07-000000001800}\r\nProcessId: 3472\r\nImage: c:\\temp\\l_test.exe\r\nTargetFilename: C:\\Windows\\Temp\\_MEI34722\\api-ms-win-crt-string-l1-1-0.dll\r\nCreationUtcTime: 2024-07-12 09:59:04.305\r\nUser: NT AUTHORITY\\SYSTEM\"",
                "version": "2",
                "systemTime": "2024-07-12T09:59:04.3093401Z",
                "eventRecordID": "3541",
                "threadID": "3536",
                "computer": "hq05.office.tyrdemo.se",
                "task": "11",
                "processID": "3088",
                "severityValue": "INFORMATION",
                "providerName": "Microsoft-Windows-Sysmon"
              }
            }
          },
          "rule": {
            "firedtimes": 266,
            "mail": true,
            "level": 13,
            "description": "Unsigned Binary Loaded From Suspicious Location",
            "groups": [
              "sigma"
            ],
            "id": "900228"
          },
          "decoder": {
            "name": "windows_eventchannel"
          },
          "input": {
            "type": "log"
          },
          "@timestamp": "2024-07-12T09:59:05.717Z",
          "location": "EventChannel",
          "id": "1720778345.102515661",
          "timestamp": "2024-07-12T11:59:05.717+0200"
        }
      },
      {
        "_index": "wazuh-alerts-4.x-2024.07.12",
        "_id": "u7NhppABLu9BFc0M0Ttk",
        "_score": 2.0,
        "_source": {
          "agent": {
            "ip": "134.23.3.15",
            "name": "hq05",
            "id": "019"
          },
          "manager": {
            "name": "wazuh"
          },
          "data": {
            "win": {
              "eventdata": {
                "image": "c:\\\\temp\\\\l_test.exe",
                "processGuid": "{0d6bea7f-fe68-6690-cd07-000000001800}",
                "processId": "3472",
                "utcTime": "2024-07-12 09:59:04.305",
                "targetFilename": "C:\\\\Windows\\\\Temp\\\\_MEI34722\\\\api-ms-win-crt-time-l1-1-0.dll",
                "ruleName": "DLL",
                "creationUtcTime": "2024-07-12 09:59:04.305",
                "user": "NT AUTHORITY\\\\SYSTEM"
              },
              "system": {
                "eventID": "11",
                "keywords": "0x8000000000000000",
                "providerGuid": "{5770385f-c22a-43e0-bf4c-06f5698ffbd9}",
                "level": "4",
                "channel": "Microsoft-Windows-Sysmon/Operational",
                "opcode": "0",
                "message": "\"File created:\r\nRuleName: DLL\r\nUtcTime: 2024-07-12 09:59:04.305\r\nProcessGuid: {0d6bea7f-fe68-6690-cd07-000000001800}\r\nProcessId: 3472\r\nImage: c:\\temp\\l_test.exe\r\nTargetFilename: C:\\Windows\\Temp\\_MEI34722\\api-ms-win-crt-time-l1-1-0.dll\r\nCreationUtcTime: 2024-07-12 09:59:04.305\r\nUser: NT AUTHORITY\\SYSTEM\"",
                "version": "2",
                "systemTime": "2024-07-12T09:59:04.3097052Z",
                "eventRecordID": "3542",
                "threadID": "3536",
                "computer": "hq05.office.tyrdemo.se",
                "task": "11",
                "processID": "3088",
                "severityValue": "INFORMATION",
                "providerName": "Microsoft-Windows-Sysmon"
              }
            }
          },
          "rule": {
            "firedtimes": 267,
            "mail": true,
            "level": 13,
            "description": "Unsigned Binary Loaded From Suspicious Location",
            "groups": [
              "sigma"
            ],
            "id": "900228"
          },
          "decoder": {
            "name": "windows_eventchannel"
          },
          "input": {
            "type": "log"
          },
          "@timestamp": "2024-07-12T09:59:05.733Z",
          "location": "EventChannel",
          "id": "1720778345.102518217",
          "timestamp": "2024-07-12T11:59:05.733+0200"
        }
      },
      {
        "_index": "wazuh-alerts-4.x-2024.07.12",
        "_id": "vbNhppABLu9BFc0M1TtP",
        "_score": 2.0,
        "_source": {
          "agent": {
            "ip": "134.23.3.15",
            "name": "hq05",
            "id": "019"
          },
          "manager": {
            "name": "wazuh"
          },
          "data": {
            "win": {
              "eventdata": {
                "image": "c:\\\\temp\\\\l_test.exe",
                "processGuid": "{0d6bea7f-fe68-6690-cd07-000000001800}",
                "processId": "3472",
                "utcTime": "2024-07-12 09:59:04.305",
                "targetFilename": "C:\\\\Windows\\\\Temp\\\\_MEI34722\\\\libcrypto-1_1.dll",
                "ruleName": "DLL",
                "creationUtcTime": "2024-07-12 09:59:04.305",
                "user": "NT AUTHORITY\\\\SYSTEM"
              },
              "system": {
                "eventID": "11",
                "keywords": "0x8000000000000000",
                "providerGuid": "{5770385f-c22a-43e0-bf4c-06f5698ffbd9}",
                "level": "4",
                "channel": "Microsoft-Windows-Sysmon/Operational",
                "opcode": "0",
                "message": "\"File created:\r\nRuleName: DLL\r\nUtcTime: 2024-07-12 09:59:04.305\r\nProcessGuid: {0d6bea7f-fe68-6690-cd07-000000001800}\r\nProcessId: 3472\r\nImage: c:\\temp\\l_test.exe\r\nTargetFilename: C:\\Windows\\Temp\\_MEI34722\\libcrypto-1_1.dll\r\nCreationUtcTime: 2024-07-12 09:59:04.305\r\nUser: NT AUTHORITY\\SYSTEM\"",
                "version": "2",
                "systemTime": "2024-07-12T09:59:04.3204253Z",
                "eventRecordID": "3544",
                "threadID": "3536",
                "computer": "hq05.office.tyrdemo.se",
                "task": "11",
                "processID": "3088",
                "severityValue": "INFORMATION",
                "providerName": "Microsoft-Windows-Sysmon"
              }
            }
          },
          "rule": {
            "firedtimes": 269,
            "mail": true,
            "level": 13,
            "description": "Unsigned Binary Loaded From Suspicious Location",
            "groups": [
              "sigma"
            ],
            "id": "900228"
          },
          "decoder": {
            "name": "windows_eventchannel"
          },
          "input": {
            "type": "log"
          },
          "@timestamp": "2024-07-12T09:59:05.806Z",
          "location": "EventChannel",
          "id": "1720778345.102523325",
          "timestamp": "2024-07-12T11:59:05.806+0200"
        }
      },
      {
        "_index": "wazuh-alerts-4.x-2024.07.12",
        "_id": "v7NhppABLu9BFc0M1TtP",
        "_score": 2.0,
        "_source": {
          "agent": {
            "ip": "134.23.3.15",
            "name": "hq05",
            "id": "019"
          },
          "manager": {
            "name": "wazuh"
          },
          "data": {
            "win": {
              "eventdata": {
                "image": "c:\\\\temp\\\\l_test.exe",
                "processGuid": "{0d6bea7f-fe68-6690-cd07-000000001800}",
                "processId": "3472",
                "utcTime": "2024-07-12 09:59:04.321",
                "targetFilename": "C:\\\\Windows\\\\Temp\\\\_MEI34722\\\\msvcp100.dll",
                "ruleName": "DLL",
                "creationUtcTime": "2024-07-12 09:59:04.321",
                "user": "NT AUTHORITY\\\\SYSTEM"
              },
              "system": {
                "eventID": "11",
                "keywords": "0x8000000000000000",
                "providerGuid": "{5770385f-c22a-43e0-bf4c-06f5698ffbd9}",
                "level": "4",
                "channel": "Microsoft-Windows-Sysmon/Operational",
                "opcode": "0",
                "message": "\"File created:\r\nRuleName: DLL\r\nUtcTime: 2024-07-12 09:59:04.321\r\nProcessGuid: {0d6bea7f-fe68-6690-cd07-000000001800}\r\nProcessId: 3472\r\nImage: c:\\temp\\l_test.exe\r\nTargetFilename: C:\\Windows\\Temp\\_MEI34722\\msvcp100.dll\r\nCreationUtcTime: 2024-07-12 09:59:04.321\r\nUser: NT AUTHORITY\\SYSTEM\"",
                "version": "2",
                "systemTime": "2024-07-12T09:59:04.3316062Z",
                "eventRecordID": "3546",
                "threadID": "3536",
                "computer": "hq05.office.tyrdemo.se",
                "task": "11",
                "processID": "3088",
                "severityValue": "INFORMATION",
                "providerName": "Microsoft-Windows-Sysmon"
              }
            }
          },
          "rule": {
            "firedtimes": 271,
            "mail": true,
            "level": 13,
            "description": "Unsigned Binary Loaded From Suspicious Location",
            "groups": [
              "sigma"
            ],
            "id": "900228"
          },
          "decoder": {
            "name": "windows_eventchannel"
          },
          "input": {
            "type": "log"
          },
          "@timestamp": "2024-07-12T09:59:05.854Z",
          "location": "EventChannel",
          "id": "1720778345.102528305",
          "timestamp": "2024-07-12T11:59:05.854+0200"
        }
      },
      {
        "_index": "wazuh-alerts-4.x-2024.07.12",
        "_id": "wrNhppABLu9BFc0M1TtP",
        "_score": 2.0,
        "_source": {
          "agent": {
            "ip": "134.23.3.15",
            "name": "hq05",
            "id": "019"
          },
          "manager": {
            "name": "wazuh"
          },
          "data": {
            "win": {
              "eventdata": {
                "image": "c:\\\\temp\\\\l_test.exe",
                "processGuid": "{0d6bea7f-fe68-6690-cd07-000000001800}",
                "processId": "3472",
                "utcTime": "2024-07-12 09:59:04.352",
                "targetFilename": "C:\\\\Windows\\\\Temp\\\\_MEI34722\\\\sqlite3.dll",
                "ruleName": "DLL",
                "creationUtcTime": "2024-07-12 09:59:04.352",
                "user": "NT AUTHORITY\\\\SYSTEM"
              },
              "system": {
                "eventID": "11",
                "keywords": "0x8000000000000000",
                "providerGuid": "{5770385f-c22a-43e0-bf4c-06f5698ffbd9}",
                "level": "4",
                "channel": "Microsoft-Windows-Sysmon/Operational",
                "opcode": "0",
                "message": "\"File created:\r\nRuleName: DLL\r\nUtcTime: 2024-07-12 09:59:04.352\r\nProcessGuid: {0d6bea7f-fe68-6690-cd07-000000001800}\r\nProcessId: 3472\r\nImage: c:\\temp\\l_test.exe\r\nTargetFilename: C:\\Windows\\Temp\\_MEI34722\\sqlite3.dll\r\nCreationUtcTime: 2024-07-12 09:59:04.352\r\nUser: NT AUTHORITY\\SYSTEM\"",
                "version": "2",
                "systemTime": "2024-07-12T09:59:04.3540921Z",
                "eventRecordID": "3549",
                "threadID": "3536",
                "computer": "hq05.office.tyrdemo.se",
                "task": "11",
                "processID": "3088",
                "severityValue": "INFORMATION",
                "providerName": "Microsoft-Windows-Sysmon"
              }
            }
          },
          "rule": {
            "firedtimes": 274,
            "mail": true,
            "level": 13,
            "description": "Unsigned Binary Loaded From Suspicious Location",
            "groups": [
              "sigma"
            ],
            "id": "900228"
          },
          "decoder": {
            "name": "windows_eventchannel"
          },
          "input": {
            "type": "log"
          },
          "@timestamp": "2024-07-12T09:59:05.888Z",
          "location": "EventChannel",
          "id": "1720778345.102535733",
          "timestamp": "2024-07-12T11:59:05.888+0200"
        }
      },
