      {
        "_index": "wazuh-alerts-4.x-2024.07.12",
        "_id": "_bNjppABLu9BFc0M8D3A",
        "_score": 2.0,
        "_source": {
          "agent": {
            "ip": "134.23.3.13",
            "name": "hq03",
            "id": "017"
          },
          "manager": {
            "name": "wazuh"
          },
          "data": {
            "win": {
              "eventdata": {
                "image": "c:\\\\test\\\\l_test.exe",
                "processGuid": "{5c9a2cda-fef3-6690-cc07-000000001800}",
                "processId": "3980",
                "utcTime": "2024-07-12 10:01:23.208",
                "targetFilename": "C:\\\\Windows\\\\Temp\\\\_MEI39802\\\\api-ms-win-core-file-l1-1-0.dll",
                "ruleName": "DLL",
                "creationUtcTime": "2024-07-12 10:01:23.208",
                "user": "NT AUTHORITY\\\\SYSTEM"
              },
              "system": {
                "eventID": "11",
                "keywords": "0x8000000000000000",
                "providerGuid": "{5770385f-c22a-43e0-bf4c-06f5698ffbd9}",
                "level": "4",
                "channel": "Microsoft-Windows-Sysmon/Operational",
                "opcode": "0",
                "message": "\"File created:\r\nRuleName: DLL\r\nUtcTime: 2024-07-12 10:01:23.208\r\nProcessGuid: {5c9a2cda-fef3-6690-cc07-000000001800}\r\nProcessId: 3980\r\nImage: c:\\test\\l_test.exe\r\nTargetFilename: C:\\Windows\\Temp\\_MEI39802\\api-ms-win-core-file-l1-1-0.dll\r\nCreationUtcTime: 2024-07-12 10:01:23.208\r\nUser: NT AUTHORITY\\SYSTEM\"",
                "version": "2",
                "systemTime": "2024-07-12T10:01:23.2221052Z",
                "eventRecordID": "3541",
                "threadID": "3548",
                "computer": "hq03.office.tyrdemo.se",
                "task": "11",
                "processID": "2984",
                "severityValue": "INFORMATION",
                "providerName": "Microsoft-Windows-Sysmon"
              }
            }
          },
          "rule": {
            "firedtimes": 58,
            "mail": true,
            "level": 13,
            "description": "Unsigned Binary Loaded From Suspicious Location",
            "groups": [
              "sigma"
            ],
            "id": "900228"
          },
          "decoder": {
            "name": "windows_eventchannel"
          },
          "input": {
            "type": "log"
          },
          "@timestamp": "2024-07-12T10:01:24.226Z",
          "location": "EventChannel",
          "id": "1720778484.103481879",
          "timestamp": "2024-07-12T12:01:24.226+0200"
        }
      },
      {
        "_index": "wazuh-alerts-4.x-2024.07.12",
        "_id": "ALNjppABLu9BFc0M8D7A",
        "_score": 2.0,
        "_source": {
          "agent": {
            "ip": "134.23.3.13",
            "name": "hq03",
            "id": "017"
          },
          "manager": {
            "name": "wazuh"
          },
          "data": {
            "win": {
              "eventdata": {
                "image": "c:\\\\test\\\\l_test.exe",
                "processGuid": "{5c9a2cda-fef3-6690-cc07-000000001800}",
                "processId": "3980",
                "utcTime": "2024-07-12 10:01:23.208",
                "targetFilename": "C:\\\\Windows\\\\Temp\\\\_MEI39802\\\\api-ms-win-core-file-l2-1-0.dll",
                "ruleName": "DLL",
                "creationUtcTime": "2024-07-12 10:01:23.208",
                "user": "NT AUTHORITY\\\\SYSTEM"
              },
              "system": {
                "eventID": "11",
                "keywords": "0x8000000000000000",
                "providerGuid": "{5770385f-c22a-43e0-bf4c-06f5698ffbd9}",
                "level": "4",
                "channel": "Microsoft-Windows-Sysmon/Operational",
                "opcode": "0",
                "message": "\"File created:\r\nRuleName: DLL\r\nUtcTime: 2024-07-12 10:01:23.208\r\nProcessGuid: {5c9a2cda-fef3-6690-cc07-000000001800}\r\nProcessId: 3980\r\nImage: c:\\test\\l_test.exe\r\nTargetFilename: C:\\Windows\\Temp\\_MEI39802\\api-ms-win-core-file-l2-1-0.dll\r\nCreationUtcTime: 2024-07-12 10:01:23.208\r\nUser: NT AUTHORITY\\SYSTEM\"",
                "version": "2",
                "systemTime": "2024-07-12T10:01:23.2227524Z",
                "eventRecordID": "3543",
                "threadID": "3548",
                "computer": "hq03.office.tyrdemo.se",
                "task": "11",
                "processID": "2984",
                "severityValue": "INFORMATION",
                "providerName": "Microsoft-Windows-Sysmon"
              }
            }
          },
          "rule": {
            "firedtimes": 61,
            "mail": true,
            "level": 13,
            "description": "Unsigned Binary Loaded From Suspicious Location",
            "groups": [
              "sigma"
            ],
            "id": "900228"
          },
          "decoder": {
            "name": "windows_eventchannel"
          },
          "input": {
            "type": "log"
          },
          "@timestamp": "2024-07-12T10:01:24.258Z",
          "location": "EventChannel",
          "id": "1720778484.103489571",
          "timestamp": "2024-07-12T12:01:24.258+0200"
        }
      },
      {
        "_index": "wazuh-alerts-4.x-2024.07.12",
        "_id": "AbNjppABLu9BFc0M8D7A",
        "_score": 2.0,
        "_source": {
          "agent": {
            "ip": "134.23.3.13",
            "name": "hq03",
            "id": "017"
          },
          "manager": {
            "name": "wazuh"
          },
          "data": {
            "win": {
              "eventdata": {
                "image": "c:\\\\test\\\\l_test.exe",
                "processGuid": "{5c9a2cda-fef3-6690-cc07-000000001800}",
                "processId": "3980",
                "utcTime": "2024-07-12 10:01:23.208",
                "targetFilename": "C:\\\\Windows\\\\Temp\\\\_MEI39802\\\\api-ms-win-core-heap-l1-1-0.dll",
                "ruleName": "DLL",
                "creationUtcTime": "2024-07-12 10:01:23.208",
                "user": "NT AUTHORITY\\\\SYSTEM"
              },
              "system": {
                "eventID": "11",
                "keywords": "0x8000000000000000",
                "providerGuid": "{5770385f-c22a-43e0-bf4c-06f5698ffbd9}",
                "level": "4",
                "channel": "Microsoft-Windows-Sysmon/Operational",
                "opcode": "0",
                "message": "\"File created:\r\nRuleName: DLL\r\nUtcTime: 2024-07-12 10:01:23.208\r\nProcessGuid: {5c9a2cda-fef3-6690-cc07-000000001800}\r\nProcessId: 3980\r\nImage: c:\\test\\l_test.exe\r\nTargetFilename: C:\\Windows\\Temp\\_MEI39802\\api-ms-win-core-heap-l1-1-0.dll\r\nCreationUtcTime: 2024-07-12 10:01:23.208\r\nUser: NT AUTHORITY\\SYSTEM\"",
                "version": "2",
                "systemTime": "2024-07-12T10:01:23.2236960Z",
                "eventRecordID": "3545",
                "threadID": "3548",
                "computer": "hq03.office.tyrdemo.se",
                "task": "11",
                "processID": "2984",
                "severityValue": "INFORMATION",
                "providerName": "Microsoft-Windows-Sysmon"
              }
            }
          },
          "rule": {
            "firedtimes": 62,
            "mail": true,
            "level": 13,
            "description": "Unsigned Binary Loaded From Suspicious Location",
            "groups": [
              "sigma"
            ],
            "id": "900228"
          },
          "decoder": {
            "name": "windows_eventchannel"
          },
          "input": {
            "type": "log"
          },
          "@timestamp": "2024-07-12T10:01:24.304Z",
          "location": "EventChannel",
          "id": "1720778484.103492123",
          "timestamp": "2024-07-12T12:01:24.304+0200"
        }
      },
      {
        "_index": "wazuh-alerts-4.x-2024.07.12",
        "_id": "ArNjppABLu9BFc0M8D7A",
        "_score": 2.0,
        "_source": {
          "agent": {
            "ip": "134.23.3.13",
            "name": "hq03",
            "id": "017"
          },
          "manager": {
            "name": "wazuh"
          },
          "data": {
            "win": {
              "eventdata": {
                "image": "c:\\\\test\\\\l_test.exe",
                "processGuid": "{5c9a2cda-fef3-6690-cc07-000000001800}",
                "processId": "3980",
                "utcTime": "2024-07-12 10:01:23.208",
                "targetFilename": "C:\\\\Windows\\\\Temp\\\\_MEI39802\\\\api-ms-win-core-handle-l1-1-0.dll",
                "ruleName": "DLL",
                "creationUtcTime": "2024-07-12 10:01:23.208",
                "user": "NT AUTHORITY\\\\SYSTEM"
              },
              "system": {
                "eventID": "11",
                "keywords": "0x8000000000000000",
                "providerGuid": "{5770385f-c22a-43e0-bf4c-06f5698ffbd9}",
                "level": "4",
                "channel": "Microsoft-Windows-Sysmon/Operational",
                "opcode": "0",
                "message": "\"File created:\r\nRuleName: DLL\r\nUtcTime: 2024-07-12 10:01:23.208\r\nProcessGuid: {5c9a2cda-fef3-6690-cc07-000000001800}\r\nProcessId: 3980\r\nImage: c:\\test\\l_test.exe\r\nTargetFilename: C:\\Windows\\Temp\\_MEI39802\\api-ms-win-core-handle-l1-1-0.dll\r\nCreationUtcTime: 2024-07-12 10:01:23.208\r\nUser: NT AUTHORITY\\SYSTEM\"",
                "version": "2",
                "systemTime": "2024-07-12T10:01:23.2233168Z",
                "eventRecordID": "3544",
                "threadID": "3548",
                "computer": "hq03.office.tyrdemo.se",
                "task": "11",
                "processID": "2984",
                "severityValue": "INFORMATION",
                "providerName": "Microsoft-Windows-Sysmon"
              }
            }
          },
          "rule": {
            "firedtimes": 63,
            "mail": true,
            "level": 13,
            "description": "Unsigned Binary Loaded From Suspicious Location",
            "groups": [
              "sigma"
            ],
            "id": "900228"
          },
          "decoder": {
            "name": "windows_eventchannel"
          },
          "input": {
            "type": "log"
          },
          "@timestamp": "2024-07-12T10:01:24.304Z",
          "location": "EventChannel",
          "id": "1720778484.103494675",
          "timestamp": "2024-07-12T12:01:24.304+0200"
        }
      },
      {
        "_index": "wazuh-alerts-4.x-2024.07.12",
        "_id": "BLNjppABLu9BFc0M8D7A",
        "_score": 2.0,
        "_source": {
          "agent": {
            "ip": "134.23.3.13",
            "name": "hq03",
            "id": "017"
          },
          "manager": {
            "name": "wazuh"
          },
          "data": {
            "win": {
              "eventdata": {
                "image": "c:\\\\test\\\\l_test.exe",
                "processGuid": "{5c9a2cda-fef3-6690-cc07-000000001800}",
                "processId": "3980",
                "utcTime": "2024-07-12 10:01:23.208",
                "targetFilename": "C:\\\\Windows\\\\Temp\\\\_MEI39802\\\\api-ms-win-core-libraryloader-l1-1-0.dll",
                "ruleName": "DLL",
                "creationUtcTime": "2024-07-12 10:01:23.208",
                "user": "NT AUTHORITY\\\\SYSTEM"
              },
              "system": {
                "eventID": "11",
                "keywords": "0x8000000000000000",
                "providerGuid": "{5770385f-c22a-43e0-bf4c-06f5698ffbd9}",
                "level": "4",
                "channel": "Microsoft-Windows-Sysmon/Operational",
                "opcode": "0",
                "message": "\"File created:\r\nRuleName: DLL\r\nUtcTime: 2024-07-12 10:01:23.208\r\nProcessGuid: {5c9a2cda-fef3-6690-cc07-000000001800}\r\nProcessId: 3980\r\nImage: c:\\test\\l_test.exe\r\nTargetFilename: C:\\Windows\\Temp\\_MEI39802\\api-ms-win-core-libraryloader-l1-1-0.dll\r\nCreationUtcTime: 2024-07-12 10:01:23.208\r\nUser: NT AUTHORITY\\SYSTEM\"",
                "version": "2",
                "systemTime": "2024-07-12T10:01:23.2243999Z",
                "eventRecordID": "3547",
                "threadID": "3548",
                "computer": "hq03.office.tyrdemo.se",
                "task": "11",
                "processID": "2984",
                "severityValue": "INFORMATION",
                "providerName": "Microsoft-Windows-Sysmon"
              }
            }
          },
          "rule": {
            "firedtimes": 65,
            "mail": true,
            "level": 13,
            "description": "Unsigned Binary Loaded From Suspicious Location",
            "groups": [
              "sigma"
            ],
            "id": "900228"
          },
          "decoder": {
            "name": "windows_eventchannel"
          },
          "input": {
            "type": "log"
          },
          "@timestamp": "2024-07-12T10:01:24.336Z",
          "location": "EventChannel",
          "id": "1720778484.103499815",
          "timestamp": "2024-07-12T12:01:24.336+0200"
        }
      },
      {
        "_index": "wazuh-alerts-4.x-2024.07.12",
        "_id": "BrNjppABLu9BFc0M8D7A",
        "_score": 2.0,
        "_source": {
          "agent": {
            "ip": "134.23.3.13",
            "name": "hq03",
            "id": "017"
          },
          "manager": {
            "name": "wazuh"
          },
          "data": {
            "win": {
              "eventdata": {
                "image": "c:\\\\test\\\\l_test.exe",
                "processGuid": "{5c9a2cda-fef3-6690-cc07-000000001800}",
                "processId": "3980",
                "utcTime": "2024-07-12 10:01:23.224",
                "targetFilename": "C:\\\\Windows\\\\Temp\\\\_MEI39802\\\\api-ms-win-core-memory-l1-1-0.dll",
                "ruleName": "DLL",
                "creationUtcTime": "2024-07-12 10:01:23.224",
                "user": "NT AUTHORITY\\\\SYSTEM"
              },
              "system": {
                "eventID": "11",
                "keywords": "0x8000000000000000",
                "providerGuid": "{5770385f-c22a-43e0-bf4c-06f5698ffbd9}",
                "level": "4",
                "channel": "Microsoft-Windows-Sysmon/Operational",
                "opcode": "0",
                "message": "\"File created:\r\nRuleName: DLL\r\nUtcTime: 2024-07-12 10:01:23.224\r\nProcessGuid: {5c9a2cda-fef3-6690-cc07-000000001800}\r\nProcessId: 3980\r\nImage: c:\\test\\l_test.exe\r\nTargetFilename: C:\\Windows\\Temp\\_MEI39802\\api-ms-win-core-memory-l1-1-0.dll\r\nCreationUtcTime: 2024-07-12 10:01:23.224\r\nUser: NT AUTHORITY\\SYSTEM\"",
                "version": "2",
                "systemTime": "2024-07-12T10:01:23.2252937Z",
                "eventRecordID": "3549",
                "threadID": "3548",
                "computer": "hq03.office.tyrdemo.se",
                "task": "11",
                "processID": "2984",
                "severityValue": "INFORMATION",
                "providerName": "Microsoft-Windows-Sysmon"
              }
            }
          },
          "rule": {
            "firedtimes": 67,
            "mail": true,
            "level": 13,
            "description": "Unsigned Binary Loaded From Suspicious Location",
            "groups": [
              "sigma"
            ],
            "id": "900228"
          },
          "decoder": {
            "name": "windows_eventchannel"
          },
          "input": {
            "type": "log"
          },
          "@timestamp": "2024-07-12T10:01:24.413Z",
          "location": "EventChannel",
          "id": "1720778484.103504987",
          "timestamp": "2024-07-12T12:01:24.413+0200"
        }
      },
      {
        "_index": "wazuh-alerts-4.x-2024.07.12",
        "_id": "B7NjppABLu9BFc0M8D7A",
        "_score": 2.0,
        "_source": {
          "agent": {
            "ip": "134.23.3.13",
            "name": "hq03",
            "id": "017"
          },
          "manager": {
            "name": "wazuh"
          },
          "data": {
            "win": {
              "eventdata": {
                "image": "c:\\\\test\\\\l_test.exe",
                "processGuid": "{5c9a2cda-fef3-6690-cc07-000000001800}",
                "processId": "3980",
                "utcTime": "2024-07-12 10:01:23.224",
                "targetFilename": "C:\\\\Windows\\\\Temp\\\\_MEI39802\\\\api-ms-win-core-namedpipe-l1-1-0.dll",
                "ruleName": "DLL",
                "creationUtcTime": "2024-07-12 10:01:23.224",
                "user": "NT AUTHORITY\\\\SYSTEM"
              },
              "system": {
                "eventID": "11",
                "keywords": "0x8000000000000000",
                "providerGuid": "{5770385f-c22a-43e0-bf4c-06f5698ffbd9}",
                "level": "4",
                "channel": "Microsoft-Windows-Sysmon/Operational",
                "opcode": "0",
                "message": "\"File created:\r\nRuleName: DLL\r\nUtcTime: 2024-07-12 10:01:23.224\r\nProcessGuid: {5c9a2cda-fef3-6690-cc07-000000001800}\r\nProcessId: 3980\r\nImage: c:\\test\\l_test.exe\r\nTargetFilename: C:\\Windows\\Temp\\_MEI39802\\api-ms-win-core-namedpipe-l1-1-0.dll\r\nCreationUtcTime: 2024-07-12 10:01:23.224\r\nUser: NT AUTHORITY\\SYSTEM\"",
                "version": "2",
                "systemTime": "2024-07-12T10:01:23.2259800Z",
                "eventRecordID": "3550",
                "threadID": "3548",
                "computer": "hq03.office.tyrdemo.se",
                "task": "11",
                "processID": "2984",
                "severityValue": "INFORMATION",
                "providerName": "Microsoft-Windows-Sysmon"
              }
            }
          },
          "rule": {
            "firedtimes": 68,
            "mail": true,
            "level": 13,
            "description": "Unsigned Binary Loaded From Suspicious Location",
            "groups": [
              "sigma"
            ],
            "id": "900228"
          },
          "decoder": {
            "name": "windows_eventchannel"
          },
          "input": {
            "type": "log"
          },
          "@timestamp": "2024-07-12T10:01:24.413Z",
          "location": "EventChannel",
          "id": "1720778484.103507547",
          "timestamp": "2024-07-12T12:01:24.413+0200"
        }
      },
      {
        "_index": "wazuh-alerts-4.x-2024.07.12",
        "_id": "DLNjppABLu9BFc0M8D7A",
        "_score": 2.0,
        "_source": {
          "agent": {
            "ip": "134.23.3.13",
            "name": "hq03",
            "id": "017"
          },
          "manager": {
            "name": "wazuh"
          },
          "data": {
            "win": {
              "eventdata": {
                "image": "c:\\\\test\\\\l_test.exe",
                "processGuid": "{5c9a2cda-fef3-6690-cc07-000000001800}",
                "processId": "3980",
                "utcTime": "2024-07-12 10:01:23.224",
                "targetFilename": "C:\\\\Windows\\\\Temp\\\\_MEI39802\\\\api-ms-win-core-rtlsupport-l1-1-0.dll",
                "ruleName": "DLL",
                "creationUtcTime": "2024-07-12 10:01:23.224",
                "user": "NT AUTHORITY\\\\SYSTEM"
              },
              "system": {
                "eventID": "11",
                "keywords": "0x8000000000000000",
                "providerGuid": "{5770385f-c22a-43e0-bf4c-06f5698ffbd9}",
                "level": "4",
                "channel": "Microsoft-Windows-Sysmon/Operational",
                "opcode": "0",
                "message": "\"File created:\r\nRuleName: DLL\r\nUtcTime: 2024-07-12 10:01:23.224\r\nProcessGuid: {5c9a2cda-fef3-6690-cc07-000000001800}\r\nProcessId: 3980\r\nImage: c:\\test\\l_test.exe\r\nTargetFilename: C:\\Windows\\Temp\\_MEI39802\\api-ms-win-core-rtlsupport-l1-1-0.dll\r\nCreationUtcTime: 2024-07-12 10:01:23.224\r\nUser: NT AUTHORITY\\SYSTEM\"",
                "version": "2",
                "systemTime": "2024-07-12T10:01:23.2281771Z",
                "eventRecordID": "3555",
                "threadID": "3548",
                "computer": "hq03.office.tyrdemo.se",
                "task": "11",
                "processID": "2984",
                "severityValue": "INFORMATION",
                "providerName": "Microsoft-Windows-Sysmon"
              }
            }
          },
          "rule": {
            "firedtimes": 73,
            "mail": true,
            "level": 13,
            "description": "Unsigned Binary Loaded From Suspicious Location",
            "groups": [
              "sigma"
            ],
            "id": "900228"
          },
          "decoder": {
            "name": "windows_eventchannel"
          },
          "input": {
            "type": "log"
          },
          "@timestamp": "2024-07-12T10:01:24.507Z",
          "location": "EventChannel",
          "id": "1720778484.103520475",
          "timestamp": "2024-07-12T12:01:24.507+0200"
        }
      },
      {
        "_index": "wazuh-alerts-4.x-2024.07.12",
        "_id": "DbNjppABLu9BFc0M8D7A",
        "_score": 2.0,
        "_source": {
          "agent": {
            "ip": "134.23.3.13",
            "name": "hq03",
            "id": "017"
          },
          "manager": {
            "name": "wazuh"
          },
          "data": {
            "win": {
              "eventdata": {
                "image": "c:\\\\test\\\\l_test.exe",
                "processGuid": "{5c9a2cda-fef3-6690-cc07-000000001800}",
                "processId": "3980",
                "utcTime": "2024-07-12 10:01:23.224",
                "targetFilename": "C:\\\\Windows\\\\Temp\\\\_MEI39802\\\\api-ms-win-core-string-l1-1-0.dll",
                "ruleName": "DLL",
                "creationUtcTime": "2024-07-12 10:01:23.224",
                "user": "NT AUTHORITY\\\\SYSTEM"
              },
              "system": {
                "eventID": "11",
                "keywords": "0x8000000000000000",
                "providerGuid": "{5770385f-c22a-43e0-bf4c-06f5698ffbd9}",
                "level": "4",
                "channel": "Microsoft-Windows-Sysmon/Operational",
                "opcode": "0",
                "message": "\"File created:\r\nRuleName: DLL\r\nUtcTime: 2024-07-12 10:01:23.224\r\nProcessGuid: {5c9a2cda-fef3-6690-cc07-000000001800}\r\nProcessId: 3980\r\nImage: c:\\test\\l_test.exe\r\nTargetFilename: C:\\Windows\\Temp\\_MEI39802\\api-ms-win-core-string-l1-1-0.dll\r\nCreationUtcTime: 2024-07-12 10:01:23.224\r\nUser: NT AUTHORITY\\SYSTEM\"",
                "version": "2",
                "systemTime": "2024-07-12T10:01:23.2285257Z",
                "eventRecordID": "3556",
                "threadID": "3548",
                "computer": "hq03.office.tyrdemo.se",
                "task": "11",
                "processID": "2984",
                "severityValue": "INFORMATION",
                "providerName": "Microsoft-Windows-Sysmon"
              }
            }
          },
          "rule": {
            "firedtimes": 74,
            "mail": true,
            "level": 13,
            "description": "Unsigned Binary Loaded From Suspicious Location",
            "groups": [
              "sigma"
            ],
            "id": "900228"
          },
          "decoder": {
            "name": "windows_eventchannel"
          },
          "input": {
            "type": "log"
          },
          "@timestamp": "2024-07-12T10:01:24.523Z",
          "location": "EventChannel",
          "id": "1720778484.103523051",
          "timestamp": "2024-07-12T12:01:24.523+0200"
        }
      },
      {
        "_index": "wazuh-alerts-4.x-2024.07.12",
        "_id": "FLNjppABLu9BFc0M8D7A",
        "_score": 2.0,
        "_source": {
          "agent": {
            "ip": "134.23.3.13",
            "name": "hq03",
            "id": "017"
          },
          "manager": {
            "name": "wazuh"
          },
          "data": {
            "win": {
              "eventdata": {
                "image": "c:\\\\test\\\\l_test.exe",
                "processGuid": "{5c9a2cda-fef3-6690-cc07-000000001800}",
                "processId": "3980",
                "utcTime": "2024-07-12 10:01:23.224",
                "targetFilename": "C:\\\\Windows\\\\Temp\\\\_MEI39802\\\\api-ms-win-crt-convert-l1-1-0.dll",
                "ruleName": "DLL",
                "creationUtcTime": "2024-07-12 10:01:23.224",
                "user": "NT AUTHORITY\\\\SYSTEM"
              },
              "system": {
                "eventID": "11",
                "keywords": "0x8000000000000000",
                "providerGuid": "{5770385f-c22a-43e0-bf4c-06f5698ffbd9}",
                "level": "4",
                "channel": "Microsoft-Windows-Sysmon/Operational",
                "opcode": "0",
                "message": "\"File created:\r\nRuleName: DLL\r\nUtcTime: 2024-07-12 10:01:23.224\r\nProcessGuid: {5c9a2cda-fef3-6690-cc07-000000001800}\r\nProcessId: 3980\r\nImage: c:\\test\\l_test.exe\r\nTargetFilename: C:\\Windows\\Temp\\_MEI39802\\api-ms-win-crt-convert-l1-1-0.dll\r\nCreationUtcTime: 2024-07-12 10:01:23.224\r\nUser: NT AUTHORITY\\SYSTEM\"",
                "version": "2",
                "systemTime": "2024-07-12T10:01:23.2308741Z",
                "eventRecordID": "3563",
                "threadID": "3548",
                "computer": "hq03.office.tyrdemo.se",
                "task": "11",
                "processID": "2984",
                "severityValue": "INFORMATION",
                "providerName": "Microsoft-Windows-Sysmon"
              }
            }
          },
          "rule": {
            "firedtimes": 81,
            "mail": true,
            "level": 13,
            "description": "Unsigned Binary Loaded From Suspicious Location",
            "groups": [
              "sigma"
            ],
            "id": "900228"
          },
          "decoder": {
            "name": "windows_eventchannel"
          },
          "input": {
            "type": "log"
          },
          "@timestamp": "2024-07-12T10:01:24.632Z",
          "location": "EventChannel",
          "id": "1720778484.103540959",
          "timestamp": "2024-07-12T12:01:24.632+0200"
        }
      },
      {
        "_index": "wazuh-alerts-4.x-2024.07.12",
        "_id": "GbNjppABLu9BFc0M8D7A",
        "_score": 2.0,
        "_source": {
          "agent": {
            "ip": "134.23.3.13",
            "name": "hq03",
            "id": "017"
          },
          "manager": {
            "name": "wazuh"
          },
          "data": {
            "win": {
              "eventdata": {
                "image": "c:\\\\test\\\\l_test.exe",
                "processGuid": "{5c9a2cda-fef3-6690-cc07-000000001800}",
                "processId": "3980",
                "utcTime": "2024-07-12 10:01:23.224",
                "targetFilename": "C:\\\\Windows\\\\Temp\\\\_MEI39802\\\\api-ms-win-crt-math-l1-1-0.dll",
                "ruleName": "DLL",
                "creationUtcTime": "2024-07-12 10:01:23.224",
                "user": "NT AUTHORITY\\\\SYSTEM"
              },
              "system": {
                "eventID": "11",
                "keywords": "0x8000000000000000",
                "providerGuid": "{5770385f-c22a-43e0-bf4c-06f5698ffbd9}",
                "level": "4",
                "channel": "Microsoft-Windows-Sysmon/Operational",
                "opcode": "0",
                "message": "\"File created:\r\nRuleName: DLL\r\nUtcTime: 2024-07-12 10:01:23.224\r\nProcessGuid: {5c9a2cda-fef3-6690-cc07-000000001800}\r\nProcessId: 3980\r\nImage: c:\\test\\l_test.exe\r\nTargetFilename: C:\\Windows\\Temp\\_MEI39802\\api-ms-win-crt-math-l1-1-0.dll\r\nCreationUtcTime: 2024-07-12 10:01:23.224\r\nUser: NT AUTHORITY\\SYSTEM\"",
                "version": "2",
                "systemTime": "2024-07-12T10:01:23.2327989Z",
                "eventRecordID": "3568",
                "threadID": "3548",
                "computer": "hq03.office.tyrdemo.se",
                "task": "11",
                "processID": "2984",
                "severityValue": "INFORMATION",
                "providerName": "Microsoft-Windows-Sysmon"
              }
            }
          },
          "rule": {
            "firedtimes": 86,
            "mail": true,
            "level": 13,
            "description": "Unsigned Binary Loaded From Suspicious Location",
            "groups": [
              "sigma"
            ],
            "id": "900228"
          },
          "decoder": {
            "name": "windows_eventchannel"
          },
          "input": {
            "type": "log"
          },
          "@timestamp": "2024-07-12T10:01:24.726Z",
          "location": "EventChannel",
          "id": "1720778484.103553771",
          "timestamp": "2024-07-12T12:01:24.726+0200"
        }
      },
      {
        "_index": "wazuh-alerts-4.x-2024.07.12",
        "_id": "KbNjppABLu9BFc0M8D7A",
        "_score": 2.0,
        "_source": {
          "agent": {
            "ip": "134.23.3.13",
            "name": "hq03",
            "id": "017"
          },
          "manager": {
            "name": "wazuh"
          },
          "data": {
            "win": {
              "eventdata": {
                "image": "c:\\\\test\\\\l_test.exe",
                "processGuid": "{5c9a2cda-fef3-6690-cc07-000000001800}",
                "processId": "3980",
                "utcTime": "2024-07-12 10:01:23.224",
                "targetFilename": "C:\\\\Windows\\\\Temp\\\\_MEI39802\\\\api-ms-win-crt-time-l1-1-0.dll",
                "ruleName": "DLL",
                "creationUtcTime": "2024-07-12 10:01:23.224",
                "user": "NT AUTHORITY\\\\SYSTEM"
              },
              "system": {
                "eventID": "11",
                "keywords": "0x8000000000000000",
                "providerGuid": "{5770385f-c22a-43e0-bf4c-06f5698ffbd9}",
                "level": "4",
                "channel": "Microsoft-Windows-Sysmon/Operational",
                "opcode": "0",
                "message": "\"File created:\r\nRuleName: DLL\r\nUtcTime: 2024-07-12 10:01:23.224\r\nProcessGuid: {5c9a2cda-fef3-6690-cc07-000000001800}\r\nProcessId: 3980\r\nImage: c:\\test\\l_test.exe\r\nTargetFilename: C:\\Windows\\Temp\\_MEI39802\\api-ms-win-crt-time-l1-1-0.dll\r\nCreationUtcTime: 2024-07-12 10:01:23.224\r\nUser: NT AUTHORITY\\SYSTEM\"",
                "version": "2",
                "systemTime": "2024-07-12T10:01:23.2348787Z",
                "eventRecordID": "3573",
                "threadID": "3548",
                "computer": "hq03.office.tyrdemo.se",
                "task": "11",
                "processID": "2984",
                "severityValue": "INFORMATION",
                "providerName": "Microsoft-Windows-Sysmon"
              }
            }
          },
          "rule": {
            "firedtimes": 91,
            "mail": true,
            "level": 13,
            "description": "Unsigned Binary Loaded From Suspicious Location",
            "groups": [
              "sigma"
            ],
            "id": "900228"
          },
          "decoder": {
            "name": "windows_eventchannel"
          },
          "input": {
            "type": "log"
          },
          "@timestamp": "2024-07-12T10:01:24.804Z",
          "location": "EventChannel",
          "id": "1720778484.103572278",
          "timestamp": "2024-07-12T12:01:24.804+0200"
        }
      },
      {
        "_index": "wazuh-alerts-4.x-2024.07.12",
        "_id": "K7NjppABLu9BFc0M8D7l",
        "_score": 2.0,
        "_source": {
          "agent": {
            "ip": "134.23.3.13",
            "name": "hq03",
            "id": "017"
          },
          "manager": {
            "name": "wazuh"
          },
          "data": {
            "win": {
              "eventdata": {
                "image": "c:\\\\test\\\\l_test.exe",
                "processGuid": "{5c9a2cda-fef3-6690-cc07-000000001800}",
                "processId": "3980",
                "utcTime": "2024-07-12 10:01:23.224",
                "targetFilename": "C:\\\\Windows\\\\Temp\\\\_MEI39802\\\\api-ms-win-crt-utility-l1-1-0.dll",
                "ruleName": "DLL",
                "creationUtcTime": "2024-07-12 10:01:23.224",
                "user": "NT AUTHORITY\\\\SYSTEM"
              },
              "system": {
                "eventID": "11",
                "keywords": "0x8000000000000000",
                "providerGuid": "{5770385f-c22a-43e0-bf4c-06f5698ffbd9}",
                "level": "4",
                "channel": "Microsoft-Windows-Sysmon/Operational",
                "opcode": "0",
                "message": "\"File created:\r\nRuleName: DLL\r\nUtcTime: 2024-07-12 10:01:23.224\r\nProcessGuid: {5c9a2cda-fef3-6690-cc07-000000001800}\r\nProcessId: 3980\r\nImage: c:\\test\\l_test.exe\r\nTargetFilename: C:\\Windows\\Temp\\_MEI39802\\api-ms-win-crt-utility-l1-1-0.dll\r\nCreationUtcTime: 2024-07-12 10:01:23.224\r\nUser: NT AUTHORITY\\SYSTEM\"",
                "version": "2",
                "systemTime": "2024-07-12T10:01:23.2351960Z",
                "eventRecordID": "3574",
                "threadID": "3548",
                "computer": "hq03.office.tyrdemo.se",
                "task": "11",
                "processID": "2984",
                "severityValue": "INFORMATION",
                "providerName": "Microsoft-Windows-Sysmon"
              }
            }
          },
          "rule": {
            "firedtimes": 93,
            "mail": true,
            "level": 13,
            "description": "Unsigned Binary Loaded From Suspicious Location",
            "groups": [
              "sigma"
            ],
            "id": "900228"
          },
          "decoder": {
            "name": "windows_eventchannel"
          },
          "input": {
            "type": "log"
          },
          "@timestamp": "2024-07-12T10:01:24.846Z",
          "location": "EventChannel",
          "id": "1720778484.103577322",
          "timestamp": "2024-07-12T12:01:24.846+0200"
        }
      },
      {
        "_index": "wazuh-alerts-4.x-2024.07.12",
        "_id": "LbNjppABLu9BFc0M8D7l",
        "_score": 2.0,
        "_source": {
          "agent": {
            "ip": "134.23.3.13",
            "name": "hq03",
            "id": "017"
          },
          "manager": {
            "name": "wazuh"
          },
          "data": {
            "win": {
              "eventdata": {
                "image": "c:\\\\test\\\\l_test.exe",
                "processGuid": "{5c9a2cda-fef3-6690-cc07-000000001800}",
                "processId": "3980",
                "utcTime": "2024-07-12 10:01:23.240",
                "targetFilename": "C:\\\\Windows\\\\Temp\\\\_MEI39802\\\\libssl-1_1.dll",
                "ruleName": "DLL",
                "creationUtcTime": "2024-07-12 10:01:23.240",
                "user": "NT AUTHORITY\\\\SYSTEM"
              },
              "system": {
                "eventID": "11",
                "keywords": "0x8000000000000000",
                "providerGuid": "{5770385f-c22a-43e0-bf4c-06f5698ffbd9}",
                "level": "4",
                "channel": "Microsoft-Windows-Sysmon/Operational",
                "opcode": "0",
                "message": "\"File created:\r\nRuleName: DLL\r\nUtcTime: 2024-07-12 10:01:23.240\r\nProcessGuid: {5c9a2cda-fef3-6690-cc07-000000001800}\r\nProcessId: 3980\r\nImage: c:\\test\\l_test.exe\r\nTargetFilename: C:\\Windows\\Temp\\_MEI39802\\libssl-1_1.dll\r\nCreationUtcTime: 2024-07-12 10:01:23.240\r\nUser: NT AUTHORITY\\SYSTEM\"",
                "version": "2",
                "systemTime": "2024-07-12T10:01:23.2489724Z",
                "eventRecordID": "3576",
                "threadID": "3548",
                "computer": "hq03.office.tyrdemo.se",
                "task": "11",
                "processID": "2984",
                "severityValue": "INFORMATION",
                "providerName": "Microsoft-Windows-Sysmon"
              }
            }
          },
          "rule": {
            "firedtimes": 95,
            "mail": true,
            "level": 13,
            "description": "Unsigned Binary Loaded From Suspicious Location",
            "groups": [
              "sigma"
            ],
            "id": "900228"
          },
          "decoder": {
            "name": "windows_eventchannel"
          },
          "input": {
            "type": "log"
          },
          "@timestamp": "2024-07-12T10:01:24.898Z",
          "location": "EventChannel",
          "id": "1720778484.103582358",
          "timestamp": "2024-07-12T12:01:24.898+0200"
        }
      },
      {
        "_index": "wazuh-alerts-4.x-2024.07.12",
        "_id": "L7NjppABLu9BFc0M9D6o",
        "_score": 2.0,
        "_source": {
          "agent": {
            "ip": "134.23.3.13",
            "name": "hq03",
            "id": "017"
          },
          "manager": {
            "name": "wazuh"
          },
          "data": {
            "win": {
              "eventdata": {
                "image": "c:\\\\test\\\\l_test.exe",
                "processGuid": "{5c9a2cda-fef3-6690-cc07-000000001800}",
                "processId": "3980",
                "utcTime": "2024-07-12 10:01:23.255",
                "targetFilename": "C:\\\\Windows\\\\Temp\\\\_MEI39802\\\\python37.dll",
                "ruleName": "DLL",
                "creationUtcTime": "2024-07-12 10:01:23.255",
                "user": "NT AUTHORITY\\\\SYSTEM"
              },
              "system": {
                "eventID": "11",
                "keywords": "0x8000000000000000",
                "providerGuid": "{5770385f-c22a-43e0-bf4c-06f5698ffbd9}",
                "level": "4",
                "channel": "Microsoft-Windows-Sysmon/Operational",
                "opcode": "0",
                "message": "\"File created:\r\nRuleName: DLL\r\nUtcTime: 2024-07-12 10:01:23.255\r\nProcessGuid: {5c9a2cda-fef3-6690-cc07-000000001800}\r\nProcessId: 3980\r\nImage: c:\\test\\l_test.exe\r\nTargetFilename: C:\\Windows\\Temp\\_MEI39802\\python37.dll\r\nCreationUtcTime: 2024-07-12 10:01:23.255\r\nUser: NT AUTHORITY\\SYSTEM\"",
                "version": "2",
                "systemTime": "2024-07-12T10:01:23.2716716Z",
                "eventRecordID": "3579",
                "threadID": "3548",
                "computer": "hq03.office.tyrdemo.se",
                "task": "11",
                "processID": "2984",
                "severityValue": "INFORMATION",
                "providerName": "Microsoft-Windows-Sysmon"
              }
            }
          },
          "rule": {
            "firedtimes": 97,
            "mail": true,
            "level": 13,
            "description": "Unsigned Binary Loaded From Suspicious Location",
            "groups": [
              "sigma"
            ],
            "id": "900228"
          },
          "decoder": {
            "name": "windows_eventchannel"
          },
          "input": {
            "type": "log"
          },
          "@timestamp": "2024-07-12T10:01:24.930Z",
          "location": "EventChannel",
          "id": "1720778484.103587318",
          "timestamp": "2024-07-12T12:01:24.930+0200"
        }
      },
      {
        "_index": "wazuh-alerts-4.x-2024.07.12",
        "_id": "MbNjppABLu9BFc0M9D6o",
        "_score": 2.0,
        "_source": {
          "agent": {
            "ip": "134.23.3.13",
            "name": "hq03",
            "id": "017"
          },
          "manager": {
            "name": "wazuh"
          },
          "data": {
            "win": {
              "eventdata": {
                "image": "c:\\\\test\\\\l_test.exe",
                "processGuid": "{5c9a2cda-fef3-6690-cc07-000000001800}",
                "processId": "3980",
                "utcTime": "2024-07-12 10:01:23.271",
                "targetFilename": "C:\\\\Windows\\\\Temp\\\\_MEI39802\\\\ucrtbase.dll",
                "ruleName": "DLL",
                "creationUtcTime": "2024-07-12 10:01:23.271",
                "user": "NT AUTHORITY\\\\SYSTEM"
              },
              "system": {
                "eventID": "11",
                "keywords": "0x8000000000000000",
                "providerGuid": "{5770385f-c22a-43e0-bf4c-06f5698ffbd9}",
                "level": "4",
                "channel": "Microsoft-Windows-Sysmon/Operational",
                "opcode": "0",
                "message": "\"File created:\r\nRuleName: DLL\r\nUtcTime: 2024-07-12 10:01:23.271\r\nProcessGuid: {5c9a2cda-fef3-6690-cc07-000000001800}\r\nProcessId: 3980\r\nImage: c:\\test\\l_test.exe\r\nTargetFilename: C:\\Windows\\Temp\\_MEI39802\\ucrtbase.dll\r\nCreationUtcTime: 2024-07-12 10:01:23.271\r\nUser: NT AUTHORITY\\SYSTEM\"",
                "version": "2",
                "systemTime": "2024-07-12T10:01:23.2831934Z",
                "eventRecordID": "3581",
                "threadID": "3548",
                "computer": "hq03.office.tyrdemo.se",
                "task": "11",
                "processID": "2984",
                "severityValue": "INFORMATION",
                "providerName": "Microsoft-Windows-Sysmon"
              }
            }
          },
          "rule": {
            "firedtimes": 99,
            "mail": true,
            "level": 13,
            "description": "Unsigned Binary Loaded From Suspicious Location",
            "groups": [
              "sigma"
            ],
            "id": "900228"
          },
          "decoder": {
            "name": "windows_eventchannel"
          },
          "input": {
            "type": "log"
          },
          "@timestamp": "2024-07-12T10:01:24.976Z",
          "location": "EventChannel",
          "id": "1720778484.103592266",
          "timestamp": "2024-07-12T12:01:24.976+0200"
        }
      },
      {
        "_index": "wazuh-alerts-4.x-2024.07.12",
        "_id": "_rNjppABLu9BFc0M8D3A",
        "_score": 2.0,
        "_source": {
          "agent": {
            "ip": "134.23.3.13",
            "name": "hq03",
            "id": "017"
          },
          "manager": {
            "name": "wazuh"
          },
          "data": {
            "win": {
              "eventdata": {
                "image": "c:\\\\test\\\\l_test.exe",
                "processGuid": "{5c9a2cda-fef3-6690-cc07-000000001800}",
                "processId": "3980",
                "utcTime": "2024-07-12 10:01:23.208",
                "targetFilename": "C:\\\\Windows\\\\Temp\\\\_MEI39802\\\\api-ms-win-core-errorhandling-l1-1-0.dll",
                "ruleName": "DLL",
                "creationUtcTime": "2024-07-12 10:01:23.208",
                "user": "NT AUTHORITY\\\\SYSTEM"
              },
              "system": {
                "eventID": "11",
                "keywords": "0x8000000000000000",
                "providerGuid": "{5770385f-c22a-43e0-bf4c-06f5698ffbd9}",
                "level": "4",
                "channel": "Microsoft-Windows-Sysmon/Operational",
                "opcode": "0",
                "message": "\"File created:\r\nRuleName: DLL\r\nUtcTime: 2024-07-12 10:01:23.208\r\nProcessGuid: {5c9a2cda-fef3-6690-cc07-000000001800}\r\nProcessId: 3980\r\nImage: c:\\test\\l_test.exe\r\nTargetFilename: C:\\Windows\\Temp\\_MEI39802\\api-ms-win-core-errorhandling-l1-1-0.dll\r\nCreationUtcTime: 2024-07-12 10:01:23.208\r\nUser: NT AUTHORITY\\SYSTEM\"",
                "version": "2",
                "systemTime": "2024-07-12T10:01:23.2217752Z",
                "eventRecordID": "3540",
                "threadID": "3548",
                "computer": "hq03.office.tyrdemo.se",
                "task": "11",
                "processID": "2984",
                "severityValue": "INFORMATION",
                "providerName": "Microsoft-Windows-Sysmon"
              }
            }
          },
          "rule": {
            "firedtimes": 59,
            "mail": true,
            "level": 13,
            "description": "Unsigned Binary Loaded From Suspicious Location",
            "groups": [
              "sigma"
            ],
            "id": "900228"
          },
          "decoder": {
            "name": "windows_eventchannel"
          },
          "input": {
            "type": "log"
          },
          "@timestamp": "2024-07-12T10:01:24.226Z",
          "location": "EventChannel",
          "id": "1720778484.103484431",
          "timestamp": "2024-07-12T12:01:24.226+0200"
        }
      },
      {
        "_index": "wazuh-alerts-4.x-2024.07.12",
        "_id": "A7NjppABLu9BFc0M8D7A",
        "_score": 2.0,
        "_source": {
          "agent": {
            "ip": "134.23.3.13",
            "name": "hq03",
            "id": "017"
          },
          "manager": {
            "name": "wazuh"
          },
          "data": {
            "win": {
              "eventdata": {
                "image": "c:\\\\test\\\\l_test.exe",
                "processGuid": "{5c9a2cda-fef3-6690-cc07-000000001800}",
                "processId": "3980",
                "utcTime": "2024-07-12 10:01:23.208",
                "targetFilename": "C:\\\\Windows\\\\Temp\\\\_MEI39802\\\\api-ms-win-core-interlocked-l1-1-0.dll",
                "ruleName": "DLL",
                "creationUtcTime": "2024-07-12 10:01:23.208",
                "user": "NT AUTHORITY\\\\SYSTEM"
              },
              "system": {
                "eventID": "11",
                "keywords": "0x8000000000000000",
                "providerGuid": "{5770385f-c22a-43e0-bf4c-06f5698ffbd9}",
                "level": "4",
                "channel": "Microsoft-Windows-Sysmon/Operational",
                "opcode": "0",
                "message": "\"File created:\r\nRuleName: DLL\r\nUtcTime: 2024-07-12 10:01:23.208\r\nProcessGuid: {5c9a2cda-fef3-6690-cc07-000000001800}\r\nProcessId: 3980\r\nImage: c:\\test\\l_test.exe\r\nTargetFilename: C:\\Windows\\Temp\\_MEI39802\\api-ms-win-core-interlocked-l1-1-0.dll\r\nCreationUtcTime: 2024-07-12 10:01:23.208\r\nUser: NT AUTHORITY\\SYSTEM\"",
                "version": "2",
                "systemTime": "2024-07-12T10:01:23.2240431Z",
                "eventRecordID": "3546",
                "threadID": "3548",
                "computer": "hq03.office.tyrdemo.se",
                "task": "11",
                "processID": "2984",
                "severityValue": "INFORMATION",
                "providerName": "Microsoft-Windows-Sysmon"
              }
            }
          },
          "rule": {
            "firedtimes": 64,
            "mail": true,
            "level": 13,
            "description": "Unsigned Binary Loaded From Suspicious Location",
            "groups": [
              "sigma"
            ],
            "id": "900228"
          },
          "decoder": {
            "name": "windows_eventchannel"
          },
          "input": {
            "type": "log"
          },
          "@timestamp": "2024-07-12T10:01:24.319Z",
          "location": "EventChannel",
          "id": "1720778484.103497235",
          "timestamp": "2024-07-12T12:01:24.319+0200"
        }
      },
      {
        "_index": "wazuh-alerts-4.x-2024.07.12",
        "_id": "BbNjppABLu9BFc0M8D7A",
        "_score": 2.0,
        "_source": {
          "agent": {
            "ip": "134.23.3.13",
            "name": "hq03",
            "id": "017"
          },
          "manager": {
            "name": "wazuh"
          },
          "data": {
            "win": {
              "eventdata": {
                "image": "c:\\\\test\\\\l_test.exe",
                "processGuid": "{5c9a2cda-fef3-6690-cc07-000000001800}",
                "processId": "3980",
                "utcTime": "2024-07-12 10:01:23.224",
                "targetFilename": "C:\\\\Windows\\\\Temp\\\\_MEI39802\\\\api-ms-win-core-localization-l1-2-0.dll",
                "ruleName": "DLL",
                "creationUtcTime": "2024-07-12 10:01:23.224",
                "user": "NT AUTHORITY\\\\SYSTEM"
              },
              "system": {
                "eventID": "11",
                "keywords": "0x8000000000000000",
                "providerGuid": "{5770385f-c22a-43e0-bf4c-06f5698ffbd9}",
                "level": "4",
                "channel": "Microsoft-Windows-Sysmon/Operational",
                "opcode": "0",
                "message": "\"File created:\r\nRuleName: DLL\r\nUtcTime: 2024-07-12 10:01:23.224\r\nProcessGuid: {5c9a2cda-fef3-6690-cc07-000000001800}\r\nProcessId: 3980\r\nImage: c:\\test\\l_test.exe\r\nTargetFilename: C:\\Windows\\Temp\\_MEI39802\\api-ms-win-core-localization-l1-2-0.dll\r\nCreationUtcTime: 2024-07-12 10:01:23.224\r\nUser: NT AUTHORITY\\SYSTEM\"",
                "version": "2",
                "systemTime": "2024-07-12T10:01:23.2248889Z",
                "eventRecordID": "3548",
                "threadID": "3548",
                "computer": "hq03.office.tyrdemo.se",
                "task": "11",
                "processID": "2984",
                "severityValue": "INFORMATION",
                "providerName": "Microsoft-Windows-Sysmon"
              }
            }
          },
          "rule": {
            "firedtimes": 66,
            "mail": true,
            "level": 13,
            "description": "Unsigned Binary Loaded From Suspicious Location",
            "groups": [
              "sigma"
            ],
            "id": "900228"
          },
          "decoder": {
            "name": "windows_eventchannel"
          },
          "input": {
            "type": "log"
          },
          "@timestamp": "2024-07-12T10:01:24.379Z",
          "location": "EventChannel",
          "id": "1720778484.103502403",
          "timestamp": "2024-07-12T12:01:24.379+0200"
        }
      },
